<?xml version="1.0" encoding="UTF-8"?>
<testsuites name="TSC_MenuAdmin" time="317.045" tests="6" failures="0" errors="0">
   <testsuite name="TS_UserManagement" tests="1" failures="0" errors="0" time="42.972" skipped="0" timestamp="04-04-2024T16:16:44" hostname="1556 - LAPTOP-PT885S91" id="Test Suites/TS_MenuAdmin/F_UserManagement/TS_UserManagement">
      <properties>
         <property name="deviceName" value=""/>
         <property name="devicePlatform" value=""/>
         <property name="logFolder" value="C:\\Users\\1556\\Katalon Studio\\My First Web UI Project\\Reports\\20240404_161518\\TS_MenuAdmin\\F_UserManagement\\TS_UserManagement\\20240404_161532"/>
         <property name="logFiles" value="C:\\Users\\1556\\Katalon Studio\\My First Web UI Project\\Reports\\20240404_161518\\TS_MenuAdmin\\F_UserManagement\\TS_UserManagement\\20240404_161532\\execution0.log"/>
         <property name="attachments" value="keyes\keyes-Before Login.png, keyes\keyes-After Login.png"/>
         <property name="hostName" value="1556 - LAPTOP-PT885S91"/>
         <property name="os" value="Windows 11 64bit"/>
         <property name="katalonVersion" value="9.3.2.212"/>
         <property name="browser" value="Chrome 123.0.0.0"/>
         <property name="hostAddress" value="192.168.10.208"/>
         <property name="sessionId" value="5317b7bab6ce23f524e38c5e725feb7f"/>
         <property name="seleniumVersion" value="3.141.59"/>
         <property name="proxyInformation" value="ProxyInformation { proxyOption=NO_PROXY, proxyServerType=HTTP, username=, password=********, proxyServerAddress=, proxyServerPort=0, executionList=&quot;&quot;, isApplyToDesiredCapabilities=true }"/>
         <property name="platform" value="Windows 11"/>
      </properties>
      <testcase name="Test Cases/Menu_Admin/Navigate_Admin_User" time="42.756" classname="Test Cases/Menu_Admin/Navigate_Admin_User" status="PASSED">
         <system-out><![CDATA[04-04-2024T16:16:44 - [TEST_CASE][PASSED] - Test Cases/Menu_Admin/Navigate_Admin_User: Test Cases/Menu_Admin/Navigate_Admin_User

04-04-2024T16:16:45 - [TEST_STEP][PASSED] - callTestCase(findTestCase("Login/Login_Success"), [:], STOP_ON_FAILURE): Call Test Case 'Test Cases/Login/Login_Success' successfully

04-04-2024T16:16:45 - [TEST_CASE][PASSED] - Test Cases/Login/Login_Success: Test Cases/Login/Login_Success

04-04-2024T16:16:45 - [TEST_STEP][PASSED] - openBrowser(""): Browser is opened with url: ''

04-04-2024T16:16:45 - [MESSAGE][INFO] - Starting 'Chrome' driver

04-04-2024T16:16:45 - [MESSAGE][INFO] - User set preference: ['args', '[--start-maximized]']

04-04-2024T16:16:45 - [MESSAGE][INFO] - Action delay is set to 1,000 milliseconds

04-04-2024T16:16:47 - [MESSAGE][PASSED] - Browser is opened with url: ''

04-04-2024T16:16:47 - [TEST_STEP][PASSED] - navigateToUrl(url_login): Navigate to 'https://opensource-demo.orangehrmlive.com/web/index.php/auth/login' successfully

04-04-2024T16:16:57 - [MESSAGE][PASSED] - Navigate to 'https://opensource-demo.orangehrmlive.com/web/index.php/auth/login' successfully

04-04-2024T16:16:57 - [TEST_STEP][PASSED] - delay(3): Delayed 3 second(s)

04-04-2024T16:17:00 - [MESSAGE][PASSED] - Delayed 3 second(s)

04-04-2024T16:17:00 - [TEST_STEP][PASSED] - takeScreenshotAsCheckpoint("Before Login"): Taking screenshot successfully

04-04-2024T16:17:00 - [MESSAGE][INFO] - 0 hidden object(s)

04-04-2024T16:17:01 - [MESSAGE][PASSED] - Taking screenshot successfully
[[ATTACHMENT|keyes\keyes-Before Login.png]]

04-04-2024T16:17:01 - [TEST_STEP][PASSED] - setText(findTestObject("field_username"), valid_username): Text 'Admin' is set on object 'Object Repository/field_username'

04-04-2024T16:17:03 - [MESSAGE][PASSED] - Text 'Admin' is set on object 'Object Repository/field_username'

04-04-2024T16:17:03 - [TEST_STEP][PASSED] - setText(findTestObject("field_password"), valid_password): Text 'admin123' is set on object 'Object Repository/field_password'

04-04-2024T16:17:06 - [MESSAGE][PASSED] - Text 'admin123' is set on object 'Object Repository/field_password'

04-04-2024T16:17:06 - [TEST_STEP][PASSED] - click(findTestObject("btn_login")): Object: 'Object Repository/btn_login' is clicked on

04-04-2024T16:17:07 - [MESSAGE][PASSED] - Object: 'Object Repository/btn_login' is clicked on

04-04-2024T16:17:07 - [TEST_STEP][PASSED] - delay(5): Delayed 5 second(s)

04-04-2024T16:17:12 - [MESSAGE][PASSED] - Delayed 5 second(s)

04-04-2024T16:17:12 - [TEST_STEP][PASSED] - takeScreenshotAsCheckpoint("After Login"): Taking screenshot successfully

04-04-2024T16:17:13 - [MESSAGE][INFO] - 0 hidden object(s)

04-04-2024T16:17:13 - [MESSAGE][PASSED] - Taking screenshot successfully
[[ATTACHMENT|keyes\keyes-After Login.png]]

04-04-2024T16:17:13 - [MESSAGE][PASSED] - Call Test Case 'Test Cases/Login/Login_Success' successfully

04-04-2024T16:17:13 - [TEST_STEP][PASSED] - delay(3): Delayed 3 second(s)

04-04-2024T16:17:16 - [MESSAGE][PASSED] - Delayed 3 second(s)

04-04-2024T16:17:16 - [TEST_STEP][PASSED] - click(findTestObject("F_Menu_Admin/menu_admin")): Object: 'Object Repository/F_Menu_Admin/menu_admin' is clicked on

04-04-2024T16:17:18 - [MESSAGE][PASSED] - Object: 'Object Repository/F_Menu_Admin/menu_admin' is clicked on

04-04-2024T16:17:18 - [TEST_STEP][PASSED] - click(findTestObject("F_Menu_Admin/F_UserManagement/tab_userManagement")): Object: 'Object Repository/F_Menu_Admin/F_UserManagement/tab_userManagement' is clicked on

04-04-2024T16:17:21 - [MESSAGE][PASSED] - Object: 'Object Repository/F_Menu_Admin/F_UserManagement/tab_userManagement' is clicked on

04-04-2024T16:17:21 - [TEST_STEP][PASSED] - click(findTestObject("F_Menu_Admin/F_UserManagement/select_users")): Object: 'Object Repository/F_Menu_Admin/F_UserManagement/select_users' is clicked on

04-04-2024T16:17:23 - [MESSAGE][PASSED] - Object: 'Object Repository/F_Menu_Admin/F_UserManagement/select_users' is clicked on

04-04-2024T16:17:23 - [TEST_STEP][PASSED] - verifyElementText(findTestObject("F_Menu_Admin/title_menuWithFilter"), "System Users"): Actual text and expected text of test object 'Object Repository/F_Menu_Admin/title_menuWithFilter' are matched.

04-04-2024T16:17:24 - [MESSAGE][PASSED] - Actual text and expected text of test object 'Object Repository/F_Menu_Admin/title_menuWithFilter' are matched.

04-04-2024T16:17:24 - [TEST_STEP][PASSED] - delay(3): Delayed 3 second(s)

04-04-2024T16:17:27 - [MESSAGE][PASSED] - Delayed 3 second(s)]]></system-out>
         <system-err><![CDATA[]]></system-err>
      </testcase>
      <system-out><![CDATA[04-04-2024T16:16:44 - [TEST_SUITE][PASSED] - TS_UserManagement: Test Cases/Menu_Admin/Navigate_Admin_User]]></system-out>
      <system-err><![CDATA[]]></system-err>
   </testsuite>
   <testsuite name="TS_Job_PayGrades" tests="1" failures="0" errors="0" time="42.376" skipped="0" timestamp="04-04-2024T16:17:39" hostname="1556 - LAPTOP-PT885S91" id="Test Suites/TS_MenuAdmin/F_Job/TS_Job_PayGrades">
      <properties>
         <property name="deviceName" value=""/>
         <property name="devicePlatform" value=""/>
         <property name="logFolder" value="C:\\Users\\1556\\Katalon Studio\\My First Web UI Project\\Reports\\20240404_161518\\TS_MenuAdmin\\F_Job\\TS_Job_PayGrades\\20240404_161544"/>
         <property name="logFiles" value="C:\\Users\\1556\\Katalon Studio\\My First Web UI Project\\Reports\\20240404_161518\\TS_MenuAdmin\\F_Job\\TS_Job_PayGrades\\20240404_161544\\execution0.log"/>
         <property name="attachments" value="keyes\keyes-Before Login.png, keyes\keyes-After Login.png"/>
         <property name="hostName" value="1556 - LAPTOP-PT885S91"/>
         <property name="os" value="Windows 11 64bit"/>
         <property name="katalonVersion" value="9.3.2.212"/>
         <property name="browser" value="Chrome 123.0.0.0"/>
         <property name="hostAddress" value="192.168.10.208"/>
         <property name="sessionId" value="fceb072ff0944bcd21db2d805143bdfa"/>
         <property name="seleniumVersion" value="3.141.59"/>
         <property name="proxyInformation" value="ProxyInformation { proxyOption=NO_PROXY, proxyServerType=HTTP, username=, password=********, proxyServerAddress=, proxyServerPort=0, executionList=&quot;&quot;, isApplyToDesiredCapabilities=true }"/>
         <property name="platform" value="Windows 11"/>
      </properties>
      <testcase name="Test Cases/Menu_Admin/Navigate_Job_PayGrades" time="42.184" classname="Test Cases/Menu_Admin/Navigate_Job_PayGrades" status="PASSED">
         <system-out><![CDATA[04-04-2024T16:17:39 - [TEST_CASE][PASSED] - Test Cases/Menu_Admin/Navigate_Job_PayGrades: Test Cases/Menu_Admin/Navigate_Job_PayGrades

04-04-2024T16:17:39 - [TEST_STEP][PASSED] - callTestCase(findTestCase("Login/Login_Success"), [:], STOP_ON_FAILURE): Call Test Case 'Test Cases/Login/Login_Success' successfully

04-04-2024T16:17:39 - [TEST_CASE][PASSED] - Test Cases/Login/Login_Success: Test Cases/Login/Login_Success

04-04-2024T16:17:40 - [TEST_STEP][PASSED] - openBrowser(""): Browser is opened with url: ''

04-04-2024T16:17:40 - [MESSAGE][INFO] - Starting 'Chrome' driver

04-04-2024T16:17:40 - [MESSAGE][INFO] - User set preference: ['args', '[--start-maximized]']

04-04-2024T16:17:40 - [MESSAGE][INFO] - Action delay is set to 1,000 milliseconds

04-04-2024T16:17:41 - [MESSAGE][PASSED] - Browser is opened with url: ''

04-04-2024T16:17:41 - [TEST_STEP][PASSED] - navigateToUrl(url_login): Navigate to 'https://opensource-demo.orangehrmlive.com/web/index.php/auth/login' successfully

04-04-2024T16:17:49 - [MESSAGE][PASSED] - Navigate to 'https://opensource-demo.orangehrmlive.com/web/index.php/auth/login' successfully

04-04-2024T16:17:49 - [TEST_STEP][PASSED] - delay(3): Delayed 3 second(s)

04-04-2024T16:17:52 - [MESSAGE][PASSED] - Delayed 3 second(s)

04-04-2024T16:17:52 - [TEST_STEP][PASSED] - takeScreenshotAsCheckpoint("Before Login"): Taking screenshot successfully

04-04-2024T16:17:53 - [MESSAGE][INFO] - 0 hidden object(s)

04-04-2024T16:17:53 - [MESSAGE][PASSED] - Taking screenshot successfully
[[ATTACHMENT|keyes\keyes-Before Login.png]]

04-04-2024T16:17:53 - [TEST_STEP][PASSED] - setText(findTestObject("field_username"), valid_username): Text 'Admin' is set on object 'Object Repository/field_username'

04-04-2024T16:17:56 - [MESSAGE][PASSED] - Text 'Admin' is set on object 'Object Repository/field_username'

04-04-2024T16:17:56 - [TEST_STEP][PASSED] - setText(findTestObject("field_password"), valid_password): Text 'admin123' is set on object 'Object Repository/field_password'

04-04-2024T16:17:59 - [MESSAGE][PASSED] - Text 'admin123' is set on object 'Object Repository/field_password'

04-04-2024T16:17:59 - [TEST_STEP][PASSED] - click(findTestObject("btn_login")): Object: 'Object Repository/btn_login' is clicked on

04-04-2024T16:18:01 - [MESSAGE][PASSED] - Object: 'Object Repository/btn_login' is clicked on

04-04-2024T16:18:01 - [TEST_STEP][PASSED] - delay(5): Delayed 5 second(s)

04-04-2024T16:18:06 - [MESSAGE][PASSED] - Delayed 5 second(s)

04-04-2024T16:18:06 - [TEST_STEP][PASSED] - takeScreenshotAsCheckpoint("After Login"): Taking screenshot successfully

04-04-2024T16:18:07 - [MESSAGE][INFO] - 0 hidden object(s)

04-04-2024T16:18:07 - [MESSAGE][PASSED] - Taking screenshot successfully
[[ATTACHMENT|keyes\keyes-After Login.png]]

04-04-2024T16:18:07 - [MESSAGE][PASSED] - Call Test Case 'Test Cases/Login/Login_Success' successfully

04-04-2024T16:18:07 - [TEST_STEP][PASSED] - delay(3): Delayed 3 second(s)

04-04-2024T16:18:10 - [MESSAGE][PASSED] - Delayed 3 second(s)

04-04-2024T16:18:10 - [TEST_STEP][PASSED] - click(findTestObject("F_Menu_Admin/menu_admin")): Object: 'Object Repository/F_Menu_Admin/menu_admin' is clicked on

04-04-2024T16:18:12 - [MESSAGE][PASSED] - Object: 'Object Repository/F_Menu_Admin/menu_admin' is clicked on

04-04-2024T16:18:12 - [TEST_STEP][PASSED] - click(findTestObject("F_Menu_Admin/F_Job/tab_job")): Object: 'Object Repository/F_Menu_Admin/F_Job/tab_job' is clicked on

04-04-2024T16:18:15 - [MESSAGE][PASSED] - Object: 'Object Repository/F_Menu_Admin/F_Job/tab_job' is clicked on

04-04-2024T16:18:15 - [TEST_STEP][PASSED] - click(findTestObject("F_Menu_Admin/F_Job/select_payGrades")): Object: 'Object Repository/F_Menu_Admin/F_Job/select_payGrades' is clicked on

04-04-2024T16:18:17 - [MESSAGE][PASSED] - Object: 'Object Repository/F_Menu_Admin/F_Job/select_payGrades' is clicked on

04-04-2024T16:18:17 - [TEST_STEP][PASSED] - verifyElementText(findTestObject("F_Menu_Admin/title_menu"), "Pay Grades"): Actual text and expected text of test object 'Object Repository/F_Menu_Admin/title_menu' are matched.

04-04-2024T16:18:18 - [MESSAGE][PASSED] - Actual text and expected text of test object 'Object Repository/F_Menu_Admin/title_menu' are matched.

04-04-2024T16:18:18 - [TEST_STEP][PASSED] - delay(3): Delayed 3 second(s)

04-04-2024T16:18:21 - [MESSAGE][PASSED] - Delayed 3 second(s)]]></system-out>
         <system-err><![CDATA[]]></system-err>
      </testcase>
      <system-out><![CDATA[04-04-2024T16:17:39 - [TEST_SUITE][PASSED] - TS_Job_PayGrades: Test Cases/Menu_Admin/Navigate_Job_PayGrades]]></system-out>
      <system-err><![CDATA[]]></system-err>
   </testsuite>
   <testsuite name="TS_Job_JobTitles" tests="1" failures="0" errors="0" time="41.226" skipped="0" timestamp="04-04-2024T16:18:35" hostname="1556 - LAPTOP-PT885S91" id="Test Suites/TS_MenuAdmin/F_Job/TS_Job_JobTitles">
      <properties>
         <property name="deviceName" value=""/>
         <property name="devicePlatform" value=""/>
         <property name="logFolder" value="C:\\Users\\1556\\Katalon Studio\\My First Web UI Project\\Reports\\20240404_161518\\TS_MenuAdmin\\F_Job\\TS_Job_JobTitles\\20240404_161555"/>
         <property name="logFiles" value="C:\\Users\\1556\\Katalon Studio\\My First Web UI Project\\Reports\\20240404_161518\\TS_MenuAdmin\\F_Job\\TS_Job_JobTitles\\20240404_161555\\execution0.log"/>
         <property name="attachments" value="keyes\keyes-Before Login.png, keyes\keyes-After Login.png"/>
         <property name="hostName" value="1556 - LAPTOP-PT885S91"/>
         <property name="os" value="Windows 11 64bit"/>
         <property name="katalonVersion" value="9.3.2.212"/>
         <property name="browser" value="Chrome 123.0.0.0"/>
         <property name="hostAddress" value="192.168.10.208"/>
         <property name="sessionId" value="1603cee82c3175451b7e974bb42a7144"/>
         <property name="seleniumVersion" value="3.141.59"/>
         <property name="proxyInformation" value="ProxyInformation { proxyOption=NO_PROXY, proxyServerType=HTTP, username=, password=********, proxyServerAddress=, proxyServerPort=0, executionList=&quot;&quot;, isApplyToDesiredCapabilities=true }"/>
         <property name="platform" value="Windows 11"/>
      </properties>
      <testcase name="Test Cases/Menu_Admin/Navigate_Job_JobTitles" time="41.048" classname="Test Cases/Menu_Admin/Navigate_Job_JobTitles" status="PASSED">
         <system-out><![CDATA[04-04-2024T16:18:35 - [TEST_CASE][PASSED] - Test Cases/Menu_Admin/Navigate_Job_JobTitles: Test Cases/Menu_Admin/Navigate_Job_JobTitles

04-04-2024T16:18:36 - [TEST_STEP][PASSED] - callTestCase(findTestCase("Login/Login_Success"), [:], STOP_ON_FAILURE): Call Test Case 'Test Cases/Login/Login_Success' successfully

04-04-2024T16:18:36 - [TEST_CASE][PASSED] - Test Cases/Login/Login_Success: Test Cases/Login/Login_Success

04-04-2024T16:18:36 - [TEST_STEP][PASSED] - openBrowser(""): Browser is opened with url: ''

04-04-2024T16:18:36 - [MESSAGE][INFO] - Starting 'Chrome' driver

04-04-2024T16:18:36 - [MESSAGE][INFO] - User set preference: ['args', '[--start-maximized]']

04-04-2024T16:18:36 - [MESSAGE][INFO] - Action delay is set to 1,000 milliseconds

04-04-2024T16:18:38 - [MESSAGE][PASSED] - Browser is opened with url: ''

04-04-2024T16:18:38 - [TEST_STEP][PASSED] - navigateToUrl(url_login): Navigate to 'https://opensource-demo.orangehrmlive.com/web/index.php/auth/login' successfully

04-04-2024T16:18:46 - [MESSAGE][PASSED] - Navigate to 'https://opensource-demo.orangehrmlive.com/web/index.php/auth/login' successfully

04-04-2024T16:18:46 - [TEST_STEP][PASSED] - delay(3): Delayed 3 second(s)

04-04-2024T16:18:49 - [MESSAGE][PASSED] - Delayed 3 second(s)

04-04-2024T16:18:49 - [TEST_STEP][PASSED] - takeScreenshotAsCheckpoint("Before Login"): Taking screenshot successfully

04-04-2024T16:18:50 - [MESSAGE][INFO] - 0 hidden object(s)

04-04-2024T16:18:50 - [MESSAGE][PASSED] - Taking screenshot successfully
[[ATTACHMENT|keyes\keyes-Before Login.png]]

04-04-2024T16:18:50 - [TEST_STEP][PASSED] - setText(findTestObject("field_username"), valid_username): Text 'Admin' is set on object 'Object Repository/field_username'

04-04-2024T16:18:53 - [MESSAGE][PASSED] - Text 'Admin' is set on object 'Object Repository/field_username'

04-04-2024T16:18:53 - [TEST_STEP][PASSED] - setText(findTestObject("field_password"), valid_password): Text 'admin123' is set on object 'Object Repository/field_password'

04-04-2024T16:18:55 - [MESSAGE][PASSED] - Text 'admin123' is set on object 'Object Repository/field_password'

04-04-2024T16:18:55 - [TEST_STEP][PASSED] - click(findTestObject("btn_login")): Object: 'Object Repository/btn_login' is clicked on

04-04-2024T16:18:57 - [MESSAGE][PASSED] - Object: 'Object Repository/btn_login' is clicked on

04-04-2024T16:18:57 - [TEST_STEP][PASSED] - delay(5): Delayed 5 second(s)

04-04-2024T16:19:02 - [MESSAGE][PASSED] - Delayed 5 second(s)

04-04-2024T16:19:02 - [TEST_STEP][PASSED] - takeScreenshotAsCheckpoint("After Login"): Taking screenshot successfully

04-04-2024T16:19:02 - [MESSAGE][INFO] - 0 hidden object(s)

04-04-2024T16:19:02 - [MESSAGE][PASSED] - Taking screenshot successfully
[[ATTACHMENT|keyes\keyes-After Login.png]]

04-04-2024T16:19:02 - [MESSAGE][PASSED] - Call Test Case 'Test Cases/Login/Login_Success' successfully

04-04-2024T16:19:02 - [TEST_STEP][PASSED] - delay(3): Delayed 3 second(s)

04-04-2024T16:19:05 - [MESSAGE][PASSED] - Delayed 3 second(s)

04-04-2024T16:19:05 - [TEST_STEP][PASSED] - click(findTestObject("F_Menu_Admin/menu_admin")): Object: 'Object Repository/F_Menu_Admin/menu_admin' is clicked on

04-04-2024T16:19:07 - [MESSAGE][PASSED] - Object: 'Object Repository/F_Menu_Admin/menu_admin' is clicked on

04-04-2024T16:19:07 - [TEST_STEP][PASSED] - click(findTestObject("F_Menu_Admin/F_Job/tab_job")): Object: 'Object Repository/F_Menu_Admin/F_Job/tab_job' is clicked on

04-04-2024T16:19:10 - [MESSAGE][PASSED] - Object: 'Object Repository/F_Menu_Admin/F_Job/tab_job' is clicked on

04-04-2024T16:19:10 - [TEST_STEP][PASSED] - click(findTestObject("F_Menu_Admin/F_Job/select_jobTitles")): Object: 'Object Repository/F_Menu_Admin/F_Job/select_jobTitles' is clicked on

04-04-2024T16:19:12 - [MESSAGE][PASSED] - Object: 'Object Repository/F_Menu_Admin/F_Job/select_jobTitles' is clicked on

04-04-2024T16:19:12 - [TEST_STEP][PASSED] - verifyElementText(findTestObject("F_Menu_Admin/title_menu"), "Job Titles"): Actual text and expected text of test object 'Object Repository/F_Menu_Admin/title_menu' are matched.

04-04-2024T16:19:13 - [MESSAGE][PASSED] - Actual text and expected text of test object 'Object Repository/F_Menu_Admin/title_menu' are matched.

04-04-2024T16:19:13 - [TEST_STEP][PASSED] - delay(3): Delayed 3 second(s)

04-04-2024T16:19:16 - [MESSAGE][PASSED] - Delayed 3 second(s)]]></system-out>
         <system-err><![CDATA[]]></system-err>
      </testcase>
      <system-out><![CDATA[04-04-2024T16:18:35 - [TEST_SUITE][PASSED] - TS_Job_JobTitles: Test Cases/Menu_Admin/Navigate_Job_JobTitles]]></system-out>
      <system-err><![CDATA[]]></system-err>
   </testsuite>
   <testsuite name="TS_Job_EmploymentStatus" tests="1" failures="0" errors="0" time="40.569" skipped="0" timestamp="04-04-2024T16:19:28" hostname="1556 - LAPTOP-PT885S91" id="Test Suites/TS_MenuAdmin/F_Job/TS_Job_EmploymentStatus">
      <properties>
         <property name="deviceName" value=""/>
         <property name="devicePlatform" value=""/>
         <property name="logFolder" value="C:\\Users\\1556\\Katalon Studio\\My First Web UI Project\\Reports\\20240404_161518\\TS_MenuAdmin\\F_Job\\TS_Job_EmploymentStatus\\20240404_161607"/>
         <property name="logFiles" value="C:\\Users\\1556\\Katalon Studio\\My First Web UI Project\\Reports\\20240404_161518\\TS_MenuAdmin\\F_Job\\TS_Job_EmploymentStatus\\20240404_161607\\execution0.log"/>
         <property name="attachments" value="keyes\keyes-Before Login.png, keyes\keyes-After Login.png"/>
         <property name="hostName" value="1556 - LAPTOP-PT885S91"/>
         <property name="os" value="Windows 11 64bit"/>
         <property name="katalonVersion" value="9.3.2.212"/>
         <property name="browser" value="Chrome 123.0.0.0"/>
         <property name="hostAddress" value="192.168.10.208"/>
         <property name="sessionId" value="648defacad25211dc174ded1a7ebad9e"/>
         <property name="seleniumVersion" value="3.141.59"/>
         <property name="proxyInformation" value="ProxyInformation { proxyOption=NO_PROXY, proxyServerType=HTTP, username=, password=********, proxyServerAddress=, proxyServerPort=0, executionList=&quot;&quot;, isApplyToDesiredCapabilities=true }"/>
         <property name="platform" value="Windows 11"/>
      </properties>
      <testcase name="Test Cases/Menu_Admin/Navigate_Job_EmploymentStatus" time="40.411" classname="Test Cases/Menu_Admin/Navigate_Job_EmploymentStatus" status="PASSED">
         <system-out><![CDATA[04-04-2024T16:19:28 - [TEST_CASE][PASSED] - Test Cases/Menu_Admin/Navigate_Job_EmploymentStatus: Test Cases/Menu_Admin/Navigate_Job_EmploymentStatus

04-04-2024T16:19:28 - [TEST_STEP][PASSED] - callTestCase(findTestCase("Login/Login_Success"), [:], STOP_ON_FAILURE): Call Test Case 'Test Cases/Login/Login_Success' successfully

04-04-2024T16:19:29 - [TEST_CASE][PASSED] - Test Cases/Login/Login_Success: Test Cases/Login/Login_Success

04-04-2024T16:19:29 - [TEST_STEP][PASSED] - openBrowser(""): Browser is opened with url: ''

04-04-2024T16:19:29 - [MESSAGE][INFO] - Starting 'Chrome' driver

04-04-2024T16:19:29 - [MESSAGE][INFO] - User set preference: ['args', '[--start-maximized]']

04-04-2024T16:19:29 - [MESSAGE][INFO] - Action delay is set to 1,000 milliseconds

04-04-2024T16:19:30 - [MESSAGE][PASSED] - Browser is opened with url: ''

04-04-2024T16:19:30 - [TEST_STEP][PASSED] - navigateToUrl(url_login): Navigate to 'https://opensource-demo.orangehrmlive.com/web/index.php/auth/login' successfully

04-04-2024T16:19:38 - [MESSAGE][PASSED] - Navigate to 'https://opensource-demo.orangehrmlive.com/web/index.php/auth/login' successfully

04-04-2024T16:19:38 - [TEST_STEP][PASSED] - delay(3): Delayed 3 second(s)

04-04-2024T16:19:41 - [MESSAGE][PASSED] - Delayed 3 second(s)

04-04-2024T16:19:41 - [TEST_STEP][PASSED] - takeScreenshotAsCheckpoint("Before Login"): Taking screenshot successfully

04-04-2024T16:19:42 - [MESSAGE][INFO] - 0 hidden object(s)

04-04-2024T16:19:42 - [MESSAGE][PASSED] - Taking screenshot successfully
[[ATTACHMENT|keyes\keyes-Before Login.png]]

04-04-2024T16:19:42 - [TEST_STEP][PASSED] - setText(findTestObject("field_username"), valid_username): Text 'Admin' is set on object 'Object Repository/field_username'

04-04-2024T16:19:44 - [MESSAGE][PASSED] - Text 'Admin' is set on object 'Object Repository/field_username'

04-04-2024T16:19:44 - [TEST_STEP][PASSED] - setText(findTestObject("field_password"), valid_password): Text 'admin123' is set on object 'Object Repository/field_password'

04-04-2024T16:19:47 - [MESSAGE][PASSED] - Text 'admin123' is set on object 'Object Repository/field_password'

04-04-2024T16:19:47 - [TEST_STEP][PASSED] - click(findTestObject("btn_login")): Object: 'Object Repository/btn_login' is clicked on

04-04-2024T16:19:49 - [MESSAGE][PASSED] - Object: 'Object Repository/btn_login' is clicked on

04-04-2024T16:19:49 - [TEST_STEP][PASSED] - delay(5): Delayed 5 second(s)

04-04-2024T16:19:54 - [MESSAGE][PASSED] - Delayed 5 second(s)

04-04-2024T16:19:54 - [TEST_STEP][PASSED] - takeScreenshotAsCheckpoint("After Login"): Taking screenshot successfully

04-04-2024T16:19:54 - [MESSAGE][INFO] - 0 hidden object(s)

04-04-2024T16:19:54 - [MESSAGE][PASSED] - Taking screenshot successfully
[[ATTACHMENT|keyes\keyes-After Login.png]]

04-04-2024T16:19:54 - [MESSAGE][PASSED] - Call Test Case 'Test Cases/Login/Login_Success' successfully

04-04-2024T16:19:54 - [TEST_STEP][PASSED] - delay(3): Delayed 3 second(s)

04-04-2024T16:19:57 - [MESSAGE][PASSED] - Delayed 3 second(s)

04-04-2024T16:19:57 - [TEST_STEP][PASSED] - click(findTestObject("F_Menu_Admin/menu_admin")): Object: 'Object Repository/F_Menu_Admin/menu_admin' is clicked on

04-04-2024T16:19:59 - [MESSAGE][PASSED] - Object: 'Object Repository/F_Menu_Admin/menu_admin' is clicked on

04-04-2024T16:19:59 - [TEST_STEP][PASSED] - click(findTestObject("F_Menu_Admin/F_Job/tab_job")): Object: 'Object Repository/F_Menu_Admin/F_Job/tab_job' is clicked on

04-04-2024T16:20:02 - [MESSAGE][PASSED] - Object: 'Object Repository/F_Menu_Admin/F_Job/tab_job' is clicked on

04-04-2024T16:20:02 - [TEST_STEP][PASSED] - click(findTestObject("F_Menu_Admin/F_Job/select_employmentStatus")): Object: 'Object Repository/F_Menu_Admin/F_Job/select_employmentStatus' is clicked on

04-04-2024T16:20:04 - [MESSAGE][PASSED] - Object: 'Object Repository/F_Menu_Admin/F_Job/select_employmentStatus' is clicked on

04-04-2024T16:20:04 - [TEST_STEP][PASSED] - verifyElementText(findTestObject("F_Menu_Admin/title_menu"), "Employment Status"): Actual text and expected text of test object 'Object Repository/F_Menu_Admin/title_menu' are matched.

04-04-2024T16:20:06 - [MESSAGE][PASSED] - Actual text and expected text of test object 'Object Repository/F_Menu_Admin/title_menu' are matched.

04-04-2024T16:20:06 - [TEST_STEP][PASSED] - delay(3): Delayed 3 second(s)

04-04-2024T16:20:09 - [MESSAGE][PASSED] - Delayed 3 second(s)]]></system-out>
         <system-err><![CDATA[]]></system-err>
      </testcase>
      <system-out><![CDATA[04-04-2024T16:19:28 - [TEST_SUITE][PASSED] - TS_Job_EmploymentStatus: Test Cases/Menu_Admin/Navigate_Job_EmploymentStatus]]></system-out>
      <system-err><![CDATA[]]></system-err>
   </testsuite>
   <testsuite name="TS_Job_JobCategories" tests="1" failures="0" errors="0" time="47.449" skipped="0" timestamp="04-04-2024T16:20:19" hostname="1556 - LAPTOP-PT885S91" id="Test Suites/TS_MenuAdmin/F_Job/TS_Job_JobCategories">
      <properties>
         <property name="deviceName" value=""/>
         <property name="devicePlatform" value=""/>
         <property name="logFolder" value="C:\\Users\\1556\\Katalon Studio\\My First Web UI Project\\Reports\\20240404_161518\\TS_MenuAdmin\\F_Job\\TS_Job_JobCategories\\20240404_161618"/>
         <property name="logFiles" value="C:\\Users\\1556\\Katalon Studio\\My First Web UI Project\\Reports\\20240404_161518\\TS_MenuAdmin\\F_Job\\TS_Job_JobCategories\\20240404_161618\\execution0.log"/>
         <property name="attachments" value="keyes\keyes-Before Login.png, keyes\keyes-After Login.png"/>
         <property name="hostName" value="1556 - LAPTOP-PT885S91"/>
         <property name="os" value="Windows 11 64bit"/>
         <property name="katalonVersion" value="9.3.2.212"/>
         <property name="browser" value="Chrome 123.0.0.0"/>
         <property name="hostAddress" value="192.168.10.208"/>
         <property name="sessionId" value="ef0f02b727d91375fd7b5df31a231e5d"/>
         <property name="seleniumVersion" value="3.141.59"/>
         <property name="proxyInformation" value="ProxyInformation { proxyOption=NO_PROXY, proxyServerType=HTTP, username=, password=********, proxyServerAddress=, proxyServerPort=0, executionList=&quot;&quot;, isApplyToDesiredCapabilities=true }"/>
         <property name="platform" value="Windows 11"/>
      </properties>
      <testcase name="Test Cases/Menu_Admin/Navigate_Job_JobCategories" time="47.28" classname="Test Cases/Menu_Admin/Navigate_Job_JobCategories" status="PASSED">
         <system-out><![CDATA[04-04-2024T16:20:19 - [TEST_CASE][PASSED] - Test Cases/Menu_Admin/Navigate_Job_JobCategories: Test Cases/Menu_Admin/Navigate_Job_JobCategories

04-04-2024T16:20:19 - [TEST_STEP][PASSED] - callTestCase(findTestCase("Login/Login_Success"), [:], STOP_ON_FAILURE): Call Test Case 'Test Cases/Login/Login_Success' successfully

04-04-2024T16:20:20 - [TEST_CASE][PASSED] - Test Cases/Login/Login_Success: Test Cases/Login/Login_Success

04-04-2024T16:20:20 - [TEST_STEP][PASSED] - openBrowser(""): Browser is opened with url: ''

04-04-2024T16:20:20 - [MESSAGE][INFO] - Starting 'Chrome' driver

04-04-2024T16:20:20 - [MESSAGE][INFO] - User set preference: ['args', '[--start-maximized]']

04-04-2024T16:20:20 - [MESSAGE][INFO] - Action delay is set to 1,000 milliseconds

04-04-2024T16:20:21 - [MESSAGE][PASSED] - Browser is opened with url: ''

04-04-2024T16:20:21 - [TEST_STEP][PASSED] - navigateToUrl(url_login): Navigate to 'https://opensource-demo.orangehrmlive.com/web/index.php/auth/login' successfully

04-04-2024T16:20:36 - [MESSAGE][PASSED] - Navigate to 'https://opensource-demo.orangehrmlive.com/web/index.php/auth/login' successfully

04-04-2024T16:20:36 - [TEST_STEP][PASSED] - delay(3): Delayed 3 second(s)

04-04-2024T16:20:39 - [MESSAGE][PASSED] - Delayed 3 second(s)

04-04-2024T16:20:39 - [TEST_STEP][PASSED] - takeScreenshotAsCheckpoint("Before Login"): Taking screenshot successfully

04-04-2024T16:20:40 - [MESSAGE][INFO] - 0 hidden object(s)

04-04-2024T16:20:40 - [MESSAGE][PASSED] - Taking screenshot successfully
[[ATTACHMENT|keyes\keyes-Before Login.png]]

04-04-2024T16:20:40 - [TEST_STEP][PASSED] - setText(findTestObject("field_username"), valid_username): Text 'Admin' is set on object 'Object Repository/field_username'

04-04-2024T16:20:43 - [MESSAGE][PASSED] - Text 'Admin' is set on object 'Object Repository/field_username'

04-04-2024T16:20:43 - [TEST_STEP][PASSED] - setText(findTestObject("field_password"), valid_password): Text 'admin123' is set on object 'Object Repository/field_password'

04-04-2024T16:20:45 - [MESSAGE][PASSED] - Text 'admin123' is set on object 'Object Repository/field_password'

04-04-2024T16:20:45 - [TEST_STEP][PASSED] - click(findTestObject("btn_login")): Object: 'Object Repository/btn_login' is clicked on

04-04-2024T16:20:47 - [MESSAGE][PASSED] - Object: 'Object Repository/btn_login' is clicked on

04-04-2024T16:20:47 - [TEST_STEP][PASSED] - delay(5): Delayed 5 second(s)

04-04-2024T16:20:52 - [MESSAGE][PASSED] - Delayed 5 second(s)

04-04-2024T16:20:52 - [TEST_STEP][PASSED] - takeScreenshotAsCheckpoint("After Login"): Taking screenshot successfully

04-04-2024T16:20:52 - [MESSAGE][INFO] - 0 hidden object(s)

04-04-2024T16:20:52 - [MESSAGE][PASSED] - Taking screenshot successfully
[[ATTACHMENT|keyes\keyes-After Login.png]]

04-04-2024T16:20:52 - [MESSAGE][PASSED] - Call Test Case 'Test Cases/Login/Login_Success' successfully

04-04-2024T16:20:52 - [TEST_STEP][PASSED] - delay(3): Delayed 3 second(s)

04-04-2024T16:20:55 - [MESSAGE][PASSED] - Delayed 3 second(s)

04-04-2024T16:20:55 - [TEST_STEP][PASSED] - click(findTestObject("F_Menu_Admin/menu_admin")): Object: 'Object Repository/F_Menu_Admin/menu_admin' is clicked on

04-04-2024T16:20:58 - [MESSAGE][PASSED] - Object: 'Object Repository/F_Menu_Admin/menu_admin' is clicked on

04-04-2024T16:20:58 - [TEST_STEP][PASSED] - click(findTestObject("F_Menu_Admin/F_Job/tab_job")): Object: 'Object Repository/F_Menu_Admin/F_Job/tab_job' is clicked on

04-04-2024T16:21:00 - [MESSAGE][PASSED] - Object: 'Object Repository/F_Menu_Admin/F_Job/tab_job' is clicked on

04-04-2024T16:21:00 - [TEST_STEP][PASSED] - click(findTestObject("F_Menu_Admin/F_Job/select_jobCategories")): Object: 'Object Repository/F_Menu_Admin/F_Job/select_jobCategories' is clicked on

04-04-2024T16:21:02 - [MESSAGE][PASSED] - Object: 'Object Repository/F_Menu_Admin/F_Job/select_jobCategories' is clicked on

04-04-2024T16:21:02 - [TEST_STEP][PASSED] - verifyElementText(findTestObject("F_Menu_Admin/title_menu"), "Job Categories"): Actual text and expected text of test object 'Object Repository/F_Menu_Admin/title_menu' are matched.

04-04-2024T16:21:03 - [MESSAGE][PASSED] - Actual text and expected text of test object 'Object Repository/F_Menu_Admin/title_menu' are matched.

04-04-2024T16:21:03 - [TEST_STEP][PASSED] - delay(3): Delayed 3 second(s)

04-04-2024T16:21:07 - [MESSAGE][PASSED] - Delayed 3 second(s)]]></system-out>
         <system-err><![CDATA[]]></system-err>
      </testcase>
      <system-out><![CDATA[04-04-2024T16:20:19 - [TEST_SUITE][PASSED] - TS_Job_JobCategories: Test Cases/Menu_Admin/Navigate_Job_JobCategories]]></system-out>
      <system-err><![CDATA[]]></system-err>
   </testsuite>
   <testsuite name="TS_Job_WorkShifts" tests="1" failures="0" errors="0" time="39.932" skipped="0" timestamp="04-04-2024T16:21:17" hostname="1556 - LAPTOP-PT885S91" id="Test Suites/TS_MenuAdmin/F_Job/TS_Job_WorkShifts">
      <properties>
         <property name="deviceName" value=""/>
         <property name="devicePlatform" value=""/>
         <property name="logFolder" value="C:\\Users\\1556\\Katalon Studio\\My First Web UI Project\\Reports\\20240404_161518\\TS_MenuAdmin\\F_Job\\TS_Job_WorkShifts\\20240404_161631"/>
         <property name="logFiles" value="C:\\Users\\1556\\Katalon Studio\\My First Web UI Project\\Reports\\20240404_161518\\TS_MenuAdmin\\F_Job\\TS_Job_WorkShifts\\20240404_161631\\execution0.log"/>
         <property name="attachments" value="keyes\keyes-Before Login.png, keyes\keyes-After Login.png"/>
         <property name="hostName" value="1556 - LAPTOP-PT885S91"/>
         <property name="os" value="Windows 11 64bit"/>
         <property name="katalonVersion" value="9.3.2.212"/>
         <property name="browser" value="Chrome 123.0.0.0"/>
         <property name="hostAddress" value="192.168.10.208"/>
         <property name="sessionId" value="3f5db52c521f4a0a6a42b38cd0b1ca08"/>
         <property name="seleniumVersion" value="3.141.59"/>
         <property name="proxyInformation" value="ProxyInformation { proxyOption=NO_PROXY, proxyServerType=HTTP, username=, password=********, proxyServerAddress=, proxyServerPort=0, executionList=&quot;&quot;, isApplyToDesiredCapabilities=true }"/>
         <property name="platform" value="Windows 11"/>
      </properties>
      <testcase name="Test Cases/Menu_Admin/Navigate_Job_WorkShifts" time="39.747" classname="Test Cases/Menu_Admin/Navigate_Job_WorkShifts" status="PASSED">
         <system-out><![CDATA[04-04-2024T16:21:17 - [TEST_CASE][PASSED] - Test Cases/Menu_Admin/Navigate_Job_WorkShifts: Test Cases/Menu_Admin/Navigate_Job_WorkShifts

04-04-2024T16:21:17 - [TEST_STEP][PASSED] - callTestCase(findTestCase("Login/Login_Success"), [:], STOP_ON_FAILURE): Call Test Case 'Test Cases/Login/Login_Success' successfully

04-04-2024T16:21:18 - [TEST_CASE][PASSED] - Test Cases/Login/Login_Success: Test Cases/Login/Login_Success

04-04-2024T16:21:18 - [TEST_STEP][PASSED] - openBrowser(""): Browser is opened with url: ''

04-04-2024T16:21:18 - [MESSAGE][INFO] - Starting 'Chrome' driver

04-04-2024T16:21:18 - [MESSAGE][INFO] - User set preference: ['args', '[--start-maximized]']

04-04-2024T16:21:18 - [MESSAGE][INFO] - Action delay is set to 1,000 milliseconds

04-04-2024T16:21:19 - [MESSAGE][PASSED] - Browser is opened with url: ''

04-04-2024T16:21:19 - [TEST_STEP][PASSED] - navigateToUrl(url_login): Navigate to 'https://opensource-demo.orangehrmlive.com/web/index.php/auth/login' successfully

04-04-2024T16:21:26 - [MESSAGE][PASSED] - Navigate to 'https://opensource-demo.orangehrmlive.com/web/index.php/auth/login' successfully

04-04-2024T16:21:26 - [TEST_STEP][PASSED] - delay(3): Delayed 3 second(s)

04-04-2024T16:21:29 - [MESSAGE][PASSED] - Delayed 3 second(s)

04-04-2024T16:21:29 - [TEST_STEP][PASSED] - takeScreenshotAsCheckpoint("Before Login"): Taking screenshot successfully

04-04-2024T16:21:29 - [MESSAGE][INFO] - 0 hidden object(s)

04-04-2024T16:21:30 - [MESSAGE][PASSED] - Taking screenshot successfully
[[ATTACHMENT|keyes\keyes-Before Login.png]]

04-04-2024T16:21:30 - [TEST_STEP][PASSED] - setText(findTestObject("field_username"), valid_username): Text 'Admin' is set on object 'Object Repository/field_username'

04-04-2024T16:21:32 - [MESSAGE][PASSED] - Text 'Admin' is set on object 'Object Repository/field_username'

04-04-2024T16:21:32 - [TEST_STEP][PASSED] - setText(findTestObject("field_password"), valid_password): Text 'admin123' is set on object 'Object Repository/field_password'

04-04-2024T16:21:35 - [MESSAGE][PASSED] - Text 'admin123' is set on object 'Object Repository/field_password'

04-04-2024T16:21:35 - [TEST_STEP][PASSED] - click(findTestObject("btn_login")): Object: 'Object Repository/btn_login' is clicked on

04-04-2024T16:21:37 - [MESSAGE][PASSED] - Object: 'Object Repository/btn_login' is clicked on

04-04-2024T16:21:37 - [TEST_STEP][PASSED] - delay(5): Delayed 5 second(s)

04-04-2024T16:21:42 - [MESSAGE][PASSED] - Delayed 5 second(s)

04-04-2024T16:21:42 - [TEST_STEP][PASSED] - takeScreenshotAsCheckpoint("After Login"): Taking screenshot successfully

04-04-2024T16:21:43 - [MESSAGE][INFO] - 0 hidden object(s)

04-04-2024T16:21:43 - [MESSAGE][PASSED] - Taking screenshot successfully
[[ATTACHMENT|keyes\keyes-After Login.png]]

04-04-2024T16:21:43 - [MESSAGE][PASSED] - Call Test Case 'Test Cases/Login/Login_Success' successfully

04-04-2024T16:21:43 - [TEST_STEP][PASSED] - delay(3): Delayed 3 second(s)

04-04-2024T16:21:46 - [MESSAGE][PASSED] - Delayed 3 second(s)

04-04-2024T16:21:46 - [TEST_STEP][PASSED] - click(findTestObject("F_Menu_Admin/menu_admin")): Object: 'Object Repository/F_Menu_Admin/menu_admin' is clicked on

04-04-2024T16:21:48 - [MESSAGE][PASSED] - Object: 'Object Repository/F_Menu_Admin/menu_admin' is clicked on

04-04-2024T16:21:48 - [TEST_STEP][PASSED] - click(findTestObject("F_Menu_Admin/F_Job/tab_job")): Object: 'Object Repository/F_Menu_Admin/F_Job/tab_job' is clicked on

04-04-2024T16:21:51 - [MESSAGE][PASSED] - Object: 'Object Repository/F_Menu_Admin/F_Job/tab_job' is clicked on

04-04-2024T16:21:51 - [TEST_STEP][PASSED] - click(findTestObject("F_Menu_Admin/F_Job/select_workShifts")): Object: 'Object Repository/F_Menu_Admin/F_Job/select_workShifts' is clicked on

04-04-2024T16:21:53 - [MESSAGE][PASSED] - Object: 'Object Repository/F_Menu_Admin/F_Job/select_workShifts' is clicked on

04-04-2024T16:21:53 - [TEST_STEP][PASSED] - verifyElementText(findTestObject("F_Menu_Admin/title_menu"), "Work Shifts"): Actual text and expected text of test object 'Object Repository/F_Menu_Admin/title_menu' are matched.

04-04-2024T16:21:54 - [MESSAGE][PASSED] - Actual text and expected text of test object 'Object Repository/F_Menu_Admin/title_menu' are matched.

04-04-2024T16:21:54 - [TEST_STEP][PASSED] - delay(3): Delayed 3 second(s)

04-04-2024T16:21:57 - [MESSAGE][PASSED] - Delayed 3 second(s)]]></system-out>
         <system-err><![CDATA[]]></system-err>
      </testcase>
      <system-out><![CDATA[04-04-2024T16:21:17 - [TEST_SUITE][PASSED] - TS_Job_WorkShifts: Test Cases/Menu_Admin/Navigate_Job_WorkShifts]]></system-out>
      <system-err><![CDATA[]]></system-err>
   </testsuite>
</testsuites>
