<?xml version="1.0" encoding="UTF-8"?>
<testsuites name="TSC_MenuAdmin" time="216.733" tests="16" failures="0" errors="0">
   <testsuite name="TS_Job_PayGrades" tests="1" failures="0" errors="0" time="90.669" skipped="0" timestamp="15-04-2024T14:33:23" hostname="1556 - LAPTOP-PT885S91" id="Test Suites/TS_MenuAdmin/F_Job/TS_Job_PayGrades">
      <properties>
         <property name="deviceName" value=""/>
         <property name="devicePlatform" value=""/>
         <property name="logFolder" value="C:\\Users\\1556\\git\\My-First-Web-UI-Project\\Reports\\20240415_143243\\TS_MenuAdmin\\F_Job\\TS_Job_PayGrades\\20240415_143244"/>
         <property name="logFiles" value="C:\\Users\\1556\\git\\My-First-Web-UI-Project\\Reports\\20240415_143243\\TS_MenuAdmin\\F_Job\\TS_Job_PayGrades\\20240415_143244\\execution0.log"/>
         <property name="attachments" value="keyes\keyes-Before Login.png, keyes\keyes-After Login.png"/>
         <property name="hostName" value="1556 - LAPTOP-PT885S91"/>
         <property name="os" value="Windows 11 64bit"/>
         <property name="katalonVersion" value="9.3.2.212"/>
         <property name="browser" value="Chrome 123.0.0.0"/>
         <property name="hostAddress" value="192.168.10.35"/>
         <property name="sessionId" value="21283c1e11b9265f551a72402c80d4e8"/>
         <property name="seleniumVersion" value="3.141.59"/>
         <property name="proxyInformation" value="ProxyInformation { proxyOption=NO_PROXY, proxyServerType=HTTP, username=, password=********, proxyServerAddress=, proxyServerPort=0, executionList=&quot;&quot;, isApplyToDesiredCapabilities=true }"/>
         <property name="platform" value="Windows 11"/>
      </properties>
      <testcase name="Test Cases/Menu_Admin/Navigate_Job_PayGrades" time="90.369" classname="Test Cases/Menu_Admin/Navigate_Job_PayGrades" status="PASSED">
         <system-out><![CDATA[15-04-2024T14:33:24 - [TEST_CASE][PASSED] - Test Cases/Menu_Admin/Navigate_Job_PayGrades: Test Cases/Menu_Admin/Navigate_Job_PayGrades

15-04-2024T14:33:24 - [TEST_STEP][PASSED] - callTestCase(findTestCase("Login/Login_Success"), [:], STOP_ON_FAILURE): Call Test Case 'Test Cases/Login/Login_Success' successfully

15-04-2024T14:33:25 - [TEST_CASE][PASSED] - Test Cases/Login/Login_Success: Test Cases/Login/Login_Success

15-04-2024T14:33:25 - [TEST_STEP][PASSED] - openBrowser(""): Browser is opened with url: ''

15-04-2024T14:33:25 - [MESSAGE][INFO] - Starting 'Chrome' driver

15-04-2024T14:33:25 - [MESSAGE][INFO] - User set preference: ['args', '[--start-maximized]']

15-04-2024T14:33:25 - [MESSAGE][INFO] - Action delay is set to 1,000 milliseconds

15-04-2024T14:33:28 - [MESSAGE][PASSED] - Browser is opened with url: ''

15-04-2024T14:33:28 - [TEST_STEP][PASSED] - navigateToUrl(url_login): Navigate to 'https://opensource-demo.orangehrmlive.com/web/index.php/auth/login' successfully

15-04-2024T14:34:17 - [MESSAGE][PASSED] - Navigate to 'https://opensource-demo.orangehrmlive.com/web/index.php/auth/login' successfully

15-04-2024T14:34:17 - [TEST_STEP][PASSED] - delay(3): Delayed 3 second(s)

15-04-2024T14:34:20 - [MESSAGE][PASSED] - Delayed 3 second(s)

15-04-2024T14:34:20 - [TEST_STEP][PASSED] - takeScreenshotAsCheckpoint("Before Login"): Taking screenshot successfully

15-04-2024T14:34:24 - [MESSAGE][INFO] - 0 hidden object(s)

15-04-2024T14:34:25 - [MESSAGE][PASSED] - Taking screenshot successfully
[[ATTACHMENT|keyes\keyes-Before Login.png]]

15-04-2024T14:34:25 - [TEST_STEP][PASSED] - setText(findTestObject("field_username"), valid_username): Text 'Admin' is set on object 'Object Repository/field_username'

15-04-2024T14:34:27 - [MESSAGE][PASSED] - Text 'Admin' is set on object 'Object Repository/field_username'

15-04-2024T14:34:27 - [TEST_STEP][PASSED] - setText(findTestObject("field_password"), valid_password): Text 'admin123' is set on object 'Object Repository/field_password'

15-04-2024T14:34:30 - [MESSAGE][PASSED] - Text 'admin123' is set on object 'Object Repository/field_password'

15-04-2024T14:34:30 - [TEST_STEP][PASSED] - click(findTestObject("btn_login")): Object: 'Object Repository/btn_login' is clicked on

15-04-2024T14:34:33 - [MESSAGE][PASSED] - Object: 'Object Repository/btn_login' is clicked on

15-04-2024T14:34:33 - [TEST_STEP][PASSED] - delay(5): Delayed 5 second(s)

15-04-2024T14:34:38 - [MESSAGE][PASSED] - Delayed 5 second(s)

15-04-2024T14:34:38 - [TEST_STEP][PASSED] - takeScreenshotAsCheckpoint("After Login"): Taking screenshot successfully

15-04-2024T14:34:38 - [MESSAGE][INFO] - 0 hidden object(s)

15-04-2024T14:34:38 - [MESSAGE][PASSED] - Taking screenshot successfully
[[ATTACHMENT|keyes\keyes-After Login.png]]

15-04-2024T14:34:38 - [MESSAGE][PASSED] - Call Test Case 'Test Cases/Login/Login_Success' successfully

15-04-2024T14:34:38 - [TEST_STEP][PASSED] - delay(3): Delayed 3 second(s)

15-04-2024T14:34:42 - [MESSAGE][PASSED] - Delayed 3 second(s)

15-04-2024T14:34:42 - [TEST_STEP][PASSED] - click(findTestObject("F_Menu_Admin/menu_admin")): Object: 'Object Repository/F_Menu_Admin/menu_admin' is clicked on

15-04-2024T14:34:44 - [MESSAGE][PASSED] - Object: 'Object Repository/F_Menu_Admin/menu_admin' is clicked on

15-04-2024T14:34:44 - [TEST_STEP][PASSED] - click(findTestObject("F_Menu_Admin/F_Job/tab_job")): Object: 'Object Repository/F_Menu_Admin/F_Job/tab_job' is clicked on

15-04-2024T14:34:47 - [MESSAGE][PASSED] - Object: 'Object Repository/F_Menu_Admin/F_Job/tab_job' is clicked on

15-04-2024T14:34:47 - [TEST_STEP][PASSED] - click(findTestObject("F_Menu_Admin/F_Job/select_payGrades")): Object: 'Object Repository/F_Menu_Admin/F_Job/select_payGrades' is clicked on

15-04-2024T14:34:50 - [MESSAGE][PASSED] - Object: 'Object Repository/F_Menu_Admin/F_Job/select_payGrades' is clicked on

15-04-2024T14:34:50 - [TEST_STEP][PASSED] - verifyElementText(findTestObject("F_Menu_Admin/title_menu"), "Pay Grades"): Actual text and expected text of test object 'Object Repository/F_Menu_Admin/title_menu' are matched.

15-04-2024T14:34:51 - [MESSAGE][PASSED] - Actual text and expected text of test object 'Object Repository/F_Menu_Admin/title_menu' are matched.

15-04-2024T14:34:51 - [TEST_STEP][PASSED] - delay(3): Delayed 3 second(s)

15-04-2024T14:34:54 - [MESSAGE][PASSED] - Delayed 3 second(s)]]></system-out>
         <system-err><![CDATA[]]></system-err>
      </testcase>
      <system-out><![CDATA[15-04-2024T14:33:23 - [TEST_SUITE][PASSED] - TS_Job_PayGrades: Test Cases/Menu_Admin/Navigate_Job_PayGrades]]></system-out>
      <system-err><![CDATA[]]></system-err>
   </testsuite>
   <testsuite name="TS_UserManagement" tests="1" failures="0" errors="0" time="66.943" skipped="0" timestamp="15-04-2024T14:33:29" hostname="1556 - LAPTOP-PT885S91" id="Test Suites/TS_MenuAdmin/F_UserManagement/TS_UserManagement">
      <properties>
         <property name="deviceName" value=""/>
         <property name="devicePlatform" value=""/>
         <property name="logFolder" value="C:\\Users\\1556\\git\\My-First-Web-UI-Project\\Reports\\20240415_143243\\TS_MenuAdmin\\F_UserManagement\\TS_UserManagement\\20240415_143246"/>
         <property name="logFiles" value="C:\\Users\\1556\\git\\My-First-Web-UI-Project\\Reports\\20240415_143243\\TS_MenuAdmin\\F_UserManagement\\TS_UserManagement\\20240415_143246\\execution0.log"/>
         <property name="attachments" value="keyes\keyes-Before Login.png, keyes\keyes-After Login.png"/>
         <property name="hostName" value="1556 - LAPTOP-PT885S91"/>
         <property name="os" value="Windows 11 64bit"/>
         <property name="katalonVersion" value="9.3.2.212"/>
         <property name="browser" value="Chrome 123.0.0.0"/>
         <property name="hostAddress" value="192.168.10.35"/>
         <property name="sessionId" value="9cd07634b1c490d9624c8c816bfec54c"/>
         <property name="seleniumVersion" value="3.141.59"/>
         <property name="proxyInformation" value="ProxyInformation { proxyOption=NO_PROXY, proxyServerType=HTTP, username=, password=********, proxyServerAddress=, proxyServerPort=0, executionList=&quot;&quot;, isApplyToDesiredCapabilities=true }"/>
         <property name="platform" value="Windows 11"/>
      </properties>
      <testcase name="Test Cases/Menu_Admin/Navigate_Admin_User" time="66.656" classname="Test Cases/Menu_Admin/Navigate_Admin_User" status="PASSED">
         <system-out><![CDATA[15-04-2024T14:33:30 - [TEST_CASE][PASSED] - Test Cases/Menu_Admin/Navigate_Admin_User: Test Cases/Menu_Admin/Navigate_Admin_User

15-04-2024T14:33:30 - [TEST_STEP][PASSED] - callTestCase(findTestCase("Login/Login_Success"), [:], STOP_ON_FAILURE): Call Test Case 'Test Cases/Login/Login_Success' successfully

15-04-2024T14:33:31 - [TEST_CASE][PASSED] - Test Cases/Login/Login_Success: Test Cases/Login/Login_Success

15-04-2024T14:33:31 - [TEST_STEP][PASSED] - openBrowser(""): Browser is opened with url: ''

15-04-2024T14:33:31 - [MESSAGE][INFO] - Starting 'Chrome' driver

15-04-2024T14:33:31 - [MESSAGE][INFO] - User set preference: ['args', '[--start-maximized]']

15-04-2024T14:33:31 - [MESSAGE][INFO] - Action delay is set to 1,000 milliseconds

15-04-2024T14:33:35 - [MESSAGE][PASSED] - Browser is opened with url: ''

15-04-2024T14:33:35 - [TEST_STEP][PASSED] - navigateToUrl(url_login): Navigate to 'https://opensource-demo.orangehrmlive.com/web/index.php/auth/login' successfully

15-04-2024T14:33:38 - [MESSAGE][PASSED] - Navigate to 'https://opensource-demo.orangehrmlive.com/web/index.php/auth/login' successfully

15-04-2024T14:33:38 - [TEST_STEP][PASSED] - delay(3): Delayed 3 second(s)

15-04-2024T14:33:41 - [MESSAGE][PASSED] - Delayed 3 second(s)

15-04-2024T14:33:41 - [TEST_STEP][PASSED] - takeScreenshotAsCheckpoint("Before Login"): Taking screenshot successfully

15-04-2024T14:34:00 - [MESSAGE][INFO] - 0 hidden object(s)

15-04-2024T14:34:01 - [MESSAGE][PASSED] - Taking screenshot successfully
[[ATTACHMENT|keyes\keyes-Before Login.png]]

15-04-2024T14:34:01 - [TEST_STEP][PASSED] - setText(findTestObject("field_username"), valid_username): Text 'Admin' is set on object 'Object Repository/field_username'

15-04-2024T14:34:07 - [MESSAGE][PASSED] - Text 'Admin' is set on object 'Object Repository/field_username'

15-04-2024T14:34:07 - [TEST_STEP][PASSED] - setText(findTestObject("field_password"), valid_password): Text 'admin123' is set on object 'Object Repository/field_password'

15-04-2024T14:34:11 - [MESSAGE][PASSED] - Text 'admin123' is set on object 'Object Repository/field_password'

15-04-2024T14:34:11 - [TEST_STEP][PASSED] - click(findTestObject("btn_login")): Object: 'Object Repository/btn_login' is clicked on

15-04-2024T14:34:14 - [MESSAGE][PASSED] - Object: 'Object Repository/btn_login' is clicked on

15-04-2024T14:34:14 - [TEST_STEP][PASSED] - delay(5): Delayed 5 second(s)

15-04-2024T14:34:19 - [MESSAGE][PASSED] - Delayed 5 second(s)

15-04-2024T14:34:19 - [TEST_STEP][PASSED] - takeScreenshotAsCheckpoint("After Login"): Taking screenshot successfully

15-04-2024T14:34:20 - [MESSAGE][INFO] - 0 hidden object(s)

15-04-2024T14:34:20 - [MESSAGE][PASSED] - Taking screenshot successfully
[[ATTACHMENT|keyes\keyes-After Login.png]]

15-04-2024T14:34:20 - [MESSAGE][PASSED] - Call Test Case 'Test Cases/Login/Login_Success' successfully

15-04-2024T14:34:20 - [TEST_STEP][PASSED] - delay(3): Delayed 3 second(s)

15-04-2024T14:34:23 - [MESSAGE][PASSED] - Delayed 3 second(s)

15-04-2024T14:34:23 - [TEST_STEP][PASSED] - click(findTestObject("F_Menu_Admin/menu_admin")): Object: 'Object Repository/F_Menu_Admin/menu_admin' is clicked on

15-04-2024T14:34:26 - [MESSAGE][PASSED] - Object: 'Object Repository/F_Menu_Admin/menu_admin' is clicked on

15-04-2024T14:34:26 - [TEST_STEP][PASSED] - click(findTestObject("F_Menu_Admin/F_UserManagement/tab_userManagement")): Object: 'Object Repository/F_Menu_Admin/F_UserManagement/tab_userManagement' is clicked on

15-04-2024T14:34:29 - [MESSAGE][PASSED] - Object: 'Object Repository/F_Menu_Admin/F_UserManagement/tab_userManagement' is clicked on

15-04-2024T14:34:29 - [TEST_STEP][PASSED] - click(findTestObject("F_Menu_Admin/F_UserManagement/select_users")): Object: 'Object Repository/F_Menu_Admin/F_UserManagement/select_users' is clicked on

15-04-2024T14:34:31 - [MESSAGE][PASSED] - Object: 'Object Repository/F_Menu_Admin/F_UserManagement/select_users' is clicked on

15-04-2024T14:34:31 - [TEST_STEP][PASSED] - verifyElementText(findTestObject("F_Menu_Admin/title_menuWithFilter"), "System Users"): Actual text and expected text of test object 'Object Repository/F_Menu_Admin/title_menuWithFilter' are matched.

15-04-2024T14:34:33 - [MESSAGE][PASSED] - Actual text and expected text of test object 'Object Repository/F_Menu_Admin/title_menuWithFilter' are matched.

15-04-2024T14:34:33 - [TEST_STEP][PASSED] - delay(3): Delayed 3 second(s)

15-04-2024T14:34:36 - [MESSAGE][PASSED] - Delayed 3 second(s)]]></system-out>
         <system-err><![CDATA[]]></system-err>
      </testcase>
      <system-out><![CDATA[15-04-2024T14:33:29 - [TEST_SUITE][PASSED] - TS_UserManagement: Test Cases/Menu_Admin/Navigate_Admin_User]]></system-out>
      <system-err><![CDATA[]]></system-err>
   </testsuite>
   <testsuite name="TS_Job_JobTitles" tests="1" failures="0" errors="0" time="74.948" skipped="0" timestamp="15-04-2024T14:33:35" hostname="1556 - LAPTOP-PT885S91" id="Test Suites/TS_MenuAdmin/F_Job/TS_Job_JobTitles">
      <properties>
         <property name="deviceName" value=""/>
         <property name="devicePlatform" value=""/>
         <property name="logFolder" value="C:\\Users\\1556\\git\\My-First-Web-UI-Project\\Reports\\20240415_143243\\TS_MenuAdmin\\F_Job\\TS_Job_JobTitles\\20240415_143248"/>
         <property name="logFiles" value="C:\\Users\\1556\\git\\My-First-Web-UI-Project\\Reports\\20240415_143243\\TS_MenuAdmin\\F_Job\\TS_Job_JobTitles\\20240415_143248\\execution0.log"/>
         <property name="attachments" value="keyes\keyes-Before Login.png, keyes\keyes-After Login.png"/>
         <property name="hostName" value="1556 - LAPTOP-PT885S91"/>
         <property name="os" value="Windows 11 64bit"/>
         <property name="katalonVersion" value="9.3.2.212"/>
         <property name="browser" value="Chrome 123.0.0.0"/>
         <property name="hostAddress" value="192.168.10.35"/>
         <property name="sessionId" value="60e3957c73f60785ee3f22ac285b2e4b"/>
         <property name="seleniumVersion" value="3.141.59"/>
         <property name="proxyInformation" value="ProxyInformation { proxyOption=NO_PROXY, proxyServerType=HTTP, username=, password=********, proxyServerAddress=, proxyServerPort=0, executionList=&quot;&quot;, isApplyToDesiredCapabilities=true }"/>
         <property name="platform" value="Windows 11"/>
      </properties>
      <testcase name="Test Cases/Menu_Admin/Navigate_Job_JobTitles" time="74.347" classname="Test Cases/Menu_Admin/Navigate_Job_JobTitles" status="PASSED">
         <system-out><![CDATA[15-04-2024T14:33:35 - [TEST_CASE][PASSED] - Test Cases/Menu_Admin/Navigate_Job_JobTitles: Test Cases/Menu_Admin/Navigate_Job_JobTitles

15-04-2024T14:33:36 - [TEST_STEP][PASSED] - callTestCase(findTestCase("Login/Login_Success"), [:], STOP_ON_FAILURE): Call Test Case 'Test Cases/Login/Login_Success' successfully

15-04-2024T14:33:37 - [TEST_CASE][PASSED] - Test Cases/Login/Login_Success: Test Cases/Login/Login_Success

15-04-2024T14:33:37 - [TEST_STEP][PASSED] - openBrowser(""): Browser is opened with url: ''

15-04-2024T14:33:38 - [MESSAGE][INFO] - Starting 'Chrome' driver

15-04-2024T14:33:38 - [MESSAGE][INFO] - User set preference: ['args', '[--start-maximized]']

15-04-2024T14:33:38 - [MESSAGE][INFO] - Action delay is set to 1,000 milliseconds

15-04-2024T14:33:44 - [MESSAGE][PASSED] - Browser is opened with url: ''

15-04-2024T14:33:44 - [TEST_STEP][PASSED] - navigateToUrl(url_login): Navigate to 'https://opensource-demo.orangehrmlive.com/web/index.php/auth/login' successfully

15-04-2024T14:33:47 - [MESSAGE][PASSED] - Navigate to 'https://opensource-demo.orangehrmlive.com/web/index.php/auth/login' successfully

15-04-2024T14:33:47 - [TEST_STEP][PASSED] - delay(3): Delayed 3 second(s)

15-04-2024T14:33:51 - [MESSAGE][PASSED] - Delayed 3 second(s)

15-04-2024T14:33:51 - [TEST_STEP][PASSED] - takeScreenshotAsCheckpoint("Before Login"): Taking screenshot successfully

15-04-2024T14:34:22 - [MESSAGE][INFO] - 0 hidden object(s)

15-04-2024T14:34:22 - [MESSAGE][PASSED] - Taking screenshot successfully
[[ATTACHMENT|keyes\keyes-Before Login.png]]

15-04-2024T14:34:22 - [TEST_STEP][PASSED] - setText(findTestObject("field_username"), valid_username): Text 'Admin' is set on object 'Object Repository/field_username'

15-04-2024T14:34:25 - [MESSAGE][PASSED] - Text 'Admin' is set on object 'Object Repository/field_username'

15-04-2024T14:34:25 - [TEST_STEP][PASSED] - setText(findTestObject("field_password"), valid_password): Text 'admin123' is set on object 'Object Repository/field_password'

15-04-2024T14:34:28 - [MESSAGE][PASSED] - Text 'admin123' is set on object 'Object Repository/field_password'

15-04-2024T14:34:28 - [TEST_STEP][PASSED] - click(findTestObject("btn_login")): Object: 'Object Repository/btn_login' is clicked on

15-04-2024T14:34:29 - [MESSAGE][PASSED] - Object: 'Object Repository/btn_login' is clicked on

15-04-2024T14:34:29 - [TEST_STEP][PASSED] - delay(5): Delayed 5 second(s)

15-04-2024T14:34:34 - [MESSAGE][PASSED] - Delayed 5 second(s)

15-04-2024T14:34:34 - [TEST_STEP][PASSED] - takeScreenshotAsCheckpoint("After Login"): Taking screenshot successfully

15-04-2024T14:34:35 - [MESSAGE][INFO] - 0 hidden object(s)

15-04-2024T14:34:35 - [MESSAGE][PASSED] - Taking screenshot successfully
[[ATTACHMENT|keyes\keyes-After Login.png]]

15-04-2024T14:34:35 - [MESSAGE][PASSED] - Call Test Case 'Test Cases/Login/Login_Success' successfully

15-04-2024T14:34:35 - [TEST_STEP][PASSED] - delay(3): Delayed 3 second(s)

15-04-2024T14:34:38 - [MESSAGE][PASSED] - Delayed 3 second(s)

15-04-2024T14:34:38 - [TEST_STEP][PASSED] - click(findTestObject("F_Menu_Admin/menu_admin")): Object: 'Object Repository/F_Menu_Admin/menu_admin' is clicked on

15-04-2024T14:34:40 - [MESSAGE][PASSED] - Object: 'Object Repository/F_Menu_Admin/menu_admin' is clicked on

15-04-2024T14:34:40 - [TEST_STEP][PASSED] - click(findTestObject("F_Menu_Admin/F_Job/tab_job")): Object: 'Object Repository/F_Menu_Admin/F_Job/tab_job' is clicked on

15-04-2024T14:34:43 - [MESSAGE][PASSED] - Object: 'Object Repository/F_Menu_Admin/F_Job/tab_job' is clicked on

15-04-2024T14:34:43 - [TEST_STEP][PASSED] - click(findTestObject("F_Menu_Admin/F_Job/select_jobTitles")): Object: 'Object Repository/F_Menu_Admin/F_Job/select_jobTitles' is clicked on

15-04-2024T14:34:45 - [MESSAGE][PASSED] - Object: 'Object Repository/F_Menu_Admin/F_Job/select_jobTitles' is clicked on

15-04-2024T14:34:45 - [TEST_STEP][PASSED] - verifyElementText(findTestObject("F_Menu_Admin/title_menu"), "Job Titles"): Actual text and expected text of test object 'Object Repository/F_Menu_Admin/title_menu' are matched.

15-04-2024T14:34:47 - [MESSAGE][PASSED] - Actual text and expected text of test object 'Object Repository/F_Menu_Admin/title_menu' are matched.

15-04-2024T14:34:47 - [TEST_STEP][PASSED] - delay(3): Delayed 3 second(s)

15-04-2024T14:34:50 - [MESSAGE][PASSED] - Delayed 3 second(s)]]></system-out>
         <system-err><![CDATA[]]></system-err>
      </testcase>
      <system-out><![CDATA[15-04-2024T14:33:35 - [TEST_SUITE][PASSED] - TS_Job_JobTitles: Test Cases/Menu_Admin/Navigate_Job_JobTitles]]></system-out>
      <system-err><![CDATA[]]></system-err>
   </testsuite>
   <testsuite name="TS_Job_EmploymentStatus" tests="1" failures="0" errors="0" time="83.672" skipped="0" timestamp="15-04-2024T14:33:39" hostname="1556 - LAPTOP-PT885S91" id="Test Suites/TS_MenuAdmin/F_Job/TS_Job_EmploymentStatus">
      <properties>
         <property name="deviceName" value=""/>
         <property name="devicePlatform" value=""/>
         <property name="logFolder" value="C:\\Users\\1556\\git\\My-First-Web-UI-Project\\Reports\\20240415_143243\\TS_MenuAdmin\\F_Job\\TS_Job_EmploymentStatus\\20240415_143250"/>
         <property name="logFiles" value="C:\\Users\\1556\\git\\My-First-Web-UI-Project\\Reports\\20240415_143243\\TS_MenuAdmin\\F_Job\\TS_Job_EmploymentStatus\\20240415_143250\\execution0.log"/>
         <property name="attachments" value="keyes\keyes-Before Login.png, keyes\keyes-After Login.png"/>
         <property name="hostName" value="1556 - LAPTOP-PT885S91"/>
         <property name="os" value="Windows 11 64bit"/>
         <property name="katalonVersion" value="9.3.2.212"/>
         <property name="browser" value="Chrome 123.0.0.0"/>
         <property name="hostAddress" value="192.168.10.35"/>
         <property name="sessionId" value="ff8b822c5884ec73501c3d4e1c4252d1"/>
         <property name="seleniumVersion" value="3.141.59"/>
         <property name="proxyInformation" value="ProxyInformation { proxyOption=NO_PROXY, proxyServerType=HTTP, username=, password=********, proxyServerAddress=, proxyServerPort=0, executionList=&quot;&quot;, isApplyToDesiredCapabilities=true }"/>
         <property name="platform" value="Windows 11"/>
      </properties>
      <testcase name="Test Cases/Menu_Admin/Navigate_Job_EmploymentStatus" time="83.276" classname="Test Cases/Menu_Admin/Navigate_Job_EmploymentStatus" status="PASSED">
         <system-out><![CDATA[15-04-2024T14:33:39 - [TEST_CASE][PASSED] - Test Cases/Menu_Admin/Navigate_Job_EmploymentStatus: Test Cases/Menu_Admin/Navigate_Job_EmploymentStatus

15-04-2024T14:33:40 - [TEST_STEP][PASSED] - callTestCase(findTestCase("Login/Login_Success"), [:], STOP_ON_FAILURE): Call Test Case 'Test Cases/Login/Login_Success' successfully

15-04-2024T14:33:40 - [TEST_CASE][PASSED] - Test Cases/Login/Login_Success: Test Cases/Login/Login_Success

15-04-2024T14:33:41 - [TEST_STEP][PASSED] - openBrowser(""): Browser is opened with url: ''

15-04-2024T14:33:41 - [MESSAGE][INFO] - Starting 'Chrome' driver

15-04-2024T14:33:41 - [MESSAGE][INFO] - User set preference: ['args', '[--start-maximized]']

15-04-2024T14:33:41 - [MESSAGE][INFO] - Action delay is set to 1,000 milliseconds

15-04-2024T14:33:48 - [MESSAGE][PASSED] - Browser is opened with url: ''

15-04-2024T14:33:48 - [TEST_STEP][PASSED] - navigateToUrl(url_login): Navigate to 'https://opensource-demo.orangehrmlive.com/web/index.php/auth/login' successfully

15-04-2024T14:33:51 - [MESSAGE][PASSED] - Navigate to 'https://opensource-demo.orangehrmlive.com/web/index.php/auth/login' successfully

15-04-2024T14:33:51 - [TEST_STEP][PASSED] - delay(3): Delayed 3 second(s)

15-04-2024T14:33:54 - [MESSAGE][PASSED] - Delayed 3 second(s)

15-04-2024T14:33:54 - [TEST_STEP][PASSED] - takeScreenshotAsCheckpoint("Before Login"): Taking screenshot successfully

15-04-2024T14:34:35 - [MESSAGE][INFO] - 0 hidden object(s)

15-04-2024T14:34:35 - [MESSAGE][PASSED] - Taking screenshot successfully
[[ATTACHMENT|keyes\keyes-Before Login.png]]

15-04-2024T14:34:35 - [TEST_STEP][PASSED] - setText(findTestObject("field_username"), valid_username): Text 'Admin' is set on object 'Object Repository/field_username'

15-04-2024T14:34:38 - [MESSAGE][PASSED] - Text 'Admin' is set on object 'Object Repository/field_username'

15-04-2024T14:34:38 - [TEST_STEP][PASSED] - setText(findTestObject("field_password"), valid_password): Text 'admin123' is set on object 'Object Repository/field_password'

15-04-2024T14:34:40 - [MESSAGE][PASSED] - Text 'admin123' is set on object 'Object Repository/field_password'

15-04-2024T14:34:40 - [TEST_STEP][PASSED] - click(findTestObject("btn_login")): Object: 'Object Repository/btn_login' is clicked on

15-04-2024T14:34:42 - [MESSAGE][PASSED] - Object: 'Object Repository/btn_login' is clicked on

15-04-2024T14:34:42 - [TEST_STEP][PASSED] - delay(5): Delayed 5 second(s)

15-04-2024T14:34:47 - [MESSAGE][PASSED] - Delayed 5 second(s)

15-04-2024T14:34:47 - [TEST_STEP][PASSED] - takeScreenshotAsCheckpoint("After Login"): Taking screenshot successfully

15-04-2024T14:34:47 - [MESSAGE][INFO] - 0 hidden object(s)

15-04-2024T14:34:47 - [MESSAGE][PASSED] - Taking screenshot successfully
[[ATTACHMENT|keyes\keyes-After Login.png]]

15-04-2024T14:34:47 - [MESSAGE][PASSED] - Call Test Case 'Test Cases/Login/Login_Success' successfully

15-04-2024T14:34:47 - [TEST_STEP][PASSED] - delay(3): Delayed 3 second(s)

15-04-2024T14:34:50 - [MESSAGE][PASSED] - Delayed 3 second(s)

15-04-2024T14:34:50 - [TEST_STEP][PASSED] - click(findTestObject("F_Menu_Admin/menu_admin")): Object: 'Object Repository/F_Menu_Admin/menu_admin' is clicked on

15-04-2024T14:34:53 - [MESSAGE][PASSED] - Object: 'Object Repository/F_Menu_Admin/menu_admin' is clicked on

15-04-2024T14:34:53 - [TEST_STEP][PASSED] - click(findTestObject("F_Menu_Admin/F_Job/tab_job")): Object: 'Object Repository/F_Menu_Admin/F_Job/tab_job' is clicked on

15-04-2024T14:34:57 - [MESSAGE][PASSED] - Object: 'Object Repository/F_Menu_Admin/F_Job/tab_job' is clicked on

15-04-2024T14:34:57 - [TEST_STEP][PASSED] - click(findTestObject("F_Menu_Admin/F_Job/select_employmentStatus")): Object: 'Object Repository/F_Menu_Admin/F_Job/select_employmentStatus' is clicked on

15-04-2024T14:34:59 - [MESSAGE][PASSED] - Object: 'Object Repository/F_Menu_Admin/F_Job/select_employmentStatus' is clicked on

15-04-2024T14:34:59 - [TEST_STEP][PASSED] - verifyElementText(findTestObject("F_Menu_Admin/title_menu"), "Employment Status"): Actual text and expected text of test object 'Object Repository/F_Menu_Admin/title_menu' are matched.

15-04-2024T14:35:00 - [MESSAGE][PASSED] - Actual text and expected text of test object 'Object Repository/F_Menu_Admin/title_menu' are matched.

15-04-2024T14:35:00 - [TEST_STEP][PASSED] - delay(3): Delayed 3 second(s)

15-04-2024T14:35:03 - [MESSAGE][PASSED] - Delayed 3 second(s)]]></system-out>
         <system-err><![CDATA[]]></system-err>
      </testcase>
      <system-out><![CDATA[15-04-2024T14:33:39 - [TEST_SUITE][PASSED] - TS_Job_EmploymentStatus: Test Cases/Menu_Admin/Navigate_Job_EmploymentStatus]]></system-out>
      <system-err><![CDATA[]]></system-err>
   </testsuite>
   <testsuite name="TS_Job_JobCategories" tests="1" failures="0" errors="0" time="119.457" skipped="0" timestamp="15-04-2024T14:33:48" hostname="1556 - LAPTOP-PT885S91" id="Test Suites/TS_MenuAdmin/F_Job/TS_Job_JobCategories">
      <properties>
         <property name="deviceName" value=""/>
         <property name="devicePlatform" value=""/>
         <property name="logFolder" value="C:\\Users\\1556\\git\\My-First-Web-UI-Project\\Reports\\20240415_143243\\TS_MenuAdmin\\F_Job\\TS_Job_JobCategories\\20240415_143252"/>
         <property name="logFiles" value="C:\\Users\\1556\\git\\My-First-Web-UI-Project\\Reports\\20240415_143243\\TS_MenuAdmin\\F_Job\\TS_Job_JobCategories\\20240415_143252\\execution0.log"/>
         <property name="attachments" value="keyes\keyes-Before Login.png, keyes\keyes-After Login.png"/>
         <property name="hostName" value="1556 - LAPTOP-PT885S91"/>
         <property name="os" value="Windows 11 64bit"/>
         <property name="katalonVersion" value="9.3.2.212"/>
         <property name="browser" value="Chrome 123.0.0.0"/>
         <property name="hostAddress" value="192.168.10.35"/>
         <property name="sessionId" value="255f2413f8acafec9bbd826d90d90796"/>
         <property name="seleniumVersion" value="3.141.59"/>
         <property name="proxyInformation" value="ProxyInformation { proxyOption=NO_PROXY, proxyServerType=HTTP, username=, password=********, proxyServerAddress=, proxyServerPort=0, executionList=&quot;&quot;, isApplyToDesiredCapabilities=true }"/>
         <property name="platform" value="Windows 11"/>
      </properties>
      <testcase name="Test Cases/Menu_Admin/Navigate_Job_JobCategories" time="118.575" classname="Test Cases/Menu_Admin/Navigate_Job_JobCategories" status="PASSED">
         <system-out><![CDATA[15-04-2024T14:33:49 - [TEST_CASE][PASSED] - Test Cases/Menu_Admin/Navigate_Job_JobCategories: Test Cases/Menu_Admin/Navigate_Job_JobCategories

15-04-2024T14:33:51 - [TEST_STEP][PASSED] - callTestCase(findTestCase("Login/Login_Success"), [:], STOP_ON_FAILURE): Call Test Case 'Test Cases/Login/Login_Success' successfully

15-04-2024T14:33:51 - [TEST_CASE][PASSED] - Test Cases/Login/Login_Success: Test Cases/Login/Login_Success

15-04-2024T14:33:52 - [TEST_STEP][PASSED] - openBrowser(""): Browser is opened with url: ''

15-04-2024T14:33:53 - [MESSAGE][INFO] - Starting 'Chrome' driver

15-04-2024T14:33:53 - [MESSAGE][INFO] - User set preference: ['args', '[--start-maximized]']

15-04-2024T14:33:53 - [MESSAGE][INFO] - Action delay is set to 1,000 milliseconds

15-04-2024T14:34:01 - [MESSAGE][PASSED] - Browser is opened with url: ''

15-04-2024T14:34:01 - [TEST_STEP][PASSED] - navigateToUrl(url_login): Navigate to 'https://opensource-demo.orangehrmlive.com/web/index.php/auth/login' successfully

15-04-2024T14:34:05 - [MESSAGE][PASSED] - Navigate to 'https://opensource-demo.orangehrmlive.com/web/index.php/auth/login' successfully

15-04-2024T14:34:05 - [TEST_STEP][PASSED] - delay(3): Delayed 3 second(s)

15-04-2024T14:34:08 - [MESSAGE][PASSED] - Delayed 3 second(s)

15-04-2024T14:34:08 - [TEST_STEP][PASSED] - takeScreenshotAsCheckpoint("Before Login"): Taking screenshot successfully

15-04-2024T14:35:17 - [MESSAGE][INFO] - 0 hidden object(s)

15-04-2024T14:35:17 - [MESSAGE][PASSED] - Taking screenshot successfully
[[ATTACHMENT|keyes\keyes-Before Login.png]]

15-04-2024T14:35:17 - [TEST_STEP][PASSED] - setText(findTestObject("field_username"), valid_username): Text 'Admin' is set on object 'Object Repository/field_username'

15-04-2024T14:35:22 - [MESSAGE][PASSED] - Text 'Admin' is set on object 'Object Repository/field_username'

15-04-2024T14:35:22 - [TEST_STEP][PASSED] - setText(findTestObject("field_password"), valid_password): Text 'admin123' is set on object 'Object Repository/field_password'

15-04-2024T14:35:25 - [MESSAGE][PASSED] - Text 'admin123' is set on object 'Object Repository/field_password'

15-04-2024T14:35:25 - [TEST_STEP][PASSED] - click(findTestObject("btn_login")): Object: 'Object Repository/btn_login' is clicked on

15-04-2024T14:35:27 - [MESSAGE][PASSED] - Object: 'Object Repository/btn_login' is clicked on

15-04-2024T14:35:27 - [TEST_STEP][PASSED] - delay(5): Delayed 5 second(s)

15-04-2024T14:35:32 - [MESSAGE][PASSED] - Delayed 5 second(s)

15-04-2024T14:35:32 - [TEST_STEP][PASSED] - takeScreenshotAsCheckpoint("After Login"): Taking screenshot successfully

15-04-2024T14:35:32 - [MESSAGE][INFO] - 0 hidden object(s)

15-04-2024T14:35:32 - [MESSAGE][PASSED] - Taking screenshot successfully
[[ATTACHMENT|keyes\keyes-After Login.png]]

15-04-2024T14:35:32 - [MESSAGE][PASSED] - Call Test Case 'Test Cases/Login/Login_Success' successfully

15-04-2024T14:35:32 - [TEST_STEP][PASSED] - delay(3): Delayed 3 second(s)

15-04-2024T14:35:35 - [MESSAGE][PASSED] - Delayed 3 second(s)

15-04-2024T14:35:36 - [TEST_STEP][PASSED] - click(findTestObject("F_Menu_Admin/menu_admin")): Object: 'Object Repository/F_Menu_Admin/menu_admin' is clicked on

15-04-2024T14:35:38 - [MESSAGE][PASSED] - Object: 'Object Repository/F_Menu_Admin/menu_admin' is clicked on

15-04-2024T14:35:38 - [TEST_STEP][PASSED] - click(findTestObject("F_Menu_Admin/F_Job/tab_job")): Object: 'Object Repository/F_Menu_Admin/F_Job/tab_job' is clicked on

15-04-2024T14:35:41 - [MESSAGE][PASSED] - Object: 'Object Repository/F_Menu_Admin/F_Job/tab_job' is clicked on

15-04-2024T14:35:41 - [TEST_STEP][PASSED] - click(findTestObject("F_Menu_Admin/F_Job/select_jobCategories")): Object: 'Object Repository/F_Menu_Admin/F_Job/select_jobCategories' is clicked on

15-04-2024T14:35:43 - [MESSAGE][PASSED] - Object: 'Object Repository/F_Menu_Admin/F_Job/select_jobCategories' is clicked on

15-04-2024T14:35:43 - [TEST_STEP][PASSED] - verifyElementText(findTestObject("F_Menu_Admin/title_menu"), "Job Categories"): Actual text and expected text of test object 'Object Repository/F_Menu_Admin/title_menu' are matched.

15-04-2024T14:35:44 - [MESSAGE][PASSED] - Actual text and expected text of test object 'Object Repository/F_Menu_Admin/title_menu' are matched.

15-04-2024T14:35:45 - [TEST_STEP][PASSED] - delay(3): Delayed 3 second(s)

15-04-2024T14:35:48 - [MESSAGE][PASSED] - Delayed 3 second(s)]]></system-out>
         <system-err><![CDATA[]]></system-err>
      </testcase>
      <system-out><![CDATA[15-04-2024T14:33:48 - [TEST_SUITE][PASSED] - TS_Job_JobCategories: Test Cases/Menu_Admin/Navigate_Job_JobCategories]]></system-out>
      <system-err><![CDATA[]]></system-err>
   </testsuite>
   <testsuite name="TS_Job_WorkShifts" tests="1" failures="0" errors="0" time="112.144" skipped="0" timestamp="15-04-2024T14:33:53" hostname="1556 - LAPTOP-PT885S91" id="Test Suites/TS_MenuAdmin/F_Job/TS_Job_WorkShifts">
      <properties>
         <property name="deviceName" value=""/>
         <property name="devicePlatform" value=""/>
         <property name="logFolder" value="C:\\Users\\1556\\git\\My-First-Web-UI-Project\\Reports\\20240415_143243\\TS_MenuAdmin\\F_Job\\TS_Job_WorkShifts\\20240415_143254"/>
         <property name="logFiles" value="C:\\Users\\1556\\git\\My-First-Web-UI-Project\\Reports\\20240415_143243\\TS_MenuAdmin\\F_Job\\TS_Job_WorkShifts\\20240415_143254\\execution0.log"/>
         <property name="attachments" value="keyes\keyes-Before Login.png, keyes\keyes-After Login.png"/>
         <property name="hostName" value="1556 - LAPTOP-PT885S91"/>
         <property name="os" value="Windows 11 64bit"/>
         <property name="katalonVersion" value="9.3.2.212"/>
         <property name="browser" value="Chrome 123.0.0.0"/>
         <property name="hostAddress" value="192.168.10.35"/>
         <property name="sessionId" value="7deb9f955d588b7d1127c0b69cf006c2"/>
         <property name="seleniumVersion" value="3.141.59"/>
         <property name="proxyInformation" value="ProxyInformation { proxyOption=NO_PROXY, proxyServerType=HTTP, username=, password=********, proxyServerAddress=, proxyServerPort=0, executionList=&quot;&quot;, isApplyToDesiredCapabilities=true }"/>
         <property name="platform" value="Windows 11"/>
      </properties>
      <testcase name="Test Cases/Menu_Admin/Navigate_Job_WorkShifts" time="111.754" classname="Test Cases/Menu_Admin/Navigate_Job_WorkShifts" status="PASSED">
         <system-out><![CDATA[15-04-2024T14:33:54 - [TEST_CASE][PASSED] - Test Cases/Menu_Admin/Navigate_Job_WorkShifts: Test Cases/Menu_Admin/Navigate_Job_WorkShifts

15-04-2024T14:33:55 - [TEST_STEP][PASSED] - callTestCase(findTestCase("Login/Login_Success"), [:], STOP_ON_FAILURE): Call Test Case 'Test Cases/Login/Login_Success' successfully

15-04-2024T14:33:56 - [TEST_CASE][PASSED] - Test Cases/Login/Login_Success: Test Cases/Login/Login_Success

15-04-2024T14:33:56 - [TEST_STEP][PASSED] - openBrowser(""): Browser is opened with url: ''

15-04-2024T14:33:57 - [MESSAGE][INFO] - Starting 'Chrome' driver

15-04-2024T14:33:57 - [MESSAGE][INFO] - User set preference: ['args', '[--start-maximized]']

15-04-2024T14:33:57 - [MESSAGE][INFO] - Action delay is set to 1,000 milliseconds

15-04-2024T14:34:05 - [MESSAGE][PASSED] - Browser is opened with url: ''

15-04-2024T14:34:05 - [TEST_STEP][PASSED] - navigateToUrl(url_login): Navigate to 'https://opensource-demo.orangehrmlive.com/web/index.php/auth/login' successfully

15-04-2024T14:34:07 - [MESSAGE][PASSED] - Navigate to 'https://opensource-demo.orangehrmlive.com/web/index.php/auth/login' successfully

15-04-2024T14:34:07 - [TEST_STEP][PASSED] - delay(3): Delayed 3 second(s)

15-04-2024T14:34:10 - [MESSAGE][PASSED] - Delayed 3 second(s)

15-04-2024T14:34:10 - [TEST_STEP][PASSED] - takeScreenshotAsCheckpoint("Before Login"): Taking screenshot successfully

15-04-2024T14:35:15 - [MESSAGE][INFO] - 0 hidden object(s)

15-04-2024T14:35:15 - [MESSAGE][PASSED] - Taking screenshot successfully
[[ATTACHMENT|keyes\keyes-Before Login.png]]

15-04-2024T14:35:15 - [TEST_STEP][PASSED] - setText(findTestObject("field_username"), valid_username): Text 'Admin' is set on object 'Object Repository/field_username'

15-04-2024T14:35:19 - [MESSAGE][PASSED] - Text 'Admin' is set on object 'Object Repository/field_username'

15-04-2024T14:35:19 - [TEST_STEP][PASSED] - setText(findTestObject("field_password"), valid_password): Text 'admin123' is set on object 'Object Repository/field_password'

15-04-2024T14:35:24 - [MESSAGE][PASSED] - Text 'admin123' is set on object 'Object Repository/field_password'

15-04-2024T14:35:24 - [TEST_STEP][PASSED] - click(findTestObject("btn_login")): Object: 'Object Repository/btn_login' is clicked on

15-04-2024T14:35:25 - [MESSAGE][PASSED] - Object: 'Object Repository/btn_login' is clicked on

15-04-2024T14:35:25 - [TEST_STEP][PASSED] - delay(5): Delayed 5 second(s)

15-04-2024T14:35:30 - [MESSAGE][PASSED] - Delayed 5 second(s)

15-04-2024T14:35:30 - [TEST_STEP][PASSED] - takeScreenshotAsCheckpoint("After Login"): Taking screenshot successfully

15-04-2024T14:35:31 - [MESSAGE][INFO] - 0 hidden object(s)

15-04-2024T14:35:32 - [MESSAGE][PASSED] - Taking screenshot successfully
[[ATTACHMENT|keyes\keyes-After Login.png]]

15-04-2024T14:35:32 - [MESSAGE][PASSED] - Call Test Case 'Test Cases/Login/Login_Success' successfully

15-04-2024T14:35:32 - [TEST_STEP][PASSED] - delay(3): Delayed 3 second(s)

15-04-2024T14:35:35 - [MESSAGE][PASSED] - Delayed 3 second(s)

15-04-2024T14:35:35 - [TEST_STEP][PASSED] - click(findTestObject("F_Menu_Admin/menu_admin")): Object: 'Object Repository/F_Menu_Admin/menu_admin' is clicked on

15-04-2024T14:35:37 - [MESSAGE][PASSED] - Object: 'Object Repository/F_Menu_Admin/menu_admin' is clicked on

15-04-2024T14:35:37 - [TEST_STEP][PASSED] - click(findTestObject("F_Menu_Admin/F_Job/tab_job")): Object: 'Object Repository/F_Menu_Admin/F_Job/tab_job' is clicked on

15-04-2024T14:35:39 - [MESSAGE][PASSED] - Object: 'Object Repository/F_Menu_Admin/F_Job/tab_job' is clicked on

15-04-2024T14:35:39 - [TEST_STEP][PASSED] - click(findTestObject("F_Menu_Admin/F_Job/select_workShifts")): Object: 'Object Repository/F_Menu_Admin/F_Job/select_workShifts' is clicked on

15-04-2024T14:35:41 - [MESSAGE][PASSED] - Object: 'Object Repository/F_Menu_Admin/F_Job/select_workShifts' is clicked on

15-04-2024T14:35:41 - [TEST_STEP][PASSED] - verifyElementText(findTestObject("F_Menu_Admin/title_menu"), "Work Shifts"): Actual text and expected text of test object 'Object Repository/F_Menu_Admin/title_menu' are matched.

15-04-2024T14:35:43 - [MESSAGE][PASSED] - Actual text and expected text of test object 'Object Repository/F_Menu_Admin/title_menu' are matched.

15-04-2024T14:35:43 - [TEST_STEP][PASSED] - delay(3): Delayed 3 second(s)

15-04-2024T14:35:46 - [MESSAGE][PASSED] - Delayed 3 second(s)]]></system-out>
         <system-err><![CDATA[]]></system-err>
      </testcase>
      <system-out><![CDATA[15-04-2024T14:33:53 - [TEST_SUITE][PASSED] - TS_Job_WorkShifts: Test Cases/Menu_Admin/Navigate_Job_WorkShifts]]></system-out>
      <system-err><![CDATA[]]></system-err>
   </testsuite>
   <testsuite name="TS_Organization_GeneralInformation" tests="1" failures="0" errors="0" time="97.667" skipped="0" timestamp="15-04-2024T14:34:05" hostname="1556 - LAPTOP-PT885S91" id="Test Suites/TS_MenuAdmin/F_Organization/TS_Organization_GeneralInformation">
      <properties>
         <property name="deviceName" value=""/>
         <property name="devicePlatform" value=""/>
         <property name="logFolder" value="C:\\Users\\1556\\git\\My-First-Web-UI-Project\\Reports\\20240415_143243\\TS_MenuAdmin\\F_Organization\\TS_Organization_GeneralInformation\\20240415_143256"/>
         <property name="logFiles" value="C:\\Users\\1556\\git\\My-First-Web-UI-Project\\Reports\\20240415_143243\\TS_MenuAdmin\\F_Organization\\TS_Organization_GeneralInformation\\20240415_143256\\execution0.log"/>
         <property name="attachments" value="keyes\keyes-Before Login.png, keyes\keyes-After Login.png"/>
         <property name="hostName" value="1556 - LAPTOP-PT885S91"/>
         <property name="os" value="Windows 11 64bit"/>
         <property name="katalonVersion" value="9.3.2.212"/>
         <property name="browser" value="Chrome 123.0.0.0"/>
         <property name="hostAddress" value="192.168.10.35"/>
         <property name="sessionId" value="e52033e850d460d8bda138fa9086608c"/>
         <property name="seleniumVersion" value="3.141.59"/>
         <property name="proxyInformation" value="ProxyInformation { proxyOption=NO_PROXY, proxyServerType=HTTP, username=, password=********, proxyServerAddress=, proxyServerPort=0, executionList=&quot;&quot;, isApplyToDesiredCapabilities=true }"/>
         <property name="platform" value="Windows 11"/>
      </properties>
      <testcase name="Test Cases/Menu_Admin/Navigate_Organization_GeneralInformation" time="96.646" classname="Test Cases/Menu_Admin/Navigate_Organization_GeneralInformation" status="PASSED">
         <system-out><![CDATA[15-04-2024T14:34:06 - [TEST_CASE][PASSED] - Test Cases/Menu_Admin/Navigate_Organization_GeneralInformation: Test Cases/Menu_Admin/Navigate_Organization_GeneralInformation

15-04-2024T14:34:07 - [TEST_STEP][PASSED] - callTestCase(findTestCase("Login/Login_Success"), [:], STOP_ON_FAILURE): Call Test Case 'Test Cases/Login/Login_Success' successfully

15-04-2024T14:34:08 - [TEST_CASE][PASSED] - Test Cases/Login/Login_Success: Test Cases/Login/Login_Success

15-04-2024T14:34:08 - [TEST_STEP][PASSED] - openBrowser(""): Browser is opened with url: ''

15-04-2024T14:34:09 - [MESSAGE][INFO] - Starting 'Chrome' driver

15-04-2024T14:34:09 - [MESSAGE][INFO] - User set preference: ['args', '[--start-maximized]']

15-04-2024T14:34:09 - [MESSAGE][INFO] - Action delay is set to 1,000 milliseconds

15-04-2024T14:34:13 - [MESSAGE][PASSED] - Browser is opened with url: ''

15-04-2024T14:34:13 - [TEST_STEP][PASSED] - navigateToUrl(url_login): Navigate to 'https://opensource-demo.orangehrmlive.com/web/index.php/auth/login' successfully

15-04-2024T14:34:15 - [MESSAGE][PASSED] - Navigate to 'https://opensource-demo.orangehrmlive.com/web/index.php/auth/login' successfully

15-04-2024T14:34:15 - [TEST_STEP][PASSED] - delay(3): Delayed 3 second(s)

15-04-2024T14:34:18 - [MESSAGE][PASSED] - Delayed 3 second(s)

15-04-2024T14:34:18 - [TEST_STEP][PASSED] - takeScreenshotAsCheckpoint("Before Login"): Taking screenshot successfully

15-04-2024T14:35:09 - [MESSAGE][INFO] - 0 hidden object(s)

15-04-2024T14:35:09 - [MESSAGE][PASSED] - Taking screenshot successfully
[[ATTACHMENT|keyes\keyes-Before Login.png]]

15-04-2024T14:35:09 - [TEST_STEP][PASSED] - setText(findTestObject("field_username"), valid_username): Text 'Admin' is set on object 'Object Repository/field_username'

15-04-2024T14:35:12 - [MESSAGE][PASSED] - Text 'Admin' is set on object 'Object Repository/field_username'

15-04-2024T14:35:12 - [TEST_STEP][PASSED] - setText(findTestObject("field_password"), valid_password): Text 'admin123' is set on object 'Object Repository/field_password'

15-04-2024T14:35:17 - [MESSAGE][PASSED] - Text 'admin123' is set on object 'Object Repository/field_password'

15-04-2024T14:35:17 - [TEST_STEP][PASSED] - click(findTestObject("btn_login")): Object: 'Object Repository/btn_login' is clicked on

15-04-2024T14:35:21 - [MESSAGE][PASSED] - Object: 'Object Repository/btn_login' is clicked on

15-04-2024T14:35:21 - [TEST_STEP][PASSED] - delay(5): Delayed 5 second(s)

15-04-2024T14:35:26 - [MESSAGE][PASSED] - Delayed 5 second(s)

15-04-2024T14:35:26 - [TEST_STEP][PASSED] - takeScreenshotAsCheckpoint("After Login"): Taking screenshot successfully

15-04-2024T14:35:26 - [MESSAGE][INFO] - 0 hidden object(s)

15-04-2024T14:35:26 - [MESSAGE][PASSED] - Taking screenshot successfully
[[ATTACHMENT|keyes\keyes-After Login.png]]

15-04-2024T14:35:27 - [MESSAGE][PASSED] - Call Test Case 'Test Cases/Login/Login_Success' successfully

15-04-2024T14:35:27 - [TEST_STEP][PASSED] - delay(3): Delayed 3 second(s)

15-04-2024T14:35:30 - [MESSAGE][PASSED] - Delayed 3 second(s)

15-04-2024T14:35:30 - [TEST_STEP][PASSED] - click(findTestObject("F_Menu_Admin/menu_admin")): Object: 'Object Repository/F_Menu_Admin/menu_admin' is clicked on

15-04-2024T14:35:32 - [MESSAGE][PASSED] - Object: 'Object Repository/F_Menu_Admin/menu_admin' is clicked on

15-04-2024T14:35:32 - [TEST_STEP][PASSED] - click(findTestObject("F_Menu_Admin/F_Organization/tab_organization")): Object: 'Object Repository/F_Menu_Admin/F_Organization/tab_organization' is clicked on

15-04-2024T14:35:35 - [MESSAGE][PASSED] - Object: 'Object Repository/F_Menu_Admin/F_Organization/tab_organization' is clicked on

15-04-2024T14:35:35 - [TEST_STEP][PASSED] - click(findTestObject("F_Menu_Admin/F_Organization/select_generalInformation")): Object: 'Object Repository/F_Menu_Admin/F_Organization/select_generalInformation' is clicked on

15-04-2024T14:35:38 - [MESSAGE][PASSED] - Object: 'Object Repository/F_Menu_Admin/F_Organization/select_generalInformation' is clicked on

15-04-2024T14:35:38 - [TEST_STEP][PASSED] - verifyElementText(findTestObject("F_Menu_Admin/title_menu"), "General Information"): Actual text and expected text of test object 'Object Repository/F_Menu_Admin/title_menu' are matched.

15-04-2024T14:35:39 - [MESSAGE][PASSED] - Actual text and expected text of test object 'Object Repository/F_Menu_Admin/title_menu' are matched.

15-04-2024T14:35:39 - [TEST_STEP][PASSED] - delay(3): Delayed 3 second(s)

15-04-2024T14:35:42 - [MESSAGE][PASSED] - Delayed 3 second(s)]]></system-out>
         <system-err><![CDATA[]]></system-err>
      </testcase>
      <system-out><![CDATA[15-04-2024T14:34:05 - [TEST_SUITE][PASSED] - TS_Organization_GeneralInformation: Test Cases/Menu_Admin/Navigate_Organization_GeneralInformation]]></system-out>
      <system-err><![CDATA[]]></system-err>
   </testsuite>
   <testsuite name="TS_Organization_Locations" tests="1" failures="0" errors="0" time="86.268" skipped="0" timestamp="15-04-2024T14:34:09" hostname="1556 - LAPTOP-PT885S91" id="Test Suites/TS_MenuAdmin/F_Organization/TS_Organization_Locations">
      <properties>
         <property name="deviceName" value=""/>
         <property name="devicePlatform" value=""/>
         <property name="logFolder" value="C:\\Users\\1556\\git\\My-First-Web-UI-Project\\Reports\\20240415_143243\\TS_MenuAdmin\\F_Organization\\TS_Organization_Locations\\20240415_143258"/>
         <property name="logFiles" value="C:\\Users\\1556\\git\\My-First-Web-UI-Project\\Reports\\20240415_143243\\TS_MenuAdmin\\F_Organization\\TS_Organization_Locations\\20240415_143258\\execution0.log"/>
         <property name="attachments" value="keyes\keyes-Before Login.png, keyes\keyes-After Login.png"/>
         <property name="hostName" value="1556 - LAPTOP-PT885S91"/>
         <property name="os" value="Windows 11 64bit"/>
         <property name="katalonVersion" value="9.3.2.212"/>
         <property name="browser" value="Chrome 123.0.0.0"/>
         <property name="hostAddress" value="192.168.10.35"/>
         <property name="sessionId" value="fc8e0e0cd4d57b4e1cc557b3a858b115"/>
         <property name="seleniumVersion" value="3.141.59"/>
         <property name="proxyInformation" value="ProxyInformation { proxyOption=NO_PROXY, proxyServerType=HTTP, username=, password=********, proxyServerAddress=, proxyServerPort=0, executionList=&quot;&quot;, isApplyToDesiredCapabilities=true }"/>
         <property name="platform" value="Windows 11"/>
      </properties>
      <testcase name="Test Cases/Menu_Admin/Navigate_Organization_Location" time="85.83" classname="Test Cases/Menu_Admin/Navigate_Organization_Location" status="PASSED">
         <system-out><![CDATA[15-04-2024T14:34:09 - [TEST_CASE][PASSED] - Test Cases/Menu_Admin/Navigate_Organization_Location: Test Cases/Menu_Admin/Navigate_Organization_Location

15-04-2024T14:34:10 - [TEST_STEP][PASSED] - callTestCase(findTestCase("Login/Login_Success"), [:], STOP_ON_FAILURE): Call Test Case 'Test Cases/Login/Login_Success' successfully

15-04-2024T14:34:10 - [TEST_CASE][PASSED] - Test Cases/Login/Login_Success: Test Cases/Login/Login_Success

15-04-2024T14:34:10 - [TEST_STEP][PASSED] - openBrowser(""): Browser is opened with url: ''

15-04-2024T14:34:11 - [MESSAGE][INFO] - Starting 'Chrome' driver

15-04-2024T14:34:11 - [MESSAGE][INFO] - User set preference: ['args', '[--start-maximized]']

15-04-2024T14:34:11 - [MESSAGE][INFO] - Action delay is set to 1,000 milliseconds

15-04-2024T14:34:15 - [MESSAGE][PASSED] - Browser is opened with url: ''

15-04-2024T14:34:15 - [TEST_STEP][PASSED] - navigateToUrl(url_login): Navigate to 'https://opensource-demo.orangehrmlive.com/web/index.php/auth/login' successfully

15-04-2024T14:34:59 - [MESSAGE][PASSED] - Navigate to 'https://opensource-demo.orangehrmlive.com/web/index.php/auth/login' successfully

15-04-2024T14:34:59 - [TEST_STEP][PASSED] - delay(3): Delayed 3 second(s)

15-04-2024T14:35:02 - [MESSAGE][PASSED] - Delayed 3 second(s)

15-04-2024T14:35:02 - [TEST_STEP][PASSED] - takeScreenshotAsCheckpoint("Before Login"): Taking screenshot successfully

15-04-2024T14:35:03 - [MESSAGE][INFO] - 0 hidden object(s)

15-04-2024T14:35:03 - [MESSAGE][PASSED] - Taking screenshot successfully
[[ATTACHMENT|keyes\keyes-Before Login.png]]

15-04-2024T14:35:03 - [TEST_STEP][PASSED] - setText(findTestObject("field_username"), valid_username): Text 'Admin' is set on object 'Object Repository/field_username'

15-04-2024T14:35:06 - [MESSAGE][PASSED] - Text 'Admin' is set on object 'Object Repository/field_username'

15-04-2024T14:35:06 - [TEST_STEP][PASSED] - setText(findTestObject("field_password"), valid_password): Text 'admin123' is set on object 'Object Repository/field_password'

15-04-2024T14:35:10 - [MESSAGE][PASSED] - Text 'admin123' is set on object 'Object Repository/field_password'

15-04-2024T14:35:10 - [TEST_STEP][PASSED] - click(findTestObject("btn_login")): Object: 'Object Repository/btn_login' is clicked on

15-04-2024T14:35:13 - [MESSAGE][PASSED] - Object: 'Object Repository/btn_login' is clicked on

15-04-2024T14:35:13 - [TEST_STEP][PASSED] - delay(5): Delayed 5 second(s)

15-04-2024T14:35:18 - [MESSAGE][PASSED] - Delayed 5 second(s)

15-04-2024T14:35:18 - [TEST_STEP][PASSED] - takeScreenshotAsCheckpoint("After Login"): Taking screenshot successfully

15-04-2024T14:35:19 - [MESSAGE][INFO] - 0 hidden object(s)

15-04-2024T14:35:19 - [MESSAGE][PASSED] - Taking screenshot successfully
[[ATTACHMENT|keyes\keyes-After Login.png]]

15-04-2024T14:35:19 - [MESSAGE][PASSED] - Call Test Case 'Test Cases/Login/Login_Success' successfully

15-04-2024T14:35:19 - [TEST_STEP][PASSED] - delay(3): Delayed 3 second(s)

15-04-2024T14:35:22 - [MESSAGE][PASSED] - Delayed 3 second(s)

15-04-2024T14:35:22 - [TEST_STEP][PASSED] - click(findTestObject("F_Menu_Admin/menu_admin")): Object: 'Object Repository/F_Menu_Admin/menu_admin' is clicked on

15-04-2024T14:35:25 - [MESSAGE][PASSED] - Object: 'Object Repository/F_Menu_Admin/menu_admin' is clicked on

15-04-2024T14:35:25 - [TEST_STEP][PASSED] - click(findTestObject("F_Menu_Admin/F_Organization/tab_organization")): Object: 'Object Repository/F_Menu_Admin/F_Organization/tab_organization' is clicked on

15-04-2024T14:35:27 - [MESSAGE][PASSED] - Object: 'Object Repository/F_Menu_Admin/F_Organization/tab_organization' is clicked on

15-04-2024T14:35:27 - [TEST_STEP][PASSED] - click(findTestObject("F_Menu_Admin/F_Organization/select_locations")): Object: 'Object Repository/F_Menu_Admin/F_Organization/select_locations' is clicked on

15-04-2024T14:35:30 - [MESSAGE][PASSED] - Object: 'Object Repository/F_Menu_Admin/F_Organization/select_locations' is clicked on

15-04-2024T14:35:30 - [TEST_STEP][PASSED] - verifyElementText(findTestObject("F_Menu_Admin/title_menuWithFilter"), "Locations"): Actual text and expected text of test object 'Object Repository/F_Menu_Admin/title_menuWithFilter' are matched.

15-04-2024T14:35:32 - [MESSAGE][PASSED] - Actual text and expected text of test object 'Object Repository/F_Menu_Admin/title_menuWithFilter' are matched.

15-04-2024T14:35:32 - [TEST_STEP][PASSED] - delay(3): Delayed 3 second(s)

15-04-2024T14:35:35 - [MESSAGE][PASSED] - Delayed 3 second(s)]]></system-out>
         <system-err><![CDATA[]]></system-err>
      </testcase>
      <system-out><![CDATA[15-04-2024T14:34:09 - [TEST_SUITE][PASSED] - TS_Organization_Locations: Test Cases/Menu_Admin/Navigate_Organization_Location]]></system-out>
      <system-err><![CDATA[]]></system-err>
   </testsuite>
   <testsuite name="TS_Organization_Structure" tests="1" failures="0" errors="0" time="92.768" skipped="0" timestamp="15-04-2024T14:34:52" hostname="1556 - LAPTOP-PT885S91" id="Test Suites/TS_MenuAdmin/F_Organization/TS_Organization_Structure">
      <properties>
         <property name="deviceName" value=""/>
         <property name="devicePlatform" value=""/>
         <property name="logFolder" value="C:\\Users\\1556\\git\\My-First-Web-UI-Project\\Reports\\20240415_143243\\TS_MenuAdmin\\F_Organization\\TS_Organization_Structure\\20240415_143300"/>
         <property name="logFiles" value="C:\\Users\\1556\\git\\My-First-Web-UI-Project\\Reports\\20240415_143243\\TS_MenuAdmin\\F_Organization\\TS_Organization_Structure\\20240415_143300\\execution0.log"/>
         <property name="attachments" value="keyes\keyes-Before Login.png, keyes\keyes-After Login.png"/>
         <property name="hostName" value="1556 - LAPTOP-PT885S91"/>
         <property name="os" value="Windows 11 64bit"/>
         <property name="katalonVersion" value="9.3.2.212"/>
         <property name="browser" value="Chrome 123.0.0.0"/>
         <property name="hostAddress" value="192.168.10.35"/>
         <property name="sessionId" value="16e510550e69a3f677f8a62bd47f1d8c"/>
         <property name="seleniumVersion" value="3.141.59"/>
         <property name="proxyInformation" value="ProxyInformation { proxyOption=NO_PROXY, proxyServerType=HTTP, username=, password=********, proxyServerAddress=, proxyServerPort=0, executionList=&quot;&quot;, isApplyToDesiredCapabilities=true }"/>
         <property name="platform" value="Windows 11"/>
      </properties>
      <testcase name="Test Cases/Menu_Admin/Navigate_Organization_Structure" time="92.505" classname="Test Cases/Menu_Admin/Navigate_Organization_Structure" status="PASSED">
         <system-out><![CDATA[15-04-2024T14:34:53 - [TEST_CASE][PASSED] - Test Cases/Menu_Admin/Navigate_Organization_Structure: Test Cases/Menu_Admin/Navigate_Organization_Structure

15-04-2024T14:34:53 - [TEST_STEP][PASSED] - callTestCase(findTestCase("Login/Login_Success"), [:], STOP_ON_FAILURE): Call Test Case 'Test Cases/Login/Login_Success' successfully

15-04-2024T14:34:53 - [TEST_CASE][PASSED] - Test Cases/Login/Login_Success: Test Cases/Login/Login_Success

15-04-2024T14:34:53 - [TEST_STEP][PASSED] - openBrowser(""): Browser is opened with url: ''

15-04-2024T14:34:54 - [MESSAGE][INFO] - Starting 'Chrome' driver

15-04-2024T14:34:54 - [MESSAGE][INFO] - User set preference: ['args', '[--start-maximized]']

15-04-2024T14:34:54 - [MESSAGE][INFO] - Action delay is set to 1,000 milliseconds

15-04-2024T14:34:57 - [MESSAGE][PASSED] - Browser is opened with url: ''

15-04-2024T14:34:57 - [TEST_STEP][PASSED] - navigateToUrl(url_login): Navigate to 'https://opensource-demo.orangehrmlive.com/web/index.php/auth/login' successfully

15-04-2024T14:35:48 - [MESSAGE][PASSED] - Navigate to 'https://opensource-demo.orangehrmlive.com/web/index.php/auth/login' successfully

15-04-2024T14:35:48 - [TEST_STEP][PASSED] - delay(3): Delayed 3 second(s)

15-04-2024T14:35:51 - [MESSAGE][PASSED] - Delayed 3 second(s)

15-04-2024T14:35:51 - [TEST_STEP][PASSED] - takeScreenshotAsCheckpoint("Before Login"): Taking screenshot successfully

15-04-2024T14:35:52 - [MESSAGE][INFO] - 0 hidden object(s)

15-04-2024T14:35:52 - [MESSAGE][PASSED] - Taking screenshot successfully
[[ATTACHMENT|keyes\keyes-Before Login.png]]

15-04-2024T14:35:52 - [TEST_STEP][PASSED] - setText(findTestObject("field_username"), valid_username): Text 'Admin' is set on object 'Object Repository/field_username'

15-04-2024T14:35:55 - [MESSAGE][PASSED] - Text 'Admin' is set on object 'Object Repository/field_username'

15-04-2024T14:35:55 - [TEST_STEP][PASSED] - setText(findTestObject("field_password"), valid_password): Text 'admin123' is set on object 'Object Repository/field_password'

15-04-2024T14:35:58 - [MESSAGE][PASSED] - Text 'admin123' is set on object 'Object Repository/field_password'

15-04-2024T14:35:58 - [TEST_STEP][PASSED] - click(findTestObject("btn_login")): Object: 'Object Repository/btn_login' is clicked on

15-04-2024T14:36:02 - [MESSAGE][PASSED] - Object: 'Object Repository/btn_login' is clicked on

15-04-2024T14:36:02 - [TEST_STEP][PASSED] - delay(5): Delayed 5 second(s)

15-04-2024T14:36:07 - [MESSAGE][PASSED] - Delayed 5 second(s)

15-04-2024T14:36:07 - [TEST_STEP][PASSED] - takeScreenshotAsCheckpoint("After Login"): Taking screenshot successfully

15-04-2024T14:36:09 - [MESSAGE][INFO] - 0 hidden object(s)

15-04-2024T14:36:09 - [MESSAGE][PASSED] - Taking screenshot successfully
[[ATTACHMENT|keyes\keyes-After Login.png]]

15-04-2024T14:36:09 - [MESSAGE][PASSED] - Call Test Case 'Test Cases/Login/Login_Success' successfully

15-04-2024T14:36:09 - [TEST_STEP][PASSED] - delay(3): Delayed 3 second(s)

15-04-2024T14:36:12 - [MESSAGE][PASSED] - Delayed 3 second(s)

15-04-2024T14:36:12 - [TEST_STEP][PASSED] - click(findTestObject("F_Menu_Admin/menu_admin")): Object: 'Object Repository/F_Menu_Admin/menu_admin' is clicked on

15-04-2024T14:36:15 - [MESSAGE][PASSED] - Object: 'Object Repository/F_Menu_Admin/menu_admin' is clicked on

15-04-2024T14:36:15 - [TEST_STEP][PASSED] - click(findTestObject("F_Menu_Admin/F_Organization/tab_organization")): Object: 'Object Repository/F_Menu_Admin/F_Organization/tab_organization' is clicked on

15-04-2024T14:36:17 - [MESSAGE][PASSED] - Object: 'Object Repository/F_Menu_Admin/F_Organization/tab_organization' is clicked on

15-04-2024T14:36:17 - [TEST_STEP][PASSED] - click(findTestObject("F_Menu_Admin/F_Organization/select_structure")): Object: 'Object Repository/F_Menu_Admin/F_Organization/select_structure' is clicked on

15-04-2024T14:36:21 - [MESSAGE][PASSED] - Object: 'Object Repository/F_Menu_Admin/F_Organization/select_structure' is clicked on

15-04-2024T14:36:21 - [TEST_STEP][PASSED] - verifyElementText(findTestObject("F_Menu_Admin/title_menu"), "Organization Structure"): Actual text and expected text of test object 'Object Repository/F_Menu_Admin/title_menu' are matched.

15-04-2024T14:36:22 - [MESSAGE][PASSED] - Actual text and expected text of test object 'Object Repository/F_Menu_Admin/title_menu' are matched.

15-04-2024T14:36:22 - [TEST_STEP][PASSED] - delay(3): Delayed 3 second(s)

15-04-2024T14:36:25 - [MESSAGE][PASSED] - Delayed 3 second(s)]]></system-out>
         <system-err><![CDATA[]]></system-err>
      </testcase>
      <system-out><![CDATA[15-04-2024T14:34:52 - [TEST_SUITE][PASSED] - TS_Organization_Structure: Test Cases/Menu_Admin/Navigate_Organization_Structure]]></system-out>
      <system-err><![CDATA[]]></system-err>
   </testsuite>
   <testsuite name="TS_Qualifications_Education" tests="1" failures="0" errors="0" time="107.477" skipped="0" timestamp="15-04-2024T14:35:07" hostname="1556 - LAPTOP-PT885S91" id="Test Suites/TS_MenuAdmin/F_Qualifications/TS_Qualifications_Education">
      <properties>
         <property name="deviceName" value=""/>
         <property name="devicePlatform" value=""/>
         <property name="logFolder" value="C:\\Users\\1556\\git\\My-First-Web-UI-Project\\Reports\\20240415_143243\\TS_MenuAdmin\\F_Qualifications\\TS_Qualifications_Education\\20240415_143302"/>
         <property name="logFiles" value="C:\\Users\\1556\\git\\My-First-Web-UI-Project\\Reports\\20240415_143243\\TS_MenuAdmin\\F_Qualifications\\TS_Qualifications_Education\\20240415_143302\\execution0.log"/>
         <property name="attachments" value="keyes\keyes-Before Login.png, keyes\keyes-After Login.png"/>
         <property name="hostName" value="1556 - LAPTOP-PT885S91"/>
         <property name="os" value="Windows 11 64bit"/>
         <property name="katalonVersion" value="9.3.2.212"/>
         <property name="browser" value="Chrome 123.0.0.0"/>
         <property name="hostAddress" value="192.168.10.35"/>
         <property name="sessionId" value="56dcaca2b0cc9bba97dd3377994ab2d1"/>
         <property name="seleniumVersion" value="3.141.59"/>
         <property name="proxyInformation" value="ProxyInformation { proxyOption=NO_PROXY, proxyServerType=HTTP, username=, password=********, proxyServerAddress=, proxyServerPort=0, executionList=&quot;&quot;, isApplyToDesiredCapabilities=true }"/>
         <property name="platform" value="Windows 11"/>
      </properties>
      <testcase name="Test Cases/Menu_Admin/Navigate_Qualifications_Education" time="107.101" classname="Test Cases/Menu_Admin/Navigate_Qualifications_Education" status="PASSED">
         <system-out><![CDATA[15-04-2024T14:35:07 - [TEST_CASE][PASSED] - Test Cases/Menu_Admin/Navigate_Qualifications_Education: Test Cases/Menu_Admin/Navigate_Qualifications_Education

15-04-2024T14:35:08 - [TEST_STEP][PASSED] - callTestCase(findTestCase("Login/Login_Success"), [:], STOP_ON_FAILURE): Call Test Case 'Test Cases/Login/Login_Success' successfully

15-04-2024T14:35:09 - [TEST_CASE][PASSED] - Test Cases/Login/Login_Success: Test Cases/Login/Login_Success

15-04-2024T14:35:09 - [TEST_STEP][PASSED] - openBrowser(""): Browser is opened with url: ''

15-04-2024T14:35:10 - [MESSAGE][INFO] - Starting 'Chrome' driver

15-04-2024T14:35:10 - [MESSAGE][INFO] - User set preference: ['args', '[--start-maximized]']

15-04-2024T14:35:10 - [MESSAGE][INFO] - Action delay is set to 1,000 milliseconds

15-04-2024T14:35:14 - [MESSAGE][PASSED] - Browser is opened with url: ''

15-04-2024T14:35:14 - [TEST_STEP][PASSED] - navigateToUrl(url_login): Navigate to 'https://opensource-demo.orangehrmlive.com/web/index.php/auth/login' successfully

15-04-2024T14:36:07 - [MESSAGE][PASSED] - Navigate to 'https://opensource-demo.orangehrmlive.com/web/index.php/auth/login' successfully

15-04-2024T14:36:07 - [TEST_STEP][PASSED] - delay(3): Delayed 3 second(s)

15-04-2024T14:36:10 - [MESSAGE][PASSED] - Delayed 3 second(s)

15-04-2024T14:36:10 - [TEST_STEP][PASSED] - takeScreenshotAsCheckpoint("Before Login"): Taking screenshot successfully

15-04-2024T14:36:19 - [MESSAGE][INFO] - 0 hidden object(s)

15-04-2024T14:36:19 - [MESSAGE][PASSED] - Taking screenshot successfully
[[ATTACHMENT|keyes\keyes-Before Login.png]]

15-04-2024T14:36:19 - [TEST_STEP][PASSED] - setText(findTestObject("field_username"), valid_username): Text 'Admin' is set on object 'Object Repository/field_username'

15-04-2024T14:36:22 - [MESSAGE][PASSED] - Text 'Admin' is set on object 'Object Repository/field_username'

15-04-2024T14:36:22 - [TEST_STEP][PASSED] - setText(findTestObject("field_password"), valid_password): Text 'admin123' is set on object 'Object Repository/field_password'

15-04-2024T14:36:25 - [MESSAGE][PASSED] - Text 'admin123' is set on object 'Object Repository/field_password'

15-04-2024T14:36:25 - [TEST_STEP][PASSED] - click(findTestObject("btn_login")): Object: 'Object Repository/btn_login' is clicked on

15-04-2024T14:36:32 - [MESSAGE][PASSED] - Object: 'Object Repository/btn_login' is clicked on

15-04-2024T14:36:32 - [TEST_STEP][PASSED] - delay(5): Delayed 5 second(s)

15-04-2024T14:36:37 - [MESSAGE][PASSED] - Delayed 5 second(s)

15-04-2024T14:36:37 - [TEST_STEP][PASSED] - takeScreenshotAsCheckpoint("After Login"): Taking screenshot successfully

15-04-2024T14:36:38 - [MESSAGE][INFO] - 0 hidden object(s)

15-04-2024T14:36:38 - [MESSAGE][PASSED] - Taking screenshot successfully
[[ATTACHMENT|keyes\keyes-After Login.png]]

15-04-2024T14:36:38 - [MESSAGE][PASSED] - Call Test Case 'Test Cases/Login/Login_Success' successfully

15-04-2024T14:36:38 - [TEST_STEP][PASSED] - delay(3): Delayed 3 second(s)

15-04-2024T14:36:41 - [MESSAGE][PASSED] - Delayed 3 second(s)

15-04-2024T14:36:41 - [TEST_STEP][PASSED] - click(findTestObject("F_Menu_Admin/menu_admin")): Object: 'Object Repository/F_Menu_Admin/menu_admin' is clicked on

15-04-2024T14:36:43 - [MESSAGE][PASSED] - Object: 'Object Repository/F_Menu_Admin/menu_admin' is clicked on

15-04-2024T14:36:43 - [TEST_STEP][PASSED] - click(findTestObject("F_Menu_Admin/F_Qualifications/tab_qualifications")): Object: 'Object Repository/F_Menu_Admin/F_Qualifications/tab_qualifications' is clicked on

15-04-2024T14:36:48 - [MESSAGE][PASSED] - Object: 'Object Repository/F_Menu_Admin/F_Qualifications/tab_qualifications' is clicked on

15-04-2024T14:36:48 - [TEST_STEP][PASSED] - click(findTestObject("F_Menu_Admin/F_Qualifications/select_education")): Object: 'Object Repository/F_Menu_Admin/F_Qualifications/select_education' is clicked on

15-04-2024T14:36:50 - [MESSAGE][PASSED] - Object: 'Object Repository/F_Menu_Admin/F_Qualifications/select_education' is clicked on

15-04-2024T14:36:50 - [TEST_STEP][PASSED] - verifyElementText(findTestObject("F_Menu_Admin/title_menu"), "Education"): Actual text and expected text of test object 'Object Repository/F_Menu_Admin/title_menu' are matched.

15-04-2024T14:36:51 - [MESSAGE][PASSED] - Actual text and expected text of test object 'Object Repository/F_Menu_Admin/title_menu' are matched.

15-04-2024T14:36:51 - [TEST_STEP][PASSED] - delay(3): Delayed 3 second(s)

15-04-2024T14:36:54 - [MESSAGE][PASSED] - Delayed 3 second(s)]]></system-out>
         <system-err><![CDATA[]]></system-err>
      </testcase>
      <system-out><![CDATA[15-04-2024T14:35:07 - [TEST_SUITE][PASSED] - TS_Qualifications_Education: Test Cases/Menu_Admin/Navigate_Qualifications_Education]]></system-out>
      <system-err><![CDATA[]]></system-err>
   </testsuite>
   <testsuite name="TS_Qualifications_Languages" tests="1" failures="0" errors="0" time="83.553" skipped="0" timestamp="15-04-2024T14:35:15" hostname="1556 - LAPTOP-PT885S91" id="Test Suites/TS_MenuAdmin/F_Qualifications/TS_Qualifications_Languages">
      <properties>
         <property name="deviceName" value=""/>
         <property name="devicePlatform" value=""/>
         <property name="logFolder" value="C:\\Users\\1556\\git\\My-First-Web-UI-Project\\Reports\\20240415_143243\\TS_MenuAdmin\\F_Qualifications\\TS_Qualifications_Languages\\20240415_143304"/>
         <property name="logFiles" value="C:\\Users\\1556\\git\\My-First-Web-UI-Project\\Reports\\20240415_143243\\TS_MenuAdmin\\F_Qualifications\\TS_Qualifications_Languages\\20240415_143304\\execution0.log"/>
         <property name="attachments" value="keyes\keyes-Before Login.png, keyes\keyes-After Login.png"/>
         <property name="hostName" value="1556 - LAPTOP-PT885S91"/>
         <property name="os" value="Windows 11 64bit"/>
         <property name="katalonVersion" value="9.3.2.212"/>
         <property name="browser" value="Chrome 123.0.0.0"/>
         <property name="hostAddress" value="192.168.10.35"/>
         <property name="sessionId" value="263dae8beab1f73864e6a84b0b0c3924"/>
         <property name="seleniumVersion" value="3.141.59"/>
         <property name="proxyInformation" value="ProxyInformation { proxyOption=NO_PROXY, proxyServerType=HTTP, username=, password=********, proxyServerAddress=, proxyServerPort=0, executionList=&quot;&quot;, isApplyToDesiredCapabilities=true }"/>
         <property name="platform" value="Windows 11"/>
      </properties>
      <testcase name="Test Cases/Menu_Admin/Navigate_Qualifications_Languages" time="83.131" classname="Test Cases/Menu_Admin/Navigate_Qualifications_Languages" status="PASSED">
         <system-out><![CDATA[15-04-2024T14:35:15 - [TEST_CASE][PASSED] - Test Cases/Menu_Admin/Navigate_Qualifications_Languages: Test Cases/Menu_Admin/Navigate_Qualifications_Languages

15-04-2024T14:35:16 - [TEST_STEP][PASSED] - callTestCase(findTestCase("Login/Login_Success"), [:], STOP_ON_FAILURE): Call Test Case 'Test Cases/Login/Login_Success' successfully

15-04-2024T14:35:16 - [TEST_CASE][PASSED] - Test Cases/Login/Login_Success: Test Cases/Login/Login_Success

15-04-2024T14:35:17 - [TEST_STEP][PASSED] - openBrowser(""): Browser is opened with url: ''

15-04-2024T14:35:17 - [MESSAGE][INFO] - Starting 'Chrome' driver

15-04-2024T14:35:17 - [MESSAGE][INFO] - User set preference: ['args', '[--start-maximized]']

15-04-2024T14:35:17 - [MESSAGE][INFO] - Action delay is set to 1,000 milliseconds

15-04-2024T14:35:21 - [MESSAGE][PASSED] - Browser is opened with url: ''

15-04-2024T14:35:21 - [TEST_STEP][PASSED] - navigateToUrl(url_login): Navigate to 'https://opensource-demo.orangehrmlive.com/web/index.php/auth/login' successfully

15-04-2024T14:35:59 - [MESSAGE][PASSED] - Navigate to 'https://opensource-demo.orangehrmlive.com/web/index.php/auth/login' successfully

15-04-2024T14:35:59 - [TEST_STEP][PASSED] - delay(3): Delayed 3 second(s)

15-04-2024T14:36:02 - [MESSAGE][PASSED] - Delayed 3 second(s)

15-04-2024T14:36:02 - [TEST_STEP][PASSED] - takeScreenshotAsCheckpoint("Before Login"): Taking screenshot successfully

15-04-2024T14:36:04 - [MESSAGE][INFO] - 0 hidden object(s)

15-04-2024T14:36:05 - [MESSAGE][PASSED] - Taking screenshot successfully
[[ATTACHMENT|keyes\keyes-Before Login.png]]

15-04-2024T14:36:05 - [TEST_STEP][PASSED] - setText(findTestObject("field_username"), valid_username): Text 'Admin' is set on object 'Object Repository/field_username'

15-04-2024T14:36:10 - [MESSAGE][PASSED] - Text 'Admin' is set on object 'Object Repository/field_username'

15-04-2024T14:36:10 - [TEST_STEP][PASSED] - setText(findTestObject("field_password"), valid_password): Text 'admin123' is set on object 'Object Repository/field_password'

15-04-2024T14:36:13 - [MESSAGE][PASSED] - Text 'admin123' is set on object 'Object Repository/field_password'

15-04-2024T14:36:13 - [TEST_STEP][PASSED] - click(findTestObject("btn_login")): Object: 'Object Repository/btn_login' is clicked on

15-04-2024T14:36:17 - [MESSAGE][PASSED] - Object: 'Object Repository/btn_login' is clicked on

15-04-2024T14:36:17 - [TEST_STEP][PASSED] - delay(5): Delayed 5 second(s)

15-04-2024T14:36:22 - [MESSAGE][PASSED] - Delayed 5 second(s)

15-04-2024T14:36:22 - [TEST_STEP][PASSED] - takeScreenshotAsCheckpoint("After Login"): Taking screenshot successfully

15-04-2024T14:36:23 - [MESSAGE][INFO] - 0 hidden object(s)

15-04-2024T14:36:23 - [MESSAGE][PASSED] - Taking screenshot successfully
[[ATTACHMENT|keyes\keyes-After Login.png]]

15-04-2024T14:36:23 - [MESSAGE][PASSED] - Call Test Case 'Test Cases/Login/Login_Success' successfully

15-04-2024T14:36:23 - [TEST_STEP][PASSED] - delay(3): Delayed 3 second(s)

15-04-2024T14:36:26 - [MESSAGE][PASSED] - Delayed 3 second(s)

15-04-2024T14:36:26 - [TEST_STEP][PASSED] - click(findTestObject("F_Menu_Admin/menu_admin")): Object: 'Object Repository/F_Menu_Admin/menu_admin' is clicked on

15-04-2024T14:36:29 - [MESSAGE][PASSED] - Object: 'Object Repository/F_Menu_Admin/menu_admin' is clicked on

15-04-2024T14:36:29 - [TEST_STEP][PASSED] - click(findTestObject("F_Menu_Admin/F_Qualifications/tab_qualifications")): Object: 'Object Repository/F_Menu_Admin/F_Qualifications/tab_qualifications' is clicked on

15-04-2024T14:36:32 - [MESSAGE][PASSED] - Object: 'Object Repository/F_Menu_Admin/F_Qualifications/tab_qualifications' is clicked on

15-04-2024T14:36:32 - [TEST_STEP][PASSED] - click(findTestObject("F_Menu_Admin/F_Qualifications/select_languages")): Object: 'Object Repository/F_Menu_Admin/F_Qualifications/select_languages' is clicked on

15-04-2024T14:36:34 - [MESSAGE][PASSED] - Object: 'Object Repository/F_Menu_Admin/F_Qualifications/select_languages' is clicked on

15-04-2024T14:36:34 - [TEST_STEP][PASSED] - verifyElementText(findTestObject("F_Menu_Admin/title_menu"), "Languages"): Actual text and expected text of test object 'Object Repository/F_Menu_Admin/title_menu' are matched.

15-04-2024T14:36:35 - [MESSAGE][PASSED] - Actual text and expected text of test object 'Object Repository/F_Menu_Admin/title_menu' are matched.

15-04-2024T14:36:35 - [TEST_STEP][PASSED] - delay(3): Delayed 3 second(s)

15-04-2024T14:36:38 - [MESSAGE][PASSED] - Delayed 3 second(s)]]></system-out>
         <system-err><![CDATA[]]></system-err>
      </testcase>
      <system-out><![CDATA[15-04-2024T14:35:15 - [TEST_SUITE][PASSED] - TS_Qualifications_Languages: Test Cases/Menu_Admin/Navigate_Qualifications_Languages]]></system-out>
      <system-err><![CDATA[]]></system-err>
   </testsuite>
   <testsuite name="TS_Qualifications_Memberships" tests="1" failures="0" errors="0" time="80.014" skipped="0" timestamp="15-04-2024T14:35:25" hostname="1556 - LAPTOP-PT885S91" id="Test Suites/TS_MenuAdmin/F_Qualifications/TS_Qualifications_Memberships">
      <properties>
         <property name="deviceName" value=""/>
         <property name="devicePlatform" value=""/>
         <property name="logFolder" value="C:\\Users\\1556\\git\\My-First-Web-UI-Project\\Reports\\20240415_143243\\TS_MenuAdmin\\F_Qualifications\\TS_Qualifications_Memberships\\20240415_143306"/>
         <property name="logFiles" value="C:\\Users\\1556\\git\\My-First-Web-UI-Project\\Reports\\20240415_143243\\TS_MenuAdmin\\F_Qualifications\\TS_Qualifications_Memberships\\20240415_143306\\execution0.log"/>
         <property name="attachments" value="keyes\keyes-Before Login.png, keyes\keyes-After Login.png"/>
         <property name="hostName" value="1556 - LAPTOP-PT885S91"/>
         <property name="os" value="Windows 11 64bit"/>
         <property name="katalonVersion" value="9.3.2.212"/>
         <property name="browser" value="Chrome 123.0.0.0"/>
         <property name="hostAddress" value="192.168.10.35"/>
         <property name="sessionId" value="6851374f1b0fc81b4c044aba5ee514d1"/>
         <property name="seleniumVersion" value="3.141.59"/>
         <property name="proxyInformation" value="ProxyInformation { proxyOption=NO_PROXY, proxyServerType=HTTP, username=, password=********, proxyServerAddress=, proxyServerPort=0, executionList=&quot;&quot;, isApplyToDesiredCapabilities=true }"/>
         <property name="platform" value="Windows 11"/>
      </properties>
      <testcase name="Test Cases/Menu_Admin/Navigate_Qualification_Memberships" time="79.545" classname="Test Cases/Menu_Admin/Navigate_Qualification_Memberships" status="PASSED">
         <system-out><![CDATA[15-04-2024T14:35:26 - [TEST_CASE][PASSED] - Test Cases/Menu_Admin/Navigate_Qualification_Memberships: Test Cases/Menu_Admin/Navigate_Qualification_Memberships

15-04-2024T14:35:26 - [TEST_STEP][PASSED] - callTestCase(findTestCase("Login/Login_Success"), [:], STOP_ON_FAILURE): Call Test Case 'Test Cases/Login/Login_Success' successfully

15-04-2024T14:35:27 - [TEST_CASE][PASSED] - Test Cases/Login/Login_Success: Test Cases/Login/Login_Success

15-04-2024T14:35:27 - [TEST_STEP][PASSED] - openBrowser(""): Browser is opened with url: ''

15-04-2024T14:35:27 - [MESSAGE][INFO] - Starting 'Chrome' driver

15-04-2024T14:35:27 - [MESSAGE][INFO] - User set preference: ['args', '[--start-maximized]']

15-04-2024T14:35:27 - [MESSAGE][INFO] - Action delay is set to 1,000 milliseconds

15-04-2024T14:35:31 - [MESSAGE][PASSED] - Browser is opened with url: ''

15-04-2024T14:35:31 - [TEST_STEP][PASSED] - navigateToUrl(url_login): Navigate to 'https://opensource-demo.orangehrmlive.com/web/index.php/auth/login' successfully

15-04-2024T14:36:11 - [MESSAGE][PASSED] - Navigate to 'https://opensource-demo.orangehrmlive.com/web/index.php/auth/login' successfully

15-04-2024T14:36:11 - [TEST_STEP][PASSED] - delay(3): Delayed 3 second(s)

15-04-2024T14:36:14 - [MESSAGE][PASSED] - Delayed 3 second(s)

15-04-2024T14:36:14 - [TEST_STEP][PASSED] - takeScreenshotAsCheckpoint("Before Login"): Taking screenshot successfully

15-04-2024T14:36:16 - [MESSAGE][INFO] - 0 hidden object(s)

15-04-2024T14:36:16 - [MESSAGE][PASSED] - Taking screenshot successfully
[[ATTACHMENT|keyes\keyes-Before Login.png]]

15-04-2024T14:36:16 - [TEST_STEP][PASSED] - setText(findTestObject("field_username"), valid_username): Text 'Admin' is set on object 'Object Repository/field_username'

15-04-2024T14:36:20 - [MESSAGE][PASSED] - Text 'Admin' is set on object 'Object Repository/field_username'

15-04-2024T14:36:20 - [TEST_STEP][PASSED] - setText(findTestObject("field_password"), valid_password): Text 'admin123' is set on object 'Object Repository/field_password'

15-04-2024T14:36:23 - [MESSAGE][PASSED] - Text 'admin123' is set on object 'Object Repository/field_password'

15-04-2024T14:36:23 - [TEST_STEP][PASSED] - click(findTestObject("btn_login")): Object: 'Object Repository/btn_login' is clicked on

15-04-2024T14:36:24 - [MESSAGE][PASSED] - Object: 'Object Repository/btn_login' is clicked on

15-04-2024T14:36:24 - [TEST_STEP][PASSED] - delay(5): Delayed 5 second(s)

15-04-2024T14:36:29 - [MESSAGE][PASSED] - Delayed 5 second(s)

15-04-2024T14:36:29 - [TEST_STEP][PASSED] - takeScreenshotAsCheckpoint("After Login"): Taking screenshot successfully

15-04-2024T14:36:30 - [MESSAGE][INFO] - 0 hidden object(s)

15-04-2024T14:36:30 - [MESSAGE][PASSED] - Taking screenshot successfully
[[ATTACHMENT|keyes\keyes-After Login.png]]

15-04-2024T14:36:30 - [MESSAGE][PASSED] - Call Test Case 'Test Cases/Login/Login_Success' successfully

15-04-2024T14:36:30 - [TEST_STEP][PASSED] - delay(3): Delayed 3 second(s)

15-04-2024T14:36:33 - [MESSAGE][PASSED] - Delayed 3 second(s)

15-04-2024T14:36:33 - [TEST_STEP][PASSED] - click(findTestObject("F_Menu_Admin/menu_admin")): Object: 'Object Repository/F_Menu_Admin/menu_admin' is clicked on

15-04-2024T14:36:35 - [MESSAGE][PASSED] - Object: 'Object Repository/F_Menu_Admin/menu_admin' is clicked on

15-04-2024T14:36:35 - [TEST_STEP][PASSED] - click(findTestObject("F_Menu_Admin/F_Qualifications/tab_qualifications")): Object: 'Object Repository/F_Menu_Admin/F_Qualifications/tab_qualifications' is clicked on

15-04-2024T14:36:39 - [MESSAGE][PASSED] - Object: 'Object Repository/F_Menu_Admin/F_Qualifications/tab_qualifications' is clicked on

15-04-2024T14:36:39 - [TEST_STEP][PASSED] - click(findTestObject("F_Menu_Admin/F_Qualifications/select_memberships")): Object: 'Object Repository/F_Menu_Admin/F_Qualifications/select_memberships' is clicked on

15-04-2024T14:36:41 - [MESSAGE][PASSED] - Object: 'Object Repository/F_Menu_Admin/F_Qualifications/select_memberships' is clicked on

15-04-2024T14:36:41 - [TEST_STEP][PASSED] - verifyElementText(findTestObject("F_Menu_Admin/title_menu"), "Memberships"): Actual text and expected text of test object 'Object Repository/F_Menu_Admin/title_menu' are matched.

15-04-2024T14:36:42 - [MESSAGE][PASSED] - Actual text and expected text of test object 'Object Repository/F_Menu_Admin/title_menu' are matched.

15-04-2024T14:36:42 - [TEST_STEP][PASSED] - delay(3): Delayed 3 second(s)

15-04-2024T14:36:45 - [MESSAGE][PASSED] - Delayed 3 second(s)]]></system-out>
         <system-err><![CDATA[]]></system-err>
      </testcase>
      <system-out><![CDATA[15-04-2024T14:35:25 - [TEST_SUITE][PASSED] - TS_Qualifications_Memberships: Test Cases/Menu_Admin/Navigate_Qualification_Memberships]]></system-out>
      <system-err><![CDATA[]]></system-err>
   </testsuite>
   <testsuite name="TS_Qualifications_Licenses" tests="1" failures="0" errors="0" time="88.612" skipped="0" timestamp="15-04-2024T14:35:49" hostname="1556 - LAPTOP-PT885S91" id="Test Suites/TS_MenuAdmin/F_Qualifications/TS_Qualifications_Licenses">
      <properties>
         <property name="deviceName" value=""/>
         <property name="devicePlatform" value=""/>
         <property name="logFolder" value="C:\\Users\\1556\\git\\My-First-Web-UI-Project\\Reports\\20240415_143243\\TS_MenuAdmin\\F_Qualifications\\TS_Qualifications_Licenses\\20240415_143308"/>
         <property name="logFiles" value="C:\\Users\\1556\\git\\My-First-Web-UI-Project\\Reports\\20240415_143243\\TS_MenuAdmin\\F_Qualifications\\TS_Qualifications_Licenses\\20240415_143308\\execution0.log"/>
         <property name="attachments" value="keyes\keyes-Before Login.png, keyes\keyes-After Login.png"/>
         <property name="hostName" value="1556 - LAPTOP-PT885S91"/>
         <property name="os" value="Windows 11 64bit"/>
         <property name="katalonVersion" value="9.3.2.212"/>
         <property name="browser" value="Chrome 123.0.0.0"/>
         <property name="hostAddress" value="192.168.10.35"/>
         <property name="sessionId" value="d4e8b1203412a8e033c317ce2db7c849"/>
         <property name="seleniumVersion" value="3.141.59"/>
         <property name="proxyInformation" value="ProxyInformation { proxyOption=NO_PROXY, proxyServerType=HTTP, username=, password=********, proxyServerAddress=, proxyServerPort=0, executionList=&quot;&quot;, isApplyToDesiredCapabilities=true }"/>
         <property name="platform" value="Windows 11"/>
      </properties>
      <testcase name="Test Cases/Menu_Admin/Navigate_Qualifications_Licenses" time="88.374" classname="Test Cases/Menu_Admin/Navigate_Qualifications_Licenses" status="PASSED">
         <system-out><![CDATA[15-04-2024T14:35:50 - [TEST_CASE][PASSED] - Test Cases/Menu_Admin/Navigate_Qualifications_Licenses: Test Cases/Menu_Admin/Navigate_Qualifications_Licenses

15-04-2024T14:35:50 - [TEST_STEP][PASSED] - callTestCase(findTestCase("Login/Login_Success"), [:], STOP_ON_FAILURE): Call Test Case 'Test Cases/Login/Login_Success' successfully

15-04-2024T14:35:51 - [TEST_CASE][PASSED] - Test Cases/Login/Login_Success: Test Cases/Login/Login_Success

15-04-2024T14:35:51 - [TEST_STEP][PASSED] - openBrowser(""): Browser is opened with url: ''

15-04-2024T14:35:51 - [MESSAGE][INFO] - Starting 'Chrome' driver

15-04-2024T14:35:51 - [MESSAGE][INFO] - User set preference: ['args', '[--start-maximized]']

15-04-2024T14:35:51 - [MESSAGE][INFO] - Action delay is set to 1,000 milliseconds

15-04-2024T14:35:54 - [MESSAGE][PASSED] - Browser is opened with url: ''

15-04-2024T14:35:54 - [TEST_STEP][PASSED] - navigateToUrl(url_login): Navigate to 'https://opensource-demo.orangehrmlive.com/web/index.php/auth/login' successfully

15-04-2024T14:36:47 - [MESSAGE][PASSED] - Navigate to 'https://opensource-demo.orangehrmlive.com/web/index.php/auth/login' successfully

15-04-2024T14:36:47 - [TEST_STEP][PASSED] - delay(3): Delayed 3 second(s)

15-04-2024T14:36:50 - [MESSAGE][PASSED] - Delayed 3 second(s)

15-04-2024T14:36:50 - [TEST_STEP][PASSED] - takeScreenshotAsCheckpoint("Before Login"): Taking screenshot successfully

15-04-2024T14:36:51 - [MESSAGE][INFO] - 0 hidden object(s)

15-04-2024T14:36:51 - [MESSAGE][PASSED] - Taking screenshot successfully
[[ATTACHMENT|keyes\keyes-Before Login.png]]

15-04-2024T14:36:51 - [TEST_STEP][PASSED] - setText(findTestObject("field_username"), valid_username): Text 'Admin' is set on object 'Object Repository/field_username'

15-04-2024T14:36:54 - [MESSAGE][PASSED] - Text 'Admin' is set on object 'Object Repository/field_username'

15-04-2024T14:36:54 - [TEST_STEP][PASSED] - setText(findTestObject("field_password"), valid_password): Text 'admin123' is set on object 'Object Repository/field_password'

15-04-2024T14:36:57 - [MESSAGE][PASSED] - Text 'admin123' is set on object 'Object Repository/field_password'

15-04-2024T14:36:57 - [TEST_STEP][PASSED] - click(findTestObject("btn_login")): Object: 'Object Repository/btn_login' is clicked on

15-04-2024T14:36:58 - [MESSAGE][PASSED] - Object: 'Object Repository/btn_login' is clicked on

15-04-2024T14:36:58 - [TEST_STEP][PASSED] - delay(5): Delayed 5 second(s)

15-04-2024T14:37:03 - [MESSAGE][PASSED] - Delayed 5 second(s)

15-04-2024T14:37:03 - [TEST_STEP][PASSED] - takeScreenshotAsCheckpoint("After Login"): Taking screenshot successfully

15-04-2024T14:37:04 - [MESSAGE][INFO] - 0 hidden object(s)

15-04-2024T14:37:04 - [MESSAGE][PASSED] - Taking screenshot successfully
[[ATTACHMENT|keyes\keyes-After Login.png]]

15-04-2024T14:37:04 - [MESSAGE][PASSED] - Call Test Case 'Test Cases/Login/Login_Success' successfully

15-04-2024T14:37:04 - [TEST_STEP][PASSED] - delay(3): Delayed 3 second(s)

15-04-2024T14:37:07 - [MESSAGE][PASSED] - Delayed 3 second(s)

15-04-2024T14:37:07 - [TEST_STEP][PASSED] - click(findTestObject("F_Menu_Admin/menu_admin")): Object: 'Object Repository/F_Menu_Admin/menu_admin' is clicked on

15-04-2024T14:37:09 - [MESSAGE][PASSED] - Object: 'Object Repository/F_Menu_Admin/menu_admin' is clicked on

15-04-2024T14:37:09 - [TEST_STEP][PASSED] - click(findTestObject("F_Menu_Admin/F_Qualifications/tab_qualifications")): Object: 'Object Repository/F_Menu_Admin/F_Qualifications/tab_qualifications' is clicked on

15-04-2024T14:37:12 - [MESSAGE][PASSED] - Object: 'Object Repository/F_Menu_Admin/F_Qualifications/tab_qualifications' is clicked on

15-04-2024T14:37:12 - [TEST_STEP][PASSED] - click(findTestObject("F_Menu_Admin/F_Qualifications/select_licenses")): Object: 'Object Repository/F_Menu_Admin/F_Qualifications/select_licenses' is clicked on

15-04-2024T14:37:14 - [MESSAGE][PASSED] - Object: 'Object Repository/F_Menu_Admin/F_Qualifications/select_licenses' is clicked on

15-04-2024T14:37:14 - [TEST_STEP][PASSED] - verifyElementText(findTestObject("F_Menu_Admin/title_menu"), "Licenses"): Actual text and expected text of test object 'Object Repository/F_Menu_Admin/title_menu' are matched.

15-04-2024T14:37:15 - [MESSAGE][PASSED] - Actual text and expected text of test object 'Object Repository/F_Menu_Admin/title_menu' are matched.

15-04-2024T14:37:15 - [TEST_STEP][PASSED] - delay(3): Delayed 3 second(s)

15-04-2024T14:37:18 - [MESSAGE][PASSED] - Delayed 3 second(s)]]></system-out>
         <system-err><![CDATA[]]></system-err>
      </testcase>
      <system-out><![CDATA[15-04-2024T14:35:49 - [TEST_SUITE][PASSED] - TS_Qualifications_Licenses: Test Cases/Menu_Admin/Navigate_Qualifications_Licenses]]></system-out>
      <system-err><![CDATA[]]></system-err>
   </testsuite>
   <testsuite name="TS_Qualifications_Skills" tests="1" failures="0" errors="0" time="78.827" skipped="0" timestamp="15-04-2024T14:36:01" hostname="1556 - LAPTOP-PT885S91" id="Test Suites/TS_MenuAdmin/F_Qualifications/TS_Qualifications_Skills">
      <properties>
         <property name="deviceName" value=""/>
         <property name="devicePlatform" value=""/>
         <property name="logFolder" value="C:\\Users\\1556\\git\\My-First-Web-UI-Project\\Reports\\20240415_143243\\TS_MenuAdmin\\F_Qualifications\\TS_Qualifications_Skills\\20240415_143310"/>
         <property name="logFiles" value="C:\\Users\\1556\\git\\My-First-Web-UI-Project\\Reports\\20240415_143243\\TS_MenuAdmin\\F_Qualifications\\TS_Qualifications_Skills\\20240415_143310\\execution0.log"/>
         <property name="attachments" value="keyes\keyes-Before Login.png, keyes\keyes-After Login.png"/>
         <property name="hostName" value="1556 - LAPTOP-PT885S91"/>
         <property name="os" value="Windows 11 64bit"/>
         <property name="katalonVersion" value="9.3.2.212"/>
         <property name="browser" value="Chrome 123.0.0.0"/>
         <property name="hostAddress" value="192.168.10.35"/>
         <property name="sessionId" value="3e4350c35407a82a807b7a24d6ebca05"/>
         <property name="seleniumVersion" value="3.141.59"/>
         <property name="proxyInformation" value="ProxyInformation { proxyOption=NO_PROXY, proxyServerType=HTTP, username=, password=********, proxyServerAddress=, proxyServerPort=0, executionList=&quot;&quot;, isApplyToDesiredCapabilities=true }"/>
         <property name="platform" value="Windows 11"/>
      </properties>
      <testcase name="Test Cases/Menu_Admin/Navigate_Qualifications_Skills" time="78.399" classname="Test Cases/Menu_Admin/Navigate_Qualifications_Skills" status="PASSED">
         <system-out><![CDATA[15-04-2024T14:36:01 - [TEST_CASE][PASSED] - Test Cases/Menu_Admin/Navigate_Qualifications_Skills: Test Cases/Menu_Admin/Navigate_Qualifications_Skills

15-04-2024T14:36:02 - [TEST_STEP][PASSED] - callTestCase(findTestCase("Login/Login_Success"), [:], STOP_ON_FAILURE): Call Test Case 'Test Cases/Login/Login_Success' successfully

15-04-2024T14:36:02 - [TEST_CASE][PASSED] - Test Cases/Login/Login_Success: Test Cases/Login/Login_Success

15-04-2024T14:36:03 - [TEST_STEP][PASSED] - openBrowser(""): Browser is opened with url: ''

15-04-2024T14:36:03 - [MESSAGE][INFO] - Starting 'Chrome' driver

15-04-2024T14:36:03 - [MESSAGE][INFO] - User set preference: ['args', '[--start-maximized]']

15-04-2024T14:36:03 - [MESSAGE][INFO] - Action delay is set to 1,000 milliseconds

15-04-2024T14:36:08 - [MESSAGE][PASSED] - Browser is opened with url: ''

15-04-2024T14:36:08 - [TEST_STEP][PASSED] - navigateToUrl(url_login): Navigate to 'https://opensource-demo.orangehrmlive.com/web/index.php/auth/login' successfully

15-04-2024T14:36:11 - [MESSAGE][PASSED] - Navigate to 'https://opensource-demo.orangehrmlive.com/web/index.php/auth/login' successfully

15-04-2024T14:36:11 - [TEST_STEP][PASSED] - delay(3): Delayed 3 second(s)

15-04-2024T14:36:14 - [MESSAGE][PASSED] - Delayed 3 second(s)

15-04-2024T14:36:14 - [TEST_STEP][PASSED] - takeScreenshotAsCheckpoint("Before Login"): Taking screenshot successfully

15-04-2024T14:36:53 - [MESSAGE][INFO] - 0 hidden object(s)

15-04-2024T14:36:53 - [MESSAGE][PASSED] - Taking screenshot successfully
[[ATTACHMENT|keyes\keyes-Before Login.png]]

15-04-2024T14:36:53 - [TEST_STEP][PASSED] - setText(findTestObject("field_username"), valid_username): Text 'Admin' is set on object 'Object Repository/field_username'

15-04-2024T14:36:56 - [MESSAGE][PASSED] - Text 'Admin' is set on object 'Object Repository/field_username'

15-04-2024T14:36:56 - [TEST_STEP][PASSED] - setText(findTestObject("field_password"), valid_password): Text 'admin123' is set on object 'Object Repository/field_password'

15-04-2024T14:36:59 - [MESSAGE][PASSED] - Text 'admin123' is set on object 'Object Repository/field_password'

15-04-2024T14:36:59 - [TEST_STEP][PASSED] - click(findTestObject("btn_login")): Object: 'Object Repository/btn_login' is clicked on

15-04-2024T14:37:00 - [MESSAGE][PASSED] - Object: 'Object Repository/btn_login' is clicked on

15-04-2024T14:37:00 - [TEST_STEP][PASSED] - delay(5): Delayed 5 second(s)

15-04-2024T14:37:05 - [MESSAGE][PASSED] - Delayed 5 second(s)

15-04-2024T14:37:05 - [TEST_STEP][PASSED] - takeScreenshotAsCheckpoint("After Login"): Taking screenshot successfully

15-04-2024T14:37:05 - [MESSAGE][INFO] - 0 hidden object(s)

15-04-2024T14:37:06 - [MESSAGE][PASSED] - Taking screenshot successfully
[[ATTACHMENT|keyes\keyes-After Login.png]]

15-04-2024T14:37:06 - [MESSAGE][PASSED] - Call Test Case 'Test Cases/Login/Login_Success' successfully

15-04-2024T14:37:06 - [TEST_STEP][PASSED] - delay(3): Delayed 3 second(s)

15-04-2024T14:37:09 - [MESSAGE][PASSED] - Delayed 3 second(s)

15-04-2024T14:37:09 - [TEST_STEP][PASSED] - click(findTestObject("F_Menu_Admin/menu_admin")): Object: 'Object Repository/F_Menu_Admin/menu_admin' is clicked on

15-04-2024T14:37:11 - [MESSAGE][PASSED] - Object: 'Object Repository/F_Menu_Admin/menu_admin' is clicked on

15-04-2024T14:37:11 - [TEST_STEP][PASSED] - click(findTestObject("F_Menu_Admin/F_Qualifications/tab_qualifications")): Object: 'Object Repository/F_Menu_Admin/F_Qualifications/tab_qualifications' is clicked on

15-04-2024T14:37:13 - [MESSAGE][PASSED] - Object: 'Object Repository/F_Menu_Admin/F_Qualifications/tab_qualifications' is clicked on

15-04-2024T14:37:13 - [TEST_STEP][PASSED] - click(findTestObject("F_Menu_Admin/F_Qualifications/select_skills")): Object: 'Object Repository/F_Menu_Admin/F_Qualifications/select_skills' is clicked on

15-04-2024T14:37:15 - [MESSAGE][PASSED] - Object: 'Object Repository/F_Menu_Admin/F_Qualifications/select_skills' is clicked on

15-04-2024T14:37:15 - [TEST_STEP][PASSED] - verifyElementText(findTestObject("F_Menu_Admin/title_menu"), "Skills"): Actual text and expected text of test object 'Object Repository/F_Menu_Admin/title_menu' are matched.

15-04-2024T14:37:16 - [MESSAGE][PASSED] - Actual text and expected text of test object 'Object Repository/F_Menu_Admin/title_menu' are matched.

15-04-2024T14:37:16 - [TEST_STEP][PASSED] - delay(3): Delayed 3 second(s)

15-04-2024T14:37:19 - [MESSAGE][PASSED] - Delayed 3 second(s)]]></system-out>
         <system-err><![CDATA[]]></system-err>
      </testcase>
      <system-out><![CDATA[15-04-2024T14:36:01 - [TEST_SUITE][PASSED] - TS_Qualifications_Skills: Test Cases/Menu_Admin/Navigate_Qualifications_Skills]]></system-out>
      <system-err><![CDATA[]]></system-err>
   </testsuite>
   <testsuite name="TS_CorporateBranding" tests="1" failures="0" errors="0" time="83.444" skipped="0" timestamp="15-04-2024T14:36:07" hostname="1556 - LAPTOP-PT885S91" id="Test Suites/TS_MenuAdmin/F_CorporateBranding/TS_CorporateBranding">
      <properties>
         <property name="deviceName" value=""/>
         <property name="devicePlatform" value=""/>
         <property name="logFolder" value="C:\\Users\\1556\\git\\My-First-Web-UI-Project\\Reports\\20240415_143243\\TS_MenuAdmin\\F_CorporateBranding\\TS_CorporateBranding\\20240415_143312"/>
         <property name="logFiles" value="C:\\Users\\1556\\git\\My-First-Web-UI-Project\\Reports\\20240415_143243\\TS_MenuAdmin\\F_CorporateBranding\\TS_CorporateBranding\\20240415_143312\\execution0.log"/>
         <property name="attachments" value="keyes\keyes-Before Login.png, keyes\keyes-After Login.png"/>
         <property name="hostName" value="1556 - LAPTOP-PT885S91"/>
         <property name="os" value="Windows 11 64bit"/>
         <property name="katalonVersion" value="9.3.2.212"/>
         <property name="browser" value="Chrome 123.0.0.0"/>
         <property name="hostAddress" value="192.168.10.35"/>
         <property name="sessionId" value="0c7280e543ad7c6ca76f489a5eaeb173"/>
         <property name="seleniumVersion" value="3.141.59"/>
         <property name="proxyInformation" value="ProxyInformation { proxyOption=NO_PROXY, proxyServerType=HTTP, username=, password=********, proxyServerAddress=, proxyServerPort=0, executionList=&quot;&quot;, isApplyToDesiredCapabilities=true }"/>
         <property name="platform" value="Windows 11"/>
      </properties>
      <testcase name="Test Cases/Menu_Admin/Navigate_CorporateBranding" time="82.728" classname="Test Cases/Menu_Admin/Navigate_CorporateBranding" status="PASSED">
         <system-out><![CDATA[15-04-2024T14:36:08 - [TEST_CASE][PASSED] - Test Cases/Menu_Admin/Navigate_CorporateBranding: Test Cases/Menu_Admin/Navigate_CorporateBranding

15-04-2024T14:36:09 - [TEST_STEP][PASSED] - callTestCase(findTestCase("Login/Login_Success"), [:], STOP_ON_FAILURE): Call Test Case 'Test Cases/Login/Login_Success' successfully

15-04-2024T14:36:10 - [TEST_CASE][PASSED] - Test Cases/Login/Login_Success: Test Cases/Login/Login_Success

15-04-2024T14:36:10 - [TEST_STEP][PASSED] - openBrowser(""): Browser is opened with url: ''

15-04-2024T14:36:11 - [MESSAGE][INFO] - Starting 'Chrome' driver

15-04-2024T14:36:11 - [MESSAGE][INFO] - User set preference: ['args', '[--start-maximized]']

15-04-2024T14:36:11 - [MESSAGE][INFO] - Action delay is set to 1,000 milliseconds

15-04-2024T14:36:15 - [MESSAGE][PASSED] - Browser is opened with url: ''

15-04-2024T14:36:15 - [TEST_STEP][PASSED] - navigateToUrl(url_login): Navigate to 'https://opensource-demo.orangehrmlive.com/web/index.php/auth/login' successfully

15-04-2024T14:37:01 - [MESSAGE][PASSED] - Navigate to 'https://opensource-demo.orangehrmlive.com/web/index.php/auth/login' successfully

15-04-2024T14:37:01 - [TEST_STEP][PASSED] - delay(3): Delayed 3 second(s)

15-04-2024T14:37:04 - [MESSAGE][PASSED] - Delayed 3 second(s)

15-04-2024T14:37:04 - [TEST_STEP][PASSED] - takeScreenshotAsCheckpoint("Before Login"): Taking screenshot successfully

15-04-2024T14:37:05 - [MESSAGE][INFO] - 0 hidden object(s)

15-04-2024T14:37:05 - [MESSAGE][PASSED] - Taking screenshot successfully
[[ATTACHMENT|keyes\keyes-Before Login.png]]

15-04-2024T14:37:05 - [TEST_STEP][PASSED] - setText(findTestObject("field_username"), valid_username): Text 'Admin' is set on object 'Object Repository/field_username'

15-04-2024T14:37:08 - [MESSAGE][PASSED] - Text 'Admin' is set on object 'Object Repository/field_username'

15-04-2024T14:37:08 - [TEST_STEP][PASSED] - setText(findTestObject("field_password"), valid_password): Text 'admin123' is set on object 'Object Repository/field_password'

15-04-2024T14:37:11 - [MESSAGE][PASSED] - Text 'admin123' is set on object 'Object Repository/field_password'

15-04-2024T14:37:11 - [TEST_STEP][PASSED] - click(findTestObject("btn_login")): Object: 'Object Repository/btn_login' is clicked on

15-04-2024T14:37:12 - [MESSAGE][PASSED] - Object: 'Object Repository/btn_login' is clicked on

15-04-2024T14:37:12 - [TEST_STEP][PASSED] - delay(5): Delayed 5 second(s)

15-04-2024T14:37:17 - [MESSAGE][PASSED] - Delayed 5 second(s)

15-04-2024T14:37:17 - [TEST_STEP][PASSED] - takeScreenshotAsCheckpoint("After Login"): Taking screenshot successfully

15-04-2024T14:37:18 - [MESSAGE][INFO] - 0 hidden object(s)

15-04-2024T14:37:18 - [MESSAGE][PASSED] - Taking screenshot successfully
[[ATTACHMENT|keyes\keyes-After Login.png]]

15-04-2024T14:37:18 - [MESSAGE][PASSED] - Call Test Case 'Test Cases/Login/Login_Success' successfully

15-04-2024T14:37:18 - [TEST_STEP][PASSED] - delay(3): Delayed 3 second(s)

15-04-2024T14:37:21 - [MESSAGE][PASSED] - Delayed 3 second(s)

15-04-2024T14:37:21 - [TEST_STEP][PASSED] - click(findTestObject("F_Menu_Admin/menu_admin")): Object: 'Object Repository/F_Menu_Admin/menu_admin' is clicked on

15-04-2024T14:37:23 - [MESSAGE][PASSED] - Object: 'Object Repository/F_Menu_Admin/menu_admin' is clicked on

15-04-2024T14:37:23 - [TEST_STEP][PASSED] - click(findTestObject("F_Menu_Admin/F_CorporateBranding/tab_corporateBranding")): Object: 'Object Repository/F_Menu_Admin/F_CorporateBranding/tab_corporateBranding' is clicked on

15-04-2024T14:37:26 - [MESSAGE][PASSED] - Object: 'Object Repository/F_Menu_Admin/F_CorporateBranding/tab_corporateBranding' is clicked on

15-04-2024T14:37:26 - [TEST_STEP][PASSED] - verifyElementText(findTestObject("F_Menu_Admin/title_menu"), "Corporate Branding"): Actual text and expected text of test object 'Object Repository/F_Menu_Admin/title_menu' are matched.

15-04-2024T14:37:27 - [MESSAGE][PASSED] - Actual text and expected text of test object 'Object Repository/F_Menu_Admin/title_menu' are matched.

15-04-2024T14:37:27 - [TEST_STEP][PASSED] - delay(3): Delayed 3 second(s)

15-04-2024T14:37:30 - [MESSAGE][PASSED] - Delayed 3 second(s)]]></system-out>
         <system-err><![CDATA[]]></system-err>
      </testcase>
      <system-out><![CDATA[15-04-2024T14:36:07 - [TEST_SUITE][PASSED] - TS_CorporateBranding: Test Cases/Menu_Admin/Navigate_CorporateBranding]]></system-out>
      <system-err><![CDATA[]]></system-err>
   </testsuite>
   <testsuite name="TS_Nationalities" tests="1" failures="0" errors="0" time="78.46" skipped="0" timestamp="15-04-2024T14:36:13" hostname="1556 - LAPTOP-PT885S91" id="Test Suites/TS_MenuAdmin/F_Nationalities/TS_Nationalities">
      <properties>
         <property name="deviceName" value=""/>
         <property name="devicePlatform" value=""/>
         <property name="logFolder" value="C:\\Users\\1556\\git\\My-First-Web-UI-Project\\Reports\\20240415_143243\\TS_MenuAdmin\\F_Nationalities\\TS_Nationalities\\20240415_143314"/>
         <property name="logFiles" value="C:\\Users\\1556\\git\\My-First-Web-UI-Project\\Reports\\20240415_143243\\TS_MenuAdmin\\F_Nationalities\\TS_Nationalities\\20240415_143314\\execution0.log"/>
         <property name="attachments" value="keyes\keyes-Before Login.png, keyes\keyes-After Login.png"/>
         <property name="hostName" value="1556 - LAPTOP-PT885S91"/>
         <property name="os" value="Windows 11 64bit"/>
         <property name="katalonVersion" value="9.3.2.212"/>
         <property name="browser" value="Chrome 123.0.0.0"/>
         <property name="hostAddress" value="192.168.10.35"/>
         <property name="sessionId" value="b92330f0ab98f8e4320e409010abe815"/>
         <property name="seleniumVersion" value="3.141.59"/>
         <property name="proxyInformation" value="ProxyInformation { proxyOption=NO_PROXY, proxyServerType=HTTP, username=, password=********, proxyServerAddress=, proxyServerPort=0, executionList=&quot;&quot;, isApplyToDesiredCapabilities=true }"/>
         <property name="platform" value="Windows 11"/>
      </properties>
      <testcase name="Test Cases/Menu_Admin/Navigate_Nationalities" time="78.076" classname="Test Cases/Menu_Admin/Navigate_Nationalities" status="PASSED">
         <system-out><![CDATA[15-04-2024T14:36:13 - [TEST_CASE][PASSED] - Test Cases/Menu_Admin/Navigate_Nationalities: Test Cases/Menu_Admin/Navigate_Nationalities

15-04-2024T14:36:14 - [TEST_STEP][PASSED] - callTestCase(findTestCase("Login/Login_Success"), [:], STOP_ON_FAILURE): Call Test Case 'Test Cases/Login/Login_Success' successfully

15-04-2024T14:36:14 - [TEST_CASE][PASSED] - Test Cases/Login/Login_Success: Test Cases/Login/Login_Success

15-04-2024T14:36:15 - [TEST_STEP][PASSED] - openBrowser(""): Browser is opened with url: ''

15-04-2024T14:36:16 - [MESSAGE][INFO] - Starting 'Chrome' driver

15-04-2024T14:36:16 - [MESSAGE][INFO] - User set preference: ['args', '[--start-maximized]']

15-04-2024T14:36:16 - [MESSAGE][INFO] - Action delay is set to 1,000 milliseconds

15-04-2024T14:36:20 - [MESSAGE][PASSED] - Browser is opened with url: ''

15-04-2024T14:36:20 - [TEST_STEP][PASSED] - navigateToUrl(url_login): Navigate to 'https://opensource-demo.orangehrmlive.com/web/index.php/auth/login' successfully

15-04-2024T14:37:02 - [MESSAGE][PASSED] - Navigate to 'https://opensource-demo.orangehrmlive.com/web/index.php/auth/login' successfully

15-04-2024T14:37:02 - [TEST_STEP][PASSED] - delay(3): Delayed 3 second(s)

15-04-2024T14:37:05 - [MESSAGE][PASSED] - Delayed 3 second(s)

15-04-2024T14:37:05 - [TEST_STEP][PASSED] - takeScreenshotAsCheckpoint("Before Login"): Taking screenshot successfully

15-04-2024T14:37:06 - [MESSAGE][INFO] - 0 hidden object(s)

15-04-2024T14:37:06 - [MESSAGE][PASSED] - Taking screenshot successfully
[[ATTACHMENT|keyes\keyes-Before Login.png]]

15-04-2024T14:37:06 - [TEST_STEP][PASSED] - setText(findTestObject("field_username"), valid_username): Text 'Admin' is set on object 'Object Repository/field_username'

15-04-2024T14:37:09 - [MESSAGE][PASSED] - Text 'Admin' is set on object 'Object Repository/field_username'

15-04-2024T14:37:09 - [TEST_STEP][PASSED] - setText(findTestObject("field_password"), valid_password): Text 'admin123' is set on object 'Object Repository/field_password'

15-04-2024T14:37:11 - [MESSAGE][PASSED] - Text 'admin123' is set on object 'Object Repository/field_password'

15-04-2024T14:37:11 - [TEST_STEP][PASSED] - click(findTestObject("btn_login")): Object: 'Object Repository/btn_login' is clicked on

15-04-2024T14:37:13 - [MESSAGE][PASSED] - Object: 'Object Repository/btn_login' is clicked on

15-04-2024T14:37:13 - [TEST_STEP][PASSED] - delay(5): Delayed 5 second(s)

15-04-2024T14:37:18 - [MESSAGE][PASSED] - Delayed 5 second(s)

15-04-2024T14:37:18 - [TEST_STEP][PASSED] - takeScreenshotAsCheckpoint("After Login"): Taking screenshot successfully

15-04-2024T14:37:18 - [MESSAGE][INFO] - 0 hidden object(s)

15-04-2024T14:37:18 - [MESSAGE][PASSED] - Taking screenshot successfully
[[ATTACHMENT|keyes\keyes-After Login.png]]

15-04-2024T14:37:19 - [MESSAGE][PASSED] - Call Test Case 'Test Cases/Login/Login_Success' successfully

15-04-2024T14:37:19 - [TEST_STEP][PASSED] - delay(3): Delayed 3 second(s)

15-04-2024T14:37:22 - [MESSAGE][PASSED] - Delayed 3 second(s)

15-04-2024T14:37:22 - [TEST_STEP][PASSED] - click(findTestObject("F_Menu_Admin/menu_admin")): Object: 'Object Repository/F_Menu_Admin/menu_admin' is clicked on

15-04-2024T14:37:24 - [MESSAGE][PASSED] - Object: 'Object Repository/F_Menu_Admin/menu_admin' is clicked on

15-04-2024T14:37:24 - [TEST_STEP][PASSED] - click(findTestObject("F_Menu_Admin/F_Nationalities/tab_nationalities")): Object: 'Object Repository/F_Menu_Admin/F_Nationalities/tab_nationalities' is clicked on

15-04-2024T14:37:27 - [MESSAGE][PASSED] - Object: 'Object Repository/F_Menu_Admin/F_Nationalities/tab_nationalities' is clicked on

15-04-2024T14:37:27 - [TEST_STEP][PASSED] - verifyElementText(findTestObject("F_Menu_Admin/title_menu"), "Nationalities"): Actual text and expected text of test object 'Object Repository/F_Menu_Admin/title_menu' are matched.

15-04-2024T14:37:28 - [MESSAGE][PASSED] - Actual text and expected text of test object 'Object Repository/F_Menu_Admin/title_menu' are matched.

15-04-2024T14:37:28 - [TEST_STEP][PASSED] - delay(3): Delayed 3 second(s)

15-04-2024T14:37:31 - [MESSAGE][PASSED] - Delayed 3 second(s)]]></system-out>
         <system-err><![CDATA[]]></system-err>
      </testcase>
      <system-out><![CDATA[15-04-2024T14:36:13 - [TEST_SUITE][PASSED] - TS_Nationalities: Test Cases/Menu_Admin/Navigate_Nationalities]]></system-out>
      <system-err><![CDATA[]]></system-err>
   </testsuite>
</testsuites>
