<?xml version="1.0" encoding="UTF-8"?>
<testsuites name="TS_LoginLogout" time="205.418" tests="5" failures="0" errors="0">
   <testsuite name="TS_LoginLogout" tests="5" failures="0" errors="0" time="205.418" skipped="0" timestamp="13-04-2024T18:51:04" hostname="1556 - LAPTOP-PT885S91" id="Test Suites/TS_LoginLogout">
      <properties>
         <property name="deviceName" value=""/>
         <property name="devicePlatform" value=""/>
         <property name="logFolder" value="C:\\Users\\1556\\Katalon Studio\\My First Web UI Project\\Reports\\20240413_185054\\TS_LoginLogout\\20240413_185054"/>
         <property name="logFiles" value="C:\\Users\\1556\\Katalon Studio\\My First Web UI Project\\Reports\\20240413_185054\\TS_LoginLogout\\20240413_185054\\execution0.log"/>
         <property name="attachments" value="keyes\keyes-Before Login.png, keyes\keyes-After Login.png, keyes\keyes-Before Login Failed.png, keyes\keyes-After Login Failed.png, keyes\keyes-Before Login.png, keyes\keyes-After Login.png, keyes\keyes-Before Login Failed.png, keyes\keyes-After Login Failed.png, keyes\keyes-Before Login.png, keyes\keyes-After Login.png"/>
         <property name="hostName" value="1556 - LAPTOP-PT885S91"/>
         <property name="os" value="Windows 11 64bit"/>
         <property name="katalonVersion" value="9.3.2.212"/>
         <property name="browser" value="Chrome 123.0.0.0"/>
         <property name="hostAddress" value="192.168.100.139"/>
         <property name="sessionId" value="504091a98686a374c953b5e979efb8e6"/>
         <property name="seleniumVersion" value="3.141.59"/>
         <property name="proxyInformation" value="ProxyInformation { proxyOption=NO_PROXY, proxyServerType=HTTP, username=, password=********, proxyServerAddress=, proxyServerPort=0, executionList=&quot;&quot;, isApplyToDesiredCapabilities=true }"/>
         <property name="platform" value="Windows 11"/>
      </properties>
      <testcase name="Test Cases/Login/Login_Success" time="43.737" classname="Test Cases/Login/Login_Success" status="PASSED">
         <system-out><![CDATA[13-04-2024T18:51:05 - [TEST_CASE][PASSED] - Test Cases/Login/Login_Success: Test Cases/Login/Login_Success

13-04-2024T18:51:05 - [TEST_STEP][PASSED] - openBrowser(""): Browser is opened with url: ''

13-04-2024T18:51:06 - [MESSAGE][INFO] - Starting 'Chrome' driver

13-04-2024T18:51:06 - [MESSAGE][INFO] - User set preference: ['args', '[--start-maximized]']

13-04-2024T18:51:06 - [MESSAGE][INFO] - Action delay is set to 1,000 milliseconds

13-04-2024T18:51:08 - [MESSAGE][PASSED] - Browser is opened with url: ''

13-04-2024T18:51:08 - [TEST_STEP][PASSED] - navigateToUrl(url_login): Navigate to 'https://opensource-demo.orangehrmlive.com/web/index.php/auth/login' successfully

13-04-2024T18:51:31 - [MESSAGE][PASSED] - Navigate to 'https://opensource-demo.orangehrmlive.com/web/index.php/auth/login' successfully

13-04-2024T18:51:31 - [TEST_STEP][PASSED] - delay(3): Delayed 3 second(s)

13-04-2024T18:51:34 - [MESSAGE][PASSED] - Delayed 3 second(s)

13-04-2024T18:51:34 - [TEST_STEP][PASSED] - takeScreenshotAsCheckpoint("Before Login"): Taking screenshot successfully

13-04-2024T18:51:35 - [MESSAGE][INFO] - 0 hidden object(s)

13-04-2024T18:51:35 - [MESSAGE][PASSED] - Taking screenshot successfully
[[ATTACHMENT|keyes\keyes-Before Login.png]]

13-04-2024T18:51:35 - [TEST_STEP][PASSED] - setText(findTestObject("field_username"), valid_username): Text 'Admin' is set on object 'Object Repository/field_username'

13-04-2024T18:51:38 - [MESSAGE][PASSED] - Text 'Admin' is set on object 'Object Repository/field_username'

13-04-2024T18:51:38 - [TEST_STEP][PASSED] - setText(findTestObject("field_password"), valid_password): Text 'admin123' is set on object 'Object Repository/field_password'

13-04-2024T18:51:41 - [MESSAGE][PASSED] - Text 'admin123' is set on object 'Object Repository/field_password'

13-04-2024T18:51:41 - [TEST_STEP][PASSED] - click(findTestObject("btn_login")): Object: 'Object Repository/btn_login' is clicked on

13-04-2024T18:51:42 - [MESSAGE][PASSED] - Object: 'Object Repository/btn_login' is clicked on

13-04-2024T18:51:42 - [TEST_STEP][PASSED] - delay(5): Delayed 5 second(s)

13-04-2024T18:51:47 - [MESSAGE][PASSED] - Delayed 5 second(s)

13-04-2024T18:51:47 - [TEST_STEP][PASSED] - takeScreenshotAsCheckpoint("After Login"): Taking screenshot successfully

13-04-2024T18:51:48 - [MESSAGE][INFO] - 0 hidden object(s)

13-04-2024T18:51:48 - [MESSAGE][PASSED] - Taking screenshot successfully
[[ATTACHMENT|keyes\keyes-After Login.png]]]]></system-out>
         <system-err><![CDATA[]]></system-err>
      </testcase>
      <testcase name="Test Cases/Login/Login_Failed" time="32.787" classname="Test Cases/Login/Login_Failed" status="PASSED">
         <system-out><![CDATA[13-04-2024T18:51:48 - [TEST_CASE][PASSED] - Test Cases/Login/Login_Failed: Test Cases/Login/Login_Failed

13-04-2024T18:51:49 - [TEST_STEP][PASSED] - openBrowser(""): Browser is opened with url: ''

13-04-2024T18:51:49 - [MESSAGE][WARNING] - A browser is already opened. Closing browser and opening a new one

13-04-2024T18:51:49 - [MESSAGE][INFO] - Starting 'Chrome' driver

13-04-2024T18:51:49 - [MESSAGE][INFO] - User set preference: ['args', '[--start-maximized]']

13-04-2024T18:51:49 - [MESSAGE][INFO] - Action delay is set to 1,000 milliseconds

13-04-2024T18:51:50 - [MESSAGE][PASSED] - Browser is opened with url: ''

13-04-2024T18:51:50 - [TEST_STEP][PASSED] - navigateToUrl(url_login): Navigate to 'https://opensource-demo.orangehrmlive.com/web/index.php/auth/login' successfully

13-04-2024T18:52:08 - [MESSAGE][PASSED] - Navigate to 'https://opensource-demo.orangehrmlive.com/web/index.php/auth/login' successfully

13-04-2024T18:52:08 - [TEST_STEP][PASSED] - delay(0): Delayed 0 second(s)

13-04-2024T18:52:08 - [MESSAGE][PASSED] - Delayed 0 second(s)

13-04-2024T18:52:08 - [TEST_STEP][PASSED] - takeScreenshotAsCheckpoint("Before Login Failed", []): Taking screenshot successfully

13-04-2024T18:52:10 - [MESSAGE][INFO] - 0 hidden object(s)

13-04-2024T18:52:10 - [MESSAGE][PASSED] - Taking screenshot successfully
[[ATTACHMENT|keyes\keyes-Before Login Failed.png]]

13-04-2024T18:52:10 - [TEST_STEP][PASSED] - setText(findTestObject("field_username"), invalid_username): Text 'admin' is set on object 'Object Repository/field_username'

13-04-2024T18:52:13 - [MESSAGE][PASSED] - Text 'admin' is set on object 'Object Repository/field_username'

13-04-2024T18:52:13 - [TEST_STEP][PASSED] - setText(findTestObject("field_password"), invalid_password): Text 'Admin123' is set on object 'Object Repository/field_password'

13-04-2024T18:52:16 - [MESSAGE][PASSED] - Text 'Admin123' is set on object 'Object Repository/field_password'

13-04-2024T18:52:16 - [TEST_STEP][PASSED] - click(findTestObject("btn_login")): Object: 'Object Repository/btn_login' is clicked on

13-04-2024T18:52:17 - [MESSAGE][PASSED] - Object: 'Object Repository/btn_login' is clicked on

13-04-2024T18:52:17 - [TEST_STEP][PASSED] - delay(3): Delayed 3 second(s)

13-04-2024T18:52:20 - [MESSAGE][PASSED] - Delayed 3 second(s)

13-04-2024T18:52:20 - [TEST_STEP][PASSED] - verifyElementPresent(findTestObject("verify_loginFailed"), 2): Object 'Object Repository/verify_loginFailed' is present

13-04-2024T18:52:20 - [MESSAGE][PASSED] - Object 'Object Repository/verify_loginFailed' is present

13-04-2024T18:52:20 - [TEST_STEP][PASSED] - takeScreenshotAsCheckpoint("After Login Failed", []): Taking screenshot successfully

13-04-2024T18:52:21 - [MESSAGE][INFO] - 0 hidden object(s)

13-04-2024T18:52:21 - [MESSAGE][PASSED] - Taking screenshot successfully
[[ATTACHMENT|keyes\keyes-After Login Failed.png]]]]></system-out>
         <system-err><![CDATA[]]></system-err>
      </testcase>
      <testcase name="Test Cases/Login/Logout_Success" time="47.419" classname="Test Cases/Login/Logout_Success" status="PASSED">
         <system-out><![CDATA[13-04-2024T18:52:21 - [TEST_CASE][PASSED] - Test Cases/Login/Logout_Success: Test Cases/Login/Logout_Success

13-04-2024T18:52:21 - [TEST_STEP][PASSED] - callTestCase(findTestCase("Login/Login_Success"), [:], STOP_ON_FAILURE): Call Test Case 'Test Cases/Login/Login_Success' successfully

13-04-2024T18:52:21 - [TEST_CASE][PASSED] - Test Cases/Login/Login_Success: Test Cases/Login/Login_Success

13-04-2024T18:52:21 - [TEST_STEP][PASSED] - openBrowser(""): Browser is opened with url: ''

13-04-2024T18:52:21 - [MESSAGE][WARNING] - A browser is already opened. Closing browser and opening a new one

13-04-2024T18:52:22 - [MESSAGE][INFO] - Starting 'Chrome' driver

13-04-2024T18:52:22 - [MESSAGE][INFO] - User set preference: ['args', '[--start-maximized]']

13-04-2024T18:52:22 - [MESSAGE][INFO] - Action delay is set to 1,000 milliseconds

13-04-2024T18:52:23 - [MESSAGE][PASSED] - Browser is opened with url: ''

13-04-2024T18:52:23 - [TEST_STEP][PASSED] - navigateToUrl(url_login): Navigate to 'https://opensource-demo.orangehrmlive.com/web/index.php/auth/login' successfully

13-04-2024T18:52:42 - [MESSAGE][PASSED] - Navigate to 'https://opensource-demo.orangehrmlive.com/web/index.php/auth/login' successfully

13-04-2024T18:52:42 - [TEST_STEP][PASSED] - delay(3): Delayed 3 second(s)

13-04-2024T18:52:45 - [MESSAGE][PASSED] - Delayed 3 second(s)

13-04-2024T18:52:45 - [TEST_STEP][PASSED] - takeScreenshotAsCheckpoint("Before Login"): Taking screenshot successfully

13-04-2024T18:52:46 - [MESSAGE][INFO] - 0 hidden object(s)

13-04-2024T18:52:46 - [MESSAGE][PASSED] - Taking screenshot successfully
[[ATTACHMENT|keyes\keyes-Before Login.png]]

13-04-2024T18:52:46 - [TEST_STEP][PASSED] - setText(findTestObject("field_username"), valid_username): Text 'Admin' is set on object 'Object Repository/field_username'

13-04-2024T18:52:48 - [MESSAGE][PASSED] - Text 'Admin' is set on object 'Object Repository/field_username'

13-04-2024T18:52:48 - [TEST_STEP][PASSED] - setText(findTestObject("field_password"), valid_password): Text 'admin123' is set on object 'Object Repository/field_password'

13-04-2024T18:52:51 - [MESSAGE][PASSED] - Text 'admin123' is set on object 'Object Repository/field_password'

13-04-2024T18:52:51 - [TEST_STEP][PASSED] - click(findTestObject("btn_login")): Object: 'Object Repository/btn_login' is clicked on

13-04-2024T18:52:53 - [MESSAGE][PASSED] - Object: 'Object Repository/btn_login' is clicked on

13-04-2024T18:52:53 - [TEST_STEP][PASSED] - delay(5): Delayed 5 second(s)

13-04-2024T18:52:58 - [MESSAGE][PASSED] - Delayed 5 second(s)

13-04-2024T18:52:58 - [TEST_STEP][PASSED] - takeScreenshotAsCheckpoint("After Login"): Taking screenshot successfully

13-04-2024T18:52:58 - [MESSAGE][INFO] - 0 hidden object(s)

13-04-2024T18:52:58 - [MESSAGE][PASSED] - Taking screenshot successfully
[[ATTACHMENT|keyes\keyes-After Login.png]]

13-04-2024T18:52:59 - [MESSAGE][PASSED] - Call Test Case 'Test Cases/Login/Login_Success' successfully

13-04-2024T18:52:59 - [TEST_STEP][PASSED] - delay(3): Delayed 3 second(s)

13-04-2024T18:53:02 - [MESSAGE][PASSED] - Delayed 3 second(s)

13-04-2024T18:53:02 - [TEST_STEP][PASSED] - click(findTestObject("dropdow_logout")): Object: 'Object Repository/dropdow_logout' is clicked on

13-04-2024T18:53:03 - [MESSAGE][PASSED] - Object: 'Object Repository/dropdow_logout' is clicked on

13-04-2024T18:53:03 - [TEST_STEP][PASSED] - click(findTestObject("btn_logout")): Object: 'Object Repository/btn_logout' is clicked on

13-04-2024T18:53:06 - [MESSAGE][PASSED] - Object: 'Object Repository/btn_logout' is clicked on

13-04-2024T18:53:06 - [TEST_STEP][PASSED] - delay(3): Delayed 3 second(s)

13-04-2024T18:53:09 - [MESSAGE][PASSED] - Delayed 3 second(s)]]></system-out>
         <system-err><![CDATA[]]></system-err>
      </testcase>
      <testcase name="Test Cases/SearchMenuBySearchBox_Failed" time="35.097" classname="Test Cases/SearchMenuBySearchBox_Failed" status="PASSED">
         <system-out><![CDATA[13-04-2024T18:53:09 - [TEST_CASE][PASSED] - Test Cases/SearchMenuBySearchBox_Failed: Test Cases/SearchMenuBySearchBox_Failed

13-04-2024T18:53:09 - [TEST_STEP][PASSED] - callTestCase(findTestCase("Login/Login_Failed"), [:], STOP_ON_FAILURE): Call Test Case 'Test Cases/Login/Login_Failed' successfully

13-04-2024T18:53:09 - [TEST_CASE][PASSED] - Test Cases/Login/Login_Failed: Test Cases/Login/Login_Failed

13-04-2024T18:53:09 - [TEST_STEP][PASSED] - openBrowser(""): Browser is opened with url: ''

13-04-2024T18:53:09 - [MESSAGE][WARNING] - A browser is already opened. Closing browser and opening a new one

13-04-2024T18:53:09 - [MESSAGE][INFO] - Starting 'Chrome' driver

13-04-2024T18:53:09 - [MESSAGE][INFO] - User set preference: ['args', '[--start-maximized]']

13-04-2024T18:53:09 - [MESSAGE][INFO] - Action delay is set to 1,000 milliseconds

13-04-2024T18:53:11 - [MESSAGE][PASSED] - Browser is opened with url: ''

13-04-2024T18:53:11 - [TEST_STEP][PASSED] - navigateToUrl(url_login): Navigate to 'https://opensource-demo.orangehrmlive.com/web/index.php/auth/login' successfully

13-04-2024T18:53:31 - [MESSAGE][PASSED] - Navigate to 'https://opensource-demo.orangehrmlive.com/web/index.php/auth/login' successfully

13-04-2024T18:53:31 - [TEST_STEP][PASSED] - delay(0): Delayed 0 second(s)

13-04-2024T18:53:31 - [MESSAGE][PASSED] - Delayed 0 second(s)

13-04-2024T18:53:31 - [TEST_STEP][PASSED] - takeScreenshotAsCheckpoint("Before Login Failed", []): Taking screenshot successfully

13-04-2024T18:53:33 - [MESSAGE][INFO] - 0 hidden object(s)

13-04-2024T18:53:33 - [MESSAGE][PASSED] - Taking screenshot successfully
[[ATTACHMENT|keyes\keyes-Before Login Failed.png]]

13-04-2024T18:53:33 - [TEST_STEP][PASSED] - setText(findTestObject("field_username"), invalid_username): Text 'admin' is set on object 'Object Repository/field_username'

13-04-2024T18:53:35 - [MESSAGE][PASSED] - Text 'admin' is set on object 'Object Repository/field_username'

13-04-2024T18:53:35 - [TEST_STEP][PASSED] - setText(findTestObject("field_password"), invalid_password): Text 'Admin123' is set on object 'Object Repository/field_password'

13-04-2024T18:53:38 - [MESSAGE][PASSED] - Text 'Admin123' is set on object 'Object Repository/field_password'

13-04-2024T18:53:38 - [TEST_STEP][PASSED] - click(findTestObject("btn_login")): Object: 'Object Repository/btn_login' is clicked on

13-04-2024T18:53:40 - [MESSAGE][PASSED] - Object: 'Object Repository/btn_login' is clicked on

13-04-2024T18:53:40 - [TEST_STEP][PASSED] - delay(3): Delayed 3 second(s)

13-04-2024T18:53:43 - [MESSAGE][PASSED] - Delayed 3 second(s)

13-04-2024T18:53:43 - [TEST_STEP][PASSED] - verifyElementPresent(findTestObject("verify_loginFailed"), 2): Object 'Object Repository/verify_loginFailed' is present

13-04-2024T18:53:43 - [MESSAGE][PASSED] - Object 'Object Repository/verify_loginFailed' is present

13-04-2024T18:53:43 - [TEST_STEP][PASSED] - takeScreenshotAsCheckpoint("After Login Failed", []): Taking screenshot successfully

13-04-2024T18:53:43 - [MESSAGE][INFO] - 0 hidden object(s)

13-04-2024T18:53:44 - [MESSAGE][PASSED] - Taking screenshot successfully
[[ATTACHMENT|keyes\keyes-After Login Failed.png]]

13-04-2024T18:53:44 - [MESSAGE][PASSED] - Call Test Case 'Test Cases/Login/Login_Failed' successfully]]></system-out>
         <system-err><![CDATA[]]></system-err>
      </testcase>
      <testcase name="Test Cases/SearchMenuBySearchBox_Success" time="46.044" classname="Test Cases/SearchMenuBySearchBox_Success" status="PASSED">
         <system-out><![CDATA[13-04-2024T18:53:44 - [TEST_CASE][PASSED] - Test Cases/SearchMenuBySearchBox_Success: Test Cases/SearchMenuBySearchBox_Success

13-04-2024T18:53:44 - [TEST_STEP][PASSED] - callTestCase(findTestCase("Login/Login_Success"), [:], STOP_ON_FAILURE): Call Test Case 'Test Cases/Login/Login_Success' successfully

13-04-2024T18:53:44 - [TEST_CASE][PASSED] - Test Cases/Login/Login_Success: Test Cases/Login/Login_Success

13-04-2024T18:53:44 - [TEST_STEP][PASSED] - openBrowser(""): Browser is opened with url: ''

13-04-2024T18:53:44 - [MESSAGE][WARNING] - A browser is already opened. Closing browser and opening a new one

13-04-2024T18:53:44 - [MESSAGE][INFO] - Starting 'Chrome' driver

13-04-2024T18:53:44 - [MESSAGE][INFO] - User set preference: ['args', '[--start-maximized]']

13-04-2024T18:53:44 - [MESSAGE][INFO] - Action delay is set to 1,000 milliseconds

13-04-2024T18:53:45 - [MESSAGE][PASSED] - Browser is opened with url: ''

13-04-2024T18:53:45 - [TEST_STEP][PASSED] - navigateToUrl(url_login): Navigate to 'https://opensource-demo.orangehrmlive.com/web/index.php/auth/login' successfully

13-04-2024T18:54:03 - [MESSAGE][PASSED] - Navigate to 'https://opensource-demo.orangehrmlive.com/web/index.php/auth/login' successfully

13-04-2024T18:54:03 - [TEST_STEP][PASSED] - delay(3): Delayed 3 second(s)

13-04-2024T18:54:06 - [MESSAGE][PASSED] - Delayed 3 second(s)

13-04-2024T18:54:06 - [TEST_STEP][PASSED] - takeScreenshotAsCheckpoint("Before Login"): Taking screenshot successfully

13-04-2024T18:54:06 - [MESSAGE][INFO] - 0 hidden object(s)

13-04-2024T18:54:06 - [MESSAGE][PASSED] - Taking screenshot successfully
[[ATTACHMENT|keyes\keyes-Before Login.png]]

13-04-2024T18:54:06 - [TEST_STEP][PASSED] - setText(findTestObject("field_username"), valid_username): Text 'Admin' is set on object 'Object Repository/field_username'

13-04-2024T18:54:09 - [MESSAGE][PASSED] - Text 'Admin' is set on object 'Object Repository/field_username'

13-04-2024T18:54:09 - [TEST_STEP][PASSED] - setText(findTestObject("field_password"), valid_password): Text 'admin123' is set on object 'Object Repository/field_password'

13-04-2024T18:54:12 - [MESSAGE][PASSED] - Text 'admin123' is set on object 'Object Repository/field_password'

13-04-2024T18:54:12 - [TEST_STEP][PASSED] - click(findTestObject("btn_login")): Object: 'Object Repository/btn_login' is clicked on

13-04-2024T18:54:15 - [MESSAGE][PASSED] - Object: 'Object Repository/btn_login' is clicked on

13-04-2024T18:54:15 - [TEST_STEP][PASSED] - delay(5): Delayed 5 second(s)

13-04-2024T18:54:20 - [MESSAGE][PASSED] - Delayed 5 second(s)

13-04-2024T18:54:20 - [TEST_STEP][PASSED] - takeScreenshotAsCheckpoint("After Login"): Taking screenshot successfully

13-04-2024T18:54:20 - [MESSAGE][INFO] - 0 hidden object(s)

13-04-2024T18:54:20 - [MESSAGE][PASSED] - Taking screenshot successfully
[[ATTACHMENT|keyes\keyes-After Login.png]]

13-04-2024T18:54:20 - [MESSAGE][PASSED] - Call Test Case 'Test Cases/Login/Login_Success' successfully

13-04-2024T18:54:20 - [TEST_STEP][PASSED] - delay(3): Delayed 3 second(s)

13-04-2024T18:54:23 - [MESSAGE][PASSED] - Delayed 3 second(s)

13-04-2024T18:54:23 - [TEST_STEP][PASSED] - setText(findTestObject("searchBox_menu"), "Admin"): Text 'Admin' is set on object 'Object Repository/searchBox_menu'

13-04-2024T18:54:26 - [MESSAGE][PASSED] - Text 'Admin' is set on object 'Object Repository/searchBox_menu'

13-04-2024T18:54:26 - [TEST_STEP][PASSED] - verifyElementPresent(findTestObject("verify_searchMenu"), 0): Object 'Object Repository/verify_searchMenu' is present

13-04-2024T18:54:26 - [MESSAGE][WARNING] - Timeout '0' is invalid. Using default page load timeout: '30'

13-04-2024T18:54:27 - [MESSAGE][PASSED] - Object 'Object Repository/verify_searchMenu' is present

13-04-2024T18:54:27 - [TEST_STEP][PASSED] - delay(3): Delayed 3 second(s)

13-04-2024T18:54:30 - [MESSAGE][PASSED] - Delayed 3 second(s)]]></system-out>
         <system-err><![CDATA[]]></system-err>
      </testcase>
      <system-out><![CDATA[13-04-2024T18:51:04 - [TEST_SUITE][PASSED] - TS_LoginLogout: Test Cases/SearchMenuBySearchBox_Success]]></system-out>
      <system-err><![CDATA[]]></system-err>
   </testsuite>
</testsuites>
