<?xml version="1.0" encoding="UTF-8"?>
<testsuites name="TS_LoginLogout" time="178.557" tests="5" failures="0" errors="0">
   <testsuite name="TS_LoginLogout" tests="5" failures="0" errors="0" time="178.557" skipped="0" timestamp="15-04-2024T11:22:21" hostname="1556 - LAPTOP-PT885S91" id="Test Suites/TS_LoginLogout">
      <properties>
         <property name="deviceName" value=""/>
         <property name="devicePlatform" value=""/>
         <property name="logFolder" value="C:\\Users\\1556\\git\\My-First-Web-UI-Project\\Reports\\20240415_112209\\TS_LoginLogout\\20240415_112209"/>
         <property name="logFiles" value="C:\\Users\\1556\\git\\My-First-Web-UI-Project\\Reports\\20240415_112209\\TS_LoginLogout\\20240415_112209\\execution0.log"/>
         <property name="attachments" value="keyes\keyes-Before Login.png, keyes\keyes-After Login.png, keyes\keyes-Before Login Failed.png, keyes\keyes-After Login Failed.png, keyes\keyes-Before Login.png, keyes\keyes-After Login.png, keyes\keyes-Before Login Failed.png, keyes\keyes-After Login Failed.png, keyes\keyes-Before Login.png, keyes\keyes-After Login.png"/>
         <property name="hostName" value="1556 - LAPTOP-PT885S91"/>
         <property name="os" value="Windows 11 64bit"/>
         <property name="katalonVersion" value="9.3.2.212"/>
         <property name="browser" value="Chrome 123.0.0.0"/>
         <property name="hostAddress" value="192.168.10.35"/>
         <property name="sessionId" value="fa3761492d13a09ec825a9accf27819a"/>
         <property name="seleniumVersion" value="3.141.59"/>
         <property name="proxyInformation" value="ProxyInformation { proxyOption=NO_PROXY, proxyServerType=HTTP, username=, password=********, proxyServerAddress=, proxyServerPort=0, executionList=&quot;&quot;, isApplyToDesiredCapabilities=true }"/>
         <property name="platform" value="Windows 11"/>
      </properties>
      <testcase name="Test Cases/Login/Login_Success" time="43.672" classname="Test Cases/Login/Login_Success" status="PASSED">
         <system-out><![CDATA[15-04-2024T11:22:21 - [TEST_CASE][PASSED] - Test Cases/Login/Login_Success: Test Cases/Login/Login_Success

15-04-2024T11:22:21 - [TEST_STEP][PASSED] - openBrowser(""): Browser is opened with url: ''

15-04-2024T11:22:22 - [MESSAGE][INFO] - Starting 'Chrome' driver

15-04-2024T11:22:22 - [MESSAGE][INFO] - User set preference: ['args', '[--start-maximized]']

15-04-2024T11:22:22 - [MESSAGE][INFO] - Action delay is set to 1,000 milliseconds

15-04-2024T11:22:24 - [MESSAGE][PASSED] - Browser is opened with url: ''

15-04-2024T11:22:24 - [TEST_STEP][PASSED] - navigateToUrl(url_login): Navigate to 'https://opensource-demo.orangehrmlive.com/web/index.php/auth/login' successfully

15-04-2024T11:22:47 - [MESSAGE][PASSED] - Navigate to 'https://opensource-demo.orangehrmlive.com/web/index.php/auth/login' successfully

15-04-2024T11:22:47 - [TEST_STEP][PASSED] - delay(3): Delayed 3 second(s)

15-04-2024T11:22:50 - [MESSAGE][PASSED] - Delayed 3 second(s)

15-04-2024T11:22:50 - [TEST_STEP][PASSED] - takeScreenshotAsCheckpoint("Before Login"): Taking screenshot successfully

15-04-2024T11:22:51 - [MESSAGE][INFO] - 0 hidden object(s)

15-04-2024T11:22:51 - [MESSAGE][PASSED] - Taking screenshot successfully
[[ATTACHMENT|keyes\keyes-Before Login.png]]

15-04-2024T11:22:51 - [TEST_STEP][PASSED] - setText(findTestObject("field_username"), valid_username): Text 'Admin' is set on object 'Object Repository/field_username'

15-04-2024T11:22:54 - [MESSAGE][PASSED] - Text 'Admin' is set on object 'Object Repository/field_username'

15-04-2024T11:22:54 - [TEST_STEP][PASSED] - setText(findTestObject("field_password"), valid_password): Text 'admin123' is set on object 'Object Repository/field_password'

15-04-2024T11:22:57 - [MESSAGE][PASSED] - Text 'admin123' is set on object 'Object Repository/field_password'

15-04-2024T11:22:57 - [TEST_STEP][PASSED] - click(findTestObject("btn_login")): Object: 'Object Repository/btn_login' is clicked on

15-04-2024T11:22:59 - [MESSAGE][PASSED] - Object: 'Object Repository/btn_login' is clicked on

15-04-2024T11:22:59 - [TEST_STEP][PASSED] - delay(5): Delayed 5 second(s)

15-04-2024T11:23:04 - [MESSAGE][PASSED] - Delayed 5 second(s)

15-04-2024T11:23:04 - [TEST_STEP][PASSED] - takeScreenshotAsCheckpoint("After Login"): Taking screenshot successfully

15-04-2024T11:23:04 - [MESSAGE][INFO] - 0 hidden object(s)

15-04-2024T11:23:05 - [MESSAGE][PASSED] - Taking screenshot successfully
[[ATTACHMENT|keyes\keyes-After Login.png]]]]></system-out>
         <system-err><![CDATA[]]></system-err>
      </testcase>
      <testcase name="Test Cases/Login/Login_Failed" time="28.115" classname="Test Cases/Login/Login_Failed" status="PASSED">
         <system-out><![CDATA[15-04-2024T11:23:05 - [TEST_CASE][PASSED] - Test Cases/Login/Login_Failed: Test Cases/Login/Login_Failed

15-04-2024T11:23:05 - [TEST_STEP][PASSED] - openBrowser(""): Browser is opened with url: ''

15-04-2024T11:23:05 - [MESSAGE][WARNING] - A browser is already opened. Closing browser and opening a new one

15-04-2024T11:23:05 - [MESSAGE][INFO] - Starting 'Chrome' driver

15-04-2024T11:23:05 - [MESSAGE][INFO] - User set preference: ['args', '[--start-maximized]']

15-04-2024T11:23:05 - [MESSAGE][INFO] - Action delay is set to 1,000 milliseconds

15-04-2024T11:23:06 - [MESSAGE][PASSED] - Browser is opened with url: ''

15-04-2024T11:23:06 - [TEST_STEP][PASSED] - navigateToUrl(url_login): Navigate to 'https://opensource-demo.orangehrmlive.com/web/index.php/auth/login' successfully

15-04-2024T11:23:18 - [MESSAGE][PASSED] - Navigate to 'https://opensource-demo.orangehrmlive.com/web/index.php/auth/login' successfully

15-04-2024T11:23:18 - [TEST_STEP][PASSED] - delay(0): Delayed 0 second(s)

15-04-2024T11:23:18 - [MESSAGE][PASSED] - Delayed 0 second(s)

15-04-2024T11:23:18 - [TEST_STEP][PASSED] - takeScreenshotAsCheckpoint("Before Login Failed", []): Taking screenshot successfully

15-04-2024T11:23:20 - [MESSAGE][INFO] - 0 hidden object(s)

15-04-2024T11:23:20 - [MESSAGE][PASSED] - Taking screenshot successfully
[[ATTACHMENT|keyes\keyes-Before Login Failed.png]]

15-04-2024T11:23:20 - [TEST_STEP][PASSED] - setText(findTestObject("field_username"), invalid_username): Text 'admin' is set on object 'Object Repository/field_username'

15-04-2024T11:23:23 - [MESSAGE][PASSED] - Text 'admin' is set on object 'Object Repository/field_username'

15-04-2024T11:23:23 - [TEST_STEP][PASSED] - setText(findTestObject("field_password"), invalid_password): Text 'Admin123' is set on object 'Object Repository/field_password'

15-04-2024T11:23:26 - [MESSAGE][PASSED] - Text 'Admin123' is set on object 'Object Repository/field_password'

15-04-2024T11:23:26 - [TEST_STEP][PASSED] - click(findTestObject("btn_login")): Object: 'Object Repository/btn_login' is clicked on

15-04-2024T11:23:29 - [MESSAGE][PASSED] - Object: 'Object Repository/btn_login' is clicked on

15-04-2024T11:23:29 - [TEST_STEP][PASSED] - delay(3): Delayed 3 second(s)

15-04-2024T11:23:32 - [MESSAGE][PASSED] - Delayed 3 second(s)

15-04-2024T11:23:32 - [TEST_STEP][PASSED] - verifyElementPresent(findTestObject("verify_loginFailed"), 2): Object 'Object Repository/verify_loginFailed' is present

15-04-2024T11:23:32 - [MESSAGE][PASSED] - Object 'Object Repository/verify_loginFailed' is present

15-04-2024T11:23:32 - [TEST_STEP][PASSED] - takeScreenshotAsCheckpoint("After Login Failed", []): Taking screenshot successfully

15-04-2024T11:23:33 - [MESSAGE][INFO] - 0 hidden object(s)

15-04-2024T11:23:33 - [MESSAGE][PASSED] - Taking screenshot successfully
[[ATTACHMENT|keyes\keyes-After Login Failed.png]]]]></system-out>
         <system-err><![CDATA[]]></system-err>
      </testcase>
      <testcase name="Test Cases/Login/Logout_Success" time="40.049" classname="Test Cases/Login/Logout_Success" status="PASSED">
         <system-out><![CDATA[15-04-2024T11:23:33 - [TEST_CASE][PASSED] - Test Cases/Login/Logout_Success: Test Cases/Login/Logout_Success

15-04-2024T11:23:33 - [TEST_STEP][PASSED] - callTestCase(findTestCase("Login/Login_Success"), [:], STOP_ON_FAILURE): Call Test Case 'Test Cases/Login/Login_Success' successfully

15-04-2024T11:23:33 - [TEST_CASE][PASSED] - Test Cases/Login/Login_Success: Test Cases/Login/Login_Success

15-04-2024T11:23:33 - [TEST_STEP][PASSED] - openBrowser(""): Browser is opened with url: ''

15-04-2024T11:23:33 - [MESSAGE][WARNING] - A browser is already opened. Closing browser and opening a new one

15-04-2024T11:23:33 - [MESSAGE][INFO] - Starting 'Chrome' driver

15-04-2024T11:23:33 - [MESSAGE][INFO] - User set preference: ['args', '[--start-maximized]']

15-04-2024T11:23:33 - [MESSAGE][INFO] - Action delay is set to 1,000 milliseconds

15-04-2024T11:23:35 - [MESSAGE][PASSED] - Browser is opened with url: ''

15-04-2024T11:23:35 - [TEST_STEP][PASSED] - navigateToUrl(url_login): Navigate to 'https://opensource-demo.orangehrmlive.com/web/index.php/auth/login' successfully

15-04-2024T11:23:46 - [MESSAGE][PASSED] - Navigate to 'https://opensource-demo.orangehrmlive.com/web/index.php/auth/login' successfully

15-04-2024T11:23:46 - [TEST_STEP][PASSED] - delay(3): Delayed 3 second(s)

15-04-2024T11:23:49 - [MESSAGE][PASSED] - Delayed 3 second(s)

15-04-2024T11:23:49 - [TEST_STEP][PASSED] - takeScreenshotAsCheckpoint("Before Login"): Taking screenshot successfully

15-04-2024T11:23:50 - [MESSAGE][INFO] - 0 hidden object(s)

15-04-2024T11:23:50 - [MESSAGE][PASSED] - Taking screenshot successfully
[[ATTACHMENT|keyes\keyes-Before Login.png]]

15-04-2024T11:23:50 - [TEST_STEP][PASSED] - setText(findTestObject("field_username"), valid_username): Text 'Admin' is set on object 'Object Repository/field_username'

15-04-2024T11:23:53 - [MESSAGE][PASSED] - Text 'Admin' is set on object 'Object Repository/field_username'

15-04-2024T11:23:53 - [TEST_STEP][PASSED] - setText(findTestObject("field_password"), valid_password): Text 'admin123' is set on object 'Object Repository/field_password'

15-04-2024T11:23:56 - [MESSAGE][PASSED] - Text 'admin123' is set on object 'Object Repository/field_password'

15-04-2024T11:23:56 - [TEST_STEP][PASSED] - click(findTestObject("btn_login")): Object: 'Object Repository/btn_login' is clicked on

15-04-2024T11:23:57 - [MESSAGE][PASSED] - Object: 'Object Repository/btn_login' is clicked on

15-04-2024T11:23:57 - [TEST_STEP][PASSED] - delay(5): Delayed 5 second(s)

15-04-2024T11:24:02 - [MESSAGE][PASSED] - Delayed 5 second(s)

15-04-2024T11:24:02 - [TEST_STEP][PASSED] - takeScreenshotAsCheckpoint("After Login"): Taking screenshot successfully

15-04-2024T11:24:03 - [MESSAGE][INFO] - 0 hidden object(s)

15-04-2024T11:24:03 - [MESSAGE][PASSED] - Taking screenshot successfully
[[ATTACHMENT|keyes\keyes-After Login.png]]

15-04-2024T11:24:03 - [MESSAGE][PASSED] - Call Test Case 'Test Cases/Login/Login_Success' successfully

15-04-2024T11:24:03 - [TEST_STEP][PASSED] - delay(3): Delayed 3 second(s)

15-04-2024T11:24:06 - [MESSAGE][PASSED] - Delayed 3 second(s)

15-04-2024T11:24:06 - [TEST_STEP][PASSED] - click(findTestObject("dropdow_logout")): Object: 'Object Repository/dropdow_logout' is clicked on

15-04-2024T11:24:07 - [MESSAGE][PASSED] - Object: 'Object Repository/dropdow_logout' is clicked on

15-04-2024T11:24:07 - [TEST_STEP][PASSED] - click(findTestObject("btn_logout")): Object: 'Object Repository/btn_logout' is clicked on

15-04-2024T11:24:10 - [MESSAGE][PASSED] - Object: 'Object Repository/btn_logout' is clicked on

15-04-2024T11:24:10 - [TEST_STEP][PASSED] - delay(3): Delayed 3 second(s)

15-04-2024T11:24:13 - [MESSAGE][PASSED] - Delayed 3 second(s)]]></system-out>
         <system-err><![CDATA[]]></system-err>
      </testcase>
      <testcase name="Test Cases/SearchMenuBySearchBox_Failed" time="25.518" classname="Test Cases/SearchMenuBySearchBox_Failed" status="PASSED">
         <system-out><![CDATA[15-04-2024T11:24:13 - [TEST_CASE][PASSED] - Test Cases/SearchMenuBySearchBox_Failed: Test Cases/SearchMenuBySearchBox_Failed

15-04-2024T11:24:13 - [TEST_STEP][PASSED] - callTestCase(findTestCase("Login/Login_Failed"), [:], STOP_ON_FAILURE): Call Test Case 'Test Cases/Login/Login_Failed' successfully

15-04-2024T11:24:13 - [TEST_CASE][PASSED] - Test Cases/Login/Login_Failed: Test Cases/Login/Login_Failed

15-04-2024T11:24:13 - [TEST_STEP][PASSED] - openBrowser(""): Browser is opened with url: ''

15-04-2024T11:24:13 - [MESSAGE][WARNING] - A browser is already opened. Closing browser and opening a new one

15-04-2024T11:24:13 - [MESSAGE][INFO] - Starting 'Chrome' driver

15-04-2024T11:24:13 - [MESSAGE][INFO] - User set preference: ['args', '[--start-maximized]']

15-04-2024T11:24:13 - [MESSAGE][INFO] - Action delay is set to 1,000 milliseconds

15-04-2024T11:24:15 - [MESSAGE][PASSED] - Browser is opened with url: ''

15-04-2024T11:24:15 - [TEST_STEP][PASSED] - navigateToUrl(url_login): Navigate to 'https://opensource-demo.orangehrmlive.com/web/index.php/auth/login' successfully

15-04-2024T11:24:24 - [MESSAGE][PASSED] - Navigate to 'https://opensource-demo.orangehrmlive.com/web/index.php/auth/login' successfully

15-04-2024T11:24:24 - [TEST_STEP][PASSED] - delay(0): Delayed 0 second(s)

15-04-2024T11:24:24 - [MESSAGE][PASSED] - Delayed 0 second(s)

15-04-2024T11:24:24 - [TEST_STEP][PASSED] - takeScreenshotAsCheckpoint("Before Login Failed", []): Taking screenshot successfully

15-04-2024T11:24:26 - [MESSAGE][INFO] - 0 hidden object(s)

15-04-2024T11:24:26 - [MESSAGE][PASSED] - Taking screenshot successfully
[[ATTACHMENT|keyes\keyes-Before Login Failed.png]]

15-04-2024T11:24:26 - [TEST_STEP][PASSED] - setText(findTestObject("field_username"), invalid_username): Text 'admin' is set on object 'Object Repository/field_username'

15-04-2024T11:24:29 - [MESSAGE][PASSED] - Text 'admin' is set on object 'Object Repository/field_username'

15-04-2024T11:24:29 - [TEST_STEP][PASSED] - setText(findTestObject("field_password"), invalid_password): Text 'Admin123' is set on object 'Object Repository/field_password'

15-04-2024T11:24:31 - [MESSAGE][PASSED] - Text 'Admin123' is set on object 'Object Repository/field_password'

15-04-2024T11:24:31 - [TEST_STEP][PASSED] - click(findTestObject("btn_login")): Object: 'Object Repository/btn_login' is clicked on

15-04-2024T11:24:34 - [MESSAGE][PASSED] - Object: 'Object Repository/btn_login' is clicked on

15-04-2024T11:24:34 - [TEST_STEP][PASSED] - delay(3): Delayed 3 second(s)

15-04-2024T11:24:37 - [MESSAGE][PASSED] - Delayed 3 second(s)

15-04-2024T11:24:37 - [TEST_STEP][PASSED] - verifyElementPresent(findTestObject("verify_loginFailed"), 2): Object 'Object Repository/verify_loginFailed' is present

15-04-2024T11:24:37 - [MESSAGE][PASSED] - Object 'Object Repository/verify_loginFailed' is present

15-04-2024T11:24:37 - [TEST_STEP][PASSED] - takeScreenshotAsCheckpoint("After Login Failed", []): Taking screenshot successfully

15-04-2024T11:24:38 - [MESSAGE][INFO] - 0 hidden object(s)

15-04-2024T11:24:38 - [MESSAGE][PASSED] - Taking screenshot successfully
[[ATTACHMENT|keyes\keyes-After Login Failed.png]]

15-04-2024T11:24:38 - [MESSAGE][PASSED] - Call Test Case 'Test Cases/Login/Login_Failed' successfully]]></system-out>
         <system-err><![CDATA[]]></system-err>
      </testcase>
      <testcase name="Test Cases/SearchMenuBySearchBox_Success" time="40.883" classname="Test Cases/SearchMenuBySearchBox_Success" status="PASSED">
         <system-out><![CDATA[15-04-2024T11:24:38 - [TEST_CASE][PASSED] - Test Cases/SearchMenuBySearchBox_Success: Test Cases/SearchMenuBySearchBox_Success

15-04-2024T11:24:38 - [TEST_STEP][PASSED] - callTestCase(findTestCase("Login/Login_Success"), [:], STOP_ON_FAILURE): Call Test Case 'Test Cases/Login/Login_Success' successfully

15-04-2024T11:24:38 - [TEST_CASE][PASSED] - Test Cases/Login/Login_Success: Test Cases/Login/Login_Success

15-04-2024T11:24:38 - [TEST_STEP][PASSED] - openBrowser(""): Browser is opened with url: ''

15-04-2024T11:24:38 - [MESSAGE][WARNING] - A browser is already opened. Closing browser and opening a new one

15-04-2024T11:24:39 - [MESSAGE][INFO] - Starting 'Chrome' driver

15-04-2024T11:24:39 - [MESSAGE][INFO] - User set preference: ['args', '[--start-maximized]']

15-04-2024T11:24:39 - [MESSAGE][INFO] - Action delay is set to 1,000 milliseconds

15-04-2024T11:24:40 - [MESSAGE][PASSED] - Browser is opened with url: ''

15-04-2024T11:24:40 - [TEST_STEP][PASSED] - navigateToUrl(url_login): Navigate to 'https://opensource-demo.orangehrmlive.com/web/index.php/auth/login' successfully

15-04-2024T11:24:52 - [MESSAGE][PASSED] - Navigate to 'https://opensource-demo.orangehrmlive.com/web/index.php/auth/login' successfully

15-04-2024T11:24:52 - [TEST_STEP][PASSED] - delay(3): Delayed 3 second(s)

15-04-2024T11:24:55 - [MESSAGE][PASSED] - Delayed 3 second(s)

15-04-2024T11:24:55 - [TEST_STEP][PASSED] - takeScreenshotAsCheckpoint("Before Login"): Taking screenshot successfully

15-04-2024T11:24:56 - [MESSAGE][INFO] - 0 hidden object(s)

15-04-2024T11:24:56 - [MESSAGE][PASSED] - Taking screenshot successfully
[[ATTACHMENT|keyes\keyes-Before Login.png]]

15-04-2024T11:24:56 - [TEST_STEP][PASSED] - setText(findTestObject("field_username"), valid_username): Text 'Admin' is set on object 'Object Repository/field_username'

15-04-2024T11:24:58 - [MESSAGE][PASSED] - Text 'Admin' is set on object 'Object Repository/field_username'

15-04-2024T11:24:58 - [TEST_STEP][PASSED] - setText(findTestObject("field_password"), valid_password): Text 'admin123' is set on object 'Object Repository/field_password'

15-04-2024T11:25:01 - [MESSAGE][PASSED] - Text 'admin123' is set on object 'Object Repository/field_password'

15-04-2024T11:25:01 - [TEST_STEP][PASSED] - click(findTestObject("btn_login")): Object: 'Object Repository/btn_login' is clicked on

15-04-2024T11:25:04 - [MESSAGE][PASSED] - Object: 'Object Repository/btn_login' is clicked on

15-04-2024T11:25:04 - [TEST_STEP][PASSED] - delay(5): Delayed 5 second(s)

15-04-2024T11:25:09 - [MESSAGE][PASSED] - Delayed 5 second(s)

15-04-2024T11:25:09 - [TEST_STEP][PASSED] - takeScreenshotAsCheckpoint("After Login"): Taking screenshot successfully

15-04-2024T11:25:10 - [MESSAGE][INFO] - 0 hidden object(s)

15-04-2024T11:25:10 - [MESSAGE][PASSED] - Taking screenshot successfully
[[ATTACHMENT|keyes\keyes-After Login.png]]

15-04-2024T11:25:10 - [MESSAGE][PASSED] - Call Test Case 'Test Cases/Login/Login_Success' successfully

15-04-2024T11:25:10 - [TEST_STEP][PASSED] - delay(3): Delayed 3 second(s)

15-04-2024T11:25:13 - [MESSAGE][PASSED] - Delayed 3 second(s)

15-04-2024T11:25:13 - [TEST_STEP][PASSED] - setText(findTestObject("searchBox_menu"), "Admin"): Text 'Admin' is set on object 'Object Repository/searchBox_menu'

15-04-2024T11:25:16 - [MESSAGE][PASSED] - Text 'Admin' is set on object 'Object Repository/searchBox_menu'

15-04-2024T11:25:16 - [TEST_STEP][PASSED] - verifyElementPresent(findTestObject("verify_searchMenu"), 0): Object 'Object Repository/verify_searchMenu' is present

15-04-2024T11:25:16 - [MESSAGE][WARNING] - Timeout '0' is invalid. Using default page load timeout: '30'

15-04-2024T11:25:16 - [MESSAGE][PASSED] - Object 'Object Repository/verify_searchMenu' is present

15-04-2024T11:25:16 - [TEST_STEP][PASSED] - delay(3): Delayed 3 second(s)

15-04-2024T11:25:19 - [MESSAGE][PASSED] - Delayed 3 second(s)]]></system-out>
         <system-err><![CDATA[]]></system-err>
      </testcase>
      <system-out><![CDATA[15-04-2024T11:22:21 - [TEST_SUITE][PASSED] - TS_LoginLogout: Test Cases/SearchMenuBySearchBox_Success]]></system-out>
      <system-err><![CDATA[]]></system-err>
   </testsuite>
</testsuites>
