<?xml version="1.0" encoding="UTF-8"?>
<testsuites name="TSC_MenuAdmin" time="1043.117" tests="16" failures="0" errors="0">
   <testsuite name="TS_UserManagement" tests="1" failures="0" errors="0" time="54.809" skipped="0" timestamp="05-04-2024T13:20:34" hostname="1556 - LAPTOP-PT885S91" id="Test Suites/TS_MenuAdmin/F_UserManagement/TS_UserManagement">
      <properties>
         <property name="deviceName" value=""/>
         <property name="devicePlatform" value=""/>
         <property name="logFolder" value="C:\\Users\\1556\\Katalon Studio\\My First Web UI Project\\Reports\\20240405_131951\\TS_MenuAdmin\\F_UserManagement\\TS_UserManagement\\20240405_131952"/>
         <property name="logFiles" value="C:\\Users\\1556\\Katalon Studio\\My First Web UI Project\\Reports\\20240405_131951\\TS_MenuAdmin\\F_UserManagement\\TS_UserManagement\\20240405_131952\\execution0.log"/>
         <property name="attachments" value="keyes\keyes-Before Login.png, keyes\keyes-After Login.png"/>
         <property name="hostName" value="1556 - LAPTOP-PT885S91"/>
         <property name="os" value="Windows 11 64bit"/>
         <property name="katalonVersion" value="9.3.2.212"/>
         <property name="browser" value="Chrome 123.0.0.0"/>
         <property name="hostAddress" value="192.168.10.31"/>
         <property name="sessionId" value="c7a1cf56696dabfbe22b598793fbfc22"/>
         <property name="seleniumVersion" value="3.141.59"/>
         <property name="proxyInformation" value="ProxyInformation { proxyOption=NO_PROXY, proxyServerType=HTTP, username=, password=********, proxyServerAddress=, proxyServerPort=0, executionList=&quot;&quot;, isApplyToDesiredCapabilities=true }"/>
         <property name="platform" value="Windows 11"/>
      </properties>
      <testcase name="Test Cases/Menu_Admin/Navigate_Admin_User" time="54.587" classname="Test Cases/Menu_Admin/Navigate_Admin_User" status="PASSED">
         <system-out><![CDATA[05-04-2024T13:20:34 - [TEST_CASE][PASSED] - Test Cases/Menu_Admin/Navigate_Admin_User: Test Cases/Menu_Admin/Navigate_Admin_User

05-04-2024T13:20:34 - [TEST_STEP][PASSED] - callTestCase(findTestCase("Login/Login_Success"), [:], STOP_ON_FAILURE): Call Test Case 'Test Cases/Login/Login_Success' successfully

05-04-2024T13:20:34 - [TEST_CASE][PASSED] - Test Cases/Login/Login_Success: Test Cases/Login/Login_Success

05-04-2024T13:20:35 - [TEST_STEP][PASSED] - openBrowser(""): Browser is opened with url: ''

05-04-2024T13:20:35 - [MESSAGE][INFO] - Starting 'Chrome' driver

05-04-2024T13:20:35 - [MESSAGE][INFO] - User set preference: ['args', '[--start-maximized]']

05-04-2024T13:20:35 - [MESSAGE][INFO] - Action delay is set to 1,000 milliseconds

05-04-2024T13:20:37 - [MESSAGE][PASSED] - Browser is opened with url: ''

05-04-2024T13:20:37 - [TEST_STEP][PASSED] - navigateToUrl(url_login): Navigate to 'https://opensource-demo.orangehrmlive.com/web/index.php/auth/login' successfully

05-04-2024T13:20:53 - [MESSAGE][PASSED] - Navigate to 'https://opensource-demo.orangehrmlive.com/web/index.php/auth/login' successfully

05-04-2024T13:20:53 - [TEST_STEP][PASSED] - delay(3): Delayed 3 second(s)

05-04-2024T13:20:57 - [MESSAGE][PASSED] - Delayed 3 second(s)

05-04-2024T13:20:57 - [TEST_STEP][PASSED] - takeScreenshotAsCheckpoint("Before Login"): Taking screenshot successfully

05-04-2024T13:20:58 - [MESSAGE][INFO] - 0 hidden object(s)

05-04-2024T13:20:58 - [MESSAGE][PASSED] - Taking screenshot successfully
[[ATTACHMENT|keyes\keyes-Before Login.png]]

05-04-2024T13:20:58 - [TEST_STEP][PASSED] - setText(findTestObject("field_username"), valid_username): Text 'Admin' is set on object 'Object Repository/field_username'

05-04-2024T13:21:01 - [MESSAGE][PASSED] - Text 'Admin' is set on object 'Object Repository/field_username'

05-04-2024T13:21:01 - [TEST_STEP][PASSED] - setText(findTestObject("field_password"), valid_password): Text 'admin123' is set on object 'Object Repository/field_password'

05-04-2024T13:21:03 - [MESSAGE][PASSED] - Text 'admin123' is set on object 'Object Repository/field_password'

05-04-2024T13:21:03 - [TEST_STEP][PASSED] - click(findTestObject("btn_login")): Object: 'Object Repository/btn_login' is clicked on

05-04-2024T13:21:06 - [MESSAGE][PASSED] - Object: 'Object Repository/btn_login' is clicked on

05-04-2024T13:21:06 - [TEST_STEP][PASSED] - delay(5): Delayed 5 second(s)

05-04-2024T13:21:11 - [MESSAGE][PASSED] - Delayed 5 second(s)

05-04-2024T13:21:11 - [TEST_STEP][PASSED] - takeScreenshotAsCheckpoint("After Login"): Taking screenshot successfully

05-04-2024T13:21:12 - [MESSAGE][INFO] - 0 hidden object(s)

05-04-2024T13:21:12 - [MESSAGE][PASSED] - Taking screenshot successfully
[[ATTACHMENT|keyes\keyes-After Login.png]]

05-04-2024T13:21:12 - [MESSAGE][PASSED] - Call Test Case 'Test Cases/Login/Login_Success' successfully

05-04-2024T13:21:12 - [TEST_STEP][PASSED] - delay(3): Delayed 3 second(s)

05-04-2024T13:21:15 - [MESSAGE][PASSED] - Delayed 3 second(s)

05-04-2024T13:21:15 - [TEST_STEP][PASSED] - click(findTestObject("F_Menu_Admin/menu_admin")): Object: 'Object Repository/F_Menu_Admin/menu_admin' is clicked on

05-04-2024T13:21:18 - [MESSAGE][PASSED] - Object: 'Object Repository/F_Menu_Admin/menu_admin' is clicked on

05-04-2024T13:21:18 - [TEST_STEP][PASSED] - click(findTestObject("F_Menu_Admin/F_UserManagement/tab_userManagement")): Object: 'Object Repository/F_Menu_Admin/F_UserManagement/tab_userManagement' is clicked on

05-04-2024T13:21:20 - [MESSAGE][PASSED] - Object: 'Object Repository/F_Menu_Admin/F_UserManagement/tab_userManagement' is clicked on

05-04-2024T13:21:20 - [TEST_STEP][PASSED] - click(findTestObject("F_Menu_Admin/F_UserManagement/select_users")): Object: 'Object Repository/F_Menu_Admin/F_UserManagement/select_users' is clicked on

05-04-2024T13:21:24 - [MESSAGE][PASSED] - Object: 'Object Repository/F_Menu_Admin/F_UserManagement/select_users' is clicked on

05-04-2024T13:21:24 - [TEST_STEP][PASSED] - verifyElementText(findTestObject("F_Menu_Admin/title_menuWithFilter"), "System Users"): Actual text and expected text of test object 'Object Repository/F_Menu_Admin/title_menuWithFilter' are matched.

05-04-2024T13:21:25 - [MESSAGE][PASSED] - Actual text and expected text of test object 'Object Repository/F_Menu_Admin/title_menuWithFilter' are matched.

05-04-2024T13:21:25 - [TEST_STEP][PASSED] - delay(3): Delayed 3 second(s)

05-04-2024T13:21:28 - [MESSAGE][PASSED] - Delayed 3 second(s)]]></system-out>
         <system-err><![CDATA[]]></system-err>
      </testcase>
      <system-out><![CDATA[05-04-2024T13:20:34 - [TEST_SUITE][PASSED] - TS_UserManagement: Test Cases/Menu_Admin/Navigate_Admin_User]]></system-out>
      <system-err><![CDATA[]]></system-err>
   </testsuite>
   <testsuite name="TS_Job_PayGrades" tests="1" failures="0" errors="0" time="47.589" skipped="0" timestamp="05-04-2024T13:21:43" hostname="1556 - LAPTOP-PT885S91" id="Test Suites/TS_MenuAdmin/F_Job/TS_Job_PayGrades">
      <properties>
         <property name="deviceName" value=""/>
         <property name="devicePlatform" value=""/>
         <property name="logFolder" value="C:\\Users\\1556\\Katalon Studio\\My First Web UI Project\\Reports\\20240405_131951\\TS_MenuAdmin\\F_Job\\TS_Job_PayGrades\\20240405_131954"/>
         <property name="logFiles" value="C:\\Users\\1556\\Katalon Studio\\My First Web UI Project\\Reports\\20240405_131951\\TS_MenuAdmin\\F_Job\\TS_Job_PayGrades\\20240405_131954\\execution0.log"/>
         <property name="attachments" value="keyes\keyes-Before Login.png, keyes\keyes-After Login.png"/>
         <property name="hostName" value="1556 - LAPTOP-PT885S91"/>
         <property name="os" value="Windows 11 64bit"/>
         <property name="katalonVersion" value="9.3.2.212"/>
         <property name="browser" value="Chrome 123.0.0.0"/>
         <property name="hostAddress" value="192.168.10.31"/>
         <property name="sessionId" value="d77e441e1c77c591f98ec649cfecc308"/>
         <property name="seleniumVersion" value="3.141.59"/>
         <property name="proxyInformation" value="ProxyInformation { proxyOption=NO_PROXY, proxyServerType=HTTP, username=, password=********, proxyServerAddress=, proxyServerPort=0, executionList=&quot;&quot;, isApplyToDesiredCapabilities=true }"/>
         <property name="platform" value="Windows 11"/>
      </properties>
      <testcase name="Test Cases/Menu_Admin/Navigate_Job_PayGrades" time="47.293" classname="Test Cases/Menu_Admin/Navigate_Job_PayGrades" status="PASSED">
         <system-out><![CDATA[05-04-2024T13:21:44 - [TEST_CASE][PASSED] - Test Cases/Menu_Admin/Navigate_Job_PayGrades: Test Cases/Menu_Admin/Navigate_Job_PayGrades

05-04-2024T13:21:44 - [TEST_STEP][PASSED] - callTestCase(findTestCase("Login/Login_Success"), [:], STOP_ON_FAILURE): Call Test Case 'Test Cases/Login/Login_Success' successfully

05-04-2024T13:21:44 - [TEST_CASE][PASSED] - Test Cases/Login/Login_Success: Test Cases/Login/Login_Success

05-04-2024T13:21:44 - [TEST_STEP][PASSED] - openBrowser(""): Browser is opened with url: ''

05-04-2024T13:21:45 - [MESSAGE][INFO] - Starting 'Chrome' driver

05-04-2024T13:21:45 - [MESSAGE][INFO] - User set preference: ['args', '[--start-maximized]']

05-04-2024T13:21:45 - [MESSAGE][INFO] - Action delay is set to 1,000 milliseconds

05-04-2024T13:21:46 - [MESSAGE][PASSED] - Browser is opened with url: ''

05-04-2024T13:21:46 - [TEST_STEP][PASSED] - navigateToUrl(url_login): Navigate to 'https://opensource-demo.orangehrmlive.com/web/index.php/auth/login' successfully

05-04-2024T13:21:48 - [MESSAGE][PASSED] - Navigate to 'https://opensource-demo.orangehrmlive.com/web/index.php/auth/login' successfully

05-04-2024T13:21:48 - [TEST_STEP][PASSED] - delay(3): Delayed 3 second(s)

05-04-2024T13:21:52 - [MESSAGE][PASSED] - Delayed 3 second(s)

05-04-2024T13:21:52 - [TEST_STEP][PASSED] - takeScreenshotAsCheckpoint("Before Login"): Taking screenshot successfully

05-04-2024T13:22:00 - [MESSAGE][INFO] - 0 hidden object(s)

05-04-2024T13:22:00 - [MESSAGE][PASSED] - Taking screenshot successfully
[[ATTACHMENT|keyes\keyes-Before Login.png]]

05-04-2024T13:22:00 - [TEST_STEP][PASSED] - setText(findTestObject("field_username"), valid_username): Text 'Admin' is set on object 'Object Repository/field_username'

05-04-2024T13:22:03 - [MESSAGE][PASSED] - Text 'Admin' is set on object 'Object Repository/field_username'

05-04-2024T13:22:03 - [TEST_STEP][PASSED] - setText(findTestObject("field_password"), valid_password): Text 'admin123' is set on object 'Object Repository/field_password'

05-04-2024T13:22:06 - [MESSAGE][PASSED] - Text 'admin123' is set on object 'Object Repository/field_password'

05-04-2024T13:22:06 - [TEST_STEP][PASSED] - click(findTestObject("btn_login")): Object: 'Object Repository/btn_login' is clicked on

05-04-2024T13:22:10 - [MESSAGE][PASSED] - Object: 'Object Repository/btn_login' is clicked on

05-04-2024T13:22:10 - [TEST_STEP][PASSED] - delay(5): Delayed 5 second(s)

05-04-2024T13:22:15 - [MESSAGE][PASSED] - Delayed 5 second(s)

05-04-2024T13:22:15 - [TEST_STEP][PASSED] - takeScreenshotAsCheckpoint("After Login"): Taking screenshot successfully

05-04-2024T13:22:16 - [MESSAGE][INFO] - 0 hidden object(s)

05-04-2024T13:22:16 - [MESSAGE][PASSED] - Taking screenshot successfully
[[ATTACHMENT|keyes\keyes-After Login.png]]

05-04-2024T13:22:16 - [MESSAGE][PASSED] - Call Test Case 'Test Cases/Login/Login_Success' successfully

05-04-2024T13:22:16 - [TEST_STEP][PASSED] - delay(3): Delayed 3 second(s)

05-04-2024T13:22:19 - [MESSAGE][PASSED] - Delayed 3 second(s)

05-04-2024T13:22:19 - [TEST_STEP][PASSED] - click(findTestObject("F_Menu_Admin/menu_admin")): Object: 'Object Repository/F_Menu_Admin/menu_admin' is clicked on

05-04-2024T13:22:21 - [MESSAGE][PASSED] - Object: 'Object Repository/F_Menu_Admin/menu_admin' is clicked on

05-04-2024T13:22:21 - [TEST_STEP][PASSED] - click(findTestObject("F_Menu_Admin/F_Job/tab_job")): Object: 'Object Repository/F_Menu_Admin/F_Job/tab_job' is clicked on

05-04-2024T13:22:24 - [MESSAGE][PASSED] - Object: 'Object Repository/F_Menu_Admin/F_Job/tab_job' is clicked on

05-04-2024T13:22:24 - [TEST_STEP][PASSED] - click(findTestObject("F_Menu_Admin/F_Job/select_payGrades")): Object: 'Object Repository/F_Menu_Admin/F_Job/select_payGrades' is clicked on

05-04-2024T13:22:27 - [MESSAGE][PASSED] - Object: 'Object Repository/F_Menu_Admin/F_Job/select_payGrades' is clicked on

05-04-2024T13:22:27 - [TEST_STEP][PASSED] - verifyElementText(findTestObject("F_Menu_Admin/title_menu"), "Pay Grades"): Actual text and expected text of test object 'Object Repository/F_Menu_Admin/title_menu' are matched.

05-04-2024T13:22:28 - [MESSAGE][PASSED] - Actual text and expected text of test object 'Object Repository/F_Menu_Admin/title_menu' are matched.

05-04-2024T13:22:28 - [TEST_STEP][PASSED] - delay(3): Delayed 3 second(s)

05-04-2024T13:22:31 - [MESSAGE][PASSED] - Delayed 3 second(s)]]></system-out>
         <system-err><![CDATA[]]></system-err>
      </testcase>
      <system-out><![CDATA[05-04-2024T13:21:43 - [TEST_SUITE][PASSED] - TS_Job_PayGrades: Test Cases/Menu_Admin/Navigate_Job_PayGrades]]></system-out>
      <system-err><![CDATA[]]></system-err>
   </testsuite>
   <testsuite name="TS_Job_JobTitles" tests="1" failures="0" errors="0" time="56.056" skipped="0" timestamp="05-04-2024T13:22:49" hostname="1556 - LAPTOP-PT885S91" id="Test Suites/TS_MenuAdmin/F_Job/TS_Job_JobTitles">
      <properties>
         <property name="deviceName" value=""/>
         <property name="devicePlatform" value=""/>
         <property name="logFolder" value="C:\\Users\\1556\\Katalon Studio\\My First Web UI Project\\Reports\\20240405_131951\\TS_MenuAdmin\\F_Job\\TS_Job_JobTitles\\20240405_131956"/>
         <property name="logFiles" value="C:\\Users\\1556\\Katalon Studio\\My First Web UI Project\\Reports\\20240405_131951\\TS_MenuAdmin\\F_Job\\TS_Job_JobTitles\\20240405_131956\\execution0.log"/>
         <property name="attachments" value="keyes\keyes-Before Login.png, keyes\keyes-After Login.png"/>
         <property name="hostName" value="1556 - LAPTOP-PT885S91"/>
         <property name="os" value="Windows 11 64bit"/>
         <property name="katalonVersion" value="9.3.2.212"/>
         <property name="browser" value="Chrome 123.0.0.0"/>
         <property name="hostAddress" value="192.168.10.31"/>
         <property name="sessionId" value="07debd066ddb35b1135e859f0815801f"/>
         <property name="seleniumVersion" value="3.141.59"/>
         <property name="proxyInformation" value="ProxyInformation { proxyOption=NO_PROXY, proxyServerType=HTTP, username=, password=********, proxyServerAddress=, proxyServerPort=0, executionList=&quot;&quot;, isApplyToDesiredCapabilities=true }"/>
         <property name="platform" value="Windows 11"/>
      </properties>
      <testcase name="Test Cases/Menu_Admin/Navigate_Job_JobTitles" time="55.762" classname="Test Cases/Menu_Admin/Navigate_Job_JobTitles" status="PASSED">
         <system-out><![CDATA[05-04-2024T13:22:50 - [TEST_CASE][PASSED] - Test Cases/Menu_Admin/Navigate_Job_JobTitles: Test Cases/Menu_Admin/Navigate_Job_JobTitles

05-04-2024T13:22:50 - [TEST_STEP][PASSED] - callTestCase(findTestCase("Login/Login_Success"), [:], STOP_ON_FAILURE): Call Test Case 'Test Cases/Login/Login_Success' successfully

05-04-2024T13:22:50 - [TEST_CASE][PASSED] - Test Cases/Login/Login_Success: Test Cases/Login/Login_Success

05-04-2024T13:22:50 - [TEST_STEP][PASSED] - openBrowser(""): Browser is opened with url: ''

05-04-2024T13:22:51 - [MESSAGE][INFO] - Starting 'Chrome' driver

05-04-2024T13:22:51 - [MESSAGE][INFO] - User set preference: ['args', '[--start-maximized]']

05-04-2024T13:22:51 - [MESSAGE][INFO] - Action delay is set to 1,000 milliseconds

05-04-2024T13:22:53 - [MESSAGE][PASSED] - Browser is opened with url: ''

05-04-2024T13:22:53 - [TEST_STEP][PASSED] - navigateToUrl(url_login): Navigate to 'https://opensource-demo.orangehrmlive.com/web/index.php/auth/login' successfully

05-04-2024T13:23:12 - [MESSAGE][PASSED] - Navigate to 'https://opensource-demo.orangehrmlive.com/web/index.php/auth/login' successfully

05-04-2024T13:23:12 - [TEST_STEP][PASSED] - delay(3): Delayed 3 second(s)

05-04-2024T13:23:15 - [MESSAGE][PASSED] - Delayed 3 second(s)

05-04-2024T13:23:15 - [TEST_STEP][PASSED] - takeScreenshotAsCheckpoint("Before Login"): Taking screenshot successfully

05-04-2024T13:23:16 - [MESSAGE][INFO] - 0 hidden object(s)

05-04-2024T13:23:16 - [MESSAGE][PASSED] - Taking screenshot successfully
[[ATTACHMENT|keyes\keyes-Before Login.png]]

05-04-2024T13:23:16 - [TEST_STEP][PASSED] - setText(findTestObject("field_username"), valid_username): Text 'Admin' is set on object 'Object Repository/field_username'

05-04-2024T13:23:19 - [MESSAGE][PASSED] - Text 'Admin' is set on object 'Object Repository/field_username'

05-04-2024T13:23:19 - [TEST_STEP][PASSED] - setText(findTestObject("field_password"), valid_password): Text 'admin123' is set on object 'Object Repository/field_password'

05-04-2024T13:23:22 - [MESSAGE][PASSED] - Text 'admin123' is set on object 'Object Repository/field_password'

05-04-2024T13:23:22 - [TEST_STEP][PASSED] - click(findTestObject("btn_login")): Object: 'Object Repository/btn_login' is clicked on

05-04-2024T13:23:25 - [MESSAGE][PASSED] - Object: 'Object Repository/btn_login' is clicked on

05-04-2024T13:23:25 - [TEST_STEP][PASSED] - delay(5): Delayed 5 second(s)

05-04-2024T13:23:30 - [MESSAGE][PASSED] - Delayed 5 second(s)

05-04-2024T13:23:30 - [TEST_STEP][PASSED] - takeScreenshotAsCheckpoint("After Login"): Taking screenshot successfully

05-04-2024T13:23:30 - [MESSAGE][INFO] - 0 hidden object(s)

05-04-2024T13:23:31 - [MESSAGE][PASSED] - Taking screenshot successfully
[[ATTACHMENT|keyes\keyes-After Login.png]]

05-04-2024T13:23:31 - [MESSAGE][PASSED] - Call Test Case 'Test Cases/Login/Login_Success' successfully

05-04-2024T13:23:31 - [TEST_STEP][PASSED] - delay(3): Delayed 3 second(s)

05-04-2024T13:23:34 - [MESSAGE][PASSED] - Delayed 3 second(s)

05-04-2024T13:23:34 - [TEST_STEP][PASSED] - click(findTestObject("F_Menu_Admin/menu_admin")): Object: 'Object Repository/F_Menu_Admin/menu_admin' is clicked on

05-04-2024T13:23:36 - [MESSAGE][PASSED] - Object: 'Object Repository/F_Menu_Admin/menu_admin' is clicked on

05-04-2024T13:23:36 - [TEST_STEP][PASSED] - click(findTestObject("F_Menu_Admin/F_Job/tab_job")): Object: 'Object Repository/F_Menu_Admin/F_Job/tab_job' is clicked on

05-04-2024T13:23:39 - [MESSAGE][PASSED] - Object: 'Object Repository/F_Menu_Admin/F_Job/tab_job' is clicked on

05-04-2024T13:23:39 - [TEST_STEP][PASSED] - click(findTestObject("F_Menu_Admin/F_Job/select_jobTitles")): Object: 'Object Repository/F_Menu_Admin/F_Job/select_jobTitles' is clicked on

05-04-2024T13:23:41 - [MESSAGE][PASSED] - Object: 'Object Repository/F_Menu_Admin/F_Job/select_jobTitles' is clicked on

05-04-2024T13:23:41 - [TEST_STEP][PASSED] - verifyElementText(findTestObject("F_Menu_Admin/title_menu"), "Job Titles"): Actual text and expected text of test object 'Object Repository/F_Menu_Admin/title_menu' are matched.

05-04-2024T13:23:42 - [MESSAGE][PASSED] - Actual text and expected text of test object 'Object Repository/F_Menu_Admin/title_menu' are matched.

05-04-2024T13:23:42 - [TEST_STEP][PASSED] - delay(3): Delayed 3 second(s)

05-04-2024T13:23:45 - [MESSAGE][PASSED] - Delayed 3 second(s)]]></system-out>
         <system-err><![CDATA[]]></system-err>
      </testcase>
      <system-out><![CDATA[05-04-2024T13:22:49 - [TEST_SUITE][PASSED] - TS_Job_JobTitles: Test Cases/Menu_Admin/Navigate_Job_JobTitles]]></system-out>
      <system-err><![CDATA[]]></system-err>
   </testsuite>
   <testsuite name="TS_Job_EmploymentStatus" tests="1" failures="0" errors="0" time="51.157" skipped="0" timestamp="05-04-2024T13:24:00" hostname="1556 - LAPTOP-PT885S91" id="Test Suites/TS_MenuAdmin/F_Job/TS_Job_EmploymentStatus">
      <properties>
         <property name="deviceName" value=""/>
         <property name="devicePlatform" value=""/>
         <property name="logFolder" value="C:\\Users\\1556\\Katalon Studio\\My First Web UI Project\\Reports\\20240405_131951\\TS_MenuAdmin\\F_Job\\TS_Job_EmploymentStatus\\20240405_131958"/>
         <property name="logFiles" value="C:\\Users\\1556\\Katalon Studio\\My First Web UI Project\\Reports\\20240405_131951\\TS_MenuAdmin\\F_Job\\TS_Job_EmploymentStatus\\20240405_131958\\execution0.log"/>
         <property name="attachments" value="keyes\keyes-Before Login.png, keyes\keyes-After Login.png"/>
         <property name="hostName" value="1556 - LAPTOP-PT885S91"/>
         <property name="os" value="Windows 11 64bit"/>
         <property name="katalonVersion" value="9.3.2.212"/>
         <property name="browser" value="Chrome 123.0.0.0"/>
         <property name="hostAddress" value="192.168.10.31"/>
         <property name="sessionId" value="87e62249fda3dbdaaad2a213a1ea2f77"/>
         <property name="seleniumVersion" value="3.141.59"/>
         <property name="proxyInformation" value="ProxyInformation { proxyOption=NO_PROXY, proxyServerType=HTTP, username=, password=********, proxyServerAddress=, proxyServerPort=0, executionList=&quot;&quot;, isApplyToDesiredCapabilities=true }"/>
         <property name="platform" value="Windows 11"/>
      </properties>
      <testcase name="Test Cases/Menu_Admin/Navigate_Job_EmploymentStatus" time="50.871" classname="Test Cases/Menu_Admin/Navigate_Job_EmploymentStatus" status="PASSED">
         <system-out><![CDATA[05-04-2024T13:24:00 - [TEST_CASE][PASSED] - Test Cases/Menu_Admin/Navigate_Job_EmploymentStatus: Test Cases/Menu_Admin/Navigate_Job_EmploymentStatus

05-04-2024T13:24:01 - [TEST_STEP][PASSED] - callTestCase(findTestCase("Login/Login_Success"), [:], STOP_ON_FAILURE): Call Test Case 'Test Cases/Login/Login_Success' successfully

05-04-2024T13:24:01 - [TEST_CASE][PASSED] - Test Cases/Login/Login_Success: Test Cases/Login/Login_Success

05-04-2024T13:24:01 - [TEST_STEP][PASSED] - openBrowser(""): Browser is opened with url: ''

05-04-2024T13:24:02 - [MESSAGE][INFO] - Starting 'Chrome' driver

05-04-2024T13:24:02 - [MESSAGE][INFO] - User set preference: ['args', '[--start-maximized]']

05-04-2024T13:24:02 - [MESSAGE][INFO] - Action delay is set to 1,000 milliseconds

05-04-2024T13:24:04 - [MESSAGE][PASSED] - Browser is opened with url: ''

05-04-2024T13:24:04 - [TEST_STEP][PASSED] - navigateToUrl(url_login): Navigate to 'https://opensource-demo.orangehrmlive.com/web/index.php/auth/login' successfully

05-04-2024T13:24:17 - [MESSAGE][PASSED] - Navigate to 'https://opensource-demo.orangehrmlive.com/web/index.php/auth/login' successfully

05-04-2024T13:24:17 - [TEST_STEP][PASSED] - delay(3): Delayed 3 second(s)

05-04-2024T13:24:20 - [MESSAGE][PASSED] - Delayed 3 second(s)

05-04-2024T13:24:20 - [TEST_STEP][PASSED] - takeScreenshotAsCheckpoint("Before Login"): Taking screenshot successfully

05-04-2024T13:24:23 - [MESSAGE][INFO] - 0 hidden object(s)

05-04-2024T13:24:23 - [MESSAGE][PASSED] - Taking screenshot successfully
[[ATTACHMENT|keyes\keyes-Before Login.png]]

05-04-2024T13:24:23 - [TEST_STEP][PASSED] - setText(findTestObject("field_username"), valid_username): Text 'Admin' is set on object 'Object Repository/field_username'

05-04-2024T13:24:25 - [MESSAGE][PASSED] - Text 'Admin' is set on object 'Object Repository/field_username'

05-04-2024T13:24:25 - [TEST_STEP][PASSED] - setText(findTestObject("field_password"), valid_password): Text 'admin123' is set on object 'Object Repository/field_password'

05-04-2024T13:24:28 - [MESSAGE][PASSED] - Text 'admin123' is set on object 'Object Repository/field_password'

05-04-2024T13:24:28 - [TEST_STEP][PASSED] - click(findTestObject("btn_login")): Object: 'Object Repository/btn_login' is clicked on

05-04-2024T13:24:31 - [MESSAGE][PASSED] - Object: 'Object Repository/btn_login' is clicked on

05-04-2024T13:24:31 - [TEST_STEP][PASSED] - delay(5): Delayed 5 second(s)

05-04-2024T13:24:36 - [MESSAGE][PASSED] - Delayed 5 second(s)

05-04-2024T13:24:36 - [TEST_STEP][PASSED] - takeScreenshotAsCheckpoint("After Login"): Taking screenshot successfully

05-04-2024T13:24:37 - [MESSAGE][INFO] - 0 hidden object(s)

05-04-2024T13:24:37 - [MESSAGE][PASSED] - Taking screenshot successfully
[[ATTACHMENT|keyes\keyes-After Login.png]]

05-04-2024T13:24:37 - [MESSAGE][PASSED] - Call Test Case 'Test Cases/Login/Login_Success' successfully

05-04-2024T13:24:37 - [TEST_STEP][PASSED] - delay(3): Delayed 3 second(s)

05-04-2024T13:24:40 - [MESSAGE][PASSED] - Delayed 3 second(s)

05-04-2024T13:24:40 - [TEST_STEP][PASSED] - click(findTestObject("F_Menu_Admin/menu_admin")): Object: 'Object Repository/F_Menu_Admin/menu_admin' is clicked on

05-04-2024T13:24:42 - [MESSAGE][PASSED] - Object: 'Object Repository/F_Menu_Admin/menu_admin' is clicked on

05-04-2024T13:24:42 - [TEST_STEP][PASSED] - click(findTestObject("F_Menu_Admin/F_Job/tab_job")): Object: 'Object Repository/F_Menu_Admin/F_Job/tab_job' is clicked on

05-04-2024T13:24:45 - [MESSAGE][PASSED] - Object: 'Object Repository/F_Menu_Admin/F_Job/tab_job' is clicked on

05-04-2024T13:24:45 - [TEST_STEP][PASSED] - click(findTestObject("F_Menu_Admin/F_Job/select_employmentStatus")): Object: 'Object Repository/F_Menu_Admin/F_Job/select_employmentStatus' is clicked on

05-04-2024T13:24:47 - [MESSAGE][PASSED] - Object: 'Object Repository/F_Menu_Admin/F_Job/select_employmentStatus' is clicked on

05-04-2024T13:24:47 - [TEST_STEP][PASSED] - verifyElementText(findTestObject("F_Menu_Admin/title_menu"), "Employment Status"): Actual text and expected text of test object 'Object Repository/F_Menu_Admin/title_menu' are matched.

05-04-2024T13:24:48 - [MESSAGE][PASSED] - Actual text and expected text of test object 'Object Repository/F_Menu_Admin/title_menu' are matched.

05-04-2024T13:24:48 - [TEST_STEP][PASSED] - delay(3): Delayed 3 second(s)

05-04-2024T13:24:51 - [MESSAGE][PASSED] - Delayed 3 second(s)]]></system-out>
         <system-err><![CDATA[]]></system-err>
      </testcase>
      <system-out><![CDATA[05-04-2024T13:24:00 - [TEST_SUITE][PASSED] - TS_Job_EmploymentStatus: Test Cases/Menu_Admin/Navigate_Job_EmploymentStatus]]></system-out>
      <system-err><![CDATA[]]></system-err>
   </testsuite>
   <testsuite name="TS_Job_JobCategories" tests="1" failures="0" errors="0" time="49.598" skipped="0" timestamp="05-04-2024T13:25:07" hostname="1556 - LAPTOP-PT885S91" id="Test Suites/TS_MenuAdmin/F_Job/TS_Job_JobCategories">
      <properties>
         <property name="deviceName" value=""/>
         <property name="devicePlatform" value=""/>
         <property name="logFolder" value="C:\\Users\\1556\\Katalon Studio\\My First Web UI Project\\Reports\\20240405_131951\\TS_MenuAdmin\\F_Job\\TS_Job_JobCategories\\20240405_132000"/>
         <property name="logFiles" value="C:\\Users\\1556\\Katalon Studio\\My First Web UI Project\\Reports\\20240405_131951\\TS_MenuAdmin\\F_Job\\TS_Job_JobCategories\\20240405_132000\\execution0.log"/>
         <property name="attachments" value="keyes\keyes-Before Login.png, keyes\keyes-After Login.png"/>
         <property name="hostName" value="1556 - LAPTOP-PT885S91"/>
         <property name="os" value="Windows 11 64bit"/>
         <property name="katalonVersion" value="9.3.2.212"/>
         <property name="browser" value="Chrome 123.0.0.0"/>
         <property name="hostAddress" value="192.168.10.31"/>
         <property name="sessionId" value="1694cdee9d98f5aa6142854d4deb3333"/>
         <property name="seleniumVersion" value="3.141.59"/>
         <property name="proxyInformation" value="ProxyInformation { proxyOption=NO_PROXY, proxyServerType=HTTP, username=, password=********, proxyServerAddress=, proxyServerPort=0, executionList=&quot;&quot;, isApplyToDesiredCapabilities=true }"/>
         <property name="platform" value="Windows 11"/>
      </properties>
      <testcase name="Test Cases/Menu_Admin/Navigate_Job_JobCategories" time="49.239" classname="Test Cases/Menu_Admin/Navigate_Job_JobCategories" status="PASSED">
         <system-out><![CDATA[05-04-2024T13:25:08 - [TEST_CASE][PASSED] - Test Cases/Menu_Admin/Navigate_Job_JobCategories: Test Cases/Menu_Admin/Navigate_Job_JobCategories

05-04-2024T13:25:08 - [TEST_STEP][PASSED] - callTestCase(findTestCase("Login/Login_Success"), [:], STOP_ON_FAILURE): Call Test Case 'Test Cases/Login/Login_Success' successfully

05-04-2024T13:25:09 - [TEST_CASE][PASSED] - Test Cases/Login/Login_Success: Test Cases/Login/Login_Success

05-04-2024T13:25:09 - [TEST_STEP][PASSED] - openBrowser(""): Browser is opened with url: ''

05-04-2024T13:25:09 - [MESSAGE][INFO] - Starting 'Chrome' driver

05-04-2024T13:25:09 - [MESSAGE][INFO] - User set preference: ['args', '[--start-maximized]']

05-04-2024T13:25:09 - [MESSAGE][INFO] - Action delay is set to 1,000 milliseconds

05-04-2024T13:25:11 - [MESSAGE][PASSED] - Browser is opened with url: ''

05-04-2024T13:25:11 - [TEST_STEP][PASSED] - navigateToUrl(url_login): Navigate to 'https://opensource-demo.orangehrmlive.com/web/index.php/auth/login' successfully

05-04-2024T13:25:25 - [MESSAGE][PASSED] - Navigate to 'https://opensource-demo.orangehrmlive.com/web/index.php/auth/login' successfully

05-04-2024T13:25:25 - [TEST_STEP][PASSED] - delay(3): Delayed 3 second(s)

05-04-2024T13:25:28 - [MESSAGE][PASSED] - Delayed 3 second(s)

05-04-2024T13:25:28 - [TEST_STEP][PASSED] - takeScreenshotAsCheckpoint("Before Login"): Taking screenshot successfully

05-04-2024T13:25:29 - [MESSAGE][INFO] - 0 hidden object(s)

05-04-2024T13:25:29 - [MESSAGE][PASSED] - Taking screenshot successfully
[[ATTACHMENT|keyes\keyes-Before Login.png]]

05-04-2024T13:25:29 - [TEST_STEP][PASSED] - setText(findTestObject("field_username"), valid_username): Text 'Admin' is set on object 'Object Repository/field_username'

05-04-2024T13:25:32 - [MESSAGE][PASSED] - Text 'Admin' is set on object 'Object Repository/field_username'

05-04-2024T13:25:32 - [TEST_STEP][PASSED] - setText(findTestObject("field_password"), valid_password): Text 'admin123' is set on object 'Object Repository/field_password'

05-04-2024T13:25:34 - [MESSAGE][PASSED] - Text 'admin123' is set on object 'Object Repository/field_password'

05-04-2024T13:25:34 - [TEST_STEP][PASSED] - click(findTestObject("btn_login")): Object: 'Object Repository/btn_login' is clicked on

05-04-2024T13:25:37 - [MESSAGE][PASSED] - Object: 'Object Repository/btn_login' is clicked on

05-04-2024T13:25:37 - [TEST_STEP][PASSED] - delay(5): Delayed 5 second(s)

05-04-2024T13:25:42 - [MESSAGE][PASSED] - Delayed 5 second(s)

05-04-2024T13:25:42 - [TEST_STEP][PASSED] - takeScreenshotAsCheckpoint("After Login"): Taking screenshot successfully

05-04-2024T13:25:42 - [MESSAGE][INFO] - 0 hidden object(s)

05-04-2024T13:25:43 - [MESSAGE][PASSED] - Taking screenshot successfully
[[ATTACHMENT|keyes\keyes-After Login.png]]

05-04-2024T13:25:43 - [MESSAGE][PASSED] - Call Test Case 'Test Cases/Login/Login_Success' successfully

05-04-2024T13:25:43 - [TEST_STEP][PASSED] - delay(3): Delayed 3 second(s)

05-04-2024T13:25:46 - [MESSAGE][PASSED] - Delayed 3 second(s)

05-04-2024T13:25:46 - [TEST_STEP][PASSED] - click(findTestObject("F_Menu_Admin/menu_admin")): Object: 'Object Repository/F_Menu_Admin/menu_admin' is clicked on

05-04-2024T13:25:48 - [MESSAGE][PASSED] - Object: 'Object Repository/F_Menu_Admin/menu_admin' is clicked on

05-04-2024T13:25:48 - [TEST_STEP][PASSED] - click(findTestObject("F_Menu_Admin/F_Job/tab_job")): Object: 'Object Repository/F_Menu_Admin/F_Job/tab_job' is clicked on

05-04-2024T13:25:51 - [MESSAGE][PASSED] - Object: 'Object Repository/F_Menu_Admin/F_Job/tab_job' is clicked on

05-04-2024T13:25:51 - [TEST_STEP][PASSED] - click(findTestObject("F_Menu_Admin/F_Job/select_jobCategories")): Object: 'Object Repository/F_Menu_Admin/F_Job/select_jobCategories' is clicked on

05-04-2024T13:25:53 - [MESSAGE][PASSED] - Object: 'Object Repository/F_Menu_Admin/F_Job/select_jobCategories' is clicked on

05-04-2024T13:25:53 - [TEST_STEP][PASSED] - verifyElementText(findTestObject("F_Menu_Admin/title_menu"), "Job Categories"): Actual text and expected text of test object 'Object Repository/F_Menu_Admin/title_menu' are matched.

05-04-2024T13:25:54 - [MESSAGE][PASSED] - Actual text and expected text of test object 'Object Repository/F_Menu_Admin/title_menu' are matched.

05-04-2024T13:25:54 - [TEST_STEP][PASSED] - delay(3): Delayed 3 second(s)

05-04-2024T13:25:57 - [MESSAGE][PASSED] - Delayed 3 second(s)]]></system-out>
         <system-err><![CDATA[]]></system-err>
      </testcase>
      <system-out><![CDATA[05-04-2024T13:25:07 - [TEST_SUITE][PASSED] - TS_Job_JobCategories: Test Cases/Menu_Admin/Navigate_Job_JobCategories]]></system-out>
      <system-err><![CDATA[]]></system-err>
   </testsuite>
   <testsuite name="TS_Job_WorkShifts" tests="1" failures="0" errors="0" time="56.765" skipped="0" timestamp="05-04-2024T13:26:14" hostname="1556 - LAPTOP-PT885S91" id="Test Suites/TS_MenuAdmin/F_Job/TS_Job_WorkShifts">
      <properties>
         <property name="deviceName" value=""/>
         <property name="devicePlatform" value=""/>
         <property name="logFolder" value="C:\\Users\\1556\\Katalon Studio\\My First Web UI Project\\Reports\\20240405_131951\\TS_MenuAdmin\\F_Job\\TS_Job_WorkShifts\\20240405_132002"/>
         <property name="logFiles" value="C:\\Users\\1556\\Katalon Studio\\My First Web UI Project\\Reports\\20240405_131951\\TS_MenuAdmin\\F_Job\\TS_Job_WorkShifts\\20240405_132002\\execution0.log"/>
         <property name="attachments" value="keyes\keyes-Before Login.png, keyes\keyes-After Login.png"/>
         <property name="hostName" value="1556 - LAPTOP-PT885S91"/>
         <property name="os" value="Windows 11 64bit"/>
         <property name="katalonVersion" value="9.3.2.212"/>
         <property name="browser" value="Chrome 123.0.0.0"/>
         <property name="hostAddress" value="192.168.10.31"/>
         <property name="sessionId" value="67b44bf7a19fe45efcdb451ce45e08b9"/>
         <property name="seleniumVersion" value="3.141.59"/>
         <property name="proxyInformation" value="ProxyInformation { proxyOption=NO_PROXY, proxyServerType=HTTP, username=, password=********, proxyServerAddress=, proxyServerPort=0, executionList=&quot;&quot;, isApplyToDesiredCapabilities=true }"/>
         <property name="platform" value="Windows 11"/>
      </properties>
      <testcase name="Test Cases/Menu_Admin/Navigate_Job_WorkShifts" time="56.462" classname="Test Cases/Menu_Admin/Navigate_Job_WorkShifts" status="PASSED">
         <system-out><![CDATA[05-04-2024T13:26:14 - [TEST_CASE][PASSED] - Test Cases/Menu_Admin/Navigate_Job_WorkShifts: Test Cases/Menu_Admin/Navigate_Job_WorkShifts

05-04-2024T13:26:15 - [TEST_STEP][PASSED] - callTestCase(findTestCase("Login/Login_Success"), [:], STOP_ON_FAILURE): Call Test Case 'Test Cases/Login/Login_Success' successfully

05-04-2024T13:26:15 - [TEST_CASE][PASSED] - Test Cases/Login/Login_Success: Test Cases/Login/Login_Success

05-04-2024T13:26:15 - [TEST_STEP][PASSED] - openBrowser(""): Browser is opened with url: ''

05-04-2024T13:26:15 - [MESSAGE][INFO] - Starting 'Chrome' driver

05-04-2024T13:26:15 - [MESSAGE][INFO] - User set preference: ['args', '[--start-maximized]']

05-04-2024T13:26:15 - [MESSAGE][INFO] - Action delay is set to 1,000 milliseconds

05-04-2024T13:26:17 - [MESSAGE][PASSED] - Browser is opened with url: ''

05-04-2024T13:26:17 - [TEST_STEP][PASSED] - navigateToUrl(url_login): Navigate to 'https://opensource-demo.orangehrmlive.com/web/index.php/auth/login' successfully

05-04-2024T13:26:38 - [MESSAGE][PASSED] - Navigate to 'https://opensource-demo.orangehrmlive.com/web/index.php/auth/login' successfully

05-04-2024T13:26:38 - [TEST_STEP][PASSED] - delay(3): Delayed 3 second(s)

05-04-2024T13:26:41 - [MESSAGE][PASSED] - Delayed 3 second(s)

05-04-2024T13:26:41 - [TEST_STEP][PASSED] - takeScreenshotAsCheckpoint("Before Login"): Taking screenshot successfully

05-04-2024T13:26:42 - [MESSAGE][INFO] - 0 hidden object(s)

05-04-2024T13:26:42 - [MESSAGE][PASSED] - Taking screenshot successfully
[[ATTACHMENT|keyes\keyes-Before Login.png]]

05-04-2024T13:26:42 - [TEST_STEP][PASSED] - setText(findTestObject("field_username"), valid_username): Text 'Admin' is set on object 'Object Repository/field_username'

05-04-2024T13:26:45 - [MESSAGE][PASSED] - Text 'Admin' is set on object 'Object Repository/field_username'

05-04-2024T13:26:45 - [TEST_STEP][PASSED] - setText(findTestObject("field_password"), valid_password): Text 'admin123' is set on object 'Object Repository/field_password'

05-04-2024T13:26:48 - [MESSAGE][PASSED] - Text 'admin123' is set on object 'Object Repository/field_password'

05-04-2024T13:26:48 - [TEST_STEP][PASSED] - click(findTestObject("btn_login")): Object: 'Object Repository/btn_login' is clicked on

05-04-2024T13:26:49 - [MESSAGE][PASSED] - Object: 'Object Repository/btn_login' is clicked on

05-04-2024T13:26:49 - [TEST_STEP][PASSED] - delay(5): Delayed 5 second(s)

05-04-2024T13:26:54 - [MESSAGE][PASSED] - Delayed 5 second(s)

05-04-2024T13:26:54 - [TEST_STEP][PASSED] - takeScreenshotAsCheckpoint("After Login"): Taking screenshot successfully

05-04-2024T13:26:55 - [MESSAGE][INFO] - 0 hidden object(s)

05-04-2024T13:26:55 - [MESSAGE][PASSED] - Taking screenshot successfully
[[ATTACHMENT|keyes\keyes-After Login.png]]

05-04-2024T13:26:55 - [MESSAGE][PASSED] - Call Test Case 'Test Cases/Login/Login_Success' successfully

05-04-2024T13:26:55 - [TEST_STEP][PASSED] - delay(3): Delayed 3 second(s)

05-04-2024T13:26:58 - [MESSAGE][PASSED] - Delayed 3 second(s)

05-04-2024T13:26:58 - [TEST_STEP][PASSED] - click(findTestObject("F_Menu_Admin/menu_admin")): Object: 'Object Repository/F_Menu_Admin/menu_admin' is clicked on

05-04-2024T13:27:01 - [MESSAGE][PASSED] - Object: 'Object Repository/F_Menu_Admin/menu_admin' is clicked on

05-04-2024T13:27:01 - [TEST_STEP][PASSED] - click(findTestObject("F_Menu_Admin/F_Job/tab_job")): Object: 'Object Repository/F_Menu_Admin/F_Job/tab_job' is clicked on

05-04-2024T13:27:04 - [MESSAGE][PASSED] - Object: 'Object Repository/F_Menu_Admin/F_Job/tab_job' is clicked on

05-04-2024T13:27:04 - [TEST_STEP][PASSED] - click(findTestObject("F_Menu_Admin/F_Job/select_workShifts")): Object: 'Object Repository/F_Menu_Admin/F_Job/select_workShifts' is clicked on

05-04-2024T13:27:06 - [MESSAGE][PASSED] - Object: 'Object Repository/F_Menu_Admin/F_Job/select_workShifts' is clicked on

05-04-2024T13:27:06 - [TEST_STEP][PASSED] - verifyElementText(findTestObject("F_Menu_Admin/title_menu"), "Work Shifts"): Actual text and expected text of test object 'Object Repository/F_Menu_Admin/title_menu' are matched.

05-04-2024T13:27:08 - [MESSAGE][PASSED] - Actual text and expected text of test object 'Object Repository/F_Menu_Admin/title_menu' are matched.

05-04-2024T13:27:08 - [TEST_STEP][PASSED] - delay(3): Delayed 3 second(s)

05-04-2024T13:27:11 - [MESSAGE][PASSED] - Delayed 3 second(s)]]></system-out>
         <system-err><![CDATA[]]></system-err>
      </testcase>
      <system-out><![CDATA[05-04-2024T13:26:14 - [TEST_SUITE][PASSED] - TS_Job_WorkShifts: Test Cases/Menu_Admin/Navigate_Job_WorkShifts]]></system-out>
      <system-err><![CDATA[]]></system-err>
   </testsuite>
   <testsuite name="TS_Organization_GeneralInformation" tests="1" failures="0" errors="0" time="57.922" skipped="0" timestamp="05-04-2024T13:27:27" hostname="1556 - LAPTOP-PT885S91" id="Test Suites/TS_MenuAdmin/F_Organization/TS_Organization_GeneralInformation">
      <properties>
         <property name="deviceName" value=""/>
         <property name="devicePlatform" value=""/>
         <property name="logFolder" value="C:\\Users\\1556\\Katalon Studio\\My First Web UI Project\\Reports\\20240405_131951\\TS_MenuAdmin\\F_Organization\\TS_Organization_GeneralInformation\\20240405_132004"/>
         <property name="logFiles" value="C:\\Users\\1556\\Katalon Studio\\My First Web UI Project\\Reports\\20240405_131951\\TS_MenuAdmin\\F_Organization\\TS_Organization_GeneralInformation\\20240405_132004\\execution0.log"/>
         <property name="attachments" value="keyes\keyes-Before Login.png, keyes\keyes-After Login.png"/>
         <property name="hostName" value="1556 - LAPTOP-PT885S91"/>
         <property name="os" value="Windows 11 64bit"/>
         <property name="katalonVersion" value="9.3.2.212"/>
         <property name="browser" value="Chrome 123.0.0.0"/>
         <property name="hostAddress" value="192.168.10.31"/>
         <property name="sessionId" value="3ec67579ce18b0d7826ea204600964cb"/>
         <property name="seleniumVersion" value="3.141.59"/>
         <property name="proxyInformation" value="ProxyInformation { proxyOption=NO_PROXY, proxyServerType=HTTP, username=, password=********, proxyServerAddress=, proxyServerPort=0, executionList=&quot;&quot;, isApplyToDesiredCapabilities=true }"/>
         <property name="platform" value="Windows 11"/>
      </properties>
      <testcase name="Test Cases/Menu_Admin/Navigate_Organization_GeneralInformation" time="57.65" classname="Test Cases/Menu_Admin/Navigate_Organization_GeneralInformation" status="PASSED">
         <system-out><![CDATA[05-04-2024T13:27:28 - [TEST_CASE][PASSED] - Test Cases/Menu_Admin/Navigate_Organization_GeneralInformation: Test Cases/Menu_Admin/Navigate_Organization_GeneralInformation

05-04-2024T13:27:28 - [TEST_STEP][PASSED] - callTestCase(findTestCase("Login/Login_Success"), [:], STOP_ON_FAILURE): Call Test Case 'Test Cases/Login/Login_Success' successfully

05-04-2024T13:27:28 - [TEST_CASE][PASSED] - Test Cases/Login/Login_Success: Test Cases/Login/Login_Success

05-04-2024T13:27:29 - [TEST_STEP][PASSED] - openBrowser(""): Browser is opened with url: ''

05-04-2024T13:27:29 - [MESSAGE][INFO] - Starting 'Chrome' driver

05-04-2024T13:27:29 - [MESSAGE][INFO] - User set preference: ['args', '[--start-maximized]']

05-04-2024T13:27:29 - [MESSAGE][INFO] - Action delay is set to 1,000 milliseconds

05-04-2024T13:27:31 - [MESSAGE][PASSED] - Browser is opened with url: ''

05-04-2024T13:27:31 - [TEST_STEP][PASSED] - navigateToUrl(url_login): Navigate to 'https://opensource-demo.orangehrmlive.com/web/index.php/auth/login' successfully

05-04-2024T13:27:53 - [MESSAGE][PASSED] - Navigate to 'https://opensource-demo.orangehrmlive.com/web/index.php/auth/login' successfully

05-04-2024T13:27:53 - [TEST_STEP][PASSED] - delay(3): Delayed 3 second(s)

05-04-2024T13:27:56 - [MESSAGE][PASSED] - Delayed 3 second(s)

05-04-2024T13:27:56 - [TEST_STEP][PASSED] - takeScreenshotAsCheckpoint("Before Login"): Taking screenshot successfully

05-04-2024T13:27:57 - [MESSAGE][INFO] - 0 hidden object(s)

05-04-2024T13:27:57 - [MESSAGE][PASSED] - Taking screenshot successfully
[[ATTACHMENT|keyes\keyes-Before Login.png]]

05-04-2024T13:27:57 - [TEST_STEP][PASSED] - setText(findTestObject("field_username"), valid_username): Text 'Admin' is set on object 'Object Repository/field_username'

05-04-2024T13:28:00 - [MESSAGE][PASSED] - Text 'Admin' is set on object 'Object Repository/field_username'

05-04-2024T13:28:00 - [TEST_STEP][PASSED] - setText(findTestObject("field_password"), valid_password): Text 'admin123' is set on object 'Object Repository/field_password'

05-04-2024T13:28:03 - [MESSAGE][PASSED] - Text 'admin123' is set on object 'Object Repository/field_password'

05-04-2024T13:28:03 - [TEST_STEP][PASSED] - click(findTestObject("btn_login")): Object: 'Object Repository/btn_login' is clicked on

05-04-2024T13:28:04 - [MESSAGE][PASSED] - Object: 'Object Repository/btn_login' is clicked on

05-04-2024T13:28:04 - [TEST_STEP][PASSED] - delay(5): Delayed 5 second(s)

05-04-2024T13:28:10 - [MESSAGE][PASSED] - Delayed 5 second(s)

05-04-2024T13:28:10 - [TEST_STEP][PASSED] - takeScreenshotAsCheckpoint("After Login"): Taking screenshot successfully

05-04-2024T13:28:10 - [MESSAGE][INFO] - 0 hidden object(s)

05-04-2024T13:28:10 - [MESSAGE][PASSED] - Taking screenshot successfully
[[ATTACHMENT|keyes\keyes-After Login.png]]

05-04-2024T13:28:10 - [MESSAGE][PASSED] - Call Test Case 'Test Cases/Login/Login_Success' successfully

05-04-2024T13:28:10 - [TEST_STEP][PASSED] - delay(3): Delayed 3 second(s)

05-04-2024T13:28:13 - [MESSAGE][PASSED] - Delayed 3 second(s)

05-04-2024T13:28:13 - [TEST_STEP][PASSED] - click(findTestObject("F_Menu_Admin/menu_admin")): Object: 'Object Repository/F_Menu_Admin/menu_admin' is clicked on

05-04-2024T13:28:16 - [MESSAGE][PASSED] - Object: 'Object Repository/F_Menu_Admin/menu_admin' is clicked on

05-04-2024T13:28:16 - [TEST_STEP][PASSED] - click(findTestObject("F_Menu_Admin/F_Organization/tab_organization")): Object: 'Object Repository/F_Menu_Admin/F_Organization/tab_organization' is clicked on

05-04-2024T13:28:18 - [MESSAGE][PASSED] - Object: 'Object Repository/F_Menu_Admin/F_Organization/tab_organization' is clicked on

05-04-2024T13:28:18 - [TEST_STEP][PASSED] - click(findTestObject("F_Menu_Admin/F_Organization/select_generalInformation")): Object: 'Object Repository/F_Menu_Admin/F_Organization/select_generalInformation' is clicked on

05-04-2024T13:28:20 - [MESSAGE][PASSED] - Object: 'Object Repository/F_Menu_Admin/F_Organization/select_generalInformation' is clicked on

05-04-2024T13:28:20 - [TEST_STEP][PASSED] - verifyElementText(findTestObject("F_Menu_Admin/title_menu"), "General Information"): Actual text and expected text of test object 'Object Repository/F_Menu_Admin/title_menu' are matched.

05-04-2024T13:28:22 - [MESSAGE][PASSED] - Actual text and expected text of test object 'Object Repository/F_Menu_Admin/title_menu' are matched.

05-04-2024T13:28:22 - [TEST_STEP][PASSED] - delay(3): Delayed 3 second(s)

05-04-2024T13:28:25 - [MESSAGE][PASSED] - Delayed 3 second(s)]]></system-out>
         <system-err><![CDATA[]]></system-err>
      </testcase>
      <system-out><![CDATA[05-04-2024T13:27:27 - [TEST_SUITE][PASSED] - TS_Organization_GeneralInformation: Test Cases/Menu_Admin/Navigate_Organization_GeneralInformation]]></system-out>
      <system-err><![CDATA[]]></system-err>
   </testsuite>
   <testsuite name="TS_Organization_Locations" tests="1" failures="0" errors="0" time="55.418" skipped="0" timestamp="05-04-2024T13:28:40" hostname="1556 - LAPTOP-PT885S91" id="Test Suites/TS_MenuAdmin/F_Organization/TS_Organization_Locations">
      <properties>
         <property name="deviceName" value=""/>
         <property name="devicePlatform" value=""/>
         <property name="logFolder" value="C:\\Users\\1556\\Katalon Studio\\My First Web UI Project\\Reports\\20240405_131951\\TS_MenuAdmin\\F_Organization\\TS_Organization_Locations\\20240405_132006"/>
         <property name="logFiles" value="C:\\Users\\1556\\Katalon Studio\\My First Web UI Project\\Reports\\20240405_131951\\TS_MenuAdmin\\F_Organization\\TS_Organization_Locations\\20240405_132006\\execution0.log"/>
         <property name="attachments" value="keyes\keyes-Before Login.png, keyes\keyes-After Login.png"/>
         <property name="hostName" value="1556 - LAPTOP-PT885S91"/>
         <property name="os" value="Windows 11 64bit"/>
         <property name="katalonVersion" value="9.3.2.212"/>
         <property name="browser" value="Chrome 123.0.0.0"/>
         <property name="hostAddress" value="192.168.10.31"/>
         <property name="sessionId" value="bb58666aa66ed0dd68c3dc4fef322c02"/>
         <property name="seleniumVersion" value="3.141.59"/>
         <property name="proxyInformation" value="ProxyInformation { proxyOption=NO_PROXY, proxyServerType=HTTP, username=, password=********, proxyServerAddress=, proxyServerPort=0, executionList=&quot;&quot;, isApplyToDesiredCapabilities=true }"/>
         <property name="platform" value="Windows 11"/>
      </properties>
      <testcase name="Test Cases/Menu_Admin/Navigate_Organization_Location" time="55.137" classname="Test Cases/Menu_Admin/Navigate_Organization_Location" status="PASSED">
         <system-out><![CDATA[05-04-2024T13:28:40 - [TEST_CASE][PASSED] - Test Cases/Menu_Admin/Navigate_Organization_Location: Test Cases/Menu_Admin/Navigate_Organization_Location

05-04-2024T13:28:40 - [TEST_STEP][PASSED] - callTestCase(findTestCase("Login/Login_Success"), [:], STOP_ON_FAILURE): Call Test Case 'Test Cases/Login/Login_Success' successfully

05-04-2024T13:28:41 - [TEST_CASE][PASSED] - Test Cases/Login/Login_Success: Test Cases/Login/Login_Success

05-04-2024T13:28:41 - [TEST_STEP][PASSED] - openBrowser(""): Browser is opened with url: ''

05-04-2024T13:28:41 - [MESSAGE][INFO] - Starting 'Chrome' driver

05-04-2024T13:28:41 - [MESSAGE][INFO] - User set preference: ['args', '[--start-maximized]']

05-04-2024T13:28:41 - [MESSAGE][INFO] - Action delay is set to 1,000 milliseconds

05-04-2024T13:28:43 - [MESSAGE][PASSED] - Browser is opened with url: ''

05-04-2024T13:28:43 - [TEST_STEP][PASSED] - navigateToUrl(url_login): Navigate to 'https://opensource-demo.orangehrmlive.com/web/index.php/auth/login' successfully

05-04-2024T13:29:02 - [MESSAGE][PASSED] - Navigate to 'https://opensource-demo.orangehrmlive.com/web/index.php/auth/login' successfully

05-04-2024T13:29:02 - [TEST_STEP][PASSED] - delay(3): Delayed 3 second(s)

05-04-2024T13:29:05 - [MESSAGE][PASSED] - Delayed 3 second(s)

05-04-2024T13:29:05 - [TEST_STEP][PASSED] - takeScreenshotAsCheckpoint("Before Login"): Taking screenshot successfully

05-04-2024T13:29:05 - [MESSAGE][INFO] - 0 hidden object(s)

05-04-2024T13:29:06 - [MESSAGE][PASSED] - Taking screenshot successfully
[[ATTACHMENT|keyes\keyes-Before Login.png]]

05-04-2024T13:29:06 - [TEST_STEP][PASSED] - setText(findTestObject("field_username"), valid_username): Text 'Admin' is set on object 'Object Repository/field_username'

05-04-2024T13:29:09 - [MESSAGE][PASSED] - Text 'Admin' is set on object 'Object Repository/field_username'

05-04-2024T13:29:09 - [TEST_STEP][PASSED] - setText(findTestObject("field_password"), valid_password): Text 'admin123' is set on object 'Object Repository/field_password'

05-04-2024T13:29:11 - [MESSAGE][PASSED] - Text 'admin123' is set on object 'Object Repository/field_password'

05-04-2024T13:29:11 - [TEST_STEP][PASSED] - click(findTestObject("btn_login")): Object: 'Object Repository/btn_login' is clicked on

05-04-2024T13:29:14 - [MESSAGE][PASSED] - Object: 'Object Repository/btn_login' is clicked on

05-04-2024T13:29:14 - [TEST_STEP][PASSED] - delay(5): Delayed 5 second(s)

05-04-2024T13:29:19 - [MESSAGE][PASSED] - Delayed 5 second(s)

05-04-2024T13:29:19 - [TEST_STEP][PASSED] - takeScreenshotAsCheckpoint("After Login"): Taking screenshot successfully

05-04-2024T13:29:20 - [MESSAGE][INFO] - 0 hidden object(s)

05-04-2024T13:29:20 - [MESSAGE][PASSED] - Taking screenshot successfully
[[ATTACHMENT|keyes\keyes-After Login.png]]

05-04-2024T13:29:20 - [MESSAGE][PASSED] - Call Test Case 'Test Cases/Login/Login_Success' successfully

05-04-2024T13:29:20 - [TEST_STEP][PASSED] - delay(3): Delayed 3 second(s)

05-04-2024T13:29:23 - [MESSAGE][PASSED] - Delayed 3 second(s)

05-04-2024T13:29:23 - [TEST_STEP][PASSED] - click(findTestObject("F_Menu_Admin/menu_admin")): Object: 'Object Repository/F_Menu_Admin/menu_admin' is clicked on

05-04-2024T13:29:26 - [MESSAGE][PASSED] - Object: 'Object Repository/F_Menu_Admin/menu_admin' is clicked on

05-04-2024T13:29:26 - [TEST_STEP][PASSED] - click(findTestObject("F_Menu_Admin/F_Organization/tab_organization")): Object: 'Object Repository/F_Menu_Admin/F_Organization/tab_organization' is clicked on

05-04-2024T13:29:29 - [MESSAGE][PASSED] - Object: 'Object Repository/F_Menu_Admin/F_Organization/tab_organization' is clicked on

05-04-2024T13:29:29 - [TEST_STEP][PASSED] - click(findTestObject("F_Menu_Admin/F_Organization/select_locations")): Object: 'Object Repository/F_Menu_Admin/F_Organization/select_locations' is clicked on

05-04-2024T13:29:31 - [MESSAGE][PASSED] - Object: 'Object Repository/F_Menu_Admin/F_Organization/select_locations' is clicked on

05-04-2024T13:29:31 - [TEST_STEP][PASSED] - verifyElementText(findTestObject("F_Menu_Admin/title_menuWithFilter"), "Locations"): Actual text and expected text of test object 'Object Repository/F_Menu_Admin/title_menuWithFilter' are matched.

05-04-2024T13:29:32 - [MESSAGE][PASSED] - Actual text and expected text of test object 'Object Repository/F_Menu_Admin/title_menuWithFilter' are matched.

05-04-2024T13:29:32 - [TEST_STEP][PASSED] - delay(3): Delayed 3 second(s)

05-04-2024T13:29:35 - [MESSAGE][PASSED] - Delayed 3 second(s)]]></system-out>
         <system-err><![CDATA[]]></system-err>
      </testcase>
      <system-out><![CDATA[05-04-2024T13:28:40 - [TEST_SUITE][PASSED] - TS_Organization_Locations: Test Cases/Menu_Admin/Navigate_Organization_Location]]></system-out>
      <system-err><![CDATA[]]></system-err>
   </testsuite>
   <testsuite name="TS_Organization_Structure" tests="1" failures="0" errors="0" time="44.962" skipped="0" timestamp="05-04-2024T13:29:52" hostname="1556 - LAPTOP-PT885S91" id="Test Suites/TS_MenuAdmin/F_Organization/TS_Organization_Structure">
      <properties>
         <property name="deviceName" value=""/>
         <property name="devicePlatform" value=""/>
         <property name="logFolder" value="C:\\Users\\1556\\Katalon Studio\\My First Web UI Project\\Reports\\20240405_131951\\TS_MenuAdmin\\F_Organization\\TS_Organization_Structure\\20240405_132008"/>
         <property name="logFiles" value="C:\\Users\\1556\\Katalon Studio\\My First Web UI Project\\Reports\\20240405_131951\\TS_MenuAdmin\\F_Organization\\TS_Organization_Structure\\20240405_132008\\execution0.log"/>
         <property name="attachments" value="keyes\keyes-Before Login.png, keyes\keyes-After Login.png"/>
         <property name="hostName" value="1556 - LAPTOP-PT885S91"/>
         <property name="os" value="Windows 11 64bit"/>
         <property name="katalonVersion" value="9.3.2.212"/>
         <property name="browser" value="Chrome 123.0.0.0"/>
         <property name="hostAddress" value="192.168.10.31"/>
         <property name="sessionId" value="e665aa66e64e3c50dcd7d658087f8cc6"/>
         <property name="seleniumVersion" value="3.141.59"/>
         <property name="proxyInformation" value="ProxyInformation { proxyOption=NO_PROXY, proxyServerType=HTTP, username=, password=********, proxyServerAddress=, proxyServerPort=0, executionList=&quot;&quot;, isApplyToDesiredCapabilities=true }"/>
         <property name="platform" value="Windows 11"/>
      </properties>
      <testcase name="Test Cases/Menu_Admin/Navigate_Organization_Structure" time="44.693" classname="Test Cases/Menu_Admin/Navigate_Organization_Structure" status="PASSED">
         <system-out><![CDATA[05-04-2024T13:29:53 - [TEST_CASE][PASSED] - Test Cases/Menu_Admin/Navigate_Organization_Structure: Test Cases/Menu_Admin/Navigate_Organization_Structure

05-04-2024T13:29:53 - [TEST_STEP][PASSED] - callTestCase(findTestCase("Login/Login_Success"), [:], STOP_ON_FAILURE): Call Test Case 'Test Cases/Login/Login_Success' successfully

05-04-2024T13:29:53 - [TEST_CASE][PASSED] - Test Cases/Login/Login_Success: Test Cases/Login/Login_Success

05-04-2024T13:29:54 - [TEST_STEP][PASSED] - openBrowser(""): Browser is opened with url: ''

05-04-2024T13:29:54 - [MESSAGE][INFO] - Starting 'Chrome' driver

05-04-2024T13:29:54 - [MESSAGE][INFO] - User set preference: ['args', '[--start-maximized]']

05-04-2024T13:29:54 - [MESSAGE][INFO] - Action delay is set to 1,000 milliseconds

05-04-2024T13:29:56 - [MESSAGE][PASSED] - Browser is opened with url: ''

05-04-2024T13:29:56 - [TEST_STEP][PASSED] - navigateToUrl(url_login): Navigate to 'https://opensource-demo.orangehrmlive.com/web/index.php/auth/login' successfully

05-04-2024T13:30:04 - [MESSAGE][PASSED] - Navigate to 'https://opensource-demo.orangehrmlive.com/web/index.php/auth/login' successfully

05-04-2024T13:30:04 - [TEST_STEP][PASSED] - delay(3): Delayed 3 second(s)

05-04-2024T13:30:07 - [MESSAGE][PASSED] - Delayed 3 second(s)

05-04-2024T13:30:07 - [TEST_STEP][PASSED] - takeScreenshotAsCheckpoint("Before Login"): Taking screenshot successfully

05-04-2024T13:30:08 - [MESSAGE][INFO] - 0 hidden object(s)

05-04-2024T13:30:08 - [MESSAGE][PASSED] - Taking screenshot successfully
[[ATTACHMENT|keyes\keyes-Before Login.png]]

05-04-2024T13:30:08 - [TEST_STEP][PASSED] - setText(findTestObject("field_username"), valid_username): Text 'Admin' is set on object 'Object Repository/field_username'

05-04-2024T13:30:11 - [MESSAGE][PASSED] - Text 'Admin' is set on object 'Object Repository/field_username'

05-04-2024T13:30:11 - [TEST_STEP][PASSED] - setText(findTestObject("field_password"), valid_password): Text 'admin123' is set on object 'Object Repository/field_password'

05-04-2024T13:30:14 - [MESSAGE][PASSED] - Text 'admin123' is set on object 'Object Repository/field_password'

05-04-2024T13:30:14 - [TEST_STEP][PASSED] - click(findTestObject("btn_login")): Object: 'Object Repository/btn_login' is clicked on

05-04-2024T13:30:17 - [MESSAGE][PASSED] - Object: 'Object Repository/btn_login' is clicked on

05-04-2024T13:30:17 - [TEST_STEP][PASSED] - delay(5): Delayed 5 second(s)

05-04-2024T13:30:22 - [MESSAGE][PASSED] - Delayed 5 second(s)

05-04-2024T13:30:22 - [TEST_STEP][PASSED] - takeScreenshotAsCheckpoint("After Login"): Taking screenshot successfully

05-04-2024T13:30:22 - [MESSAGE][INFO] - 0 hidden object(s)

05-04-2024T13:30:23 - [MESSAGE][PASSED] - Taking screenshot successfully
[[ATTACHMENT|keyes\keyes-After Login.png]]

05-04-2024T13:30:23 - [MESSAGE][PASSED] - Call Test Case 'Test Cases/Login/Login_Success' successfully

05-04-2024T13:30:23 - [TEST_STEP][PASSED] - delay(3): Delayed 3 second(s)

05-04-2024T13:30:26 - [MESSAGE][PASSED] - Delayed 3 second(s)

05-04-2024T13:30:26 - [TEST_STEP][PASSED] - click(findTestObject("F_Menu_Admin/menu_admin")): Object: 'Object Repository/F_Menu_Admin/menu_admin' is clicked on

05-04-2024T13:30:28 - [MESSAGE][PASSED] - Object: 'Object Repository/F_Menu_Admin/menu_admin' is clicked on

05-04-2024T13:30:28 - [TEST_STEP][PASSED] - click(findTestObject("F_Menu_Admin/F_Organization/tab_organization")): Object: 'Object Repository/F_Menu_Admin/F_Organization/tab_organization' is clicked on

05-04-2024T13:30:31 - [MESSAGE][PASSED] - Object: 'Object Repository/F_Menu_Admin/F_Organization/tab_organization' is clicked on

05-04-2024T13:30:31 - [TEST_STEP][PASSED] - click(findTestObject("F_Menu_Admin/F_Organization/select_structure")): Object: 'Object Repository/F_Menu_Admin/F_Organization/select_structure' is clicked on

05-04-2024T13:30:33 - [MESSAGE][PASSED] - Object: 'Object Repository/F_Menu_Admin/F_Organization/select_structure' is clicked on

05-04-2024T13:30:33 - [TEST_STEP][PASSED] - verifyElementText(findTestObject("F_Menu_Admin/title_menu"), "Organization Structure"): Actual text and expected text of test object 'Object Repository/F_Menu_Admin/title_menu' are matched.

05-04-2024T13:30:34 - [MESSAGE][PASSED] - Actual text and expected text of test object 'Object Repository/F_Menu_Admin/title_menu' are matched.

05-04-2024T13:30:34 - [TEST_STEP][PASSED] - delay(3): Delayed 3 second(s)

05-04-2024T13:30:37 - [MESSAGE][PASSED] - Delayed 3 second(s)]]></system-out>
         <system-err><![CDATA[]]></system-err>
      </testcase>
      <system-out><![CDATA[05-04-2024T13:29:52 - [TEST_SUITE][PASSED] - TS_Organization_Structure: Test Cases/Menu_Admin/Navigate_Organization_Structure]]></system-out>
      <system-err><![CDATA[]]></system-err>
   </testsuite>
   <testsuite name="TS_Qualifications_Education" tests="1" failures="0" errors="0" time="48.715" skipped="0" timestamp="05-04-2024T13:30:54" hostname="1556 - LAPTOP-PT885S91" id="Test Suites/TS_MenuAdmin/F_Qualifications/TS_Qualifications_Education">
      <properties>
         <property name="deviceName" value=""/>
         <property name="devicePlatform" value=""/>
         <property name="logFolder" value="C:\\Users\\1556\\Katalon Studio\\My First Web UI Project\\Reports\\20240405_131951\\TS_MenuAdmin\\F_Qualifications\\TS_Qualifications_Education\\20240405_132010"/>
         <property name="logFiles" value="C:\\Users\\1556\\Katalon Studio\\My First Web UI Project\\Reports\\20240405_131951\\TS_MenuAdmin\\F_Qualifications\\TS_Qualifications_Education\\20240405_132010\\execution0.log"/>
         <property name="attachments" value="keyes\keyes-Before Login.png, keyes\keyes-After Login.png"/>
         <property name="hostName" value="1556 - LAPTOP-PT885S91"/>
         <property name="os" value="Windows 11 64bit"/>
         <property name="katalonVersion" value="9.3.2.212"/>
         <property name="browser" value="Chrome 123.0.0.0"/>
         <property name="hostAddress" value="192.168.10.31"/>
         <property name="sessionId" value="a84983822f7277093bbcce588929d156"/>
         <property name="seleniumVersion" value="3.141.59"/>
         <property name="proxyInformation" value="ProxyInformation { proxyOption=NO_PROXY, proxyServerType=HTTP, username=, password=********, proxyServerAddress=, proxyServerPort=0, executionList=&quot;&quot;, isApplyToDesiredCapabilities=true }"/>
         <property name="platform" value="Windows 11"/>
      </properties>
      <testcase name="Test Cases/Menu_Admin/Navigate_Qualifications_Education" time="48.458" classname="Test Cases/Menu_Admin/Navigate_Qualifications_Education" status="PASSED">
         <system-out><![CDATA[05-04-2024T13:30:54 - [TEST_CASE][PASSED] - Test Cases/Menu_Admin/Navigate_Qualifications_Education: Test Cases/Menu_Admin/Navigate_Qualifications_Education

05-04-2024T13:30:55 - [TEST_STEP][PASSED] - callTestCase(findTestCase("Login/Login_Success"), [:], STOP_ON_FAILURE): Call Test Case 'Test Cases/Login/Login_Success' successfully

05-04-2024T13:30:55 - [TEST_CASE][PASSED] - Test Cases/Login/Login_Success: Test Cases/Login/Login_Success

05-04-2024T13:30:55 - [TEST_STEP][PASSED] - openBrowser(""): Browser is opened with url: ''

05-04-2024T13:30:55 - [MESSAGE][INFO] - Starting 'Chrome' driver

05-04-2024T13:30:55 - [MESSAGE][INFO] - User set preference: ['args', '[--start-maximized]']

05-04-2024T13:30:56 - [MESSAGE][INFO] - Action delay is set to 1,000 milliseconds

05-04-2024T13:30:57 - [MESSAGE][PASSED] - Browser is opened with url: ''

05-04-2024T13:30:57 - [TEST_STEP][PASSED] - navigateToUrl(url_login): Navigate to 'https://opensource-demo.orangehrmlive.com/web/index.php/auth/login' successfully

05-04-2024T13:31:08 - [MESSAGE][PASSED] - Navigate to 'https://opensource-demo.orangehrmlive.com/web/index.php/auth/login' successfully

05-04-2024T13:31:08 - [TEST_STEP][PASSED] - delay(3): Delayed 3 second(s)

05-04-2024T13:31:11 - [MESSAGE][PASSED] - Delayed 3 second(s)

05-04-2024T13:31:11 - [TEST_STEP][PASSED] - takeScreenshotAsCheckpoint("Before Login"): Taking screenshot successfully

05-04-2024T13:31:12 - [MESSAGE][INFO] - 0 hidden object(s)

05-04-2024T13:31:12 - [MESSAGE][PASSED] - Taking screenshot successfully
[[ATTACHMENT|keyes\keyes-Before Login.png]]

05-04-2024T13:31:12 - [TEST_STEP][PASSED] - setText(findTestObject("field_username"), valid_username): Text 'Admin' is set on object 'Object Repository/field_username'

05-04-2024T13:31:15 - [MESSAGE][PASSED] - Text 'Admin' is set on object 'Object Repository/field_username'

05-04-2024T13:31:15 - [TEST_STEP][PASSED] - setText(findTestObject("field_password"), valid_password): Text 'admin123' is set on object 'Object Repository/field_password'

05-04-2024T13:31:18 - [MESSAGE][PASSED] - Text 'admin123' is set on object 'Object Repository/field_password'

05-04-2024T13:31:18 - [TEST_STEP][PASSED] - click(findTestObject("btn_login")): Object: 'Object Repository/btn_login' is clicked on

05-04-2024T13:31:21 - [MESSAGE][PASSED] - Object: 'Object Repository/btn_login' is clicked on

05-04-2024T13:31:21 - [TEST_STEP][PASSED] - delay(5): Delayed 5 second(s)

05-04-2024T13:31:26 - [MESSAGE][PASSED] - Delayed 5 second(s)

05-04-2024T13:31:26 - [TEST_STEP][PASSED] - takeScreenshotAsCheckpoint("After Login"): Taking screenshot successfully

05-04-2024T13:31:27 - [MESSAGE][INFO] - 0 hidden object(s)

05-04-2024T13:31:27 - [MESSAGE][PASSED] - Taking screenshot successfully
[[ATTACHMENT|keyes\keyes-After Login.png]]

05-04-2024T13:31:27 - [MESSAGE][PASSED] - Call Test Case 'Test Cases/Login/Login_Success' successfully

05-04-2024T13:31:27 - [TEST_STEP][PASSED] - delay(3): Delayed 3 second(s)

05-04-2024T13:31:30 - [MESSAGE][PASSED] - Delayed 3 second(s)

05-04-2024T13:31:30 - [TEST_STEP][PASSED] - click(findTestObject("F_Menu_Admin/menu_admin")): Object: 'Object Repository/F_Menu_Admin/menu_admin' is clicked on

05-04-2024T13:31:33 - [MESSAGE][PASSED] - Object: 'Object Repository/F_Menu_Admin/menu_admin' is clicked on

05-04-2024T13:31:33 - [TEST_STEP][PASSED] - click(findTestObject("F_Menu_Admin/F_Qualifications/tab_qualifications")): Object: 'Object Repository/F_Menu_Admin/F_Qualifications/tab_qualifications' is clicked on

05-04-2024T13:31:36 - [MESSAGE][PASSED] - Object: 'Object Repository/F_Menu_Admin/F_Qualifications/tab_qualifications' is clicked on

05-04-2024T13:31:36 - [TEST_STEP][PASSED] - click(findTestObject("F_Menu_Admin/F_Qualifications/select_education")): Object: 'Object Repository/F_Menu_Admin/F_Qualifications/select_education' is clicked on

05-04-2024T13:31:38 - [MESSAGE][PASSED] - Object: 'Object Repository/F_Menu_Admin/F_Qualifications/select_education' is clicked on

05-04-2024T13:31:38 - [TEST_STEP][PASSED] - verifyElementText(findTestObject("F_Menu_Admin/title_menu"), "Education"): Actual text and expected text of test object 'Object Repository/F_Menu_Admin/title_menu' are matched.

05-04-2024T13:31:40 - [MESSAGE][PASSED] - Actual text and expected text of test object 'Object Repository/F_Menu_Admin/title_menu' are matched.

05-04-2024T13:31:40 - [TEST_STEP][PASSED] - delay(3): Delayed 3 second(s)

05-04-2024T13:31:43 - [MESSAGE][PASSED] - Delayed 3 second(s)]]></system-out>
         <system-err><![CDATA[]]></system-err>
      </testcase>
      <system-out><![CDATA[05-04-2024T13:30:54 - [TEST_SUITE][PASSED] - TS_Qualifications_Education: Test Cases/Menu_Admin/Navigate_Qualifications_Education]]></system-out>
      <system-err><![CDATA[]]></system-err>
   </testsuite>
   <testsuite name="TS_Qualifications_Languages" tests="1" failures="0" errors="0" time="53.466" skipped="0" timestamp="05-04-2024T13:31:57" hostname="1556 - LAPTOP-PT885S91" id="Test Suites/TS_MenuAdmin/F_Qualifications/TS_Qualifications_Languages">
      <properties>
         <property name="deviceName" value=""/>
         <property name="devicePlatform" value=""/>
         <property name="logFolder" value="C:\\Users\\1556\\Katalon Studio\\My First Web UI Project\\Reports\\20240405_131951\\TS_MenuAdmin\\F_Qualifications\\TS_Qualifications_Languages\\20240405_132012"/>
         <property name="logFiles" value="C:\\Users\\1556\\Katalon Studio\\My First Web UI Project\\Reports\\20240405_131951\\TS_MenuAdmin\\F_Qualifications\\TS_Qualifications_Languages\\20240405_132012\\execution0.log"/>
         <property name="attachments" value="keyes\keyes-Before Login.png, keyes\keyes-After Login.png"/>
         <property name="hostName" value="1556 - LAPTOP-PT885S91"/>
         <property name="os" value="Windows 11 64bit"/>
         <property name="katalonVersion" value="9.3.2.212"/>
         <property name="browser" value="Chrome 123.0.0.0"/>
         <property name="hostAddress" value="192.168.10.31"/>
         <property name="sessionId" value="a8df4c41344e8f596cc2aa42d94482f4"/>
         <property name="seleniumVersion" value="3.141.59"/>
         <property name="proxyInformation" value="ProxyInformation { proxyOption=NO_PROXY, proxyServerType=HTTP, username=, password=********, proxyServerAddress=, proxyServerPort=0, executionList=&quot;&quot;, isApplyToDesiredCapabilities=true }"/>
         <property name="platform" value="Windows 11"/>
      </properties>
      <testcase name="Test Cases/Menu_Admin/Navigate_Qualifications_Languages" time="53.205" classname="Test Cases/Menu_Admin/Navigate_Qualifications_Languages" status="PASSED">
         <system-out><![CDATA[05-04-2024T13:31:57 - [TEST_CASE][PASSED] - Test Cases/Menu_Admin/Navigate_Qualifications_Languages: Test Cases/Menu_Admin/Navigate_Qualifications_Languages

05-04-2024T13:31:58 - [TEST_STEP][PASSED] - callTestCase(findTestCase("Login/Login_Success"), [:], STOP_ON_FAILURE): Call Test Case 'Test Cases/Login/Login_Success' successfully

05-04-2024T13:31:58 - [TEST_CASE][PASSED] - Test Cases/Login/Login_Success: Test Cases/Login/Login_Success

05-04-2024T13:31:58 - [TEST_STEP][PASSED] - openBrowser(""): Browser is opened with url: ''

05-04-2024T13:31:59 - [MESSAGE][INFO] - Starting 'Chrome' driver

05-04-2024T13:31:59 - [MESSAGE][INFO] - User set preference: ['args', '[--start-maximized]']

05-04-2024T13:31:59 - [MESSAGE][INFO] - Action delay is set to 1,000 milliseconds

05-04-2024T13:32:01 - [MESSAGE][PASSED] - Browser is opened with url: ''

05-04-2024T13:32:01 - [TEST_STEP][PASSED] - navigateToUrl(url_login): Navigate to 'https://opensource-demo.orangehrmlive.com/web/index.php/auth/login' successfully

05-04-2024T13:32:19 - [MESSAGE][PASSED] - Navigate to 'https://opensource-demo.orangehrmlive.com/web/index.php/auth/login' successfully

05-04-2024T13:32:19 - [TEST_STEP][PASSED] - delay(3): Delayed 3 second(s)

05-04-2024T13:32:22 - [MESSAGE][PASSED] - Delayed 3 second(s)

05-04-2024T13:32:22 - [TEST_STEP][PASSED] - takeScreenshotAsCheckpoint("Before Login"): Taking screenshot successfully

05-04-2024T13:32:23 - [MESSAGE][INFO] - 0 hidden object(s)

05-04-2024T13:32:23 - [MESSAGE][PASSED] - Taking screenshot successfully
[[ATTACHMENT|keyes\keyes-Before Login.png]]

05-04-2024T13:32:23 - [TEST_STEP][PASSED] - setText(findTestObject("field_username"), valid_username): Text 'Admin' is set on object 'Object Repository/field_username'

05-04-2024T13:32:26 - [MESSAGE][PASSED] - Text 'Admin' is set on object 'Object Repository/field_username'

05-04-2024T13:32:26 - [TEST_STEP][PASSED] - setText(findTestObject("field_password"), valid_password): Text 'admin123' is set on object 'Object Repository/field_password'

05-04-2024T13:32:29 - [MESSAGE][PASSED] - Text 'admin123' is set on object 'Object Repository/field_password'

05-04-2024T13:32:29 - [TEST_STEP][PASSED] - click(findTestObject("btn_login")): Object: 'Object Repository/btn_login' is clicked on

05-04-2024T13:32:30 - [MESSAGE][PASSED] - Object: 'Object Repository/btn_login' is clicked on

05-04-2024T13:32:30 - [TEST_STEP][PASSED] - delay(5): Delayed 5 second(s)

05-04-2024T13:32:35 - [MESSAGE][PASSED] - Delayed 5 second(s)

05-04-2024T13:32:35 - [TEST_STEP][PASSED] - takeScreenshotAsCheckpoint("After Login"): Taking screenshot successfully

05-04-2024T13:32:36 - [MESSAGE][INFO] - 0 hidden object(s)

05-04-2024T13:32:36 - [MESSAGE][PASSED] - Taking screenshot successfully
[[ATTACHMENT|keyes\keyes-After Login.png]]

05-04-2024T13:32:36 - [MESSAGE][PASSED] - Call Test Case 'Test Cases/Login/Login_Success' successfully

05-04-2024T13:32:36 - [TEST_STEP][PASSED] - delay(3): Delayed 3 second(s)

05-04-2024T13:32:39 - [MESSAGE][PASSED] - Delayed 3 second(s)

05-04-2024T13:32:39 - [TEST_STEP][PASSED] - click(findTestObject("F_Menu_Admin/menu_admin")): Object: 'Object Repository/F_Menu_Admin/menu_admin' is clicked on

05-04-2024T13:32:41 - [MESSAGE][PASSED] - Object: 'Object Repository/F_Menu_Admin/menu_admin' is clicked on

05-04-2024T13:32:41 - [TEST_STEP][PASSED] - click(findTestObject("F_Menu_Admin/F_Qualifications/tab_qualifications")): Object: 'Object Repository/F_Menu_Admin/F_Qualifications/tab_qualifications' is clicked on

05-04-2024T13:32:44 - [MESSAGE][PASSED] - Object: 'Object Repository/F_Menu_Admin/F_Qualifications/tab_qualifications' is clicked on

05-04-2024T13:32:44 - [TEST_STEP][PASSED] - click(findTestObject("F_Menu_Admin/F_Qualifications/select_languages")): Object: 'Object Repository/F_Menu_Admin/F_Qualifications/select_languages' is clicked on

05-04-2024T13:32:46 - [MESSAGE][PASSED] - Object: 'Object Repository/F_Menu_Admin/F_Qualifications/select_languages' is clicked on

05-04-2024T13:32:46 - [TEST_STEP][PASSED] - verifyElementText(findTestObject("F_Menu_Admin/title_menu"), "Languages"): Actual text and expected text of test object 'Object Repository/F_Menu_Admin/title_menu' are matched.

05-04-2024T13:32:48 - [MESSAGE][PASSED] - Actual text and expected text of test object 'Object Repository/F_Menu_Admin/title_menu' are matched.

05-04-2024T13:32:48 - [TEST_STEP][PASSED] - delay(3): Delayed 3 second(s)

05-04-2024T13:32:51 - [MESSAGE][PASSED] - Delayed 3 second(s)]]></system-out>
         <system-err><![CDATA[]]></system-err>
      </testcase>
      <system-out><![CDATA[05-04-2024T13:31:57 - [TEST_SUITE][PASSED] - TS_Qualifications_Languages: Test Cases/Menu_Admin/Navigate_Qualifications_Languages]]></system-out>
      <system-err><![CDATA[]]></system-err>
   </testsuite>
   <testsuite name="TS_Qualifications_Memberships" tests="1" failures="0" errors="0" time="49.32" skipped="0" timestamp="05-04-2024T13:33:07" hostname="1556 - LAPTOP-PT885S91" id="Test Suites/TS_MenuAdmin/F_Qualifications/TS_Qualifications_Memberships">
      <properties>
         <property name="deviceName" value=""/>
         <property name="devicePlatform" value=""/>
         <property name="logFolder" value="C:\\Users\\1556\\Katalon Studio\\My First Web UI Project\\Reports\\20240405_131951\\TS_MenuAdmin\\F_Qualifications\\TS_Qualifications_Memberships\\20240405_132014"/>
         <property name="logFiles" value="C:\\Users\\1556\\Katalon Studio\\My First Web UI Project\\Reports\\20240405_131951\\TS_MenuAdmin\\F_Qualifications\\TS_Qualifications_Memberships\\20240405_132014\\execution0.log"/>
         <property name="attachments" value="keyes\keyes-Before Login.png, keyes\keyes-After Login.png"/>
         <property name="hostName" value="1556 - LAPTOP-PT885S91"/>
         <property name="os" value="Windows 11 64bit"/>
         <property name="katalonVersion" value="9.3.2.212"/>
         <property name="browser" value="Chrome 123.0.0.0"/>
         <property name="hostAddress" value="192.168.10.31"/>
         <property name="sessionId" value="133f3b343cc29f5852c6498c70af2e1d"/>
         <property name="seleniumVersion" value="3.141.59"/>
         <property name="proxyInformation" value="ProxyInformation { proxyOption=NO_PROXY, proxyServerType=HTTP, username=, password=********, proxyServerAddress=, proxyServerPort=0, executionList=&quot;&quot;, isApplyToDesiredCapabilities=true }"/>
         <property name="platform" value="Windows 11"/>
      </properties>
      <testcase name="Test Cases/Menu_Admin/Navigate_Qualification_Memberships" time="49.043" classname="Test Cases/Menu_Admin/Navigate_Qualification_Memberships" status="PASSED">
         <system-out><![CDATA[05-04-2024T13:33:08 - [TEST_CASE][PASSED] - Test Cases/Menu_Admin/Navigate_Qualification_Memberships: Test Cases/Menu_Admin/Navigate_Qualification_Memberships

05-04-2024T13:33:08 - [TEST_STEP][PASSED] - callTestCase(findTestCase("Login/Login_Success"), [:], STOP_ON_FAILURE): Call Test Case 'Test Cases/Login/Login_Success' successfully

05-04-2024T13:33:08 - [TEST_CASE][PASSED] - Test Cases/Login/Login_Success: Test Cases/Login/Login_Success

05-04-2024T13:33:08 - [TEST_STEP][PASSED] - openBrowser(""): Browser is opened with url: ''

05-04-2024T13:33:09 - [MESSAGE][INFO] - Starting 'Chrome' driver

05-04-2024T13:33:09 - [MESSAGE][INFO] - User set preference: ['args', '[--start-maximized]']

05-04-2024T13:33:09 - [MESSAGE][INFO] - Action delay is set to 1,000 milliseconds

05-04-2024T13:33:11 - [MESSAGE][PASSED] - Browser is opened with url: ''

05-04-2024T13:33:11 - [TEST_STEP][PASSED] - navigateToUrl(url_login): Navigate to 'https://opensource-demo.orangehrmlive.com/web/index.php/auth/login' successfully

05-04-2024T13:33:23 - [MESSAGE][PASSED] - Navigate to 'https://opensource-demo.orangehrmlive.com/web/index.php/auth/login' successfully

05-04-2024T13:33:23 - [TEST_STEP][PASSED] - delay(3): Delayed 3 second(s)

05-04-2024T13:33:26 - [MESSAGE][PASSED] - Delayed 3 second(s)

05-04-2024T13:33:26 - [TEST_STEP][PASSED] - takeScreenshotAsCheckpoint("Before Login"): Taking screenshot successfully

05-04-2024T13:33:27 - [MESSAGE][INFO] - 0 hidden object(s)

05-04-2024T13:33:27 - [MESSAGE][PASSED] - Taking screenshot successfully
[[ATTACHMENT|keyes\keyes-Before Login.png]]

05-04-2024T13:33:27 - [TEST_STEP][PASSED] - setText(findTestObject("field_username"), valid_username): Text 'Admin' is set on object 'Object Repository/field_username'

05-04-2024T13:33:30 - [MESSAGE][PASSED] - Text 'Admin' is set on object 'Object Repository/field_username'

05-04-2024T13:33:30 - [TEST_STEP][PASSED] - setText(findTestObject("field_password"), valid_password): Text 'admin123' is set on object 'Object Repository/field_password'

05-04-2024T13:33:33 - [MESSAGE][PASSED] - Text 'admin123' is set on object 'Object Repository/field_password'

05-04-2024T13:33:33 - [TEST_STEP][PASSED] - click(findTestObject("btn_login")): Object: 'Object Repository/btn_login' is clicked on

05-04-2024T13:33:36 - [MESSAGE][PASSED] - Object: 'Object Repository/btn_login' is clicked on

05-04-2024T13:33:36 - [TEST_STEP][PASSED] - delay(5): Delayed 5 second(s)

05-04-2024T13:33:41 - [MESSAGE][PASSED] - Delayed 5 second(s)

05-04-2024T13:33:41 - [TEST_STEP][PASSED] - takeScreenshotAsCheckpoint("After Login"): Taking screenshot successfully

05-04-2024T13:33:42 - [MESSAGE][INFO] - 0 hidden object(s)

05-04-2024T13:33:42 - [MESSAGE][PASSED] - Taking screenshot successfully
[[ATTACHMENT|keyes\keyes-After Login.png]]

05-04-2024T13:33:42 - [MESSAGE][PASSED] - Call Test Case 'Test Cases/Login/Login_Success' successfully

05-04-2024T13:33:42 - [TEST_STEP][PASSED] - delay(3): Delayed 3 second(s)

05-04-2024T13:33:45 - [MESSAGE][PASSED] - Delayed 3 second(s)

05-04-2024T13:33:45 - [TEST_STEP][PASSED] - click(findTestObject("F_Menu_Admin/menu_admin")): Object: 'Object Repository/F_Menu_Admin/menu_admin' is clicked on

05-04-2024T13:33:47 - [MESSAGE][PASSED] - Object: 'Object Repository/F_Menu_Admin/menu_admin' is clicked on

05-04-2024T13:33:47 - [TEST_STEP][PASSED] - click(findTestObject("F_Menu_Admin/F_Qualifications/tab_qualifications")): Object: 'Object Repository/F_Menu_Admin/F_Qualifications/tab_qualifications' is clicked on

05-04-2024T13:33:50 - [MESSAGE][PASSED] - Object: 'Object Repository/F_Menu_Admin/F_Qualifications/tab_qualifications' is clicked on

05-04-2024T13:33:50 - [TEST_STEP][PASSED] - click(findTestObject("F_Menu_Admin/F_Qualifications/select_memberships")): Object: 'Object Repository/F_Menu_Admin/F_Qualifications/select_memberships' is clicked on

05-04-2024T13:33:52 - [MESSAGE][PASSED] - Object: 'Object Repository/F_Menu_Admin/F_Qualifications/select_memberships' is clicked on

05-04-2024T13:33:52 - [TEST_STEP][PASSED] - verifyElementText(findTestObject("F_Menu_Admin/title_menu"), "Memberships"): Actual text and expected text of test object 'Object Repository/F_Menu_Admin/title_menu' are matched.

05-04-2024T13:33:54 - [MESSAGE][PASSED] - Actual text and expected text of test object 'Object Repository/F_Menu_Admin/title_menu' are matched.

05-04-2024T13:33:54 - [TEST_STEP][PASSED] - delay(3): Delayed 3 second(s)

05-04-2024T13:33:57 - [MESSAGE][PASSED] - Delayed 3 second(s)]]></system-out>
         <system-err><![CDATA[]]></system-err>
      </testcase>
      <system-out><![CDATA[05-04-2024T13:33:07 - [TEST_SUITE][PASSED] - TS_Qualifications_Memberships: Test Cases/Menu_Admin/Navigate_Qualification_Memberships]]></system-out>
      <system-err><![CDATA[]]></system-err>
   </testsuite>
   <testsuite name="TS_Qualifications_Licenses" tests="1" failures="0" errors="0" time="45.454" skipped="0" timestamp="05-04-2024T13:34:13" hostname="1556 - LAPTOP-PT885S91" id="Test Suites/TS_MenuAdmin/F_Qualifications/TS_Qualifications_Licenses">
      <properties>
         <property name="deviceName" value=""/>
         <property name="devicePlatform" value=""/>
         <property name="logFolder" value="C:\\Users\\1556\\Katalon Studio\\My First Web UI Project\\Reports\\20240405_131951\\TS_MenuAdmin\\F_Qualifications\\TS_Qualifications_Licenses\\20240405_132016"/>
         <property name="logFiles" value="C:\\Users\\1556\\Katalon Studio\\My First Web UI Project\\Reports\\20240405_131951\\TS_MenuAdmin\\F_Qualifications\\TS_Qualifications_Licenses\\20240405_132016\\execution0.log"/>
         <property name="attachments" value="keyes\keyes-Before Login.png, keyes\keyes-After Login.png"/>
         <property name="hostName" value="1556 - LAPTOP-PT885S91"/>
         <property name="os" value="Windows 11 64bit"/>
         <property name="katalonVersion" value="9.3.2.212"/>
         <property name="browser" value="Chrome 123.0.0.0"/>
         <property name="hostAddress" value="192.168.10.31"/>
         <property name="sessionId" value="f450335d3de84a23b042259aad18badb"/>
         <property name="seleniumVersion" value="3.141.59"/>
         <property name="proxyInformation" value="ProxyInformation { proxyOption=NO_PROXY, proxyServerType=HTTP, username=, password=********, proxyServerAddress=, proxyServerPort=0, executionList=&quot;&quot;, isApplyToDesiredCapabilities=true }"/>
         <property name="platform" value="Windows 11"/>
      </properties>
      <testcase name="Test Cases/Menu_Admin/Navigate_Qualifications_Licenses" time="45.178" classname="Test Cases/Menu_Admin/Navigate_Qualifications_Licenses" status="PASSED">
         <system-out><![CDATA[05-04-2024T13:34:13 - [TEST_CASE][PASSED] - Test Cases/Menu_Admin/Navigate_Qualifications_Licenses: Test Cases/Menu_Admin/Navigate_Qualifications_Licenses

05-04-2024T13:34:13 - [TEST_STEP][PASSED] - callTestCase(findTestCase("Login/Login_Success"), [:], STOP_ON_FAILURE): Call Test Case 'Test Cases/Login/Login_Success' successfully

05-04-2024T13:34:14 - [TEST_CASE][PASSED] - Test Cases/Login/Login_Success: Test Cases/Login/Login_Success

05-04-2024T13:34:14 - [TEST_STEP][PASSED] - openBrowser(""): Browser is opened with url: ''

05-04-2024T13:34:14 - [MESSAGE][INFO] - Starting 'Chrome' driver

05-04-2024T13:34:14 - [MESSAGE][INFO] - User set preference: ['args', '[--start-maximized]']

05-04-2024T13:34:14 - [MESSAGE][INFO] - Action delay is set to 1,000 milliseconds

05-04-2024T13:34:16 - [MESSAGE][PASSED] - Browser is opened with url: ''

05-04-2024T13:34:16 - [TEST_STEP][PASSED] - navigateToUrl(url_login): Navigate to 'https://opensource-demo.orangehrmlive.com/web/index.php/auth/login' successfully

05-04-2024T13:34:26 - [MESSAGE][PASSED] - Navigate to 'https://opensource-demo.orangehrmlive.com/web/index.php/auth/login' successfully

05-04-2024T13:34:26 - [TEST_STEP][PASSED] - delay(3): Delayed 3 second(s)

05-04-2024T13:34:29 - [MESSAGE][PASSED] - Delayed 3 second(s)

05-04-2024T13:34:29 - [TEST_STEP][PASSED] - takeScreenshotAsCheckpoint("Before Login"): Taking screenshot successfully

05-04-2024T13:34:30 - [MESSAGE][INFO] - 0 hidden object(s)

05-04-2024T13:34:30 - [MESSAGE][PASSED] - Taking screenshot successfully
[[ATTACHMENT|keyes\keyes-Before Login.png]]

05-04-2024T13:34:30 - [TEST_STEP][PASSED] - setText(findTestObject("field_username"), valid_username): Text 'Admin' is set on object 'Object Repository/field_username'

05-04-2024T13:34:33 - [MESSAGE][PASSED] - Text 'Admin' is set on object 'Object Repository/field_username'

05-04-2024T13:34:33 - [TEST_STEP][PASSED] - setText(findTestObject("field_password"), valid_password): Text 'admin123' is set on object 'Object Repository/field_password'

05-04-2024T13:34:36 - [MESSAGE][PASSED] - Text 'admin123' is set on object 'Object Repository/field_password'

05-04-2024T13:34:36 - [TEST_STEP][PASSED] - click(findTestObject("btn_login")): Object: 'Object Repository/btn_login' is clicked on

05-04-2024T13:34:37 - [MESSAGE][PASSED] - Object: 'Object Repository/btn_login' is clicked on

05-04-2024T13:34:37 - [TEST_STEP][PASSED] - delay(5): Delayed 5 second(s)

05-04-2024T13:34:42 - [MESSAGE][PASSED] - Delayed 5 second(s)

05-04-2024T13:34:42 - [TEST_STEP][PASSED] - takeScreenshotAsCheckpoint("After Login"): Taking screenshot successfully

05-04-2024T13:34:43 - [MESSAGE][INFO] - 0 hidden object(s)

05-04-2024T13:34:43 - [MESSAGE][PASSED] - Taking screenshot successfully
[[ATTACHMENT|keyes\keyes-After Login.png]]

05-04-2024T13:34:43 - [MESSAGE][PASSED] - Call Test Case 'Test Cases/Login/Login_Success' successfully

05-04-2024T13:34:43 - [TEST_STEP][PASSED] - delay(3): Delayed 3 second(s)

05-04-2024T13:34:46 - [MESSAGE][PASSED] - Delayed 3 second(s)

05-04-2024T13:34:46 - [TEST_STEP][PASSED] - click(findTestObject("F_Menu_Admin/menu_admin")): Object: 'Object Repository/F_Menu_Admin/menu_admin' is clicked on

05-04-2024T13:34:49 - [MESSAGE][PASSED] - Object: 'Object Repository/F_Menu_Admin/menu_admin' is clicked on

05-04-2024T13:34:49 - [TEST_STEP][PASSED] - click(findTestObject("F_Menu_Admin/F_Qualifications/tab_qualifications")): Object: 'Object Repository/F_Menu_Admin/F_Qualifications/tab_qualifications' is clicked on

05-04-2024T13:34:51 - [MESSAGE][PASSED] - Object: 'Object Repository/F_Menu_Admin/F_Qualifications/tab_qualifications' is clicked on

05-04-2024T13:34:51 - [TEST_STEP][PASSED] - click(findTestObject("F_Menu_Admin/F_Qualifications/select_licenses")): Object: 'Object Repository/F_Menu_Admin/F_Qualifications/select_licenses' is clicked on

05-04-2024T13:34:53 - [MESSAGE][PASSED] - Object: 'Object Repository/F_Menu_Admin/F_Qualifications/select_licenses' is clicked on

05-04-2024T13:34:53 - [TEST_STEP][PASSED] - verifyElementText(findTestObject("F_Menu_Admin/title_menu"), "Licenses"): Actual text and expected text of test object 'Object Repository/F_Menu_Admin/title_menu' are matched.

05-04-2024T13:34:55 - [MESSAGE][PASSED] - Actual text and expected text of test object 'Object Repository/F_Menu_Admin/title_menu' are matched.

05-04-2024T13:34:55 - [TEST_STEP][PASSED] - delay(3): Delayed 3 second(s)

05-04-2024T13:34:58 - [MESSAGE][PASSED] - Delayed 3 second(s)]]></system-out>
         <system-err><![CDATA[]]></system-err>
      </testcase>
      <system-out><![CDATA[05-04-2024T13:34:13 - [TEST_SUITE][PASSED] - TS_Qualifications_Licenses: Test Cases/Menu_Admin/Navigate_Qualifications_Licenses]]></system-out>
      <system-err><![CDATA[]]></system-err>
   </testsuite>
   <testsuite name="TS_Qualifications_Skills" tests="1" failures="0" errors="0" time="47.472" skipped="0" timestamp="05-04-2024T13:35:12" hostname="1556 - LAPTOP-PT885S91" id="Test Suites/TS_MenuAdmin/F_Qualifications/TS_Qualifications_Skills">
      <properties>
         <property name="deviceName" value=""/>
         <property name="devicePlatform" value=""/>
         <property name="logFolder" value="C:\\Users\\1556\\Katalon Studio\\My First Web UI Project\\Reports\\20240405_131951\\TS_MenuAdmin\\F_Qualifications\\TS_Qualifications_Skills\\20240405_132018"/>
         <property name="logFiles" value="C:\\Users\\1556\\Katalon Studio\\My First Web UI Project\\Reports\\20240405_131951\\TS_MenuAdmin\\F_Qualifications\\TS_Qualifications_Skills\\20240405_132018\\execution0.log"/>
         <property name="attachments" value="keyes\keyes-Before Login.png, keyes\keyes-After Login.png"/>
         <property name="hostName" value="1556 - LAPTOP-PT885S91"/>
         <property name="os" value="Windows 11 64bit"/>
         <property name="katalonVersion" value="9.3.2.212"/>
         <property name="browser" value="Chrome 123.0.0.0"/>
         <property name="hostAddress" value="192.168.10.31"/>
         <property name="sessionId" value="e38a0e68aac679c445ca9c4c3489f993"/>
         <property name="seleniumVersion" value="3.141.59"/>
         <property name="proxyInformation" value="ProxyInformation { proxyOption=NO_PROXY, proxyServerType=HTTP, username=, password=********, proxyServerAddress=, proxyServerPort=0, executionList=&quot;&quot;, isApplyToDesiredCapabilities=true }"/>
         <property name="platform" value="Windows 11"/>
      </properties>
      <testcase name="Test Cases/Menu_Admin/Navigate_Qualifications_Skills" time="47.187" classname="Test Cases/Menu_Admin/Navigate_Qualifications_Skills" status="PASSED">
         <system-out><![CDATA[05-04-2024T13:35:12 - [TEST_CASE][PASSED] - Test Cases/Menu_Admin/Navigate_Qualifications_Skills: Test Cases/Menu_Admin/Navigate_Qualifications_Skills

05-04-2024T13:35:12 - [TEST_STEP][PASSED] - callTestCase(findTestCase("Login/Login_Success"), [:], STOP_ON_FAILURE): Call Test Case 'Test Cases/Login/Login_Success' successfully

05-04-2024T13:35:13 - [TEST_CASE][PASSED] - Test Cases/Login/Login_Success: Test Cases/Login/Login_Success

05-04-2024T13:35:13 - [TEST_STEP][PASSED] - openBrowser(""): Browser is opened with url: ''

05-04-2024T13:35:13 - [MESSAGE][INFO] - Starting 'Chrome' driver

05-04-2024T13:35:13 - [MESSAGE][INFO] - User set preference: ['args', '[--start-maximized]']

05-04-2024T13:35:13 - [MESSAGE][INFO] - Action delay is set to 1,000 milliseconds

05-04-2024T13:35:15 - [MESSAGE][PASSED] - Browser is opened with url: ''

05-04-2024T13:35:15 - [TEST_STEP][PASSED] - navigateToUrl(url_login): Navigate to 'https://opensource-demo.orangehrmlive.com/web/index.php/auth/login' successfully

05-04-2024T13:35:24 - [MESSAGE][PASSED] - Navigate to 'https://opensource-demo.orangehrmlive.com/web/index.php/auth/login' successfully

05-04-2024T13:35:24 - [TEST_STEP][PASSED] - delay(3): Delayed 3 second(s)

05-04-2024T13:35:27 - [MESSAGE][PASSED] - Delayed 3 second(s)

05-04-2024T13:35:27 - [TEST_STEP][PASSED] - takeScreenshotAsCheckpoint("Before Login"): Taking screenshot successfully

05-04-2024T13:35:27 - [MESSAGE][INFO] - 0 hidden object(s)

05-04-2024T13:35:28 - [MESSAGE][PASSED] - Taking screenshot successfully
[[ATTACHMENT|keyes\keyes-Before Login.png]]

05-04-2024T13:35:28 - [TEST_STEP][PASSED] - setText(findTestObject("field_username"), valid_username): Text 'Admin' is set on object 'Object Repository/field_username'

05-04-2024T13:35:31 - [MESSAGE][PASSED] - Text 'Admin' is set on object 'Object Repository/field_username'

05-04-2024T13:35:31 - [TEST_STEP][PASSED] - setText(findTestObject("field_password"), valid_password): Text 'admin123' is set on object 'Object Repository/field_password'

05-04-2024T13:35:33 - [MESSAGE][PASSED] - Text 'admin123' is set on object 'Object Repository/field_password'

05-04-2024T13:35:33 - [TEST_STEP][PASSED] - click(findTestObject("btn_login")): Object: 'Object Repository/btn_login' is clicked on

05-04-2024T13:35:36 - [MESSAGE][PASSED] - Object: 'Object Repository/btn_login' is clicked on

05-04-2024T13:35:36 - [TEST_STEP][PASSED] - delay(5): Delayed 5 second(s)

05-04-2024T13:35:41 - [MESSAGE][PASSED] - Delayed 5 second(s)

05-04-2024T13:35:41 - [TEST_STEP][PASSED] - takeScreenshotAsCheckpoint("After Login"): Taking screenshot successfully

05-04-2024T13:35:42 - [MESSAGE][INFO] - 0 hidden object(s)

05-04-2024T13:35:42 - [MESSAGE][PASSED] - Taking screenshot successfully
[[ATTACHMENT|keyes\keyes-After Login.png]]

05-04-2024T13:35:42 - [MESSAGE][PASSED] - Call Test Case 'Test Cases/Login/Login_Success' successfully

05-04-2024T13:35:42 - [TEST_STEP][PASSED] - delay(3): Delayed 3 second(s)

05-04-2024T13:35:45 - [MESSAGE][PASSED] - Delayed 3 second(s)

05-04-2024T13:35:45 - [TEST_STEP][PASSED] - click(findTestObject("F_Menu_Admin/menu_admin")): Object: 'Object Repository/F_Menu_Admin/menu_admin' is clicked on

05-04-2024T13:35:48 - [MESSAGE][PASSED] - Object: 'Object Repository/F_Menu_Admin/menu_admin' is clicked on

05-04-2024T13:35:48 - [TEST_STEP][PASSED] - click(findTestObject("F_Menu_Admin/F_Qualifications/tab_qualifications")): Object: 'Object Repository/F_Menu_Admin/F_Qualifications/tab_qualifications' is clicked on

05-04-2024T13:35:52 - [MESSAGE][PASSED] - Object: 'Object Repository/F_Menu_Admin/F_Qualifications/tab_qualifications' is clicked on

05-04-2024T13:35:52 - [TEST_STEP][PASSED] - click(findTestObject("F_Menu_Admin/F_Qualifications/select_skills")): Object: 'Object Repository/F_Menu_Admin/F_Qualifications/select_skills' is clicked on

05-04-2024T13:35:54 - [MESSAGE][PASSED] - Object: 'Object Repository/F_Menu_Admin/F_Qualifications/select_skills' is clicked on

05-04-2024T13:35:54 - [TEST_STEP][PASSED] - verifyElementText(findTestObject("F_Menu_Admin/title_menu"), "Skills"): Actual text and expected text of test object 'Object Repository/F_Menu_Admin/title_menu' are matched.

05-04-2024T13:35:56 - [MESSAGE][PASSED] - Actual text and expected text of test object 'Object Repository/F_Menu_Admin/title_menu' are matched.

05-04-2024T13:35:56 - [TEST_STEP][PASSED] - delay(3): Delayed 3 second(s)

05-04-2024T13:35:59 - [MESSAGE][PASSED] - Delayed 3 second(s)]]></system-out>
         <system-err><![CDATA[]]></system-err>
      </testcase>
      <system-out><![CDATA[05-04-2024T13:35:12 - [TEST_SUITE][PASSED] - TS_Qualifications_Skills: Test Cases/Menu_Admin/Navigate_Qualifications_Skills]]></system-out>
      <system-err><![CDATA[]]></system-err>
   </testsuite>
   <testsuite name="TS_CorporateBranding" tests="1" failures="0" errors="0" time="46.777" skipped="0" timestamp="05-04-2024T13:36:13" hostname="1556 - LAPTOP-PT885S91" id="Test Suites/TS_MenuAdmin/F_CorporateBranding/TS_CorporateBranding">
      <properties>
         <property name="deviceName" value=""/>
         <property name="devicePlatform" value=""/>
         <property name="logFolder" value="C:\\Users\\1556\\Katalon Studio\\My First Web UI Project\\Reports\\20240405_131951\\TS_MenuAdmin\\F_CorporateBranding\\TS_CorporateBranding\\20240405_132020"/>
         <property name="logFiles" value="C:\\Users\\1556\\Katalon Studio\\My First Web UI Project\\Reports\\20240405_131951\\TS_MenuAdmin\\F_CorporateBranding\\TS_CorporateBranding\\20240405_132020\\execution0.log"/>
         <property name="attachments" value="keyes\keyes-Before Login.png, keyes\keyes-After Login.png"/>
         <property name="hostName" value="1556 - LAPTOP-PT885S91"/>
         <property name="os" value="Windows 11 64bit"/>
         <property name="katalonVersion" value="9.3.2.212"/>
         <property name="browser" value="Chrome 123.0.0.0"/>
         <property name="hostAddress" value="192.168.10.31"/>
         <property name="sessionId" value="606e1d9cc3380735251ce8ae8b9ab01b"/>
         <property name="seleniumVersion" value="3.141.59"/>
         <property name="proxyInformation" value="ProxyInformation { proxyOption=NO_PROXY, proxyServerType=HTTP, username=, password=********, proxyServerAddress=, proxyServerPort=0, executionList=&quot;&quot;, isApplyToDesiredCapabilities=true }"/>
         <property name="platform" value="Windows 11"/>
      </properties>
      <testcase name="Test Cases/Menu_Admin/Navigate_CorporateBranding" time="46.508" classname="Test Cases/Menu_Admin/Navigate_CorporateBranding" status="PASSED">
         <system-out><![CDATA[05-04-2024T13:36:13 - [TEST_CASE][PASSED] - Test Cases/Menu_Admin/Navigate_CorporateBranding: Test Cases/Menu_Admin/Navigate_CorporateBranding

05-04-2024T13:36:14 - [TEST_STEP][PASSED] - callTestCase(findTestCase("Login/Login_Success"), [:], STOP_ON_FAILURE): Call Test Case 'Test Cases/Login/Login_Success' successfully

05-04-2024T13:36:14 - [TEST_CASE][PASSED] - Test Cases/Login/Login_Success: Test Cases/Login/Login_Success

05-04-2024T13:36:14 - [TEST_STEP][PASSED] - openBrowser(""): Browser is opened with url: ''

05-04-2024T13:36:14 - [MESSAGE][INFO] - Starting 'Chrome' driver

05-04-2024T13:36:14 - [MESSAGE][INFO] - User set preference: ['args', '[--start-maximized]']

05-04-2024T13:36:14 - [MESSAGE][INFO] - Action delay is set to 1,000 milliseconds

05-04-2024T13:36:16 - [MESSAGE][PASSED] - Browser is opened with url: ''

05-04-2024T13:36:16 - [TEST_STEP][PASSED] - navigateToUrl(url_login): Navigate to 'https://opensource-demo.orangehrmlive.com/web/index.php/auth/login' successfully

05-04-2024T13:36:28 - [MESSAGE][PASSED] - Navigate to 'https://opensource-demo.orangehrmlive.com/web/index.php/auth/login' successfully

05-04-2024T13:36:28 - [TEST_STEP][PASSED] - delay(3): Delayed 3 second(s)

05-04-2024T13:36:31 - [MESSAGE][PASSED] - Delayed 3 second(s)

05-04-2024T13:36:31 - [TEST_STEP][PASSED] - takeScreenshotAsCheckpoint("Before Login"): Taking screenshot successfully

05-04-2024T13:36:32 - [MESSAGE][INFO] - 0 hidden object(s)

05-04-2024T13:36:32 - [MESSAGE][PASSED] - Taking screenshot successfully
[[ATTACHMENT|keyes\keyes-Before Login.png]]

05-04-2024T13:36:32 - [TEST_STEP][PASSED] - setText(findTestObject("field_username"), valid_username): Text 'Admin' is set on object 'Object Repository/field_username'

05-04-2024T13:36:35 - [MESSAGE][PASSED] - Text 'Admin' is set on object 'Object Repository/field_username'

05-04-2024T13:36:35 - [TEST_STEP][PASSED] - setText(findTestObject("field_password"), valid_password): Text 'admin123' is set on object 'Object Repository/field_password'

05-04-2024T13:36:38 - [MESSAGE][PASSED] - Text 'admin123' is set on object 'Object Repository/field_password'

05-04-2024T13:36:38 - [TEST_STEP][PASSED] - click(findTestObject("btn_login")): Object: 'Object Repository/btn_login' is clicked on

05-04-2024T13:36:41 - [MESSAGE][PASSED] - Object: 'Object Repository/btn_login' is clicked on

05-04-2024T13:36:41 - [TEST_STEP][PASSED] - delay(5): Delayed 5 second(s)

05-04-2024T13:36:46 - [MESSAGE][PASSED] - Delayed 5 second(s)

05-04-2024T13:36:46 - [TEST_STEP][PASSED] - takeScreenshotAsCheckpoint("After Login"): Taking screenshot successfully

05-04-2024T13:36:46 - [MESSAGE][INFO] - 0 hidden object(s)

05-04-2024T13:36:46 - [MESSAGE][PASSED] - Taking screenshot successfully
[[ATTACHMENT|keyes\keyes-After Login.png]]

05-04-2024T13:36:46 - [MESSAGE][PASSED] - Call Test Case 'Test Cases/Login/Login_Success' successfully

05-04-2024T13:36:46 - [TEST_STEP][PASSED] - delay(3): Delayed 3 second(s)

05-04-2024T13:36:49 - [MESSAGE][PASSED] - Delayed 3 second(s)

05-04-2024T13:36:49 - [TEST_STEP][PASSED] - click(findTestObject("F_Menu_Admin/menu_admin")): Object: 'Object Repository/F_Menu_Admin/menu_admin' is clicked on

05-04-2024T13:36:52 - [MESSAGE][PASSED] - Object: 'Object Repository/F_Menu_Admin/menu_admin' is clicked on

05-04-2024T13:36:52 - [TEST_STEP][PASSED] - click(findTestObject("F_Menu_Admin/F_CorporateBranding/tab_corporateBranding")): Object: 'Object Repository/F_Menu_Admin/F_CorporateBranding/tab_corporateBranding' is clicked on

05-04-2024T13:36:55 - [MESSAGE][PASSED] - Object: 'Object Repository/F_Menu_Admin/F_CorporateBranding/tab_corporateBranding' is clicked on

05-04-2024T13:36:55 - [TEST_STEP][PASSED] - verifyElementText(findTestObject("F_Menu_Admin/title_menu"), "Corporate Branding"): Actual text and expected text of test object 'Object Repository/F_Menu_Admin/title_menu' are matched.

05-04-2024T13:36:57 - [MESSAGE][PASSED] - Actual text and expected text of test object 'Object Repository/F_Menu_Admin/title_menu' are matched.

05-04-2024T13:36:57 - [TEST_STEP][PASSED] - delay(3): Delayed 3 second(s)

05-04-2024T13:37:00 - [MESSAGE][PASSED] - Delayed 3 second(s)]]></system-out>
         <system-err><![CDATA[]]></system-err>
      </testcase>
      <system-out><![CDATA[05-04-2024T13:36:13 - [TEST_SUITE][PASSED] - TS_CorporateBranding: Test Cases/Menu_Admin/Navigate_CorporateBranding]]></system-out>
      <system-err><![CDATA[]]></system-err>
   </testsuite>
   <testsuite name="TS_Nationalities" tests="1" failures="0" errors="0" time="46.158" skipped="0" timestamp="05-04-2024T13:37:15" hostname="1556 - LAPTOP-PT885S91" id="Test Suites/TS_MenuAdmin/F_Nationalities/TS_Nationalities">
      <properties>
         <property name="deviceName" value=""/>
         <property name="devicePlatform" value=""/>
         <property name="logFolder" value="C:\\Users\\1556\\Katalon Studio\\My First Web UI Project\\Reports\\20240405_131951\\TS_MenuAdmin\\F_Nationalities\\TS_Nationalities\\20240405_132022"/>
         <property name="logFiles" value="C:\\Users\\1556\\Katalon Studio\\My First Web UI Project\\Reports\\20240405_131951\\TS_MenuAdmin\\F_Nationalities\\TS_Nationalities\\20240405_132022\\execution0.log"/>
         <property name="attachments" value="keyes\keyes-Before Login.png, keyes\keyes-After Login.png"/>
         <property name="hostName" value="1556 - LAPTOP-PT885S91"/>
         <property name="os" value="Windows 11 64bit"/>
         <property name="katalonVersion" value="9.3.2.212"/>
         <property name="browser" value="Chrome 123.0.0.0"/>
         <property name="hostAddress" value="192.168.10.31"/>
         <property name="sessionId" value="1507259ee20e6c30e70689432fb6ef68"/>
         <property name="seleniumVersion" value="3.141.59"/>
         <property name="proxyInformation" value="ProxyInformation { proxyOption=NO_PROXY, proxyServerType=HTTP, username=, password=********, proxyServerAddress=, proxyServerPort=0, executionList=&quot;&quot;, isApplyToDesiredCapabilities=true }"/>
         <property name="platform" value="Windows 11"/>
      </properties>
      <testcase name="Test Cases/Menu_Admin/Navigate_Nationalities" time="45.897" classname="Test Cases/Menu_Admin/Navigate_Nationalities" status="PASSED">
         <system-out><![CDATA[05-04-2024T13:37:16 - [TEST_CASE][PASSED] - Test Cases/Menu_Admin/Navigate_Nationalities: Test Cases/Menu_Admin/Navigate_Nationalities

05-04-2024T13:37:16 - [TEST_STEP][PASSED] - callTestCase(findTestCase("Login/Login_Success"), [:], STOP_ON_FAILURE): Call Test Case 'Test Cases/Login/Login_Success' successfully

05-04-2024T13:37:16 - [TEST_CASE][PASSED] - Test Cases/Login/Login_Success: Test Cases/Login/Login_Success

05-04-2024T13:37:17 - [TEST_STEP][PASSED] - openBrowser(""): Browser is opened with url: ''

05-04-2024T13:37:17 - [MESSAGE][INFO] - Starting 'Chrome' driver

05-04-2024T13:37:17 - [MESSAGE][INFO] - User set preference: ['args', '[--start-maximized]']

05-04-2024T13:37:17 - [MESSAGE][INFO] - Action delay is set to 1,000 milliseconds

05-04-2024T13:37:19 - [MESSAGE][PASSED] - Browser is opened with url: ''

05-04-2024T13:37:19 - [TEST_STEP][PASSED] - navigateToUrl(url_login): Navigate to 'https://opensource-demo.orangehrmlive.com/web/index.php/auth/login' successfully

05-04-2024T13:37:31 - [MESSAGE][PASSED] - Navigate to 'https://opensource-demo.orangehrmlive.com/web/index.php/auth/login' successfully

05-04-2024T13:37:31 - [TEST_STEP][PASSED] - delay(3): Delayed 3 second(s)

05-04-2024T13:37:34 - [MESSAGE][PASSED] - Delayed 3 second(s)

05-04-2024T13:37:34 - [TEST_STEP][PASSED] - takeScreenshotAsCheckpoint("Before Login"): Taking screenshot successfully

05-04-2024T13:37:34 - [MESSAGE][INFO] - 0 hidden object(s)

05-04-2024T13:37:35 - [MESSAGE][PASSED] - Taking screenshot successfully
[[ATTACHMENT|keyes\keyes-Before Login.png]]

05-04-2024T13:37:35 - [TEST_STEP][PASSED] - setText(findTestObject("field_username"), valid_username): Text 'Admin' is set on object 'Object Repository/field_username'

05-04-2024T13:37:38 - [MESSAGE][PASSED] - Text 'Admin' is set on object 'Object Repository/field_username'

05-04-2024T13:37:38 - [TEST_STEP][PASSED] - setText(findTestObject("field_password"), valid_password): Text 'admin123' is set on object 'Object Repository/field_password'

05-04-2024T13:37:40 - [MESSAGE][PASSED] - Text 'admin123' is set on object 'Object Repository/field_password'

05-04-2024T13:37:40 - [TEST_STEP][PASSED] - click(findTestObject("btn_login")): Object: 'Object Repository/btn_login' is clicked on

05-04-2024T13:37:43 - [MESSAGE][PASSED] - Object: 'Object Repository/btn_login' is clicked on

05-04-2024T13:37:43 - [TEST_STEP][PASSED] - delay(5): Delayed 5 second(s)

05-04-2024T13:37:48 - [MESSAGE][PASSED] - Delayed 5 second(s)

05-04-2024T13:37:48 - [TEST_STEP][PASSED] - takeScreenshotAsCheckpoint("After Login"): Taking screenshot successfully

05-04-2024T13:37:49 - [MESSAGE][INFO] - 0 hidden object(s)

05-04-2024T13:37:49 - [MESSAGE][PASSED] - Taking screenshot successfully
[[ATTACHMENT|keyes\keyes-After Login.png]]

05-04-2024T13:37:49 - [MESSAGE][PASSED] - Call Test Case 'Test Cases/Login/Login_Success' successfully

05-04-2024T13:37:49 - [TEST_STEP][PASSED] - delay(3): Delayed 3 second(s)

05-04-2024T13:37:52 - [MESSAGE][PASSED] - Delayed 3 second(s)

05-04-2024T13:37:52 - [TEST_STEP][PASSED] - click(findTestObject("F_Menu_Admin/menu_admin")): Object: 'Object Repository/F_Menu_Admin/menu_admin' is clicked on

05-04-2024T13:37:54 - [MESSAGE][PASSED] - Object: 'Object Repository/F_Menu_Admin/menu_admin' is clicked on

05-04-2024T13:37:54 - [TEST_STEP][PASSED] - click(findTestObject("F_Menu_Admin/F_Nationalities/tab_nationalities")): Object: 'Object Repository/F_Menu_Admin/F_Nationalities/tab_nationalities' is clicked on

05-04-2024T13:37:57 - [MESSAGE][PASSED] - Object: 'Object Repository/F_Menu_Admin/F_Nationalities/tab_nationalities' is clicked on

05-04-2024T13:37:57 - [TEST_STEP][PASSED] - verifyElementText(findTestObject("F_Menu_Admin/title_menu"), "Nationalities"): Actual text and expected text of test object 'Object Repository/F_Menu_Admin/title_menu' are matched.

05-04-2024T13:37:59 - [MESSAGE][PASSED] - Actual text and expected text of test object 'Object Repository/F_Menu_Admin/title_menu' are matched.

05-04-2024T13:37:59 - [TEST_STEP][PASSED] - delay(3): Delayed 3 second(s)

05-04-2024T13:38:02 - [MESSAGE][PASSED] - Delayed 3 second(s)]]></system-out>
         <system-err><![CDATA[]]></system-err>
      </testcase>
      <system-out><![CDATA[05-04-2024T13:37:15 - [TEST_SUITE][PASSED] - TS_Nationalities: Test Cases/Menu_Admin/Navigate_Nationalities]]></system-out>
      <system-err><![CDATA[]]></system-err>
   </testsuite>
</testsuites>
