<?xml version="1.0" encoding="UTF-8"?>
<testsuites name="TS_LoginLogout" time="209.413" tests="5" failures="0" errors="0">
   <testsuite name="TS_LoginLogout" tests="5" failures="0" errors="0" time="209.413" skipped="0" timestamp="15-04-2024T11:31:52" hostname="1556 - LAPTOP-PT885S91" id="Test Suites/TS_LoginLogout">
      <properties>
         <property name="deviceName" value=""/>
         <property name="devicePlatform" value=""/>
         <property name="logFolder" value="C:\\Users\\1556\\git\\My-First-Web-UI-Project\\Reports\\20240415_113143\\TS_LoginLogout\\20240415_113143"/>
         <property name="logFiles" value="C:\\Users\\1556\\git\\My-First-Web-UI-Project\\Reports\\20240415_113143\\TS_LoginLogout\\20240415_113143\\execution0.log"/>
         <property name="attachments" value="keyes\keyes-Before Login.png, keyes\keyes-After Login.png, keyes\keyes-Before Login Failed.png, keyes\keyes-After Login Failed.png, keyes\keyes-Before Login.png, keyes\keyes-After Login.png, keyes\keyes-Before Login Failed.png, keyes\keyes-After Login Failed.png, keyes\keyes-Before Login.png, keyes\keyes-After Login.png"/>
         <property name="hostName" value="1556 - LAPTOP-PT885S91"/>
         <property name="os" value="Windows 11 64bit"/>
         <property name="katalonVersion" value="9.3.2.212"/>
         <property name="browser" value="Chrome 123.0.0.0"/>
         <property name="hostAddress" value="192.168.10.35"/>
         <property name="sessionId" value="ce3eb4889b675e6be1c9f85342607e2f"/>
         <property name="seleniumVersion" value="3.141.59"/>
         <property name="proxyInformation" value="ProxyInformation { proxyOption=NO_PROXY, proxyServerType=HTTP, username=, password=********, proxyServerAddress=, proxyServerPort=0, executionList=&quot;&quot;, isApplyToDesiredCapabilities=true }"/>
         <property name="platform" value="Windows 11"/>
      </properties>
      <testcase name="Test Cases/Login/Login_Success" time="45.486" classname="Test Cases/Login/Login_Success" status="PASSED">
         <system-out><![CDATA[15-04-2024T11:31:53 - [TEST_CASE][PASSED] - Test Cases/Login/Login_Success: Test Cases/Login/Login_Success

15-04-2024T11:31:53 - [TEST_STEP][PASSED] - openBrowser(""): Browser is opened with url: ''

15-04-2024T11:31:54 - [MESSAGE][INFO] - Starting 'Chrome' driver

15-04-2024T11:31:54 - [MESSAGE][INFO] - User set preference: ['args', '[--start-maximized]']

15-04-2024T11:31:54 - [MESSAGE][INFO] - Action delay is set to 1,000 milliseconds

15-04-2024T11:31:57 - [MESSAGE][PASSED] - Browser is opened with url: ''

15-04-2024T11:31:57 - [TEST_STEP][PASSED] - navigateToUrl(url_login): Navigate to 'https://opensource-demo.orangehrmlive.com/web/index.php/auth/login' successfully

15-04-2024T11:32:20 - [MESSAGE][PASSED] - Navigate to 'https://opensource-demo.orangehrmlive.com/web/index.php/auth/login' successfully

15-04-2024T11:32:20 - [TEST_STEP][PASSED] - delay(3): Delayed 3 second(s)

15-04-2024T11:32:23 - [MESSAGE][PASSED] - Delayed 3 second(s)

15-04-2024T11:32:23 - [TEST_STEP][PASSED] - takeScreenshotAsCheckpoint("Before Login"): Taking screenshot successfully

15-04-2024T11:32:24 - [MESSAGE][INFO] - 0 hidden object(s)

15-04-2024T11:32:24 - [MESSAGE][PASSED] - Taking screenshot successfully
[[ATTACHMENT|keyes\keyes-Before Login.png]]

15-04-2024T11:32:24 - [TEST_STEP][PASSED] - setText(findTestObject("field_username"), valid_username): Text 'Admin' is set on object 'Object Repository/field_username'

15-04-2024T11:32:27 - [MESSAGE][PASSED] - Text 'Admin' is set on object 'Object Repository/field_username'

15-04-2024T11:32:27 - [TEST_STEP][PASSED] - setText(findTestObject("field_password"), valid_password): Text 'admin123' is set on object 'Object Repository/field_password'

15-04-2024T11:32:30 - [MESSAGE][PASSED] - Text 'admin123' is set on object 'Object Repository/field_password'

15-04-2024T11:32:30 - [TEST_STEP][PASSED] - click(findTestObject("btn_login")): Object: 'Object Repository/btn_login' is clicked on

15-04-2024T11:32:31 - [MESSAGE][PASSED] - Object: 'Object Repository/btn_login' is clicked on

15-04-2024T11:32:31 - [TEST_STEP][PASSED] - delay(5): Delayed 5 second(s)

15-04-2024T11:32:36 - [MESSAGE][PASSED] - Delayed 5 second(s)

15-04-2024T11:32:36 - [TEST_STEP][PASSED] - takeScreenshotAsCheckpoint("After Login"): Taking screenshot successfully

15-04-2024T11:32:38 - [MESSAGE][INFO] - 0 hidden object(s)

15-04-2024T11:32:38 - [MESSAGE][PASSED] - Taking screenshot successfully
[[ATTACHMENT|keyes\keyes-After Login.png]]]]></system-out>
         <system-err><![CDATA[]]></system-err>
      </testcase>
      <testcase name="Test Cases/Login/Login_Failed" time="26.815" classname="Test Cases/Login/Login_Failed" status="PASSED">
         <system-out><![CDATA[15-04-2024T11:32:38 - [TEST_CASE][PASSED] - Test Cases/Login/Login_Failed: Test Cases/Login/Login_Failed

15-04-2024T11:32:38 - [TEST_STEP][PASSED] - openBrowser(""): Browser is opened with url: ''

15-04-2024T11:32:38 - [MESSAGE][WARNING] - A browser is already opened. Closing browser and opening a new one

15-04-2024T11:32:39 - [MESSAGE][INFO] - Starting 'Chrome' driver

15-04-2024T11:32:39 - [MESSAGE][INFO] - User set preference: ['args', '[--start-maximized]']

15-04-2024T11:32:39 - [MESSAGE][INFO] - Action delay is set to 1,000 milliseconds

15-04-2024T11:32:40 - [MESSAGE][PASSED] - Browser is opened with url: ''

15-04-2024T11:32:40 - [TEST_STEP][PASSED] - navigateToUrl(url_login): Navigate to 'https://opensource-demo.orangehrmlive.com/web/index.php/auth/login' successfully

15-04-2024T11:32:52 - [MESSAGE][PASSED] - Navigate to 'https://opensource-demo.orangehrmlive.com/web/index.php/auth/login' successfully

15-04-2024T11:32:52 - [TEST_STEP][PASSED] - delay(0): Delayed 0 second(s)

15-04-2024T11:32:52 - [MESSAGE][PASSED] - Delayed 0 second(s)

15-04-2024T11:32:52 - [TEST_STEP][PASSED] - takeScreenshotAsCheckpoint("Before Login Failed", []): Taking screenshot successfully

15-04-2024T11:32:54 - [MESSAGE][INFO] - 0 hidden object(s)

15-04-2024T11:32:54 - [MESSAGE][PASSED] - Taking screenshot successfully
[[ATTACHMENT|keyes\keyes-Before Login Failed.png]]

15-04-2024T11:32:54 - [TEST_STEP][PASSED] - setText(findTestObject("field_username"), invalid_username): Text 'admin' is set on object 'Object Repository/field_username'

15-04-2024T11:32:57 - [MESSAGE][PASSED] - Text 'admin' is set on object 'Object Repository/field_username'

15-04-2024T11:32:57 - [TEST_STEP][PASSED] - setText(findTestObject("field_password"), invalid_password): Text 'Admin123' is set on object 'Object Repository/field_password'

15-04-2024T11:33:00 - [MESSAGE][PASSED] - Text 'Admin123' is set on object 'Object Repository/field_password'

15-04-2024T11:33:00 - [TEST_STEP][PASSED] - click(findTestObject("btn_login")): Object: 'Object Repository/btn_login' is clicked on

15-04-2024T11:33:01 - [MESSAGE][PASSED] - Object: 'Object Repository/btn_login' is clicked on

15-04-2024T11:33:01 - [TEST_STEP][PASSED] - delay(3): Delayed 3 second(s)

15-04-2024T11:33:04 - [MESSAGE][PASSED] - Delayed 3 second(s)

15-04-2024T11:33:04 - [TEST_STEP][PASSED] - verifyElementPresent(findTestObject("verify_loginFailed"), 2): Object 'Object Repository/verify_loginFailed' is present

15-04-2024T11:33:04 - [MESSAGE][PASSED] - Object 'Object Repository/verify_loginFailed' is present

15-04-2024T11:33:04 - [TEST_STEP][PASSED] - takeScreenshotAsCheckpoint("After Login Failed", []): Taking screenshot successfully

15-04-2024T11:33:05 - [MESSAGE][INFO] - 0 hidden object(s)

15-04-2024T11:33:05 - [MESSAGE][PASSED] - Taking screenshot successfully
[[ATTACHMENT|keyes\keyes-After Login Failed.png]]]]></system-out>
         <system-err><![CDATA[]]></system-err>
      </testcase>
      <testcase name="Test Cases/Login/Logout_Success" time="43.922" classname="Test Cases/Login/Logout_Success" status="PASSED">
         <system-out><![CDATA[15-04-2024T11:33:05 - [TEST_CASE][PASSED] - Test Cases/Login/Logout_Success: Test Cases/Login/Logout_Success

15-04-2024T11:33:05 - [TEST_STEP][PASSED] - callTestCase(findTestCase("Login/Login_Success"), [:], STOP_ON_FAILURE): Call Test Case 'Test Cases/Login/Login_Success' successfully

15-04-2024T11:33:05 - [TEST_CASE][PASSED] - Test Cases/Login/Login_Success: Test Cases/Login/Login_Success

15-04-2024T11:33:05 - [TEST_STEP][PASSED] - openBrowser(""): Browser is opened with url: ''

15-04-2024T11:33:05 - [MESSAGE][WARNING] - A browser is already opened. Closing browser and opening a new one

15-04-2024T11:33:06 - [MESSAGE][INFO] - Starting 'Chrome' driver

15-04-2024T11:33:06 - [MESSAGE][INFO] - User set preference: ['args', '[--start-maximized]']

15-04-2024T11:33:06 - [MESSAGE][INFO] - Action delay is set to 1,000 milliseconds

15-04-2024T11:33:07 - [MESSAGE][PASSED] - Browser is opened with url: ''

15-04-2024T11:33:07 - [TEST_STEP][PASSED] - navigateToUrl(url_login): Navigate to 'https://opensource-demo.orangehrmlive.com/web/index.php/auth/login' successfully

15-04-2024T11:33:20 - [MESSAGE][PASSED] - Navigate to 'https://opensource-demo.orangehrmlive.com/web/index.php/auth/login' successfully

15-04-2024T11:33:20 - [TEST_STEP][PASSED] - delay(3): Delayed 3 second(s)

15-04-2024T11:33:23 - [MESSAGE][PASSED] - Delayed 3 second(s)

15-04-2024T11:33:23 - [TEST_STEP][PASSED] - takeScreenshotAsCheckpoint("Before Login"): Taking screenshot successfully

15-04-2024T11:33:23 - [MESSAGE][INFO] - 0 hidden object(s)

15-04-2024T11:33:24 - [MESSAGE][PASSED] - Taking screenshot successfully
[[ATTACHMENT|keyes\keyes-Before Login.png]]

15-04-2024T11:33:24 - [TEST_STEP][PASSED] - setText(findTestObject("field_username"), valid_username): Text 'Admin' is set on object 'Object Repository/field_username'

15-04-2024T11:33:26 - [MESSAGE][PASSED] - Text 'Admin' is set on object 'Object Repository/field_username'

15-04-2024T11:33:26 - [TEST_STEP][PASSED] - setText(findTestObject("field_password"), valid_password): Text 'admin123' is set on object 'Object Repository/field_password'

15-04-2024T11:33:29 - [MESSAGE][PASSED] - Text 'admin123' is set on object 'Object Repository/field_password'

15-04-2024T11:33:29 - [TEST_STEP][PASSED] - click(findTestObject("btn_login")): Object: 'Object Repository/btn_login' is clicked on

15-04-2024T11:33:33 - [MESSAGE][PASSED] - Object: 'Object Repository/btn_login' is clicked on

15-04-2024T11:33:33 - [TEST_STEP][PASSED] - delay(5): Delayed 5 second(s)

15-04-2024T11:33:38 - [MESSAGE][PASSED] - Delayed 5 second(s)

15-04-2024T11:33:38 - [TEST_STEP][PASSED] - takeScreenshotAsCheckpoint("After Login"): Taking screenshot successfully

15-04-2024T11:33:39 - [MESSAGE][INFO] - 0 hidden object(s)

15-04-2024T11:33:39 - [MESSAGE][PASSED] - Taking screenshot successfully
[[ATTACHMENT|keyes\keyes-After Login.png]]

15-04-2024T11:33:39 - [MESSAGE][PASSED] - Call Test Case 'Test Cases/Login/Login_Success' successfully

15-04-2024T11:33:39 - [TEST_STEP][PASSED] - delay(3): Delayed 3 second(s)

15-04-2024T11:33:42 - [MESSAGE][PASSED] - Delayed 3 second(s)

15-04-2024T11:33:42 - [TEST_STEP][PASSED] - click(findTestObject("dropdow_logout")): Object: 'Object Repository/dropdow_logout' is clicked on

15-04-2024T11:33:43 - [MESSAGE][PASSED] - Object: 'Object Repository/dropdow_logout' is clicked on

15-04-2024T11:33:43 - [TEST_STEP][PASSED] - click(findTestObject("btn_logout")): Object: 'Object Repository/btn_logout' is clicked on

15-04-2024T11:33:46 - [MESSAGE][PASSED] - Object: 'Object Repository/btn_logout' is clicked on

15-04-2024T11:33:46 - [TEST_STEP][PASSED] - delay(3): Delayed 3 second(s)

15-04-2024T11:33:49 - [MESSAGE][PASSED] - Delayed 3 second(s)]]></system-out>
         <system-err><![CDATA[]]></system-err>
      </testcase>
      <testcase name="Test Cases/SearchMenuBySearchBox_Failed" time="48.278" classname="Test Cases/SearchMenuBySearchBox_Failed" status="PASSED">
         <system-out><![CDATA[15-04-2024T11:33:49 - [TEST_CASE][PASSED] - Test Cases/SearchMenuBySearchBox_Failed: Test Cases/SearchMenuBySearchBox_Failed

15-04-2024T11:33:49 - [TEST_STEP][PASSED] - callTestCase(findTestCase("Login/Login_Failed"), [:], STOP_ON_FAILURE): Call Test Case 'Test Cases/Login/Login_Failed' successfully

15-04-2024T11:33:49 - [TEST_CASE][PASSED] - Test Cases/Login/Login_Failed: Test Cases/Login/Login_Failed

15-04-2024T11:33:49 - [TEST_STEP][PASSED] - openBrowser(""): Browser is opened with url: ''

15-04-2024T11:33:49 - [MESSAGE][WARNING] - A browser is already opened. Closing browser and opening a new one

15-04-2024T11:33:50 - [MESSAGE][INFO] - Starting 'Chrome' driver

15-04-2024T11:33:50 - [MESSAGE][INFO] - User set preference: ['args', '[--start-maximized]']

15-04-2024T11:33:50 - [MESSAGE][INFO] - Action delay is set to 1,000 milliseconds

15-04-2024T11:33:51 - [MESSAGE][PASSED] - Browser is opened with url: ''

15-04-2024T11:33:51 - [TEST_STEP][PASSED] - navigateToUrl(url_login): Navigate to 'https://opensource-demo.orangehrmlive.com/web/index.php/auth/login' successfully

15-04-2024T11:34:24 - [MESSAGE][PASSED] - Navigate to 'https://opensource-demo.orangehrmlive.com/web/index.php/auth/login' successfully

15-04-2024T11:34:24 - [TEST_STEP][PASSED] - delay(0): Delayed 0 second(s)

15-04-2024T11:34:24 - [MESSAGE][PASSED] - Delayed 0 second(s)

15-04-2024T11:34:24 - [TEST_STEP][PASSED] - takeScreenshotAsCheckpoint("Before Login Failed", []): Taking screenshot successfully

15-04-2024T11:34:26 - [MESSAGE][INFO] - 0 hidden object(s)

15-04-2024T11:34:26 - [MESSAGE][PASSED] - Taking screenshot successfully
[[ATTACHMENT|keyes\keyes-Before Login Failed.png]]

15-04-2024T11:34:26 - [TEST_STEP][PASSED] - setText(findTestObject("field_username"), invalid_username): Text 'admin' is set on object 'Object Repository/field_username'

15-04-2024T11:34:29 - [MESSAGE][PASSED] - Text 'admin' is set on object 'Object Repository/field_username'

15-04-2024T11:34:29 - [TEST_STEP][PASSED] - setText(findTestObject("field_password"), invalid_password): Text 'Admin123' is set on object 'Object Repository/field_password'

15-04-2024T11:34:32 - [MESSAGE][PASSED] - Text 'Admin123' is set on object 'Object Repository/field_password'

15-04-2024T11:34:32 - [TEST_STEP][PASSED] - click(findTestObject("btn_login")): Object: 'Object Repository/btn_login' is clicked on

15-04-2024T11:34:33 - [MESSAGE][PASSED] - Object: 'Object Repository/btn_login' is clicked on

15-04-2024T11:34:33 - [TEST_STEP][PASSED] - delay(3): Delayed 3 second(s)

15-04-2024T11:34:36 - [MESSAGE][PASSED] - Delayed 3 second(s)

15-04-2024T11:34:36 - [TEST_STEP][PASSED] - verifyElementPresent(findTestObject("verify_loginFailed"), 2): Object 'Object Repository/verify_loginFailed' is present

15-04-2024T11:34:37 - [MESSAGE][PASSED] - Object 'Object Repository/verify_loginFailed' is present

15-04-2024T11:34:37 - [TEST_STEP][PASSED] - takeScreenshotAsCheckpoint("After Login Failed", []): Taking screenshot successfully

15-04-2024T11:34:37 - [MESSAGE][INFO] - 0 hidden object(s)

15-04-2024T11:34:37 - [MESSAGE][PASSED] - Taking screenshot successfully
[[ATTACHMENT|keyes\keyes-After Login Failed.png]]

15-04-2024T11:34:37 - [MESSAGE][PASSED] - Call Test Case 'Test Cases/Login/Login_Failed' successfully]]></system-out>
         <system-err><![CDATA[]]></system-err>
      </testcase>
      <testcase name="Test Cases/SearchMenuBySearchBox_Success" time="44.455" classname="Test Cases/SearchMenuBySearchBox_Success" status="PASSED">
         <system-out><![CDATA[15-04-2024T11:34:37 - [TEST_CASE][PASSED] - Test Cases/SearchMenuBySearchBox_Success: Test Cases/SearchMenuBySearchBox_Success

15-04-2024T11:34:37 - [TEST_STEP][PASSED] - callTestCase(findTestCase("Login/Login_Success"), [:], STOP_ON_FAILURE): Call Test Case 'Test Cases/Login/Login_Success' successfully

15-04-2024T11:34:38 - [TEST_CASE][PASSED] - Test Cases/Login/Login_Success: Test Cases/Login/Login_Success

15-04-2024T11:34:38 - [TEST_STEP][PASSED] - openBrowser(""): Browser is opened with url: ''

15-04-2024T11:34:38 - [MESSAGE][WARNING] - A browser is already opened. Closing browser and opening a new one

15-04-2024T11:34:38 - [MESSAGE][INFO] - Starting 'Chrome' driver

15-04-2024T11:34:38 - [MESSAGE][INFO] - User set preference: ['args', '[--start-maximized]']

15-04-2024T11:34:38 - [MESSAGE][INFO] - Action delay is set to 1,000 milliseconds

15-04-2024T11:34:39 - [MESSAGE][PASSED] - Browser is opened with url: ''

15-04-2024T11:34:39 - [TEST_STEP][PASSED] - navigateToUrl(url_login): Navigate to 'https://opensource-demo.orangehrmlive.com/web/index.php/auth/login' successfully

15-04-2024T11:34:55 - [MESSAGE][PASSED] - Navigate to 'https://opensource-demo.orangehrmlive.com/web/index.php/auth/login' successfully

15-04-2024T11:34:55 - [TEST_STEP][PASSED] - delay(3): Delayed 3 second(s)

15-04-2024T11:34:58 - [MESSAGE][PASSED] - Delayed 3 second(s)

15-04-2024T11:34:58 - [TEST_STEP][PASSED] - takeScreenshotAsCheckpoint("Before Login"): Taking screenshot successfully

15-04-2024T11:34:58 - [MESSAGE][INFO] - 0 hidden object(s)

15-04-2024T11:34:58 - [MESSAGE][PASSED] - Taking screenshot successfully
[[ATTACHMENT|keyes\keyes-Before Login.png]]

15-04-2024T11:34:58 - [TEST_STEP][PASSED] - setText(findTestObject("field_username"), valid_username): Text 'Admin' is set on object 'Object Repository/field_username'

15-04-2024T11:35:01 - [MESSAGE][PASSED] - Text 'Admin' is set on object 'Object Repository/field_username'

15-04-2024T11:35:01 - [TEST_STEP][PASSED] - setText(findTestObject("field_password"), valid_password): Text 'admin123' is set on object 'Object Repository/field_password'

15-04-2024T11:35:04 - [MESSAGE][PASSED] - Text 'admin123' is set on object 'Object Repository/field_password'

15-04-2024T11:35:04 - [TEST_STEP][PASSED] - click(findTestObject("btn_login")): Object: 'Object Repository/btn_login' is clicked on

15-04-2024T11:35:07 - [MESSAGE][PASSED] - Object: 'Object Repository/btn_login' is clicked on

15-04-2024T11:35:07 - [TEST_STEP][PASSED] - delay(5): Delayed 5 second(s)

15-04-2024T11:35:12 - [MESSAGE][PASSED] - Delayed 5 second(s)

15-04-2024T11:35:12 - [TEST_STEP][PASSED] - takeScreenshotAsCheckpoint("After Login"): Taking screenshot successfully

15-04-2024T11:35:12 - [MESSAGE][INFO] - 0 hidden object(s)

15-04-2024T11:35:12 - [MESSAGE][PASSED] - Taking screenshot successfully
[[ATTACHMENT|keyes\keyes-After Login.png]]

15-04-2024T11:35:12 - [MESSAGE][PASSED] - Call Test Case 'Test Cases/Login/Login_Success' successfully

15-04-2024T11:35:12 - [TEST_STEP][PASSED] - delay(3): Delayed 3 second(s)

15-04-2024T11:35:16 - [MESSAGE][PASSED] - Delayed 3 second(s)

15-04-2024T11:35:16 - [TEST_STEP][PASSED] - setText(findTestObject("searchBox_menu"), "Admin"): Text 'Admin' is set on object 'Object Repository/searchBox_menu'

15-04-2024T11:35:18 - [MESSAGE][PASSED] - Text 'Admin' is set on object 'Object Repository/searchBox_menu'

15-04-2024T11:35:18 - [TEST_STEP][PASSED] - verifyElementPresent(findTestObject("verify_searchMenu"), 0): Object 'Object Repository/verify_searchMenu' is present

15-04-2024T11:35:18 - [MESSAGE][WARNING] - Timeout '0' is invalid. Using default page load timeout: '30'

15-04-2024T11:35:19 - [MESSAGE][PASSED] - Object 'Object Repository/verify_searchMenu' is present

15-04-2024T11:35:19 - [TEST_STEP][PASSED] - delay(3): Delayed 3 second(s)

15-04-2024T11:35:22 - [MESSAGE][PASSED] - Delayed 3 second(s)]]></system-out>
         <system-err><![CDATA[]]></system-err>
      </testcase>
      <system-out><![CDATA[15-04-2024T11:31:52 - [TEST_SUITE][PASSED] - TS_LoginLogout: Test Cases/SearchMenuBySearchBox_Success]]></system-out>
      <system-err><![CDATA[]]></system-err>
   </testsuite>
</testsuites>
