<?xml version="1.0" encoding="UTF-8"?>
<testsuites name="TS_LoginLogout" time="143.829" tests="5" failures="0" errors="0">
   <testsuite name="TS_LoginLogout" tests="5" failures="0" errors="0" time="143.829" skipped="0" timestamp="15-04-2024T08:49:15" hostname="1556 - LAPTOP-PT885S91" id="Test Suites/TS_LoginLogout">
      <properties>
         <property name="deviceName" value=""/>
         <property name="devicePlatform" value=""/>
         <property name="logFolder" value="C:\\Users\\1556\\git\\My-First-Web-UI-Project\\Reports\\20240415_084906\\TS_LoginLogout\\20240415_084906"/>
         <property name="logFiles" value="C:\\Users\\1556\\git\\My-First-Web-UI-Project\\Reports\\20240415_084906\\TS_LoginLogout\\20240415_084906\\execution0.log"/>
         <property name="attachments" value="keyes\keyes-Before Login.png, keyes\keyes-After Login.png, keyes\keyes-Before Login Failed.png, keyes\keyes-After Login Failed.png, keyes\keyes-Before Login.png, keyes\keyes-After Login.png, keyes\keyes-Before Login Failed.png, keyes\keyes-After Login Failed.png, keyes\keyes-Before Login.png, keyes\keyes-After Login.png"/>
         <property name="hostName" value="1556 - LAPTOP-PT885S91"/>
         <property name="os" value="Windows 11 64bit"/>
         <property name="katalonVersion" value="9.3.2.212"/>
         <property name="browser" value="Chrome 123.0.6312.107"/>
         <property name="hostAddress" value="192.168.10.35"/>
         <property name="sessionId" value="404e426598a4b7aa1f1f592dd6feda26"/>
         <property name="seleniumVersion" value="3.141.59"/>
         <property name="proxyInformation" value="ProxyInformation { proxyOption=NO_PROXY, proxyServerType=HTTP, username=, password=********, proxyServerAddress=, proxyServerPort=0, executionList=&quot;&quot;, isApplyToDesiredCapabilities=true }"/>
         <property name="platform" value="Windows 11"/>
      </properties>
      <testcase name="Test Cases/Login/Login_Success" time="33.143" classname="Test Cases/Login/Login_Success" status="PASSED">
         <system-out><![CDATA[15-04-2024T08:49:15 - [TEST_CASE][PASSED] - Test Cases/Login/Login_Success: Test Cases/Login/Login_Success

15-04-2024T08:49:16 - [TEST_STEP][PASSED] - openBrowser(""): Browser is opened with url: ''

15-04-2024T08:49:16 - [MESSAGE][INFO] - Starting 'Chrome (headless)' driver

15-04-2024T08:49:16 - [MESSAGE][INFO] - User set preference: ['args', '[--start-maximized]']

15-04-2024T08:49:16 - [MESSAGE][INFO] - Action delay is set to 1,000 milliseconds

15-04-2024T08:49:18 - [MESSAGE][PASSED] - Browser is opened with url: ''

15-04-2024T08:49:18 - [TEST_STEP][PASSED] - navigateToUrl(url_login): Navigate to 'https://opensource-demo.orangehrmlive.com/web/index.php/auth/login' successfully

15-04-2024T08:49:34 - [MESSAGE][PASSED] - Navigate to 'https://opensource-demo.orangehrmlive.com/web/index.php/auth/login' successfully

15-04-2024T08:49:34 - [TEST_STEP][PASSED] - delay(3): Delayed 3 second(s)

15-04-2024T08:49:37 - [MESSAGE][PASSED] - Delayed 3 second(s)

15-04-2024T08:49:37 - [TEST_STEP][PASSED] - takeScreenshotAsCheckpoint("Before Login"): Taking screenshot successfully

15-04-2024T08:49:37 - [MESSAGE][INFO] - 0 hidden object(s)

15-04-2024T08:49:38 - [MESSAGE][PASSED] - Taking screenshot successfully
[[ATTACHMENT|keyes\keyes-Before Login.png]]

15-04-2024T08:49:38 - [TEST_STEP][PASSED] - setText(findTestObject("field_username"), valid_username): Text 'Admin' is set on object 'Object Repository/field_username'

15-04-2024T08:49:40 - [MESSAGE][PASSED] - Text 'Admin' is set on object 'Object Repository/field_username'

15-04-2024T08:49:40 - [TEST_STEP][PASSED] - setText(findTestObject("field_password"), valid_password): Text 'admin123' is set on object 'Object Repository/field_password'

15-04-2024T08:49:42 - [MESSAGE][PASSED] - Text 'admin123' is set on object 'Object Repository/field_password'

15-04-2024T08:49:42 - [TEST_STEP][PASSED] - click(findTestObject("btn_login")): Object: 'Object Repository/btn_login' is clicked on

15-04-2024T08:49:43 - [MESSAGE][PASSED] - Object: 'Object Repository/btn_login' is clicked on

15-04-2024T08:49:43 - [TEST_STEP][PASSED] - delay(5): Delayed 5 second(s)

15-04-2024T08:49:48 - [MESSAGE][PASSED] - Delayed 5 second(s)

15-04-2024T08:49:48 - [TEST_STEP][PASSED] - takeScreenshotAsCheckpoint("After Login"): Taking screenshot successfully

15-04-2024T08:49:48 - [MESSAGE][INFO] - 0 hidden object(s)

15-04-2024T08:49:48 - [MESSAGE][PASSED] - Taking screenshot successfully
[[ATTACHMENT|keyes\keyes-After Login.png]]]]></system-out>
         <system-err><![CDATA[]]></system-err>
      </testcase>
      <testcase name="Test Cases/Login/Login_Failed" time="22.455" classname="Test Cases/Login/Login_Failed" status="PASSED">
         <system-out><![CDATA[15-04-2024T08:49:48 - [TEST_CASE][PASSED] - Test Cases/Login/Login_Failed: Test Cases/Login/Login_Failed

15-04-2024T08:49:49 - [TEST_STEP][PASSED] - openBrowser(""): Browser is opened with url: ''

15-04-2024T08:49:49 - [MESSAGE][WARNING] - A browser is already opened. Closing browser and opening a new one

15-04-2024T08:49:49 - [MESSAGE][INFO] - Starting 'Chrome (headless)' driver

15-04-2024T08:49:49 - [MESSAGE][INFO] - User set preference: ['args', '[--start-maximized]']

15-04-2024T08:49:49 - [MESSAGE][INFO] - Action delay is set to 1,000 milliseconds

15-04-2024T08:49:50 - [MESSAGE][PASSED] - Browser is opened with url: ''

15-04-2024T08:49:50 - [TEST_STEP][PASSED] - navigateToUrl(url_login): Navigate to 'https://opensource-demo.orangehrmlive.com/web/index.php/auth/login' successfully

15-04-2024T08:50:01 - [MESSAGE][PASSED] - Navigate to 'https://opensource-demo.orangehrmlive.com/web/index.php/auth/login' successfully

15-04-2024T08:50:01 - [TEST_STEP][PASSED] - delay(0): Delayed 0 second(s)

15-04-2024T08:50:01 - [MESSAGE][PASSED] - Delayed 0 second(s)

15-04-2024T08:50:01 - [TEST_STEP][PASSED] - takeScreenshotAsCheckpoint("Before Login Failed", []): Taking screenshot successfully

15-04-2024T08:50:01 - [MESSAGE][INFO] - 0 hidden object(s)

15-04-2024T08:50:01 - [MESSAGE][PASSED] - Taking screenshot successfully
[[ATTACHMENT|keyes\keyes-Before Login Failed.png]]

15-04-2024T08:50:01 - [TEST_STEP][PASSED] - setText(findTestObject("field_username"), invalid_username): Text 'admin' is set on object 'Object Repository/field_username'

15-04-2024T08:50:04 - [MESSAGE][PASSED] - Text 'admin' is set on object 'Object Repository/field_username'

15-04-2024T08:50:04 - [TEST_STEP][PASSED] - setText(findTestObject("field_password"), invalid_password): Text 'Admin123' is set on object 'Object Repository/field_password'

15-04-2024T08:50:06 - [MESSAGE][PASSED] - Text 'Admin123' is set on object 'Object Repository/field_password'

15-04-2024T08:50:06 - [TEST_STEP][PASSED] - click(findTestObject("btn_login")): Object: 'Object Repository/btn_login' is clicked on

15-04-2024T08:50:08 - [MESSAGE][PASSED] - Object: 'Object Repository/btn_login' is clicked on

15-04-2024T08:50:08 - [TEST_STEP][PASSED] - delay(3): Delayed 3 second(s)

15-04-2024T08:50:11 - [MESSAGE][PASSED] - Delayed 3 second(s)

15-04-2024T08:50:11 - [TEST_STEP][PASSED] - verifyElementPresent(findTestObject("verify_loginFailed"), 2): Object 'Object Repository/verify_loginFailed' is present

15-04-2024T08:50:11 - [MESSAGE][PASSED] - Object 'Object Repository/verify_loginFailed' is present

15-04-2024T08:50:11 - [TEST_STEP][PASSED] - takeScreenshotAsCheckpoint("After Login Failed", []): Taking screenshot successfully

15-04-2024T08:50:11 - [MESSAGE][INFO] - 0 hidden object(s)

15-04-2024T08:50:11 - [MESSAGE][PASSED] - Taking screenshot successfully
[[ATTACHMENT|keyes\keyes-After Login Failed.png]]]]></system-out>
         <system-err><![CDATA[]]></system-err>
      </testcase>
      <testcase name="Test Cases/Login/Logout_Success" time="36.211" classname="Test Cases/Login/Logout_Success" status="PASSED">
         <system-out><![CDATA[15-04-2024T08:50:11 - [TEST_CASE][PASSED] - Test Cases/Login/Logout_Success: Test Cases/Login/Logout_Success

15-04-2024T08:50:11 - [TEST_STEP][PASSED] - callTestCase(findTestCase("Login/Login_Success"), [:], STOP_ON_FAILURE): Call Test Case 'Test Cases/Login/Login_Success' successfully

15-04-2024T08:50:11 - [TEST_CASE][PASSED] - Test Cases/Login/Login_Success: Test Cases/Login/Login_Success

15-04-2024T08:50:11 - [TEST_STEP][PASSED] - openBrowser(""): Browser is opened with url: ''

15-04-2024T08:50:11 - [MESSAGE][WARNING] - A browser is already opened. Closing browser and opening a new one

15-04-2024T08:50:11 - [MESSAGE][INFO] - Starting 'Chrome (headless)' driver

15-04-2024T08:50:11 - [MESSAGE][INFO] - User set preference: ['args', '[--start-maximized]']

15-04-2024T08:50:11 - [MESSAGE][INFO] - Action delay is set to 1,000 milliseconds

15-04-2024T08:50:12 - [MESSAGE][PASSED] - Browser is opened with url: ''

15-04-2024T08:50:12 - [TEST_STEP][PASSED] - navigateToUrl(url_login): Navigate to 'https://opensource-demo.orangehrmlive.com/web/index.php/auth/login' successfully

15-04-2024T08:50:24 - [MESSAGE][PASSED] - Navigate to 'https://opensource-demo.orangehrmlive.com/web/index.php/auth/login' successfully

15-04-2024T08:50:24 - [TEST_STEP][PASSED] - delay(3): Delayed 3 second(s)

15-04-2024T08:50:27 - [MESSAGE][PASSED] - Delayed 3 second(s)

15-04-2024T08:50:27 - [TEST_STEP][PASSED] - takeScreenshotAsCheckpoint("Before Login"): Taking screenshot successfully

15-04-2024T08:50:27 - [MESSAGE][INFO] - 0 hidden object(s)

15-04-2024T08:50:27 - [MESSAGE][PASSED] - Taking screenshot successfully
[[ATTACHMENT|keyes\keyes-Before Login.png]]

15-04-2024T08:50:27 - [TEST_STEP][PASSED] - setText(findTestObject("field_username"), valid_username): Text 'Admin' is set on object 'Object Repository/field_username'

15-04-2024T08:50:29 - [MESSAGE][PASSED] - Text 'Admin' is set on object 'Object Repository/field_username'

15-04-2024T08:50:30 - [TEST_STEP][PASSED] - setText(findTestObject("field_password"), valid_password): Text 'admin123' is set on object 'Object Repository/field_password'

15-04-2024T08:50:32 - [MESSAGE][PASSED] - Text 'admin123' is set on object 'Object Repository/field_password'

15-04-2024T08:50:32 - [TEST_STEP][PASSED] - click(findTestObject("btn_login")): Object: 'Object Repository/btn_login' is clicked on

15-04-2024T08:50:33 - [MESSAGE][PASSED] - Object: 'Object Repository/btn_login' is clicked on

15-04-2024T08:50:33 - [TEST_STEP][PASSED] - delay(5): Delayed 5 second(s)

15-04-2024T08:50:38 - [MESSAGE][PASSED] - Delayed 5 second(s)

15-04-2024T08:50:38 - [TEST_STEP][PASSED] - takeScreenshotAsCheckpoint("After Login"): Taking screenshot successfully

15-04-2024T08:50:38 - [MESSAGE][INFO] - 0 hidden object(s)

15-04-2024T08:50:38 - [MESSAGE][PASSED] - Taking screenshot successfully
[[ATTACHMENT|keyes\keyes-After Login.png]]

15-04-2024T08:50:38 - [MESSAGE][PASSED] - Call Test Case 'Test Cases/Login/Login_Success' successfully

15-04-2024T08:50:38 - [TEST_STEP][PASSED] - delay(3): Delayed 3 second(s)

15-04-2024T08:50:41 - [MESSAGE][PASSED] - Delayed 3 second(s)

15-04-2024T08:50:41 - [TEST_STEP][PASSED] - click(findTestObject("dropdow_logout")): Object: 'Object Repository/dropdow_logout' is clicked on

15-04-2024T08:50:42 - [MESSAGE][PASSED] - Object: 'Object Repository/dropdow_logout' is clicked on

15-04-2024T08:50:42 - [TEST_STEP][PASSED] - click(findTestObject("btn_logout")): Object: 'Object Repository/btn_logout' is clicked on

15-04-2024T08:50:44 - [MESSAGE][PASSED] - Object: 'Object Repository/btn_logout' is clicked on

15-04-2024T08:50:44 - [TEST_STEP][PASSED] - delay(3): Delayed 3 second(s)

15-04-2024T08:50:47 - [MESSAGE][PASSED] - Delayed 3 second(s)]]></system-out>
         <system-err><![CDATA[]]></system-err>
      </testcase>
      <testcase name="Test Cases/SearchMenuBySearchBox_Failed" time="19.636" classname="Test Cases/SearchMenuBySearchBox_Failed" status="PASSED">
         <system-out><![CDATA[15-04-2024T08:50:47 - [TEST_CASE][PASSED] - Test Cases/SearchMenuBySearchBox_Failed: Test Cases/SearchMenuBySearchBox_Failed

15-04-2024T08:50:47 - [TEST_STEP][PASSED] - callTestCase(findTestCase("Login/Login_Failed"), [:], STOP_ON_FAILURE): Call Test Case 'Test Cases/Login/Login_Failed' successfully

15-04-2024T08:50:47 - [TEST_CASE][PASSED] - Test Cases/Login/Login_Failed: Test Cases/Login/Login_Failed

15-04-2024T08:50:47 - [TEST_STEP][PASSED] - openBrowser(""): Browser is opened with url: ''

15-04-2024T08:50:47 - [MESSAGE][WARNING] - A browser is already opened. Closing browser and opening a new one

15-04-2024T08:50:47 - [MESSAGE][INFO] - Starting 'Chrome (headless)' driver

15-04-2024T08:50:47 - [MESSAGE][INFO] - User set preference: ['args', '[--start-maximized]']

15-04-2024T08:50:47 - [MESSAGE][INFO] - Action delay is set to 1,000 milliseconds

15-04-2024T08:50:48 - [MESSAGE][PASSED] - Browser is opened with url: ''

15-04-2024T08:50:48 - [TEST_STEP][PASSED] - navigateToUrl(url_login): Navigate to 'https://opensource-demo.orangehrmlive.com/web/index.php/auth/login' successfully

15-04-2024T08:50:57 - [MESSAGE][PASSED] - Navigate to 'https://opensource-demo.orangehrmlive.com/web/index.php/auth/login' successfully

15-04-2024T08:50:57 - [TEST_STEP][PASSED] - delay(0): Delayed 0 second(s)

15-04-2024T08:50:57 - [MESSAGE][PASSED] - Delayed 0 second(s)

15-04-2024T08:50:57 - [TEST_STEP][PASSED] - takeScreenshotAsCheckpoint("Before Login Failed", []): Taking screenshot successfully

15-04-2024T08:50:57 - [MESSAGE][INFO] - 0 hidden object(s)

15-04-2024T08:50:57 - [MESSAGE][PASSED] - Taking screenshot successfully
[[ATTACHMENT|keyes\keyes-Before Login Failed.png]]

15-04-2024T08:50:57 - [TEST_STEP][PASSED] - setText(findTestObject("field_username"), invalid_username): Text 'admin' is set on object 'Object Repository/field_username'

15-04-2024T08:51:00 - [MESSAGE][PASSED] - Text 'admin' is set on object 'Object Repository/field_username'

15-04-2024T08:51:00 - [TEST_STEP][PASSED] - setText(findTestObject("field_password"), invalid_password): Text 'Admin123' is set on object 'Object Repository/field_password'

15-04-2024T08:51:02 - [MESSAGE][PASSED] - Text 'Admin123' is set on object 'Object Repository/field_password'

15-04-2024T08:51:02 - [TEST_STEP][PASSED] - click(findTestObject("btn_login")): Object: 'Object Repository/btn_login' is clicked on

15-04-2024T08:51:03 - [MESSAGE][PASSED] - Object: 'Object Repository/btn_login' is clicked on

15-04-2024T08:51:03 - [TEST_STEP][PASSED] - delay(3): Delayed 3 second(s)

15-04-2024T08:51:06 - [MESSAGE][PASSED] - Delayed 3 second(s)

15-04-2024T08:51:06 - [TEST_STEP][PASSED] - verifyElementPresent(findTestObject("verify_loginFailed"), 2): Object 'Object Repository/verify_loginFailed' is present

15-04-2024T08:51:07 - [MESSAGE][PASSED] - Object 'Object Repository/verify_loginFailed' is present

15-04-2024T08:51:07 - [TEST_STEP][PASSED] - takeScreenshotAsCheckpoint("After Login Failed", []): Taking screenshot successfully

15-04-2024T08:51:07 - [MESSAGE][INFO] - 0 hidden object(s)

15-04-2024T08:51:07 - [MESSAGE][PASSED] - Taking screenshot successfully
[[ATTACHMENT|keyes\keyes-After Login Failed.png]]

15-04-2024T08:51:07 - [MESSAGE][PASSED] - Call Test Case 'Test Cases/Login/Login_Failed' successfully]]></system-out>
         <system-err><![CDATA[]]></system-err>
      </testcase>
      <testcase name="Test Cases/SearchMenuBySearchBox_Success" time="32.122" classname="Test Cases/SearchMenuBySearchBox_Success" status="PASSED">
         <system-out><![CDATA[15-04-2024T08:51:07 - [TEST_CASE][PASSED] - Test Cases/SearchMenuBySearchBox_Success: Test Cases/SearchMenuBySearchBox_Success

15-04-2024T08:51:07 - [TEST_STEP][PASSED] - callTestCase(findTestCase("Login/Login_Success"), [:], STOP_ON_FAILURE): Call Test Case 'Test Cases/Login/Login_Success' successfully

15-04-2024T08:51:07 - [TEST_CASE][PASSED] - Test Cases/Login/Login_Success: Test Cases/Login/Login_Success

15-04-2024T08:51:07 - [TEST_STEP][PASSED] - openBrowser(""): Browser is opened with url: ''

15-04-2024T08:51:07 - [MESSAGE][WARNING] - A browser is already opened. Closing browser and opening a new one

15-04-2024T08:51:07 - [MESSAGE][INFO] - Starting 'Chrome (headless)' driver

15-04-2024T08:51:07 - [MESSAGE][INFO] - User set preference: ['args', '[--start-maximized]']

15-04-2024T08:51:07 - [MESSAGE][INFO] - Action delay is set to 1,000 milliseconds

15-04-2024T08:51:08 - [MESSAGE][PASSED] - Browser is opened with url: ''

15-04-2024T08:51:08 - [TEST_STEP][PASSED] - navigateToUrl(url_login): Navigate to 'https://opensource-demo.orangehrmlive.com/web/index.php/auth/login' successfully

15-04-2024T08:51:17 - [MESSAGE][PASSED] - Navigate to 'https://opensource-demo.orangehrmlive.com/web/index.php/auth/login' successfully

15-04-2024T08:51:17 - [TEST_STEP][PASSED] - delay(3): Delayed 3 second(s)

15-04-2024T08:51:20 - [MESSAGE][PASSED] - Delayed 3 second(s)

15-04-2024T08:51:20 - [TEST_STEP][PASSED] - takeScreenshotAsCheckpoint("Before Login"): Taking screenshot successfully

15-04-2024T08:51:20 - [MESSAGE][INFO] - 0 hidden object(s)

15-04-2024T08:51:20 - [MESSAGE][PASSED] - Taking screenshot successfully
[[ATTACHMENT|keyes\keyes-Before Login.png]]

15-04-2024T08:51:20 - [TEST_STEP][PASSED] - setText(findTestObject("field_username"), valid_username): Text 'Admin' is set on object 'Object Repository/field_username'

15-04-2024T08:51:22 - [MESSAGE][PASSED] - Text 'Admin' is set on object 'Object Repository/field_username'

15-04-2024T08:51:22 - [TEST_STEP][PASSED] - setText(findTestObject("field_password"), valid_password): Text 'admin123' is set on object 'Object Repository/field_password'

15-04-2024T08:51:24 - [MESSAGE][PASSED] - Text 'admin123' is set on object 'Object Repository/field_password'

15-04-2024T08:51:24 - [TEST_STEP][PASSED] - click(findTestObject("btn_login")): Object: 'Object Repository/btn_login' is clicked on

15-04-2024T08:51:25 - [MESSAGE][PASSED] - Object: 'Object Repository/btn_login' is clicked on

15-04-2024T08:51:25 - [TEST_STEP][PASSED] - delay(5): Delayed 5 second(s)

15-04-2024T08:51:30 - [MESSAGE][PASSED] - Delayed 5 second(s)

15-04-2024T08:51:30 - [TEST_STEP][PASSED] - takeScreenshotAsCheckpoint("After Login"): Taking screenshot successfully

15-04-2024T08:51:30 - [MESSAGE][INFO] - 0 hidden object(s)

15-04-2024T08:51:31 - [MESSAGE][PASSED] - Taking screenshot successfully
[[ATTACHMENT|keyes\keyes-After Login.png]]

15-04-2024T08:51:31 - [MESSAGE][PASSED] - Call Test Case 'Test Cases/Login/Login_Success' successfully

15-04-2024T08:51:31 - [TEST_STEP][PASSED] - delay(3): Delayed 3 second(s)

15-04-2024T08:51:34 - [MESSAGE][PASSED] - Delayed 3 second(s)

15-04-2024T08:51:34 - [TEST_STEP][PASSED] - setText(findTestObject("searchBox_menu"), "Admin"): Text 'Admin' is set on object 'Object Repository/searchBox_menu'

15-04-2024T08:51:36 - [MESSAGE][PASSED] - Text 'Admin' is set on object 'Object Repository/searchBox_menu'

15-04-2024T08:51:36 - [TEST_STEP][PASSED] - verifyElementPresent(findTestObject("verify_searchMenu"), 0): Object 'Object Repository/verify_searchMenu' is present

15-04-2024T08:51:36 - [MESSAGE][WARNING] - Timeout '0' is invalid. Using default page load timeout: '30'

15-04-2024T08:51:36 - [MESSAGE][PASSED] - Object 'Object Repository/verify_searchMenu' is present

15-04-2024T08:51:36 - [TEST_STEP][PASSED] - delay(3): Delayed 3 second(s)

15-04-2024T08:51:39 - [MESSAGE][PASSED] - Delayed 3 second(s)]]></system-out>
         <system-err><![CDATA[]]></system-err>
      </testcase>
      <system-out><![CDATA[15-04-2024T08:49:15 - [TEST_SUITE][PASSED] - TS_LoginLogout: Test Cases/SearchMenuBySearchBox_Success]]></system-out>
      <system-err><![CDATA[]]></system-err>
   </testsuite>
</testsuites>
