<?xml version="1.0" encoding="UTF-8"?>
<testsuites name="TSC_MenuPIM" time="219.885" tests="8" failures="0" errors="0">
   <testsuite name="TS_AddEmployee" tests="1" failures="0" errors="0" time="43.901" skipped="0" timestamp="16-04-2024T09:39:45" hostname="1556 - LAPTOP-PT885S91" id="Test Suites/TS_MenuPIM/F_AddEmployee/TS_AddEmployee">
      <properties>
         <property name="deviceName" value=""/>
         <property name="devicePlatform" value=""/>
         <property name="logFolder" value="C:\\Users\\1556\\git\\My-First-Web-UI-Project\\Reports\\20240416_093930\\TS_MenuPIM\\F_AddEmployee\\TS_AddEmployee\\20240416_093931"/>
         <property name="logFiles" value="C:\\Users\\1556\\git\\My-First-Web-UI-Project\\Reports\\20240416_093930\\TS_MenuPIM\\F_AddEmployee\\TS_AddEmployee\\20240416_093931\\execution0.log"/>
         <property name="attachments" value="keyes\keyes-Before Login.png, keyes\keyes-After Login.png"/>
         <property name="hostName" value="1556 - LAPTOP-PT885S91"/>
         <property name="os" value="Windows 11 64bit"/>
         <property name="katalonVersion" value="9.3.2.212"/>
         <property name="browser" value="Chrome 123.0.0.0"/>
         <property name="hostAddress" value="192.168.10.35"/>
         <property name="sessionId" value="165f04b910b01dc601459bcb7852a910"/>
         <property name="seleniumVersion" value="3.141.59"/>
         <property name="proxyInformation" value="ProxyInformation { proxyOption=NO_PROXY, proxyServerType=HTTP, username=, password=********, proxyServerAddress=, proxyServerPort=0, executionList=&quot;&quot;, isApplyToDesiredCapabilities=true }"/>
         <property name="platform" value="Windows 11"/>
      </properties>
      <testcase name="Test Cases/Menu_PIM/Navigate_AddEmployee" time="43.609" classname="Test Cases/Menu_PIM/Navigate_AddEmployee" status="PASSED">
         <system-out><![CDATA[16-04-2024T09:39:46 - [TEST_CASE][PASSED] - Test Cases/Menu_PIM/Navigate_AddEmployee: Test Cases/Menu_PIM/Navigate_AddEmployee

16-04-2024T09:39:46 - [TEST_STEP][PASSED] - callTestCase(findTestCase("Login/Login_Success"), [:], STOP_ON_FAILURE): Call Test Case 'Test Cases/Login/Login_Success' successfully

16-04-2024T09:39:46 - [TEST_CASE][PASSED] - Test Cases/Login/Login_Success: Test Cases/Login/Login_Success

16-04-2024T09:39:47 - [TEST_STEP][PASSED] - openBrowser(""): Browser is opened with url: ''

16-04-2024T09:39:47 - [MESSAGE][INFO] - Starting 'Chrome' driver

16-04-2024T09:39:47 - [MESSAGE][INFO] - User set preference: ['args', '[--start-maximized]']

16-04-2024T09:39:47 - [MESSAGE][INFO] - Action delay is set to 1,000 milliseconds

16-04-2024T09:39:50 - [MESSAGE][PASSED] - Browser is opened with url: ''

16-04-2024T09:39:50 - [TEST_STEP][PASSED] - navigateToUrl(url_login): Navigate to 'https://opensource-demo.orangehrmlive.com/web/index.php/auth/login' successfully

16-04-2024T09:39:58 - [MESSAGE][PASSED] - Navigate to 'https://opensource-demo.orangehrmlive.com/web/index.php/auth/login' successfully

16-04-2024T09:39:58 - [TEST_STEP][PASSED] - delay(3): Delayed 3 second(s)

16-04-2024T09:40:02 - [MESSAGE][PASSED] - Delayed 3 second(s)

16-04-2024T09:40:02 - [TEST_STEP][PASSED] - takeScreenshotAsCheckpoint("Before Login"): Taking screenshot successfully

16-04-2024T09:40:03 - [MESSAGE][INFO] - 0 hidden object(s)

16-04-2024T09:40:03 - [MESSAGE][PASSED] - Taking screenshot successfully
[[ATTACHMENT|keyes\keyes-Before Login.png]]

16-04-2024T09:40:03 - [TEST_STEP][PASSED] - setText(findTestObject("field_username"), valid_username): Text 'Admin' is set on object 'Object Repository/field_username'

16-04-2024T09:40:07 - [MESSAGE][PASSED] - Text 'Admin' is set on object 'Object Repository/field_username'

16-04-2024T09:40:07 - [TEST_STEP][PASSED] - setText(findTestObject("field_password"), valid_password): Text 'admin123' is set on object 'Object Repository/field_password'

16-04-2024T09:40:09 - [MESSAGE][PASSED] - Text 'admin123' is set on object 'Object Repository/field_password'

16-04-2024T09:40:09 - [TEST_STEP][PASSED] - click(findTestObject("btn_login")): Object: 'Object Repository/btn_login' is clicked on

16-04-2024T09:40:11 - [MESSAGE][PASSED] - Object: 'Object Repository/btn_login' is clicked on

16-04-2024T09:40:11 - [TEST_STEP][PASSED] - delay(5): Delayed 5 second(s)

16-04-2024T09:40:16 - [MESSAGE][PASSED] - Delayed 5 second(s)

16-04-2024T09:40:16 - [TEST_STEP][PASSED] - takeScreenshotAsCheckpoint("After Login"): Taking screenshot successfully

16-04-2024T09:40:16 - [MESSAGE][INFO] - 0 hidden object(s)

16-04-2024T09:40:16 - [MESSAGE][PASSED] - Taking screenshot successfully
[[ATTACHMENT|keyes\keyes-After Login.png]]

16-04-2024T09:40:16 - [MESSAGE][PASSED] - Call Test Case 'Test Cases/Login/Login_Success' successfully

16-04-2024T09:40:16 - [TEST_STEP][PASSED] - delay(3): Delayed 3 second(s)

16-04-2024T09:40:19 - [MESSAGE][PASSED] - Delayed 3 second(s)

16-04-2024T09:40:19 - [TEST_STEP][PASSED] - click(findTestObject("F_Menu_PIM/menu_pim")): Object: 'Object Repository/F_Menu_PIM/menu_pim' is clicked on

16-04-2024T09:40:22 - [MESSAGE][PASSED] - Object: 'Object Repository/F_Menu_PIM/menu_pim' is clicked on

16-04-2024T09:40:22 - [TEST_STEP][PASSED] - click(findTestObject("F_Menu_PIM/tab_addEmployee")): Object: 'Object Repository/F_Menu_PIM/tab_addEmployee' is clicked on

16-04-2024T09:40:25 - [MESSAGE][PASSED] - Object: 'Object Repository/F_Menu_PIM/tab_addEmployee' is clicked on

16-04-2024T09:40:25 - [TEST_STEP][PASSED] - verifyElementText(findTestObject("F_Menu_Admin/title_menu"), "Add Employee"): Actual text and expected text of test object 'Object Repository/F_Menu_Admin/title_menu' are matched.

16-04-2024T09:40:26 - [MESSAGE][PASSED] - Actual text and expected text of test object 'Object Repository/F_Menu_Admin/title_menu' are matched.

16-04-2024T09:40:26 - [TEST_STEP][PASSED] - delay(3): Delayed 3 second(s)

16-04-2024T09:40:29 - [MESSAGE][PASSED] - Delayed 3 second(s)]]></system-out>
         <system-err><![CDATA[]]></system-err>
      </testcase>
      <system-out><![CDATA[16-04-2024T09:39:45 - [TEST_SUITE][PASSED] - TS_AddEmployee: Test Cases/Menu_PIM/Navigate_AddEmployee]]></system-out>
      <system-err><![CDATA[]]></system-err>
   </testsuite>
   <testsuite name="TS_Configuration" tests="5" failures="0" errors="0" time="214.481" skipped="0" timestamp="16-04-2024T09:39:51" hostname="1556 - LAPTOP-PT885S91" id="Test Suites/TS_MenuPIM/F_Configuration/TS_Configuration">
      <properties>
         <property name="deviceName" value=""/>
         <property name="devicePlatform" value=""/>
         <property name="logFolder" value="C:\\Users\\1556\\git\\My-First-Web-UI-Project\\Reports\\20240416_093930\\TS_MenuPIM\\F_Configuration\\TS_Configuration\\20240416_093933"/>
         <property name="logFiles" value="C:\\Users\\1556\\git\\My-First-Web-UI-Project\\Reports\\20240416_093930\\TS_MenuPIM\\F_Configuration\\TS_Configuration\\20240416_093933\\execution0.log"/>
         <property name="attachments" value="keyes\keyes-Before Login.png, keyes\keyes-After Login.png, keyes\keyes-Before Login.png, keyes\keyes-After Login.png, keyes\keyes-Before Login.png, keyes\keyes-After Login.png, keyes\keyes-Before Login.png, keyes\keyes-After Login.png, keyes\keyes-Before Login.png, keyes\keyes-After Login.png"/>
         <property name="hostName" value="1556 - LAPTOP-PT885S91"/>
         <property name="os" value="Windows 11 64bit"/>
         <property name="katalonVersion" value="9.3.2.212"/>
         <property name="browser" value="Chrome 123.0.0.0"/>
         <property name="hostAddress" value="192.168.10.35"/>
         <property name="sessionId" value="79252c66c1069d4a2a8e5b91069fdcaf"/>
         <property name="seleniumVersion" value="3.141.59"/>
         <property name="proxyInformation" value="ProxyInformation { proxyOption=NO_PROXY, proxyServerType=HTTP, username=, password=********, proxyServerAddress=, proxyServerPort=0, executionList=&quot;&quot;, isApplyToDesiredCapabilities=true }"/>
         <property name="platform" value="Windows 11"/>
      </properties>
      <testcase name="Test Cases/Menu_PIM/Navigate_Configuration_CustomFields" time="52.18" classname="Test Cases/Menu_PIM/Navigate_Configuration_CustomFields" status="PASSED">
         <system-out><![CDATA[16-04-2024T09:39:52 - [TEST_CASE][PASSED] - Test Cases/Menu_PIM/Navigate_Configuration_CustomFields: Test Cases/Menu_PIM/Navigate_Configuration_CustomFields

16-04-2024T09:39:52 - [TEST_STEP][PASSED] - callTestCase(findTestCase("Login/Login_Success"), [:], STOP_ON_FAILURE): Call Test Case 'Test Cases/Login/Login_Success' successfully

16-04-2024T09:39:53 - [TEST_CASE][PASSED] - Test Cases/Login/Login_Success: Test Cases/Login/Login_Success

16-04-2024T09:39:53 - [TEST_STEP][PASSED] - openBrowser(""): Browser is opened with url: ''

16-04-2024T09:39:53 - [MESSAGE][INFO] - Starting 'Chrome' driver

16-04-2024T09:39:53 - [MESSAGE][INFO] - User set preference: ['args', '[--start-maximized]']

16-04-2024T09:39:53 - [MESSAGE][INFO] - Action delay is set to 1,000 milliseconds

16-04-2024T09:39:57 - [MESSAGE][PASSED] - Browser is opened with url: ''

16-04-2024T09:39:57 - [TEST_STEP][PASSED] - navigateToUrl(url_login): Navigate to 'https://opensource-demo.orangehrmlive.com/web/index.php/auth/login' successfully

16-04-2024T09:40:12 - [MESSAGE][PASSED] - Navigate to 'https://opensource-demo.orangehrmlive.com/web/index.php/auth/login' successfully

16-04-2024T09:40:12 - [TEST_STEP][PASSED] - delay(3): Delayed 3 second(s)

16-04-2024T09:40:15 - [MESSAGE][PASSED] - Delayed 3 second(s)

16-04-2024T09:40:15 - [TEST_STEP][PASSED] - takeScreenshotAsCheckpoint("Before Login"): Taking screenshot successfully

16-04-2024T09:40:16 - [MESSAGE][INFO] - 0 hidden object(s)

16-04-2024T09:40:16 - [MESSAGE][PASSED] - Taking screenshot successfully
[[ATTACHMENT|keyes\keyes-Before Login.png]]

16-04-2024T09:40:16 - [TEST_STEP][PASSED] - setText(findTestObject("field_username"), valid_username): Text 'Admin' is set on object 'Object Repository/field_username'

16-04-2024T09:40:19 - [MESSAGE][PASSED] - Text 'Admin' is set on object 'Object Repository/field_username'

16-04-2024T09:40:19 - [TEST_STEP][PASSED] - setText(findTestObject("field_password"), valid_password): Text 'admin123' is set on object 'Object Repository/field_password'

16-04-2024T09:40:21 - [MESSAGE][PASSED] - Text 'admin123' is set on object 'Object Repository/field_password'

16-04-2024T09:40:21 - [TEST_STEP][PASSED] - click(findTestObject("btn_login")): Object: 'Object Repository/btn_login' is clicked on

16-04-2024T09:40:24 - [MESSAGE][PASSED] - Object: 'Object Repository/btn_login' is clicked on

16-04-2024T09:40:24 - [TEST_STEP][PASSED] - delay(5): Delayed 5 second(s)

16-04-2024T09:40:29 - [MESSAGE][PASSED] - Delayed 5 second(s)

16-04-2024T09:40:29 - [TEST_STEP][PASSED] - takeScreenshotAsCheckpoint("After Login"): Taking screenshot successfully

16-04-2024T09:40:29 - [MESSAGE][INFO] - 0 hidden object(s)

16-04-2024T09:40:29 - [MESSAGE][PASSED] - Taking screenshot successfully
[[ATTACHMENT|keyes\keyes-After Login.png]]

16-04-2024T09:40:29 - [MESSAGE][PASSED] - Call Test Case 'Test Cases/Login/Login_Success' successfully

16-04-2024T09:40:29 - [TEST_STEP][PASSED] - delay(3): Delayed 3 second(s)

16-04-2024T09:40:32 - [MESSAGE][PASSED] - Delayed 3 second(s)

16-04-2024T09:40:32 - [TEST_STEP][PASSED] - click(findTestObject("F_Menu_PIM/menu_pim")): Object: 'Object Repository/F_Menu_PIM/menu_pim' is clicked on

16-04-2024T09:40:35 - [MESSAGE][PASSED] - Object: 'Object Repository/F_Menu_PIM/menu_pim' is clicked on

16-04-2024T09:40:35 - [TEST_STEP][PASSED] - click(findTestObject("F_Menu_PIM/tab_configuration")): Object: 'Object Repository/F_Menu_PIM/tab_configuration' is clicked on

16-04-2024T09:40:37 - [MESSAGE][PASSED] - Object: 'Object Repository/F_Menu_PIM/tab_configuration' is clicked on

16-04-2024T09:40:37 - [TEST_STEP][PASSED] - click(findTestObject("F_Menu_PIM/select_customFields")): Object: 'Object Repository/F_Menu_PIM/select_customFields' is clicked on

16-04-2024T09:40:39 - [MESSAGE][PASSED] - Object: 'Object Repository/F_Menu_PIM/select_customFields' is clicked on

16-04-2024T09:40:39 - [TEST_STEP][PASSED] - verifyElementText(findTestObject("F_Menu_Admin/title_menu"), "Custom Fields"): Actual text and expected text of test object 'Object Repository/F_Menu_Admin/title_menu' are matched.

16-04-2024T09:40:41 - [MESSAGE][PASSED] - Actual text and expected text of test object 'Object Repository/F_Menu_Admin/title_menu' are matched.

16-04-2024T09:40:41 - [TEST_STEP][PASSED] - delay(3): Delayed 3 second(s)

16-04-2024T09:40:44 - [MESSAGE][PASSED] - Delayed 3 second(s)]]></system-out>
         <system-err><![CDATA[]]></system-err>
      </testcase>
      <testcase name="Test Cases/Menu_PIM/Navigate_Configuration_DataImport" time="38.557" classname="Test Cases/Menu_PIM/Navigate_Configuration_DataImport" status="PASSED">
         <system-out><![CDATA[16-04-2024T09:40:44 - [TEST_CASE][PASSED] - Test Cases/Menu_PIM/Navigate_Configuration_DataImport: Test Cases/Menu_PIM/Navigate_Configuration_DataImport

16-04-2024T09:40:44 - [TEST_STEP][PASSED] - callTestCase(findTestCase("Login/Login_Success"), [:], STOP_ON_FAILURE): Call Test Case 'Test Cases/Login/Login_Success' successfully

16-04-2024T09:40:44 - [TEST_CASE][PASSED] - Test Cases/Login/Login_Success: Test Cases/Login/Login_Success

16-04-2024T09:40:44 - [TEST_STEP][PASSED] - openBrowser(""): Browser is opened with url: ''

16-04-2024T09:40:44 - [MESSAGE][WARNING] - A browser is already opened. Closing browser and opening a new one

16-04-2024T09:40:44 - [MESSAGE][INFO] - Starting 'Chrome' driver

16-04-2024T09:40:44 - [MESSAGE][INFO] - User set preference: ['args', '[--start-maximized]']

16-04-2024T09:40:44 - [MESSAGE][INFO] - Action delay is set to 1,000 milliseconds

16-04-2024T09:40:45 - [MESSAGE][PASSED] - Browser is opened with url: ''

16-04-2024T09:40:45 - [TEST_STEP][PASSED] - navigateToUrl(url_login): Navigate to 'https://opensource-demo.orangehrmlive.com/web/index.php/auth/login' successfully

16-04-2024T09:40:52 - [MESSAGE][PASSED] - Navigate to 'https://opensource-demo.orangehrmlive.com/web/index.php/auth/login' successfully

16-04-2024T09:40:52 - [TEST_STEP][PASSED] - delay(3): Delayed 3 second(s)

16-04-2024T09:40:55 - [MESSAGE][PASSED] - Delayed 3 second(s)

16-04-2024T09:40:55 - [TEST_STEP][PASSED] - takeScreenshotAsCheckpoint("Before Login"): Taking screenshot successfully

16-04-2024T09:40:55 - [MESSAGE][INFO] - 0 hidden object(s)

16-04-2024T09:40:55 - [MESSAGE][PASSED] - Taking screenshot successfully
[[ATTACHMENT|keyes\keyes-Before Login.png]]

16-04-2024T09:40:55 - [TEST_STEP][PASSED] - setText(findTestObject("field_username"), valid_username): Text 'Admin' is set on object 'Object Repository/field_username'

16-04-2024T09:40:58 - [MESSAGE][PASSED] - Text 'Admin' is set on object 'Object Repository/field_username'

16-04-2024T09:40:58 - [TEST_STEP][PASSED] - setText(findTestObject("field_password"), valid_password): Text 'admin123' is set on object 'Object Repository/field_password'

16-04-2024T09:41:01 - [MESSAGE][PASSED] - Text 'admin123' is set on object 'Object Repository/field_password'

16-04-2024T09:41:01 - [TEST_STEP][PASSED] - click(findTestObject("btn_login")): Object: 'Object Repository/btn_login' is clicked on

16-04-2024T09:41:03 - [MESSAGE][PASSED] - Object: 'Object Repository/btn_login' is clicked on

16-04-2024T09:41:03 - [TEST_STEP][PASSED] - delay(5): Delayed 5 second(s)

16-04-2024T09:41:08 - [MESSAGE][PASSED] - Delayed 5 second(s)

16-04-2024T09:41:08 - [TEST_STEP][PASSED] - takeScreenshotAsCheckpoint("After Login"): Taking screenshot successfully

16-04-2024T09:41:09 - [MESSAGE][INFO] - 0 hidden object(s)

16-04-2024T09:41:09 - [MESSAGE][PASSED] - Taking screenshot successfully
[[ATTACHMENT|keyes\keyes-After Login.png]]

16-04-2024T09:41:09 - [MESSAGE][PASSED] - Call Test Case 'Test Cases/Login/Login_Success' successfully

16-04-2024T09:41:09 - [TEST_STEP][PASSED] - delay(3): Delayed 3 second(s)

16-04-2024T09:41:12 - [MESSAGE][PASSED] - Delayed 3 second(s)

16-04-2024T09:41:12 - [TEST_STEP][PASSED] - click(findTestObject("F_Menu_PIM/menu_pim")): Object: 'Object Repository/F_Menu_PIM/menu_pim' is clicked on

16-04-2024T09:41:14 - [MESSAGE][PASSED] - Object: 'Object Repository/F_Menu_PIM/menu_pim' is clicked on

16-04-2024T09:41:14 - [TEST_STEP][PASSED] - click(findTestObject("F_Menu_PIM/tab_configuration")): Object: 'Object Repository/F_Menu_PIM/tab_configuration' is clicked on

16-04-2024T09:41:16 - [MESSAGE][PASSED] - Object: 'Object Repository/F_Menu_PIM/tab_configuration' is clicked on

16-04-2024T09:41:16 - [TEST_STEP][PASSED] - click(findTestObject("F_Menu_PIM/select_dataImport")): Object: 'Object Repository/F_Menu_PIM/select_dataImport' is clicked on

16-04-2024T09:41:19 - [MESSAGE][PASSED] - Object: 'Object Repository/F_Menu_PIM/select_dataImport' is clicked on

16-04-2024T09:41:19 - [TEST_STEP][PASSED] - verifyElementText(findTestObject("F_Menu_PIM/title_menu_pim"), "Data Import"): Actual text and expected text of test object 'Object Repository/F_Menu_PIM/title_menu_pim' are matched.

16-04-2024T09:41:19 - [MESSAGE][PASSED] - Actual text and expected text of test object 'Object Repository/F_Menu_PIM/title_menu_pim' are matched.

16-04-2024T09:41:19 - [TEST_STEP][PASSED] - delay(3): Delayed 3 second(s)

16-04-2024T09:41:22 - [MESSAGE][PASSED] - Delayed 3 second(s)]]></system-out>
         <system-err><![CDATA[]]></system-err>
      </testcase>
      <testcase name="Test Cases/Menu_PIM/Navigate_Configuration_OptionalFields" time="38.274" classname="Test Cases/Menu_PIM/Navigate_Configuration_OptionalFields" status="PASSED">
         <system-out><![CDATA[16-04-2024T09:41:22 - [TEST_CASE][PASSED] - Test Cases/Menu_PIM/Navigate_Configuration_OptionalFields: Test Cases/Menu_PIM/Navigate_Configuration_OptionalFields

16-04-2024T09:41:22 - [TEST_STEP][PASSED] - callTestCase(findTestCase("Login/Login_Success"), [:], STOP_ON_FAILURE): Call Test Case 'Test Cases/Login/Login_Success' successfully

16-04-2024T09:41:23 - [TEST_CASE][PASSED] - Test Cases/Login/Login_Success: Test Cases/Login/Login_Success

16-04-2024T09:41:23 - [TEST_STEP][PASSED] - openBrowser(""): Browser is opened with url: ''

16-04-2024T09:41:23 - [MESSAGE][WARNING] - A browser is already opened. Closing browser and opening a new one

16-04-2024T09:41:23 - [MESSAGE][INFO] - Starting 'Chrome' driver

16-04-2024T09:41:23 - [MESSAGE][INFO] - User set preference: ['args', '[--start-maximized]']

16-04-2024T09:41:23 - [MESSAGE][INFO] - Action delay is set to 1,000 milliseconds

16-04-2024T09:41:24 - [MESSAGE][PASSED] - Browser is opened with url: ''

16-04-2024T09:41:24 - [TEST_STEP][PASSED] - navigateToUrl(url_login): Navigate to 'https://opensource-demo.orangehrmlive.com/web/index.php/auth/login' successfully

16-04-2024T09:41:31 - [MESSAGE][PASSED] - Navigate to 'https://opensource-demo.orangehrmlive.com/web/index.php/auth/login' successfully

16-04-2024T09:41:31 - [TEST_STEP][PASSED] - delay(3): Delayed 3 second(s)

16-04-2024T09:41:34 - [MESSAGE][PASSED] - Delayed 3 second(s)

16-04-2024T09:41:34 - [TEST_STEP][PASSED] - takeScreenshotAsCheckpoint("Before Login"): Taking screenshot successfully

16-04-2024T09:41:34 - [MESSAGE][INFO] - 0 hidden object(s)

16-04-2024T09:41:34 - [MESSAGE][PASSED] - Taking screenshot successfully
[[ATTACHMENT|keyes\keyes-Before Login.png]]

16-04-2024T09:41:34 - [TEST_STEP][PASSED] - setText(findTestObject("field_username"), valid_username): Text 'Admin' is set on object 'Object Repository/field_username'

16-04-2024T09:41:37 - [MESSAGE][PASSED] - Text 'Admin' is set on object 'Object Repository/field_username'

16-04-2024T09:41:37 - [TEST_STEP][PASSED] - setText(findTestObject("field_password"), valid_password): Text 'admin123' is set on object 'Object Repository/field_password'

16-04-2024T09:41:40 - [MESSAGE][PASSED] - Text 'admin123' is set on object 'Object Repository/field_password'

16-04-2024T09:41:40 - [TEST_STEP][PASSED] - click(findTestObject("btn_login")): Object: 'Object Repository/btn_login' is clicked on

16-04-2024T09:41:41 - [MESSAGE][PASSED] - Object: 'Object Repository/btn_login' is clicked on

16-04-2024T09:41:41 - [TEST_STEP][PASSED] - delay(5): Delayed 5 second(s)

16-04-2024T09:41:46 - [MESSAGE][PASSED] - Delayed 5 second(s)

16-04-2024T09:41:46 - [TEST_STEP][PASSED] - takeScreenshotAsCheckpoint("After Login"): Taking screenshot successfully

16-04-2024T09:41:46 - [MESSAGE][INFO] - 0 hidden object(s)

16-04-2024T09:41:46 - [MESSAGE][PASSED] - Taking screenshot successfully
[[ATTACHMENT|keyes\keyes-After Login.png]]

16-04-2024T09:41:46 - [MESSAGE][PASSED] - Call Test Case 'Test Cases/Login/Login_Success' successfully

16-04-2024T09:41:46 - [TEST_STEP][PASSED] - delay(3): Delayed 3 second(s)

16-04-2024T09:41:49 - [MESSAGE][PASSED] - Delayed 3 second(s)

16-04-2024T09:41:49 - [TEST_STEP][PASSED] - click(findTestObject("F_Menu_PIM/menu_pim")): Object: 'Object Repository/F_Menu_PIM/menu_pim' is clicked on

16-04-2024T09:41:52 - [MESSAGE][PASSED] - Object: 'Object Repository/F_Menu_PIM/menu_pim' is clicked on

16-04-2024T09:41:52 - [TEST_STEP][PASSED] - click(findTestObject("F_Menu_PIM/tab_configuration")): Object: 'Object Repository/F_Menu_PIM/tab_configuration' is clicked on

16-04-2024T09:41:54 - [MESSAGE][PASSED] - Object: 'Object Repository/F_Menu_PIM/tab_configuration' is clicked on

16-04-2024T09:41:54 - [TEST_STEP][PASSED] - click(findTestObject("F_Menu_PIM/select_optionalFields")): Object: 'Object Repository/F_Menu_PIM/select_optionalFields' is clicked on

16-04-2024T09:41:56 - [MESSAGE][PASSED] - Object: 'Object Repository/F_Menu_PIM/select_optionalFields' is clicked on

16-04-2024T09:41:56 - [TEST_STEP][PASSED] - verifyElementText(findTestObject("F_Menu_PIM/title_menu_pim"), "Optional Fields"): Actual text and expected text of test object 'Object Repository/F_Menu_PIM/title_menu_pim' are matched.

16-04-2024T09:41:58 - [MESSAGE][PASSED] - Actual text and expected text of test object 'Object Repository/F_Menu_PIM/title_menu_pim' are matched.

16-04-2024T09:41:58 - [TEST_STEP][PASSED] - delay(3): Delayed 3 second(s)

16-04-2024T09:42:01 - [MESSAGE][PASSED] - Delayed 3 second(s)]]></system-out>
         <system-err><![CDATA[]]></system-err>
      </testcase>
      <testcase name="Test Cases/Menu_PIM/Navigate_Configuration_ReportingMethods" time="44.817" classname="Test Cases/Menu_PIM/Navigate_Configuration_ReportingMethods" status="PASSED">
         <system-out><![CDATA[16-04-2024T09:42:01 - [TEST_CASE][PASSED] - Test Cases/Menu_PIM/Navigate_Configuration_ReportingMethods: Test Cases/Menu_PIM/Navigate_Configuration_ReportingMethods

16-04-2024T09:42:01 - [TEST_STEP][PASSED] - callTestCase(findTestCase("Login/Login_Success"), [:], STOP_ON_FAILURE): Call Test Case 'Test Cases/Login/Login_Success' successfully

16-04-2024T09:42:01 - [TEST_CASE][PASSED] - Test Cases/Login/Login_Success: Test Cases/Login/Login_Success

16-04-2024T09:42:01 - [TEST_STEP][PASSED] - openBrowser(""): Browser is opened with url: ''

16-04-2024T09:42:01 - [MESSAGE][WARNING] - A browser is already opened. Closing browser and opening a new one

16-04-2024T09:42:01 - [MESSAGE][INFO] - Starting 'Chrome' driver

16-04-2024T09:42:01 - [MESSAGE][INFO] - User set preference: ['args', '[--start-maximized]']

16-04-2024T09:42:01 - [MESSAGE][INFO] - Action delay is set to 1,000 milliseconds

16-04-2024T09:42:02 - [MESSAGE][PASSED] - Browser is opened with url: ''

16-04-2024T09:42:02 - [TEST_STEP][PASSED] - navigateToUrl(url_login): Navigate to 'https://opensource-demo.orangehrmlive.com/web/index.php/auth/login' successfully

16-04-2024T09:42:15 - [MESSAGE][PASSED] - Navigate to 'https://opensource-demo.orangehrmlive.com/web/index.php/auth/login' successfully

16-04-2024T09:42:15 - [TEST_STEP][PASSED] - delay(3): Delayed 3 second(s)

16-04-2024T09:42:18 - [MESSAGE][PASSED] - Delayed 3 second(s)

16-04-2024T09:42:18 - [TEST_STEP][PASSED] - takeScreenshotAsCheckpoint("Before Login"): Taking screenshot successfully

16-04-2024T09:42:19 - [MESSAGE][INFO] - 0 hidden object(s)

16-04-2024T09:42:19 - [MESSAGE][PASSED] - Taking screenshot successfully
[[ATTACHMENT|keyes\keyes-Before Login.png]]

16-04-2024T09:42:19 - [TEST_STEP][PASSED] - setText(findTestObject("field_username"), valid_username): Text 'Admin' is set on object 'Object Repository/field_username'

16-04-2024T09:42:22 - [MESSAGE][PASSED] - Text 'Admin' is set on object 'Object Repository/field_username'

16-04-2024T09:42:22 - [TEST_STEP][PASSED] - setText(findTestObject("field_password"), valid_password): Text 'admin123' is set on object 'Object Repository/field_password'

16-04-2024T09:42:24 - [MESSAGE][PASSED] - Text 'admin123' is set on object 'Object Repository/field_password'

16-04-2024T09:42:24 - [TEST_STEP][PASSED] - click(findTestObject("btn_login")): Object: 'Object Repository/btn_login' is clicked on

16-04-2024T09:42:26 - [MESSAGE][PASSED] - Object: 'Object Repository/btn_login' is clicked on

16-04-2024T09:42:26 - [TEST_STEP][PASSED] - delay(5): Delayed 5 second(s)

16-04-2024T09:42:31 - [MESSAGE][PASSED] - Delayed 5 second(s)

16-04-2024T09:42:31 - [TEST_STEP][PASSED] - takeScreenshotAsCheckpoint("After Login"): Taking screenshot successfully

16-04-2024T09:42:31 - [MESSAGE][INFO] - 0 hidden object(s)

16-04-2024T09:42:31 - [MESSAGE][PASSED] - Taking screenshot successfully
[[ATTACHMENT|keyes\keyes-After Login.png]]

16-04-2024T09:42:31 - [MESSAGE][PASSED] - Call Test Case 'Test Cases/Login/Login_Success' successfully

16-04-2024T09:42:31 - [TEST_STEP][PASSED] - delay(3): Delayed 3 second(s)

16-04-2024T09:42:34 - [MESSAGE][PASSED] - Delayed 3 second(s)

16-04-2024T09:42:34 - [TEST_STEP][PASSED] - click(findTestObject("F_Menu_PIM/menu_pim")): Object: 'Object Repository/F_Menu_PIM/menu_pim' is clicked on

16-04-2024T09:42:37 - [MESSAGE][PASSED] - Object: 'Object Repository/F_Menu_PIM/menu_pim' is clicked on

16-04-2024T09:42:37 - [TEST_STEP][PASSED] - click(findTestObject("F_Menu_PIM/tab_configuration")): Object: 'Object Repository/F_Menu_PIM/tab_configuration' is clicked on

16-04-2024T09:42:39 - [MESSAGE][PASSED] - Object: 'Object Repository/F_Menu_PIM/tab_configuration' is clicked on

16-04-2024T09:42:39 - [TEST_STEP][PASSED] - click(findTestObject("F_Menu_PIM/select_reportingMethods")): Object: 'Object Repository/F_Menu_PIM/select_reportingMethods' is clicked on

16-04-2024T09:42:41 - [MESSAGE][PASSED] - Object: 'Object Repository/F_Menu_PIM/select_reportingMethods' is clicked on

16-04-2024T09:42:41 - [TEST_STEP][PASSED] - verifyElementText(findTestObject("F_Menu_PIM/title_menu_pim"), "Reporting Methods"): Actual text and expected text of test object 'Object Repository/F_Menu_PIM/title_menu_pim' are matched.

16-04-2024T09:42:42 - [MESSAGE][PASSED] - Actual text and expected text of test object 'Object Repository/F_Menu_PIM/title_menu_pim' are matched.

16-04-2024T09:42:42 - [TEST_STEP][PASSED] - delay(3): Delayed 3 second(s)

16-04-2024T09:42:45 - [MESSAGE][PASSED] - Delayed 3 second(s)]]></system-out>
         <system-err><![CDATA[]]></system-err>
      </testcase>
      <testcase name="Test Cases/Menu_PIM/Navigate_Configuration_TerminationReasons" time="40.27" classname="Test Cases/Menu_PIM/Navigate_Configuration_TerminationReasons" status="PASSED">
         <system-out><![CDATA[16-04-2024T09:42:46 - [TEST_CASE][PASSED] - Test Cases/Menu_PIM/Navigate_Configuration_TerminationReasons: Test Cases/Menu_PIM/Navigate_Configuration_TerminationReasons

16-04-2024T09:42:46 - [TEST_STEP][PASSED] - callTestCase(findTestCase("Login/Login_Success"), [:], STOP_ON_FAILURE): Call Test Case 'Test Cases/Login/Login_Success' successfully

16-04-2024T09:42:46 - [TEST_CASE][PASSED] - Test Cases/Login/Login_Success: Test Cases/Login/Login_Success

16-04-2024T09:42:46 - [TEST_STEP][PASSED] - openBrowser(""): Browser is opened with url: ''

16-04-2024T09:42:46 - [MESSAGE][WARNING] - A browser is already opened. Closing browser and opening a new one

16-04-2024T09:42:46 - [MESSAGE][INFO] - Starting 'Chrome' driver

16-04-2024T09:42:46 - [MESSAGE][INFO] - User set preference: ['args', '[--start-maximized]']

16-04-2024T09:42:46 - [MESSAGE][INFO] - Action delay is set to 1,000 milliseconds

16-04-2024T09:42:47 - [MESSAGE][PASSED] - Browser is opened with url: ''

16-04-2024T09:42:47 - [TEST_STEP][PASSED] - navigateToUrl(url_login): Navigate to 'https://opensource-demo.orangehrmlive.com/web/index.php/auth/login' successfully

16-04-2024T09:42:55 - [MESSAGE][PASSED] - Navigate to 'https://opensource-demo.orangehrmlive.com/web/index.php/auth/login' successfully

16-04-2024T09:42:55 - [TEST_STEP][PASSED] - delay(3): Delayed 3 second(s)

16-04-2024T09:42:58 - [MESSAGE][PASSED] - Delayed 3 second(s)

16-04-2024T09:42:58 - [TEST_STEP][PASSED] - takeScreenshotAsCheckpoint("Before Login"): Taking screenshot successfully

16-04-2024T09:42:59 - [MESSAGE][INFO] - 0 hidden object(s)

16-04-2024T09:42:59 - [MESSAGE][PASSED] - Taking screenshot successfully
[[ATTACHMENT|keyes\keyes-Before Login.png]]

16-04-2024T09:42:59 - [TEST_STEP][PASSED] - setText(findTestObject("field_username"), valid_username): Text 'Admin' is set on object 'Object Repository/field_username'

16-04-2024T09:43:02 - [MESSAGE][PASSED] - Text 'Admin' is set on object 'Object Repository/field_username'

16-04-2024T09:43:02 - [TEST_STEP][PASSED] - setText(findTestObject("field_password"), valid_password): Text 'admin123' is set on object 'Object Repository/field_password'

16-04-2024T09:43:04 - [MESSAGE][PASSED] - Text 'admin123' is set on object 'Object Repository/field_password'

16-04-2024T09:43:04 - [TEST_STEP][PASSED] - click(findTestObject("btn_login")): Object: 'Object Repository/btn_login' is clicked on

16-04-2024T09:43:06 - [MESSAGE][PASSED] - Object: 'Object Repository/btn_login' is clicked on

16-04-2024T09:43:06 - [TEST_STEP][PASSED] - delay(5): Delayed 5 second(s)

16-04-2024T09:43:11 - [MESSAGE][PASSED] - Delayed 5 second(s)

16-04-2024T09:43:11 - [TEST_STEP][PASSED] - takeScreenshotAsCheckpoint("After Login"): Taking screenshot successfully

16-04-2024T09:43:11 - [MESSAGE][INFO] - 0 hidden object(s)

16-04-2024T09:43:11 - [MESSAGE][PASSED] - Taking screenshot successfully
[[ATTACHMENT|keyes\keyes-After Login.png]]

16-04-2024T09:43:11 - [MESSAGE][PASSED] - Call Test Case 'Test Cases/Login/Login_Success' successfully

16-04-2024T09:43:11 - [TEST_STEP][PASSED] - delay(3): Delayed 3 second(s)

16-04-2024T09:43:14 - [MESSAGE][PASSED] - Delayed 3 second(s)

16-04-2024T09:43:14 - [TEST_STEP][PASSED] - click(findTestObject("F_Menu_PIM/menu_pim")): Object: 'Object Repository/F_Menu_PIM/menu_pim' is clicked on

16-04-2024T09:43:16 - [MESSAGE][PASSED] - Object: 'Object Repository/F_Menu_PIM/menu_pim' is clicked on

16-04-2024T09:43:16 - [TEST_STEP][PASSED] - click(findTestObject("F_Menu_PIM/tab_configuration")): Object: 'Object Repository/F_Menu_PIM/tab_configuration' is clicked on

16-04-2024T09:43:19 - [MESSAGE][PASSED] - Object: 'Object Repository/F_Menu_PIM/tab_configuration' is clicked on

16-04-2024T09:43:19 - [TEST_STEP][PASSED] - click(findTestObject("F_Menu_PIM/select_terminationReasons")): Object: 'Object Repository/F_Menu_PIM/select_terminationReasons' is clicked on

16-04-2024T09:43:21 - [MESSAGE][PASSED] - Object: 'Object Repository/F_Menu_PIM/select_terminationReasons' is clicked on

16-04-2024T09:43:21 - [TEST_STEP][PASSED] - verifyElementText(findTestObject("F_Menu_PIM/title_menu_pim"), "Termination Reasons"): Actual text and expected text of test object 'Object Repository/F_Menu_PIM/title_menu_pim' are matched.

16-04-2024T09:43:23 - [MESSAGE][PASSED] - Actual text and expected text of test object 'Object Repository/F_Menu_PIM/title_menu_pim' are matched.

16-04-2024T09:43:23 - [TEST_STEP][PASSED] - delay(3): Delayed 3 second(s)

16-04-2024T09:43:26 - [MESSAGE][PASSED] - Delayed 3 second(s)]]></system-out>
         <system-err><![CDATA[]]></system-err>
      </testcase>
      <system-out><![CDATA[16-04-2024T09:39:51 - [TEST_SUITE][PASSED] - TS_Configuration: Test Cases/Menu_PIM/Navigate_Configuration_TerminationReasons]]></system-out>
      <system-err><![CDATA[]]></system-err>
   </testsuite>
   <testsuite name="TS_EmployeeList" tests="1" failures="0" errors="0" time="61.234" skipped="0" timestamp="16-04-2024T09:39:57" hostname="1556 - LAPTOP-PT885S91" id="Test Suites/TS_MenuPIM/F_EmployeeList/TS_EmployeeList">
      <properties>
         <property name="deviceName" value=""/>
         <property name="devicePlatform" value=""/>
         <property name="logFolder" value="C:\\Users\\1556\\git\\My-First-Web-UI-Project\\Reports\\20240416_093930\\TS_MenuPIM\\F_EmployeeList\\TS_EmployeeList\\20240416_093935"/>
         <property name="logFiles" value="C:\\Users\\1556\\git\\My-First-Web-UI-Project\\Reports\\20240416_093930\\TS_MenuPIM\\F_EmployeeList\\TS_EmployeeList\\20240416_093935\\execution0.log"/>
         <property name="attachments" value="keyes\keyes-Before Login.png, keyes\keyes-After Login.png"/>
         <property name="hostName" value="1556 - LAPTOP-PT885S91"/>
         <property name="os" value="Windows 11 64bit"/>
         <property name="katalonVersion" value="9.3.2.212"/>
         <property name="browser" value="Chrome 123.0.0.0"/>
         <property name="hostAddress" value="192.168.10.35"/>
         <property name="sessionId" value="384053c63710c1a091f565654698ecef"/>
         <property name="seleniumVersion" value="3.141.59"/>
         <property name="proxyInformation" value="ProxyInformation { proxyOption=NO_PROXY, proxyServerType=HTTP, username=, password=********, proxyServerAddress=, proxyServerPort=0, executionList=&quot;&quot;, isApplyToDesiredCapabilities=true }"/>
         <property name="platform" value="Windows 11"/>
      </properties>
      <testcase name="Test Cases/Menu_PIM/Navigate_EmployeeList" time="60.824" classname="Test Cases/Menu_PIM/Navigate_EmployeeList" status="PASSED">
         <system-out><![CDATA[16-04-2024T09:39:57 - [TEST_CASE][PASSED] - Test Cases/Menu_PIM/Navigate_EmployeeList: Test Cases/Menu_PIM/Navigate_EmployeeList

16-04-2024T09:39:58 - [TEST_STEP][PASSED] - callTestCase(findTestCase("Login/Login_Success"), [:], STOP_ON_FAILURE): Call Test Case 'Test Cases/Login/Login_Success' successfully

16-04-2024T09:39:58 - [TEST_CASE][PASSED] - Test Cases/Login/Login_Success: Test Cases/Login/Login_Success

16-04-2024T09:39:58 - [TEST_STEP][PASSED] - openBrowser(""): Browser is opened with url: ''

16-04-2024T09:39:59 - [MESSAGE][INFO] - Starting 'Chrome' driver

16-04-2024T09:39:59 - [MESSAGE][INFO] - User set preference: ['args', '[--start-maximized]']

16-04-2024T09:39:59 - [MESSAGE][INFO] - Action delay is set to 1,000 milliseconds

16-04-2024T09:40:03 - [MESSAGE][PASSED] - Browser is opened with url: ''

16-04-2024T09:40:03 - [TEST_STEP][PASSED] - navigateToUrl(url_login): Navigate to 'https://opensource-demo.orangehrmlive.com/web/index.php/auth/login' successfully

16-04-2024T09:40:28 - [MESSAGE][PASSED] - Navigate to 'https://opensource-demo.orangehrmlive.com/web/index.php/auth/login' successfully

16-04-2024T09:40:28 - [TEST_STEP][PASSED] - delay(3): Delayed 3 second(s)

16-04-2024T09:40:31 - [MESSAGE][PASSED] - Delayed 3 second(s)

16-04-2024T09:40:31 - [TEST_STEP][PASSED] - takeScreenshotAsCheckpoint("Before Login"): Taking screenshot successfully

16-04-2024T09:40:32 - [MESSAGE][INFO] - 0 hidden object(s)

16-04-2024T09:40:32 - [MESSAGE][PASSED] - Taking screenshot successfully
[[ATTACHMENT|keyes\keyes-Before Login.png]]

16-04-2024T09:40:32 - [TEST_STEP][PASSED] - setText(findTestObject("field_username"), valid_username): Text 'Admin' is set on object 'Object Repository/field_username'

16-04-2024T09:40:35 - [MESSAGE][PASSED] - Text 'Admin' is set on object 'Object Repository/field_username'

16-04-2024T09:40:35 - [TEST_STEP][PASSED] - setText(findTestObject("field_password"), valid_password): Text 'admin123' is set on object 'Object Repository/field_password'

16-04-2024T09:40:38 - [MESSAGE][PASSED] - Text 'admin123' is set on object 'Object Repository/field_password'

16-04-2024T09:40:38 - [TEST_STEP][PASSED] - click(findTestObject("btn_login")): Object: 'Object Repository/btn_login' is clicked on

16-04-2024T09:40:39 - [MESSAGE][PASSED] - Object: 'Object Repository/btn_login' is clicked on

16-04-2024T09:40:39 - [TEST_STEP][PASSED] - delay(5): Delayed 5 second(s)

16-04-2024T09:40:44 - [MESSAGE][PASSED] - Delayed 5 second(s)

16-04-2024T09:40:44 - [TEST_STEP][PASSED] - takeScreenshotAsCheckpoint("After Login"): Taking screenshot successfully

16-04-2024T09:40:45 - [MESSAGE][INFO] - 0 hidden object(s)

16-04-2024T09:40:45 - [MESSAGE][PASSED] - Taking screenshot successfully
[[ATTACHMENT|keyes\keyes-After Login.png]]

16-04-2024T09:40:45 - [MESSAGE][PASSED] - Call Test Case 'Test Cases/Login/Login_Success' successfully

16-04-2024T09:40:45 - [TEST_STEP][PASSED] - delay(3): Delayed 3 second(s)

16-04-2024T09:40:48 - [MESSAGE][PASSED] - Delayed 3 second(s)

16-04-2024T09:40:48 - [TEST_STEP][PASSED] - click(findTestObject("F_Menu_PIM/menu_pim")): Object: 'Object Repository/F_Menu_PIM/menu_pim' is clicked on

16-04-2024T09:40:50 - [MESSAGE][PASSED] - Object: 'Object Repository/F_Menu_PIM/menu_pim' is clicked on

16-04-2024T09:40:50 - [TEST_STEP][PASSED] - click(findTestObject("F_Menu_PIM/tab_employeeList")): Object: 'Object Repository/F_Menu_PIM/tab_employeeList' is clicked on

16-04-2024T09:40:53 - [MESSAGE][PASSED] - Object: 'Object Repository/F_Menu_PIM/tab_employeeList' is clicked on

16-04-2024T09:40:53 - [TEST_STEP][PASSED] - verifyElementText(findTestObject("F_Menu_Admin/title_menuWithFilter"), "Employee Information"): Actual text and expected text of test object 'Object Repository/F_Menu_Admin/title_menuWithFilter' are matched.

16-04-2024T09:40:55 - [MESSAGE][PASSED] - Actual text and expected text of test object 'Object Repository/F_Menu_Admin/title_menuWithFilter' are matched.

16-04-2024T09:40:55 - [TEST_STEP][PASSED] - delay(3): Delayed 3 second(s)

16-04-2024T09:40:58 - [MESSAGE][PASSED] - Delayed 3 second(s)]]></system-out>
         <system-err><![CDATA[]]></system-err>
      </testcase>
      <system-out><![CDATA[16-04-2024T09:39:57 - [TEST_SUITE][PASSED] - TS_EmployeeList: Test Cases/Menu_PIM/Navigate_EmployeeList]]></system-out>
      <system-err><![CDATA[]]></system-err>
   </testsuite>
   <testsuite name="TS_Reports" tests="1" failures="0" errors="0" time="58.365" skipped="0" timestamp="16-04-2024T09:40:01" hostname="1556 - LAPTOP-PT885S91" id="Test Suites/TS_MenuPIM/F_Reports/TS_Reports">
      <properties>
         <property name="deviceName" value=""/>
         <property name="devicePlatform" value=""/>
         <property name="logFolder" value="C:\\Users\\1556\\git\\My-First-Web-UI-Project\\Reports\\20240416_093930\\TS_MenuPIM\\F_Reports\\TS_Reports\\20240416_093937"/>
         <property name="logFiles" value="C:\\Users\\1556\\git\\My-First-Web-UI-Project\\Reports\\20240416_093930\\TS_MenuPIM\\F_Reports\\TS_Reports\\20240416_093937\\execution0.log"/>
         <property name="attachments" value="keyes\keyes-Before Login.png, keyes\keyes-After Login.png"/>
         <property name="hostName" value="1556 - LAPTOP-PT885S91"/>
         <property name="os" value="Windows 11 64bit"/>
         <property name="katalonVersion" value="9.3.2.212"/>
         <property name="browser" value="Chrome 123.0.0.0"/>
         <property name="hostAddress" value="192.168.10.35"/>
         <property name="sessionId" value="a46aa88eeb50de73b74f1511f7696662"/>
         <property name="seleniumVersion" value="3.141.59"/>
         <property name="proxyInformation" value="ProxyInformation { proxyOption=NO_PROXY, proxyServerType=HTTP, username=, password=********, proxyServerAddress=, proxyServerPort=0, executionList=&quot;&quot;, isApplyToDesiredCapabilities=true }"/>
         <property name="platform" value="Windows 11"/>
      </properties>
      <testcase name="Test Cases/Menu_PIM/Navigate_Report" time="58.093" classname="Test Cases/Menu_PIM/Navigate_Report" status="PASSED">
         <system-out><![CDATA[16-04-2024T09:40:01 - [TEST_CASE][PASSED] - Test Cases/Menu_PIM/Navigate_Report: Test Cases/Menu_PIM/Navigate_Report

16-04-2024T09:40:01 - [TEST_STEP][PASSED] - callTestCase(findTestCase("Login/Login_Success"), [:], STOP_ON_FAILURE): Call Test Case 'Test Cases/Login/Login_Success' successfully

16-04-2024T09:40:02 - [TEST_CASE][PASSED] - Test Cases/Login/Login_Success: Test Cases/Login/Login_Success

16-04-2024T09:40:02 - [TEST_STEP][PASSED] - openBrowser(""): Browser is opened with url: ''

16-04-2024T09:40:03 - [MESSAGE][INFO] - Starting 'Chrome' driver

16-04-2024T09:40:03 - [MESSAGE][INFO] - User set preference: ['args', '[--start-maximized]']

16-04-2024T09:40:03 - [MESSAGE][INFO] - Action delay is set to 1,000 milliseconds

16-04-2024T09:40:06 - [MESSAGE][PASSED] - Browser is opened with url: ''

16-04-2024T09:40:06 - [TEST_STEP][PASSED] - navigateToUrl(url_login): Navigate to 'https://opensource-demo.orangehrmlive.com/web/index.php/auth/login' successfully

16-04-2024T09:40:30 - [MESSAGE][PASSED] - Navigate to 'https://opensource-demo.orangehrmlive.com/web/index.php/auth/login' successfully

16-04-2024T09:40:30 - [TEST_STEP][PASSED] - delay(3): Delayed 3 second(s)

16-04-2024T09:40:33 - [MESSAGE][PASSED] - Delayed 3 second(s)

16-04-2024T09:40:33 - [TEST_STEP][PASSED] - takeScreenshotAsCheckpoint("Before Login"): Taking screenshot successfully

16-04-2024T09:40:33 - [MESSAGE][INFO] - 0 hidden object(s)

16-04-2024T09:40:33 - [MESSAGE][PASSED] - Taking screenshot successfully
[[ATTACHMENT|keyes\keyes-Before Login.png]]

16-04-2024T09:40:33 - [TEST_STEP][PASSED] - setText(findTestObject("field_username"), valid_username): Text 'Admin' is set on object 'Object Repository/field_username'

16-04-2024T09:40:36 - [MESSAGE][PASSED] - Text 'Admin' is set on object 'Object Repository/field_username'

16-04-2024T09:40:36 - [TEST_STEP][PASSED] - setText(findTestObject("field_password"), valid_password): Text 'admin123' is set on object 'Object Repository/field_password'

16-04-2024T09:40:39 - [MESSAGE][PASSED] - Text 'admin123' is set on object 'Object Repository/field_password'

16-04-2024T09:40:39 - [TEST_STEP][PASSED] - click(findTestObject("btn_login")): Object: 'Object Repository/btn_login' is clicked on

16-04-2024T09:40:41 - [MESSAGE][PASSED] - Object: 'Object Repository/btn_login' is clicked on

16-04-2024T09:40:41 - [TEST_STEP][PASSED] - delay(5): Delayed 5 second(s)

16-04-2024T09:40:47 - [MESSAGE][PASSED] - Delayed 5 second(s)

16-04-2024T09:40:47 - [TEST_STEP][PASSED] - takeScreenshotAsCheckpoint("After Login"): Taking screenshot successfully

16-04-2024T09:40:47 - [MESSAGE][INFO] - 0 hidden object(s)

16-04-2024T09:40:47 - [MESSAGE][PASSED] - Taking screenshot successfully
[[ATTACHMENT|keyes\keyes-After Login.png]]

16-04-2024T09:40:47 - [MESSAGE][PASSED] - Call Test Case 'Test Cases/Login/Login_Success' successfully

16-04-2024T09:40:47 - [TEST_STEP][PASSED] - delay(3): Delayed 3 second(s)

16-04-2024T09:40:50 - [MESSAGE][PASSED] - Delayed 3 second(s)

16-04-2024T09:40:50 - [TEST_STEP][PASSED] - click(findTestObject("F_Menu_PIM/menu_pim")): Object: 'Object Repository/F_Menu_PIM/menu_pim' is clicked on

16-04-2024T09:40:52 - [MESSAGE][PASSED] - Object: 'Object Repository/F_Menu_PIM/menu_pim' is clicked on

16-04-2024T09:40:52 - [TEST_STEP][PASSED] - click(findTestObject("F_Menu_PIM/tab_reports")): Object: 'Object Repository/F_Menu_PIM/tab_reports' is clicked on

16-04-2024T09:40:55 - [MESSAGE][PASSED] - Object: 'Object Repository/F_Menu_PIM/tab_reports' is clicked on

16-04-2024T09:40:55 - [TEST_STEP][PASSED] - verifyElementText(findTestObject("F_Menu_Admin/title_menuWithFilter"), "Employee Reports"): Actual text and expected text of test object 'Object Repository/F_Menu_Admin/title_menuWithFilter' are matched.

16-04-2024T09:40:56 - [MESSAGE][PASSED] - Actual text and expected text of test object 'Object Repository/F_Menu_Admin/title_menuWithFilter' are matched.

16-04-2024T09:40:56 - [TEST_STEP][PASSED] - delay(3): Delayed 3 second(s)

16-04-2024T09:40:59 - [MESSAGE][PASSED] - Delayed 3 second(s)]]></system-out>
         <system-err><![CDATA[]]></system-err>
      </testcase>
      <system-out><![CDATA[16-04-2024T09:40:01 - [TEST_SUITE][PASSED] - TS_Reports: Test Cases/Menu_PIM/Navigate_Report]]></system-out>
      <system-err><![CDATA[]]></system-err>
   </testsuite>
</testsuites>
