<?xml version="1.0" encoding="UTF-8"?>
<testsuites name="TS_LoginLogout" time="193.14" tests="5" failures="0" errors="0">
   <testsuite name="TS_LoginLogout" tests="5" failures="0" errors="0" time="193.14" skipped="0" timestamp="13-04-2024T19:43:21" hostname="1556 - LAPTOP-PT885S91" id="Test Suites/TS_LoginLogout">
      <properties>
         <property name="deviceName" value=""/>
         <property name="devicePlatform" value=""/>
         <property name="logFolder" value="C:\\Users\\1556\\git\\My-First-Web-UI-Project\\Reports\\20240413_194256\\TS_LoginLogout\\20240413_194307"/>
         <property name="logFiles" value="C:\\Users\\1556\\git\\My-First-Web-UI-Project\\Reports\\20240413_194256\\TS_LoginLogout\\20240413_194307\\execution0.log"/>
         <property name="attachments" value="keyes\keyes-Before Login.png, keyes\keyes-After Login.png, keyes\keyes-Before Login Failed.png, keyes\keyes-After Login Failed.png, keyes\keyes-Before Login.png, keyes\keyes-After Login.png, keyes\keyes-Before Login Failed.png, keyes\keyes-After Login Failed.png, keyes\keyes-Before Login.png, keyes\keyes-After Login.png"/>
         <property name="hostName" value="1556 - LAPTOP-PT885S91"/>
         <property name="os" value="Windows 11 64bit"/>
         <property name="katalonVersion" value="9.3.2.212"/>
         <property name="browser" value="Chrome 123.0.6312.107"/>
         <property name="hostAddress" value="192.168.100.139"/>
         <property name="sessionId" value="78ff52178daff7729c281e6f5fa3f844"/>
         <property name="seleniumVersion" value="3.141.59"/>
         <property name="proxyInformation" value="ProxyInformation { proxyOption=NO_PROXY, proxyServerType=HTTP, username=, password=********, proxyServerAddress=, proxyServerPort=0, executionList=&quot;&quot;, isApplyToDesiredCapabilities=true }"/>
         <property name="platform" value="Windows 11"/>
      </properties>
      <testcase name="Test Cases/Login/Login_Success" time="42.642" classname="Test Cases/Login/Login_Success" status="PASSED">
         <system-out><![CDATA[13-04-2024T19:43:21 - [TEST_CASE][PASSED] - Test Cases/Login/Login_Success: Test Cases/Login/Login_Success

13-04-2024T19:43:21 - [TEST_STEP][PASSED] - openBrowser(""): Browser is opened with url: ''

13-04-2024T19:43:21 - [MESSAGE][INFO] - Starting 'Chrome (headless)' driver

13-04-2024T19:43:22 - [MESSAGE][INFO] - User set preference: ['args', '[--start-maximized]']

13-04-2024T19:43:22 - [MESSAGE][INFO] - Action delay is set to 1,000 milliseconds

13-04-2024T19:43:24 - [MESSAGE][PASSED] - Browser is opened with url: ''

13-04-2024T19:43:24 - [TEST_STEP][PASSED] - navigateToUrl(url_login): Navigate to 'https://opensource-demo.orangehrmlive.com/web/index.php/auth/login' successfully

13-04-2024T19:43:49 - [MESSAGE][PASSED] - Navigate to 'https://opensource-demo.orangehrmlive.com/web/index.php/auth/login' successfully

13-04-2024T19:43:49 - [TEST_STEP][PASSED] - delay(3): Delayed 3 second(s)

13-04-2024T19:43:52 - [MESSAGE][PASSED] - Delayed 3 second(s)

13-04-2024T19:43:52 - [TEST_STEP][PASSED] - takeScreenshotAsCheckpoint("Before Login"): Taking screenshot successfully

13-04-2024T19:43:52 - [MESSAGE][INFO] - 0 hidden object(s)

13-04-2024T19:43:52 - [MESSAGE][PASSED] - Taking screenshot successfully
[[ATTACHMENT|keyes\keyes-Before Login.png]]

13-04-2024T19:43:52 - [TEST_STEP][PASSED] - setText(findTestObject("field_username"), valid_username): Text 'Admin' is set on object 'Object Repository/field_username'

13-04-2024T19:43:55 - [MESSAGE][PASSED] - Text 'Admin' is set on object 'Object Repository/field_username'

13-04-2024T19:43:55 - [TEST_STEP][PASSED] - setText(findTestObject("field_password"), valid_password): Text 'admin123' is set on object 'Object Repository/field_password'

13-04-2024T19:43:57 - [MESSAGE][PASSED] - Text 'admin123' is set on object 'Object Repository/field_password'

13-04-2024T19:43:57 - [TEST_STEP][PASSED] - click(findTestObject("btn_login")): Object: 'Object Repository/btn_login' is clicked on

13-04-2024T19:43:58 - [MESSAGE][PASSED] - Object: 'Object Repository/btn_login' is clicked on

13-04-2024T19:43:58 - [TEST_STEP][PASSED] - delay(5): Delayed 5 second(s)

13-04-2024T19:44:03 - [MESSAGE][PASSED] - Delayed 5 second(s)

13-04-2024T19:44:03 - [TEST_STEP][PASSED] - takeScreenshotAsCheckpoint("After Login"): Taking screenshot successfully

13-04-2024T19:44:03 - [MESSAGE][INFO] - 0 hidden object(s)

13-04-2024T19:44:03 - [MESSAGE][PASSED] - Taking screenshot successfully
[[ATTACHMENT|keyes\keyes-After Login.png]]]]></system-out>
         <system-err><![CDATA[]]></system-err>
      </testcase>
      <testcase name="Test Cases/Login/Login_Failed" time="29.908" classname="Test Cases/Login/Login_Failed" status="PASSED">
         <system-out><![CDATA[13-04-2024T19:44:03 - [TEST_CASE][PASSED] - Test Cases/Login/Login_Failed: Test Cases/Login/Login_Failed

13-04-2024T19:44:04 - [TEST_STEP][PASSED] - openBrowser(""): Browser is opened with url: ''

13-04-2024T19:44:04 - [MESSAGE][WARNING] - A browser is already opened. Closing browser and opening a new one

13-04-2024T19:44:04 - [MESSAGE][INFO] - Starting 'Chrome (headless)' driver

13-04-2024T19:44:04 - [MESSAGE][INFO] - User set preference: ['args', '[--start-maximized]']

13-04-2024T19:44:04 - [MESSAGE][INFO] - Action delay is set to 1,000 milliseconds

13-04-2024T19:44:05 - [MESSAGE][PASSED] - Browser is opened with url: ''

13-04-2024T19:44:05 - [TEST_STEP][PASSED] - navigateToUrl(url_login): Navigate to 'https://opensource-demo.orangehrmlive.com/web/index.php/auth/login' successfully

13-04-2024T19:44:24 - [MESSAGE][PASSED] - Navigate to 'https://opensource-demo.orangehrmlive.com/web/index.php/auth/login' successfully

13-04-2024T19:44:24 - [TEST_STEP][PASSED] - delay(0): Delayed 0 second(s)

13-04-2024T19:44:24 - [MESSAGE][PASSED] - Delayed 0 second(s)

13-04-2024T19:44:24 - [TEST_STEP][PASSED] - takeScreenshotAsCheckpoint("Before Login Failed", []): Taking screenshot successfully

13-04-2024T19:44:24 - [MESSAGE][INFO] - 0 hidden object(s)

13-04-2024T19:44:24 - [MESSAGE][PASSED] - Taking screenshot successfully
[[ATTACHMENT|keyes\keyes-Before Login Failed.png]]

13-04-2024T19:44:24 - [TEST_STEP][PASSED] - setText(findTestObject("field_username"), invalid_username): Text 'admin' is set on object 'Object Repository/field_username'

13-04-2024T19:44:27 - [MESSAGE][PASSED] - Text 'admin' is set on object 'Object Repository/field_username'

13-04-2024T19:44:27 - [TEST_STEP][PASSED] - setText(findTestObject("field_password"), invalid_password): Text 'Admin123' is set on object 'Object Repository/field_password'

13-04-2024T19:44:29 - [MESSAGE][PASSED] - Text 'Admin123' is set on object 'Object Repository/field_password'

13-04-2024T19:44:29 - [TEST_STEP][PASSED] - click(findTestObject("btn_login")): Object: 'Object Repository/btn_login' is clicked on

13-04-2024T19:44:30 - [MESSAGE][PASSED] - Object: 'Object Repository/btn_login' is clicked on

13-04-2024T19:44:30 - [TEST_STEP][PASSED] - delay(3): Delayed 3 second(s)

13-04-2024T19:44:33 - [MESSAGE][PASSED] - Delayed 3 second(s)

13-04-2024T19:44:33 - [TEST_STEP][PASSED] - verifyElementPresent(findTestObject("verify_loginFailed"), 2): Object 'Object Repository/verify_loginFailed' is present

13-04-2024T19:44:33 - [MESSAGE][PASSED] - Object 'Object Repository/verify_loginFailed' is present

13-04-2024T19:44:33 - [TEST_STEP][PASSED] - takeScreenshotAsCheckpoint("After Login Failed", []): Taking screenshot successfully

13-04-2024T19:44:33 - [MESSAGE][INFO] - 0 hidden object(s)

13-04-2024T19:44:33 - [MESSAGE][PASSED] - Taking screenshot successfully
[[ATTACHMENT|keyes\keyes-After Login Failed.png]]]]></system-out>
         <system-err><![CDATA[]]></system-err>
      </testcase>
      <testcase name="Test Cases/Login/Logout_Success" time="45.598" classname="Test Cases/Login/Logout_Success" status="PASSED">
         <system-out><![CDATA[13-04-2024T19:44:33 - [TEST_CASE][PASSED] - Test Cases/Login/Logout_Success: Test Cases/Login/Logout_Success

13-04-2024T19:44:33 - [TEST_STEP][PASSED] - callTestCase(findTestCase("Login/Login_Success"), [:], STOP_ON_FAILURE): Call Test Case 'Test Cases/Login/Login_Success' successfully

13-04-2024T19:44:33 - [TEST_CASE][PASSED] - Test Cases/Login/Login_Success: Test Cases/Login/Login_Success

13-04-2024T19:44:34 - [TEST_STEP][PASSED] - openBrowser(""): Browser is opened with url: ''

13-04-2024T19:44:34 - [MESSAGE][WARNING] - A browser is already opened. Closing browser and opening a new one

13-04-2024T19:44:34 - [MESSAGE][INFO] - Starting 'Chrome (headless)' driver

13-04-2024T19:44:34 - [MESSAGE][INFO] - User set preference: ['args', '[--start-maximized]']

13-04-2024T19:44:34 - [MESSAGE][INFO] - Action delay is set to 1,000 milliseconds

13-04-2024T19:44:35 - [MESSAGE][PASSED] - Browser is opened with url: ''

13-04-2024T19:44:35 - [TEST_STEP][PASSED] - navigateToUrl(url_login): Navigate to 'https://opensource-demo.orangehrmlive.com/web/index.php/auth/login' successfully

13-04-2024T19:44:56 - [MESSAGE][PASSED] - Navigate to 'https://opensource-demo.orangehrmlive.com/web/index.php/auth/login' successfully

13-04-2024T19:44:56 - [TEST_STEP][PASSED] - delay(3): Delayed 3 second(s)

13-04-2024T19:44:59 - [MESSAGE][PASSED] - Delayed 3 second(s)

13-04-2024T19:44:59 - [TEST_STEP][PASSED] - takeScreenshotAsCheckpoint("Before Login"): Taking screenshot successfully

13-04-2024T19:44:59 - [MESSAGE][INFO] - 0 hidden object(s)

13-04-2024T19:44:59 - [MESSAGE][PASSED] - Taking screenshot successfully
[[ATTACHMENT|keyes\keyes-Before Login.png]]

13-04-2024T19:44:59 - [TEST_STEP][PASSED] - setText(findTestObject("field_username"), valid_username): Text 'Admin' is set on object 'Object Repository/field_username'

13-04-2024T19:45:01 - [MESSAGE][PASSED] - Text 'Admin' is set on object 'Object Repository/field_username'

13-04-2024T19:45:01 - [TEST_STEP][PASSED] - setText(findTestObject("field_password"), valid_password): Text 'admin123' is set on object 'Object Repository/field_password'

13-04-2024T19:45:03 - [MESSAGE][PASSED] - Text 'admin123' is set on object 'Object Repository/field_password'

13-04-2024T19:45:03 - [TEST_STEP][PASSED] - click(findTestObject("btn_login")): Object: 'Object Repository/btn_login' is clicked on

13-04-2024T19:45:05 - [MESSAGE][PASSED] - Object: 'Object Repository/btn_login' is clicked on

13-04-2024T19:45:05 - [TEST_STEP][PASSED] - delay(5): Delayed 5 second(s)

13-04-2024T19:45:10 - [MESSAGE][PASSED] - Delayed 5 second(s)

13-04-2024T19:45:10 - [TEST_STEP][PASSED] - takeScreenshotAsCheckpoint("After Login"): Taking screenshot successfully

13-04-2024T19:45:10 - [MESSAGE][INFO] - 0 hidden object(s)

13-04-2024T19:45:10 - [MESSAGE][PASSED] - Taking screenshot successfully
[[ATTACHMENT|keyes\keyes-After Login.png]]

13-04-2024T19:45:10 - [MESSAGE][PASSED] - Call Test Case 'Test Cases/Login/Login_Success' successfully

13-04-2024T19:45:10 - [TEST_STEP][PASSED] - delay(3): Delayed 3 second(s)

13-04-2024T19:45:13 - [MESSAGE][PASSED] - Delayed 3 second(s)

13-04-2024T19:45:13 - [TEST_STEP][PASSED] - click(findTestObject("dropdow_logout")): Object: 'Object Repository/dropdow_logout' is clicked on

13-04-2024T19:45:14 - [MESSAGE][PASSED] - Object: 'Object Repository/dropdow_logout' is clicked on

13-04-2024T19:45:14 - [TEST_STEP][PASSED] - click(findTestObject("btn_logout")): Object: 'Object Repository/btn_logout' is clicked on

13-04-2024T19:45:16 - [MESSAGE][PASSED] - Object: 'Object Repository/btn_logout' is clicked on

13-04-2024T19:45:16 - [TEST_STEP][PASSED] - delay(3): Delayed 3 second(s)

13-04-2024T19:45:19 - [MESSAGE][PASSED] - Delayed 3 second(s)]]></system-out>
         <system-err><![CDATA[]]></system-err>
      </testcase>
      <testcase name="Test Cases/SearchMenuBySearchBox_Failed" time="29.999" classname="Test Cases/SearchMenuBySearchBox_Failed" status="PASSED">
         <system-out><![CDATA[13-04-2024T19:45:19 - [TEST_CASE][PASSED] - Test Cases/SearchMenuBySearchBox_Failed: Test Cases/SearchMenuBySearchBox_Failed

13-04-2024T19:45:19 - [TEST_STEP][PASSED] - callTestCase(findTestCase("Login/Login_Failed"), [:], STOP_ON_FAILURE): Call Test Case 'Test Cases/Login/Login_Failed' successfully

13-04-2024T19:45:19 - [TEST_CASE][PASSED] - Test Cases/Login/Login_Failed: Test Cases/Login/Login_Failed

13-04-2024T19:45:19 - [TEST_STEP][PASSED] - openBrowser(""): Browser is opened with url: ''

13-04-2024T19:45:19 - [MESSAGE][WARNING] - A browser is already opened. Closing browser and opening a new one

13-04-2024T19:45:19 - [MESSAGE][INFO] - Starting 'Chrome (headless)' driver

13-04-2024T19:45:19 - [MESSAGE][INFO] - User set preference: ['args', '[--start-maximized]']

13-04-2024T19:45:19 - [MESSAGE][INFO] - Action delay is set to 1,000 milliseconds

13-04-2024T19:45:21 - [MESSAGE][PASSED] - Browser is opened with url: ''

13-04-2024T19:45:21 - [TEST_STEP][PASSED] - navigateToUrl(url_login): Navigate to 'https://opensource-demo.orangehrmlive.com/web/index.php/auth/login' successfully

13-04-2024T19:45:39 - [MESSAGE][PASSED] - Navigate to 'https://opensource-demo.orangehrmlive.com/web/index.php/auth/login' successfully

13-04-2024T19:45:39 - [TEST_STEP][PASSED] - delay(0): Delayed 0 second(s)

13-04-2024T19:45:39 - [MESSAGE][PASSED] - Delayed 0 second(s)

13-04-2024T19:45:39 - [TEST_STEP][PASSED] - takeScreenshotAsCheckpoint("Before Login Failed", []): Taking screenshot successfully

13-04-2024T19:45:39 - [MESSAGE][INFO] - 0 hidden object(s)

13-04-2024T19:45:40 - [MESSAGE][PASSED] - Taking screenshot successfully
[[ATTACHMENT|keyes\keyes-Before Login Failed.png]]

13-04-2024T19:45:40 - [TEST_STEP][PASSED] - setText(findTestObject("field_username"), invalid_username): Text 'admin' is set on object 'Object Repository/field_username'

13-04-2024T19:45:42 - [MESSAGE][PASSED] - Text 'admin' is set on object 'Object Repository/field_username'

13-04-2024T19:45:42 - [TEST_STEP][PASSED] - setText(findTestObject("field_password"), invalid_password): Text 'Admin123' is set on object 'Object Repository/field_password'

13-04-2024T19:45:45 - [MESSAGE][PASSED] - Text 'Admin123' is set on object 'Object Repository/field_password'

13-04-2024T19:45:45 - [TEST_STEP][PASSED] - click(findTestObject("btn_login")): Object: 'Object Repository/btn_login' is clicked on

13-04-2024T19:45:46 - [MESSAGE][PASSED] - Object: 'Object Repository/btn_login' is clicked on

13-04-2024T19:45:46 - [TEST_STEP][PASSED] - delay(3): Delayed 3 second(s)

13-04-2024T19:45:49 - [MESSAGE][PASSED] - Delayed 3 second(s)

13-04-2024T19:45:49 - [TEST_STEP][PASSED] - verifyElementPresent(findTestObject("verify_loginFailed"), 2): Object 'Object Repository/verify_loginFailed' is present

13-04-2024T19:45:49 - [MESSAGE][PASSED] - Object 'Object Repository/verify_loginFailed' is present

13-04-2024T19:45:49 - [TEST_STEP][PASSED] - takeScreenshotAsCheckpoint("After Login Failed", []): Taking screenshot successfully

13-04-2024T19:45:49 - [MESSAGE][INFO] - 0 hidden object(s)

13-04-2024T19:45:49 - [MESSAGE][PASSED] - Taking screenshot successfully
[[ATTACHMENT|keyes\keyes-After Login Failed.png]]

13-04-2024T19:45:49 - [MESSAGE][PASSED] - Call Test Case 'Test Cases/Login/Login_Failed' successfully]]></system-out>
         <system-err><![CDATA[]]></system-err>
      </testcase>
      <testcase name="Test Cases/SearchMenuBySearchBox_Success" time="44.734" classname="Test Cases/SearchMenuBySearchBox_Success" status="PASSED">
         <system-out><![CDATA[13-04-2024T19:45:49 - [TEST_CASE][PASSED] - Test Cases/SearchMenuBySearchBox_Success: Test Cases/SearchMenuBySearchBox_Success

13-04-2024T19:45:49 - [TEST_STEP][PASSED] - callTestCase(findTestCase("Login/Login_Success"), [:], STOP_ON_FAILURE): Call Test Case 'Test Cases/Login/Login_Success' successfully

13-04-2024T19:45:49 - [TEST_CASE][PASSED] - Test Cases/Login/Login_Success: Test Cases/Login/Login_Success

13-04-2024T19:45:49 - [TEST_STEP][PASSED] - openBrowser(""): Browser is opened with url: ''

13-04-2024T19:45:49 - [MESSAGE][WARNING] - A browser is already opened. Closing browser and opening a new one

13-04-2024T19:45:49 - [MESSAGE][INFO] - Starting 'Chrome (headless)' driver

13-04-2024T19:45:49 - [MESSAGE][INFO] - User set preference: ['args', '[--start-maximized]']

13-04-2024T19:45:49 - [MESSAGE][INFO] - Action delay is set to 1,000 milliseconds

13-04-2024T19:45:50 - [MESSAGE][PASSED] - Browser is opened with url: ''

13-04-2024T19:45:50 - [TEST_STEP][PASSED] - navigateToUrl(url_login): Navigate to 'https://opensource-demo.orangehrmlive.com/web/index.php/auth/login' successfully

13-04-2024T19:46:11 - [MESSAGE][PASSED] - Navigate to 'https://opensource-demo.orangehrmlive.com/web/index.php/auth/login' successfully

13-04-2024T19:46:11 - [TEST_STEP][PASSED] - delay(3): Delayed 3 second(s)

13-04-2024T19:46:14 - [MESSAGE][PASSED] - Delayed 3 second(s)

13-04-2024T19:46:14 - [TEST_STEP][PASSED] - takeScreenshotAsCheckpoint("Before Login"): Taking screenshot successfully

13-04-2024T19:46:15 - [MESSAGE][INFO] - 0 hidden object(s)

13-04-2024T19:46:15 - [MESSAGE][PASSED] - Taking screenshot successfully
[[ATTACHMENT|keyes\keyes-Before Login.png]]

13-04-2024T19:46:15 - [TEST_STEP][PASSED] - setText(findTestObject("field_username"), valid_username): Text 'Admin' is set on object 'Object Repository/field_username'

13-04-2024T19:46:17 - [MESSAGE][PASSED] - Text 'Admin' is set on object 'Object Repository/field_username'

13-04-2024T19:46:17 - [TEST_STEP][PASSED] - setText(findTestObject("field_password"), valid_password): Text 'admin123' is set on object 'Object Repository/field_password'

13-04-2024T19:46:19 - [MESSAGE][PASSED] - Text 'admin123' is set on object 'Object Repository/field_password'

13-04-2024T19:46:19 - [TEST_STEP][PASSED] - click(findTestObject("btn_login")): Object: 'Object Repository/btn_login' is clicked on

13-04-2024T19:46:20 - [MESSAGE][PASSED] - Object: 'Object Repository/btn_login' is clicked on

13-04-2024T19:46:20 - [TEST_STEP][PASSED] - delay(5): Delayed 5 second(s)

13-04-2024T19:46:25 - [MESSAGE][PASSED] - Delayed 5 second(s)

13-04-2024T19:46:25 - [TEST_STEP][PASSED] - takeScreenshotAsCheckpoint("After Login"): Taking screenshot successfully

13-04-2024T19:46:25 - [MESSAGE][INFO] - 0 hidden object(s)

13-04-2024T19:46:25 - [MESSAGE][PASSED] - Taking screenshot successfully
[[ATTACHMENT|keyes\keyes-After Login.png]]

13-04-2024T19:46:25 - [MESSAGE][PASSED] - Call Test Case 'Test Cases/Login/Login_Success' successfully

13-04-2024T19:46:25 - [TEST_STEP][PASSED] - delay(3): Delayed 3 second(s)

13-04-2024T19:46:28 - [MESSAGE][PASSED] - Delayed 3 second(s)

13-04-2024T19:46:28 - [TEST_STEP][PASSED] - setText(findTestObject("searchBox_menu"), "Admin"): Text 'Admin' is set on object 'Object Repository/searchBox_menu'

13-04-2024T19:46:31 - [MESSAGE][PASSED] - Text 'Admin' is set on object 'Object Repository/searchBox_menu'

13-04-2024T19:46:31 - [TEST_STEP][PASSED] - verifyElementPresent(findTestObject("verify_searchMenu"), 0): Object 'Object Repository/verify_searchMenu' is present

13-04-2024T19:46:31 - [MESSAGE][WARNING] - Timeout '0' is invalid. Using default page load timeout: '30'

13-04-2024T19:46:31 - [MESSAGE][PASSED] - Object 'Object Repository/verify_searchMenu' is present

13-04-2024T19:46:31 - [TEST_STEP][PASSED] - delay(3): Delayed 3 second(s)

13-04-2024T19:46:34 - [MESSAGE][PASSED] - Delayed 3 second(s)]]></system-out>
         <system-err><![CDATA[]]></system-err>
      </testcase>
      <system-out><![CDATA[13-04-2024T19:43:21 - [TEST_SUITE][PASSED] - TS_LoginLogout: Test Cases/SearchMenuBySearchBox_Success]]></system-out>
      <system-err><![CDATA[]]></system-err>
   </testsuite>
</testsuites>
