<?xml version="1.0" encoding="UTF-8"?>
<testsuites name="TS_LoginLogout" time="212.013" tests="5" failures="0" errors="0">
   <testsuite name="TS_LoginLogout" tests="5" failures="0" errors="0" time="212.013" skipped="0" timestamp="13-04-2024T19:03:20" hostname="1556 - LAPTOP-PT885S91" id="Test Suites/TS_LoginLogout">
      <properties>
         <property name="deviceName" value=""/>
         <property name="devicePlatform" value=""/>
         <property name="logFolder" value="C:\\Users\\1556\\git\\My-First-Web-UI-Project\\Reports\\20240413_190308\\TS_LoginLogout\\20240413_190308"/>
         <property name="logFiles" value="C:\\Users\\1556\\git\\My-First-Web-UI-Project\\Reports\\20240413_190308\\TS_LoginLogout\\20240413_190308\\execution0.log"/>
         <property name="attachments" value="keyes\keyes-Before Login.png, keyes\keyes-After Login.png, keyes\keyes-Before Login Failed.png, keyes\keyes-After Login Failed.png, keyes\keyes-Before Login.png, keyes\keyes-After Login.png, keyes\keyes-Before Login Failed.png, keyes\keyes-After Login Failed.png, keyes\keyes-Before Login.png, keyes\keyes-After Login.png"/>
         <property name="hostName" value="1556 - LAPTOP-PT885S91"/>
         <property name="os" value="Windows 11 64bit"/>
         <property name="katalonVersion" value="9.3.2.212"/>
         <property name="browser" value="Chrome 123.0.0.0"/>
         <property name="hostAddress" value="192.168.100.139"/>
         <property name="sessionId" value="496fb905c1d56581faa6839f0fa555ab"/>
         <property name="seleniumVersion" value="3.141.59"/>
         <property name="proxyInformation" value="ProxyInformation { proxyOption=NO_PROXY, proxyServerType=HTTP, username=, password=********, proxyServerAddress=, proxyServerPort=0, executionList=&quot;&quot;, isApplyToDesiredCapabilities=true }"/>
         <property name="platform" value="Windows 11"/>
      </properties>
      <testcase name="Test Cases/Login/Login_Success" time="42.613" classname="Test Cases/Login/Login_Success" status="PASSED">
         <system-out><![CDATA[13-04-2024T19:03:21 - [TEST_CASE][PASSED] - Test Cases/Login/Login_Success: Test Cases/Login/Login_Success

13-04-2024T19:03:21 - [TEST_STEP][PASSED] - openBrowser(""): Browser is opened with url: ''

13-04-2024T19:03:22 - [MESSAGE][INFO] - Starting 'Chrome' driver

13-04-2024T19:03:22 - [MESSAGE][INFO] - User set preference: ['args', '[--start-maximized]']

13-04-2024T19:03:22 - [MESSAGE][INFO] - Action delay is set to 1,000 milliseconds

13-04-2024T19:03:24 - [MESSAGE][PASSED] - Browser is opened with url: ''

13-04-2024T19:03:24 - [TEST_STEP][PASSED] - navigateToUrl(url_login): Navigate to 'https://opensource-demo.orangehrmlive.com/web/index.php/auth/login' successfully

13-04-2024T19:03:30 - [MESSAGE][PASSED] - Navigate to 'https://opensource-demo.orangehrmlive.com/web/index.php/auth/login' successfully

13-04-2024T19:03:30 - [TEST_STEP][PASSED] - delay(3): Delayed 3 second(s)

13-04-2024T19:03:33 - [MESSAGE][PASSED] - Delayed 3 second(s)

13-04-2024T19:03:33 - [TEST_STEP][PASSED] - takeScreenshotAsCheckpoint("Before Login"): Taking screenshot successfully

13-04-2024T19:03:49 - [MESSAGE][INFO] - 0 hidden object(s)

13-04-2024T19:03:49 - [MESSAGE][PASSED] - Taking screenshot successfully
[[ATTACHMENT|keyes\keyes-Before Login.png]]

13-04-2024T19:03:49 - [TEST_STEP][PASSED] - setText(findTestObject("field_username"), valid_username): Text 'Admin' is set on object 'Object Repository/field_username'

13-04-2024T19:03:52 - [MESSAGE][PASSED] - Text 'Admin' is set on object 'Object Repository/field_username'

13-04-2024T19:03:52 - [TEST_STEP][PASSED] - setText(findTestObject("field_password"), valid_password): Text 'admin123' is set on object 'Object Repository/field_password'

13-04-2024T19:03:55 - [MESSAGE][PASSED] - Text 'admin123' is set on object 'Object Repository/field_password'

13-04-2024T19:03:55 - [TEST_STEP][PASSED] - click(findTestObject("btn_login")): Object: 'Object Repository/btn_login' is clicked on

13-04-2024T19:03:57 - [MESSAGE][PASSED] - Object: 'Object Repository/btn_login' is clicked on

13-04-2024T19:03:57 - [TEST_STEP][PASSED] - delay(5): Delayed 5 second(s)

13-04-2024T19:04:03 - [MESSAGE][PASSED] - Delayed 5 second(s)

13-04-2024T19:04:03 - [TEST_STEP][PASSED] - takeScreenshotAsCheckpoint("After Login"): Taking screenshot successfully

13-04-2024T19:04:03 - [MESSAGE][INFO] - 0 hidden object(s)

13-04-2024T19:04:03 - [MESSAGE][PASSED] - Taking screenshot successfully
[[ATTACHMENT|keyes\keyes-After Login.png]]]]></system-out>
         <system-err><![CDATA[]]></system-err>
      </testcase>
      <testcase name="Test Cases/Login/Login_Failed" time="36.124" classname="Test Cases/Login/Login_Failed" status="PASSED">
         <system-out><![CDATA[13-04-2024T19:04:03 - [TEST_CASE][PASSED] - Test Cases/Login/Login_Failed: Test Cases/Login/Login_Failed

13-04-2024T19:04:04 - [TEST_STEP][PASSED] - openBrowser(""): Browser is opened with url: ''

13-04-2024T19:04:04 - [MESSAGE][WARNING] - A browser is already opened. Closing browser and opening a new one

13-04-2024T19:04:04 - [MESSAGE][INFO] - Starting 'Chrome' driver

13-04-2024T19:04:04 - [MESSAGE][INFO] - User set preference: ['args', '[--start-maximized]']

13-04-2024T19:04:04 - [MESSAGE][INFO] - Action delay is set to 1,000 milliseconds

13-04-2024T19:04:06 - [MESSAGE][PASSED] - Browser is opened with url: ''

13-04-2024T19:04:06 - [TEST_STEP][PASSED] - navigateToUrl(url_login): Navigate to 'https://opensource-demo.orangehrmlive.com/web/index.php/auth/login' successfully

13-04-2024T19:04:08 - [MESSAGE][PASSED] - Navigate to 'https://opensource-demo.orangehrmlive.com/web/index.php/auth/login' successfully

13-04-2024T19:04:08 - [TEST_STEP][PASSED] - delay(0): Delayed 0 second(s)

13-04-2024T19:04:08 - [MESSAGE][PASSED] - Delayed 0 second(s)

13-04-2024T19:04:08 - [TEST_STEP][PASSED] - takeScreenshotAsCheckpoint("Before Login Failed", []): Taking screenshot successfully

13-04-2024T19:04:27 - [MESSAGE][INFO] - 0 hidden object(s)

13-04-2024T19:04:27 - [MESSAGE][PASSED] - Taking screenshot successfully
[[ATTACHMENT|keyes\keyes-Before Login Failed.png]]

13-04-2024T19:04:27 - [TEST_STEP][PASSED] - setText(findTestObject("field_username"), invalid_username): Text 'admin' is set on object 'Object Repository/field_username'

13-04-2024T19:04:30 - [MESSAGE][PASSED] - Text 'admin' is set on object 'Object Repository/field_username'

13-04-2024T19:04:30 - [TEST_STEP][PASSED] - setText(findTestObject("field_password"), invalid_password): Text 'Admin123' is set on object 'Object Repository/field_password'

13-04-2024T19:04:32 - [MESSAGE][PASSED] - Text 'Admin123' is set on object 'Object Repository/field_password'

13-04-2024T19:04:32 - [TEST_STEP][PASSED] - click(findTestObject("btn_login")): Object: 'Object Repository/btn_login' is clicked on

13-04-2024T19:04:35 - [MESSAGE][PASSED] - Object: 'Object Repository/btn_login' is clicked on

13-04-2024T19:04:35 - [TEST_STEP][PASSED] - delay(3): Delayed 3 second(s)

13-04-2024T19:04:38 - [MESSAGE][PASSED] - Delayed 3 second(s)

13-04-2024T19:04:38 - [TEST_STEP][PASSED] - verifyElementPresent(findTestObject("verify_loginFailed"), 2): Object 'Object Repository/verify_loginFailed' is present

13-04-2024T19:04:39 - [MESSAGE][PASSED] - Object 'Object Repository/verify_loginFailed' is present

13-04-2024T19:04:39 - [TEST_STEP][PASSED] - takeScreenshotAsCheckpoint("After Login Failed", []): Taking screenshot successfully

13-04-2024T19:04:39 - [MESSAGE][INFO] - 0 hidden object(s)

13-04-2024T19:04:39 - [MESSAGE][PASSED] - Taking screenshot successfully
[[ATTACHMENT|keyes\keyes-After Login Failed.png]]]]></system-out>
         <system-err><![CDATA[]]></system-err>
      </testcase>
      <testcase name="Test Cases/Login/Logout_Success" time="49.757" classname="Test Cases/Login/Logout_Success" status="PASSED">
         <system-out><![CDATA[13-04-2024T19:04:39 - [TEST_CASE][PASSED] - Test Cases/Login/Logout_Success: Test Cases/Login/Logout_Success

13-04-2024T19:04:40 - [TEST_STEP][PASSED] - callTestCase(findTestCase("Login/Login_Success"), [:], STOP_ON_FAILURE): Call Test Case 'Test Cases/Login/Login_Success' successfully

13-04-2024T19:04:40 - [TEST_CASE][PASSED] - Test Cases/Login/Login_Success: Test Cases/Login/Login_Success

13-04-2024T19:04:40 - [TEST_STEP][PASSED] - openBrowser(""): Browser is opened with url: ''

13-04-2024T19:04:40 - [MESSAGE][WARNING] - A browser is already opened. Closing browser and opening a new one

13-04-2024T19:04:40 - [MESSAGE][INFO] - Starting 'Chrome' driver

13-04-2024T19:04:40 - [MESSAGE][INFO] - User set preference: ['args', '[--start-maximized]']

13-04-2024T19:04:40 - [MESSAGE][INFO] - Action delay is set to 1,000 milliseconds

13-04-2024T19:04:41 - [MESSAGE][PASSED] - Browser is opened with url: ''

13-04-2024T19:04:41 - [TEST_STEP][PASSED] - navigateToUrl(url_login): Navigate to 'https://opensource-demo.orangehrmlive.com/web/index.php/auth/login' successfully

13-04-2024T19:05:01 - [MESSAGE][PASSED] - Navigate to 'https://opensource-demo.orangehrmlive.com/web/index.php/auth/login' successfully

13-04-2024T19:05:01 - [TEST_STEP][PASSED] - delay(3): Delayed 3 second(s)

13-04-2024T19:05:04 - [MESSAGE][PASSED] - Delayed 3 second(s)

13-04-2024T19:05:04 - [TEST_STEP][PASSED] - takeScreenshotAsCheckpoint("Before Login"): Taking screenshot successfully

13-04-2024T19:05:05 - [MESSAGE][INFO] - 0 hidden object(s)

13-04-2024T19:05:05 - [MESSAGE][PASSED] - Taking screenshot successfully
[[ATTACHMENT|keyes\keyes-Before Login.png]]

13-04-2024T19:05:05 - [TEST_STEP][PASSED] - setText(findTestObject("field_username"), valid_username): Text 'Admin' is set on object 'Object Repository/field_username'

13-04-2024T19:05:08 - [MESSAGE][PASSED] - Text 'Admin' is set on object 'Object Repository/field_username'

13-04-2024T19:05:08 - [TEST_STEP][PASSED] - setText(findTestObject("field_password"), valid_password): Text 'admin123' is set on object 'Object Repository/field_password'

13-04-2024T19:05:10 - [MESSAGE][PASSED] - Text 'admin123' is set on object 'Object Repository/field_password'

13-04-2024T19:05:10 - [TEST_STEP][PASSED] - click(findTestObject("btn_login")): Object: 'Object Repository/btn_login' is clicked on

13-04-2024T19:05:13 - [MESSAGE][PASSED] - Object: 'Object Repository/btn_login' is clicked on

13-04-2024T19:05:13 - [TEST_STEP][PASSED] - delay(5): Delayed 5 second(s)

13-04-2024T19:05:18 - [MESSAGE][PASSED] - Delayed 5 second(s)

13-04-2024T19:05:18 - [TEST_STEP][PASSED] - takeScreenshotAsCheckpoint("After Login"): Taking screenshot successfully

13-04-2024T19:05:19 - [MESSAGE][INFO] - 0 hidden object(s)

13-04-2024T19:05:19 - [MESSAGE][PASSED] - Taking screenshot successfully
[[ATTACHMENT|keyes\keyes-After Login.png]]

13-04-2024T19:05:19 - [MESSAGE][PASSED] - Call Test Case 'Test Cases/Login/Login_Success' successfully

13-04-2024T19:05:19 - [TEST_STEP][PASSED] - delay(3): Delayed 3 second(s)

13-04-2024T19:05:22 - [MESSAGE][PASSED] - Delayed 3 second(s)

13-04-2024T19:05:22 - [TEST_STEP][PASSED] - click(findTestObject("dropdow_logout")): Object: 'Object Repository/dropdow_logout' is clicked on

13-04-2024T19:05:24 - [MESSAGE][PASSED] - Object: 'Object Repository/dropdow_logout' is clicked on

13-04-2024T19:05:24 - [TEST_STEP][PASSED] - click(findTestObject("btn_logout")): Object: 'Object Repository/btn_logout' is clicked on

13-04-2024T19:05:26 - [MESSAGE][PASSED] - Object: 'Object Repository/btn_logout' is clicked on

13-04-2024T19:05:26 - [TEST_STEP][PASSED] - delay(3): Delayed 3 second(s)

13-04-2024T19:05:29 - [MESSAGE][PASSED] - Delayed 3 second(s)]]></system-out>
         <system-err><![CDATA[]]></system-err>
      </testcase>
      <testcase name="Test Cases/SearchMenuBySearchBox_Failed" time="34.784" classname="Test Cases/SearchMenuBySearchBox_Failed" status="PASSED">
         <system-out><![CDATA[13-04-2024T19:05:29 - [TEST_CASE][PASSED] - Test Cases/SearchMenuBySearchBox_Failed: Test Cases/SearchMenuBySearchBox_Failed

13-04-2024T19:05:29 - [TEST_STEP][PASSED] - callTestCase(findTestCase("Login/Login_Failed"), [:], STOP_ON_FAILURE): Call Test Case 'Test Cases/Login/Login_Failed' successfully

13-04-2024T19:05:29 - [TEST_CASE][PASSED] - Test Cases/Login/Login_Failed: Test Cases/Login/Login_Failed

13-04-2024T19:05:29 - [TEST_STEP][PASSED] - openBrowser(""): Browser is opened with url: ''

13-04-2024T19:05:30 - [MESSAGE][WARNING] - A browser is already opened. Closing browser and opening a new one

13-04-2024T19:05:30 - [MESSAGE][INFO] - Starting 'Chrome' driver

13-04-2024T19:05:30 - [MESSAGE][INFO] - User set preference: ['args', '[--start-maximized]']

13-04-2024T19:05:30 - [MESSAGE][INFO] - Action delay is set to 1,000 milliseconds

13-04-2024T19:05:31 - [MESSAGE][PASSED] - Browser is opened with url: ''

13-04-2024T19:05:31 - [TEST_STEP][PASSED] - navigateToUrl(url_login): Navigate to 'https://opensource-demo.orangehrmlive.com/web/index.php/auth/login' successfully

13-04-2024T19:05:50 - [MESSAGE][PASSED] - Navigate to 'https://opensource-demo.orangehrmlive.com/web/index.php/auth/login' successfully

13-04-2024T19:05:50 - [TEST_STEP][PASSED] - delay(0): Delayed 0 second(s)

13-04-2024T19:05:50 - [MESSAGE][PASSED] - Delayed 0 second(s)

13-04-2024T19:05:50 - [TEST_STEP][PASSED] - takeScreenshotAsCheckpoint("Before Login Failed", []): Taking screenshot successfully

13-04-2024T19:05:52 - [MESSAGE][INFO] - 0 hidden object(s)

13-04-2024T19:05:52 - [MESSAGE][PASSED] - Taking screenshot successfully
[[ATTACHMENT|keyes\keyes-Before Login Failed.png]]

13-04-2024T19:05:52 - [TEST_STEP][PASSED] - setText(findTestObject("field_username"), invalid_username): Text 'admin' is set on object 'Object Repository/field_username'

13-04-2024T19:05:54 - [MESSAGE][PASSED] - Text 'admin' is set on object 'Object Repository/field_username'

13-04-2024T19:05:54 - [TEST_STEP][PASSED] - setText(findTestObject("field_password"), invalid_password): Text 'Admin123' is set on object 'Object Repository/field_password'

13-04-2024T19:05:57 - [MESSAGE][PASSED] - Text 'Admin123' is set on object 'Object Repository/field_password'

13-04-2024T19:05:57 - [TEST_STEP][PASSED] - click(findTestObject("btn_login")): Object: 'Object Repository/btn_login' is clicked on

13-04-2024T19:06:00 - [MESSAGE][PASSED] - Object: 'Object Repository/btn_login' is clicked on

13-04-2024T19:06:00 - [TEST_STEP][PASSED] - delay(3): Delayed 3 second(s)

13-04-2024T19:06:03 - [MESSAGE][PASSED] - Delayed 3 second(s)

13-04-2024T19:06:03 - [TEST_STEP][PASSED] - verifyElementPresent(findTestObject("verify_loginFailed"), 2): Object 'Object Repository/verify_loginFailed' is present

13-04-2024T19:06:03 - [MESSAGE][PASSED] - Object 'Object Repository/verify_loginFailed' is present

13-04-2024T19:06:03 - [TEST_STEP][PASSED] - takeScreenshotAsCheckpoint("After Login Failed", []): Taking screenshot successfully

13-04-2024T19:06:04 - [MESSAGE][INFO] - 0 hidden object(s)

13-04-2024T19:06:04 - [MESSAGE][PASSED] - Taking screenshot successfully
[[ATTACHMENT|keyes\keyes-After Login Failed.png]]

13-04-2024T19:06:04 - [MESSAGE][PASSED] - Call Test Case 'Test Cases/Login/Login_Failed' successfully]]></system-out>
         <system-err><![CDATA[]]></system-err>
      </testcase>
      <testcase name="Test Cases/SearchMenuBySearchBox_Success" time="48.377" classname="Test Cases/SearchMenuBySearchBox_Success" status="PASSED">
         <system-out><![CDATA[13-04-2024T19:06:04 - [TEST_CASE][PASSED] - Test Cases/SearchMenuBySearchBox_Success: Test Cases/SearchMenuBySearchBox_Success

13-04-2024T19:06:04 - [TEST_STEP][PASSED] - callTestCase(findTestCase("Login/Login_Success"), [:], STOP_ON_FAILURE): Call Test Case 'Test Cases/Login/Login_Success' successfully

13-04-2024T19:06:04 - [TEST_CASE][PASSED] - Test Cases/Login/Login_Success: Test Cases/Login/Login_Success

13-04-2024T19:06:04 - [TEST_STEP][PASSED] - openBrowser(""): Browser is opened with url: ''

13-04-2024T19:06:04 - [MESSAGE][WARNING] - A browser is already opened. Closing browser and opening a new one

13-04-2024T19:06:05 - [MESSAGE][INFO] - Starting 'Chrome' driver

13-04-2024T19:06:05 - [MESSAGE][INFO] - User set preference: ['args', '[--start-maximized]']

13-04-2024T19:06:05 - [MESSAGE][INFO] - Action delay is set to 1,000 milliseconds

13-04-2024T19:06:06 - [MESSAGE][PASSED] - Browser is opened with url: ''

13-04-2024T19:06:06 - [TEST_STEP][PASSED] - navigateToUrl(url_login): Navigate to 'https://opensource-demo.orangehrmlive.com/web/index.php/auth/login' successfully

13-04-2024T19:06:27 - [MESSAGE][PASSED] - Navigate to 'https://opensource-demo.orangehrmlive.com/web/index.php/auth/login' successfully

13-04-2024T19:06:27 - [TEST_STEP][PASSED] - delay(3): Delayed 3 second(s)

13-04-2024T19:06:30 - [MESSAGE][PASSED] - Delayed 3 second(s)

13-04-2024T19:06:30 - [TEST_STEP][PASSED] - takeScreenshotAsCheckpoint("Before Login"): Taking screenshot successfully

13-04-2024T19:06:30 - [MESSAGE][INFO] - 0 hidden object(s)

13-04-2024T19:06:30 - [MESSAGE][PASSED] - Taking screenshot successfully
[[ATTACHMENT|keyes\keyes-Before Login.png]]

13-04-2024T19:06:30 - [TEST_STEP][PASSED] - setText(findTestObject("field_username"), valid_username): Text 'Admin' is set on object 'Object Repository/field_username'

13-04-2024T19:06:33 - [MESSAGE][PASSED] - Text 'Admin' is set on object 'Object Repository/field_username'

13-04-2024T19:06:33 - [TEST_STEP][PASSED] - setText(findTestObject("field_password"), valid_password): Text 'admin123' is set on object 'Object Repository/field_password'

13-04-2024T19:06:36 - [MESSAGE][PASSED] - Text 'admin123' is set on object 'Object Repository/field_password'

13-04-2024T19:06:36 - [TEST_STEP][PASSED] - click(findTestObject("btn_login")): Object: 'Object Repository/btn_login' is clicked on

13-04-2024T19:06:37 - [MESSAGE][PASSED] - Object: 'Object Repository/btn_login' is clicked on

13-04-2024T19:06:37 - [TEST_STEP][PASSED] - delay(5): Delayed 5 second(s)

13-04-2024T19:06:42 - [MESSAGE][PASSED] - Delayed 5 second(s)

13-04-2024T19:06:42 - [TEST_STEP][PASSED] - takeScreenshotAsCheckpoint("After Login"): Taking screenshot successfully

13-04-2024T19:06:43 - [MESSAGE][INFO] - 0 hidden object(s)

13-04-2024T19:06:43 - [MESSAGE][PASSED] - Taking screenshot successfully
[[ATTACHMENT|keyes\keyes-After Login.png]]

13-04-2024T19:06:43 - [MESSAGE][PASSED] - Call Test Case 'Test Cases/Login/Login_Success' successfully

13-04-2024T19:06:43 - [TEST_STEP][PASSED] - delay(3): Delayed 3 second(s)

13-04-2024T19:06:46 - [MESSAGE][PASSED] - Delayed 3 second(s)

13-04-2024T19:06:46 - [TEST_STEP][PASSED] - setText(findTestObject("searchBox_menu"), "Admin"): Text 'Admin' is set on object 'Object Repository/searchBox_menu'

13-04-2024T19:06:49 - [MESSAGE][PASSED] - Text 'Admin' is set on object 'Object Repository/searchBox_menu'

13-04-2024T19:06:49 - [TEST_STEP][PASSED] - verifyElementPresent(findTestObject("verify_searchMenu"), 0): Object 'Object Repository/verify_searchMenu' is present

13-04-2024T19:06:49 - [MESSAGE][WARNING] - Timeout '0' is invalid. Using default page load timeout: '30'

13-04-2024T19:06:49 - [MESSAGE][PASSED] - Object 'Object Repository/verify_searchMenu' is present

13-04-2024T19:06:49 - [TEST_STEP][PASSED] - delay(3): Delayed 3 second(s)

13-04-2024T19:06:52 - [MESSAGE][PASSED] - Delayed 3 second(s)]]></system-out>
         <system-err><![CDATA[]]></system-err>
      </testcase>
      <system-out><![CDATA[13-04-2024T19:03:20 - [TEST_SUITE][PASSED] - TS_LoginLogout: Test Cases/SearchMenuBySearchBox_Success]]></system-out>
      <system-err><![CDATA[]]></system-err>
   </testsuite>
</testsuites>
