<?xml version="1.0" encoding="UTF-8"?>
<testsuites name="TS_LoginLogout" time="221.656" tests="5" failures="0" errors="0">
   <testsuite name="TS_LoginLogout" tests="5" failures="0" errors="0" time="221.656" skipped="0" timestamp="15-04-2024T09:01:57" hostname="1556 - LAPTOP-PT885S91" id="Test Suites/TS_LoginLogout">
      <properties>
         <property name="deviceName" value=""/>
         <property name="devicePlatform" value=""/>
         <property name="logFolder" value="C:\\Users\\1556\\git\\My-First-Web-UI-Project\\Reports\\20240415_090146\\TS_LoginLogout\\20240415_090147"/>
         <property name="logFiles" value="C:\\Users\\1556\\git\\My-First-Web-UI-Project\\Reports\\20240415_090146\\TS_LoginLogout\\20240415_090147\\execution0.log"/>
         <property name="attachments" value="keyes\keyes-Before Login.png, keyes\keyes-After Login.png, keyes\keyes-Before Login Failed.png, keyes\keyes-After Login Failed.png, keyes\keyes-Before Login.png, keyes\keyes-After Login.png, keyes\keyes-Before Login Failed.png, keyes\keyes-After Login Failed.png, keyes\keyes-Before Login.png, keyes\keyes-After Login.png"/>
         <property name="hostName" value="1556 - LAPTOP-PT885S91"/>
         <property name="os" value="Windows 11 64bit"/>
         <property name="katalonVersion" value="9.3.2.212"/>
         <property name="browser" value="Chrome 123.0.6312.107"/>
         <property name="hostAddress" value="192.168.10.35"/>
         <property name="sessionId" value="89a3687f74598e19f68d12cab772e9ef"/>
         <property name="seleniumVersion" value="3.141.59"/>
         <property name="proxyInformation" value="ProxyInformation { proxyOption=NO_PROXY, proxyServerType=HTTP, username=, password=********, proxyServerAddress=, proxyServerPort=0, executionList=&quot;&quot;, isApplyToDesiredCapabilities=true }"/>
         <property name="platform" value="Windows 11"/>
      </properties>
      <testcase name="Test Cases/Login/Login_Success" time="29.888" classname="Test Cases/Login/Login_Success" status="PASSED">
         <system-out><![CDATA[15-04-2024T09:01:57 - [TEST_CASE][PASSED] - Test Cases/Login/Login_Success: Test Cases/Login/Login_Success

15-04-2024T09:01:58 - [TEST_STEP][PASSED] - openBrowser(""): Browser is opened with url: ''

15-04-2024T09:01:58 - [MESSAGE][INFO] - Starting 'Chrome (headless)' driver

15-04-2024T09:01:58 - [MESSAGE][INFO] - User set preference: ['args', '[--start-maximized]']

15-04-2024T09:01:58 - [MESSAGE][INFO] - Action delay is set to 1,000 milliseconds

15-04-2024T09:02:00 - [MESSAGE][PASSED] - Browser is opened with url: ''

15-04-2024T09:02:00 - [TEST_STEP][PASSED] - navigateToUrl(url_login): Navigate to 'https://opensource-demo.orangehrmlive.com/web/index.php/auth/login' successfully

15-04-2024T09:02:12 - [MESSAGE][PASSED] - Navigate to 'https://opensource-demo.orangehrmlive.com/web/index.php/auth/login' successfully

15-04-2024T09:02:12 - [TEST_STEP][PASSED] - delay(3): Delayed 3 second(s)

15-04-2024T09:02:16 - [MESSAGE][PASSED] - Delayed 3 second(s)

15-04-2024T09:02:16 - [TEST_STEP][PASSED] - takeScreenshotAsCheckpoint("Before Login"): Taking screenshot successfully

15-04-2024T09:02:16 - [MESSAGE][INFO] - 0 hidden object(s)

15-04-2024T09:02:16 - [MESSAGE][PASSED] - Taking screenshot successfully
[[ATTACHMENT|keyes\keyes-Before Login.png]]

15-04-2024T09:02:16 - [TEST_STEP][PASSED] - setText(findTestObject("field_username"), valid_username): Text 'Admin' is set on object 'Object Repository/field_username'

15-04-2024T09:02:18 - [MESSAGE][PASSED] - Text 'Admin' is set on object 'Object Repository/field_username'

15-04-2024T09:02:18 - [TEST_STEP][PASSED] - setText(findTestObject("field_password"), valid_password): Text 'admin123' is set on object 'Object Repository/field_password'

15-04-2024T09:02:21 - [MESSAGE][PASSED] - Text 'admin123' is set on object 'Object Repository/field_password'

15-04-2024T09:02:21 - [TEST_STEP][PASSED] - click(findTestObject("btn_login")): Object: 'Object Repository/btn_login' is clicked on

15-04-2024T09:02:22 - [MESSAGE][PASSED] - Object: 'Object Repository/btn_login' is clicked on

15-04-2024T09:02:22 - [TEST_STEP][PASSED] - delay(5): Delayed 5 second(s)

15-04-2024T09:02:27 - [MESSAGE][PASSED] - Delayed 5 second(s)

15-04-2024T09:02:27 - [TEST_STEP][PASSED] - takeScreenshotAsCheckpoint("After Login"): Taking screenshot successfully

15-04-2024T09:02:27 - [MESSAGE][INFO] - 0 hidden object(s)

15-04-2024T09:02:27 - [MESSAGE][PASSED] - Taking screenshot successfully
[[ATTACHMENT|keyes\keyes-After Login.png]]]]></system-out>
         <system-err><![CDATA[]]></system-err>
      </testcase>
      <testcase name="Test Cases/Login/Login_Failed" time="36.734" classname="Test Cases/Login/Login_Failed" status="PASSED">
         <system-out><![CDATA[15-04-2024T09:02:27 - [TEST_CASE][PASSED] - Test Cases/Login/Login_Failed: Test Cases/Login/Login_Failed

15-04-2024T09:02:27 - [TEST_STEP][PASSED] - openBrowser(""): Browser is opened with url: ''

15-04-2024T09:02:27 - [MESSAGE][WARNING] - A browser is already opened. Closing browser and opening a new one

15-04-2024T09:02:27 - [MESSAGE][INFO] - Starting 'Chrome (headless)' driver

15-04-2024T09:02:27 - [MESSAGE][INFO] - User set preference: ['args', '[--start-maximized]']

15-04-2024T09:02:27 - [MESSAGE][INFO] - Action delay is set to 1,000 milliseconds

15-04-2024T09:02:28 - [MESSAGE][PASSED] - Browser is opened with url: ''

15-04-2024T09:02:28 - [TEST_STEP][PASSED] - navigateToUrl(url_login): Navigate to 'https://opensource-demo.orangehrmlive.com/web/index.php/auth/login' successfully

15-04-2024T09:02:54 - [MESSAGE][PASSED] - Navigate to 'https://opensource-demo.orangehrmlive.com/web/index.php/auth/login' successfully

15-04-2024T09:02:54 - [TEST_STEP][PASSED] - delay(0): Delayed 0 second(s)

15-04-2024T09:02:54 - [MESSAGE][PASSED] - Delayed 0 second(s)

15-04-2024T09:02:54 - [TEST_STEP][PASSED] - takeScreenshotAsCheckpoint("Before Login Failed", []): Taking screenshot successfully

15-04-2024T09:02:54 - [MESSAGE][INFO] - 0 hidden object(s)

15-04-2024T09:02:54 - [MESSAGE][PASSED] - Taking screenshot successfully
[[ATTACHMENT|keyes\keyes-Before Login Failed.png]]

15-04-2024T09:02:54 - [TEST_STEP][PASSED] - setText(findTestObject("field_username"), invalid_username): Text 'admin' is set on object 'Object Repository/field_username'

15-04-2024T09:02:57 - [MESSAGE][PASSED] - Text 'admin' is set on object 'Object Repository/field_username'

15-04-2024T09:02:57 - [TEST_STEP][PASSED] - setText(findTestObject("field_password"), invalid_password): Text 'Admin123' is set on object 'Object Repository/field_password'

15-04-2024T09:02:59 - [MESSAGE][PASSED] - Text 'Admin123' is set on object 'Object Repository/field_password'

15-04-2024T09:02:59 - [TEST_STEP][PASSED] - click(findTestObject("btn_login")): Object: 'Object Repository/btn_login' is clicked on

15-04-2024T09:03:00 - [MESSAGE][PASSED] - Object: 'Object Repository/btn_login' is clicked on

15-04-2024T09:03:00 - [TEST_STEP][PASSED] - delay(3): Delayed 3 second(s)

15-04-2024T09:03:03 - [MESSAGE][PASSED] - Delayed 3 second(s)

15-04-2024T09:03:03 - [TEST_STEP][PASSED] - verifyElementPresent(findTestObject("verify_loginFailed"), 2): Object 'Object Repository/verify_loginFailed' is present

15-04-2024T09:03:04 - [MESSAGE][PASSED] - Object 'Object Repository/verify_loginFailed' is present

15-04-2024T09:03:04 - [TEST_STEP][PASSED] - takeScreenshotAsCheckpoint("After Login Failed", []): Taking screenshot successfully

15-04-2024T09:03:04 - [MESSAGE][INFO] - 0 hidden object(s)

15-04-2024T09:03:04 - [MESSAGE][PASSED] - Taking screenshot successfully
[[ATTACHMENT|keyes\keyes-After Login Failed.png]]]]></system-out>
         <system-err><![CDATA[]]></system-err>
      </testcase>
      <testcase name="Test Cases/Login/Logout_Success" time="41.003" classname="Test Cases/Login/Logout_Success" status="PASSED">
         <system-out><![CDATA[15-04-2024T09:03:04 - [TEST_CASE][PASSED] - Test Cases/Login/Logout_Success: Test Cases/Login/Logout_Success

15-04-2024T09:03:04 - [TEST_STEP][PASSED] - callTestCase(findTestCase("Login/Login_Success"), [:], STOP_ON_FAILURE): Call Test Case 'Test Cases/Login/Login_Success' successfully

15-04-2024T09:03:04 - [TEST_CASE][PASSED] - Test Cases/Login/Login_Success: Test Cases/Login/Login_Success

15-04-2024T09:03:04 - [TEST_STEP][PASSED] - openBrowser(""): Browser is opened with url: ''

15-04-2024T09:03:04 - [MESSAGE][WARNING] - A browser is already opened. Closing browser and opening a new one

15-04-2024T09:03:04 - [MESSAGE][INFO] - Starting 'Chrome (headless)' driver

15-04-2024T09:03:04 - [MESSAGE][INFO] - User set preference: ['args', '[--start-maximized]']

15-04-2024T09:03:04 - [MESSAGE][INFO] - Action delay is set to 1,000 milliseconds

15-04-2024T09:03:05 - [MESSAGE][PASSED] - Browser is opened with url: ''

15-04-2024T09:03:05 - [TEST_STEP][PASSED] - navigateToUrl(url_login): Navigate to 'https://opensource-demo.orangehrmlive.com/web/index.php/auth/login' successfully

15-04-2024T09:03:22 - [MESSAGE][PASSED] - Navigate to 'https://opensource-demo.orangehrmlive.com/web/index.php/auth/login' successfully

15-04-2024T09:03:22 - [TEST_STEP][PASSED] - delay(3): Delayed 3 second(s)

15-04-2024T09:03:25 - [MESSAGE][PASSED] - Delayed 3 second(s)

15-04-2024T09:03:25 - [TEST_STEP][PASSED] - takeScreenshotAsCheckpoint("Before Login"): Taking screenshot successfully

15-04-2024T09:03:25 - [MESSAGE][INFO] - 0 hidden object(s)

15-04-2024T09:03:25 - [MESSAGE][PASSED] - Taking screenshot successfully
[[ATTACHMENT|keyes\keyes-Before Login.png]]

15-04-2024T09:03:25 - [TEST_STEP][PASSED] - setText(findTestObject("field_username"), valid_username): Text 'Admin' is set on object 'Object Repository/field_username'

15-04-2024T09:03:27 - [MESSAGE][PASSED] - Text 'Admin' is set on object 'Object Repository/field_username'

15-04-2024T09:03:27 - [TEST_STEP][PASSED] - setText(findTestObject("field_password"), valid_password): Text 'admin123' is set on object 'Object Repository/field_password'

15-04-2024T09:03:29 - [MESSAGE][PASSED] - Text 'admin123' is set on object 'Object Repository/field_password'

15-04-2024T09:03:29 - [TEST_STEP][PASSED] - click(findTestObject("btn_login")): Object: 'Object Repository/btn_login' is clicked on

15-04-2024T09:03:30 - [MESSAGE][PASSED] - Object: 'Object Repository/btn_login' is clicked on

15-04-2024T09:03:30 - [TEST_STEP][PASSED] - delay(5): Delayed 5 second(s)

15-04-2024T09:03:35 - [MESSAGE][PASSED] - Delayed 5 second(s)

15-04-2024T09:03:35 - [TEST_STEP][PASSED] - takeScreenshotAsCheckpoint("After Login"): Taking screenshot successfully

15-04-2024T09:03:36 - [MESSAGE][INFO] - 0 hidden object(s)

15-04-2024T09:03:36 - [MESSAGE][PASSED] - Taking screenshot successfully
[[ATTACHMENT|keyes\keyes-After Login.png]]

15-04-2024T09:03:36 - [MESSAGE][PASSED] - Call Test Case 'Test Cases/Login/Login_Success' successfully

15-04-2024T09:03:36 - [TEST_STEP][PASSED] - delay(3): Delayed 3 second(s)

15-04-2024T09:03:39 - [MESSAGE][PASSED] - Delayed 3 second(s)

15-04-2024T09:03:39 - [TEST_STEP][PASSED] - click(findTestObject("dropdow_logout")): Object: 'Object Repository/dropdow_logout' is clicked on

15-04-2024T09:03:40 - [MESSAGE][PASSED] - Object: 'Object Repository/dropdow_logout' is clicked on

15-04-2024T09:03:40 - [TEST_STEP][PASSED] - click(findTestObject("btn_logout")): Object: 'Object Repository/btn_logout' is clicked on

15-04-2024T09:03:42 - [MESSAGE][PASSED] - Object: 'Object Repository/btn_logout' is clicked on

15-04-2024T09:03:42 - [TEST_STEP][PASSED] - delay(3): Delayed 3 second(s)

15-04-2024T09:03:45 - [MESSAGE][PASSED] - Delayed 3 second(s)]]></system-out>
         <system-err><![CDATA[]]></system-err>
      </testcase>
      <testcase name="Test Cases/SearchMenuBySearchBox_Failed" time="49.885" classname="Test Cases/SearchMenuBySearchBox_Failed" status="PASSED">
         <system-out><![CDATA[15-04-2024T09:03:45 - [TEST_CASE][PASSED] - Test Cases/SearchMenuBySearchBox_Failed: Test Cases/SearchMenuBySearchBox_Failed

15-04-2024T09:03:45 - [TEST_STEP][PASSED] - callTestCase(findTestCase("Login/Login_Failed"), [:], STOP_ON_FAILURE): Call Test Case 'Test Cases/Login/Login_Failed' successfully

15-04-2024T09:03:45 - [TEST_CASE][PASSED] - Test Cases/Login/Login_Failed: Test Cases/Login/Login_Failed

15-04-2024T09:03:45 - [TEST_STEP][PASSED] - openBrowser(""): Browser is opened with url: ''

15-04-2024T09:03:45 - [MESSAGE][WARNING] - A browser is already opened. Closing browser and opening a new one

15-04-2024T09:03:45 - [MESSAGE][INFO] - Starting 'Chrome (headless)' driver

15-04-2024T09:03:45 - [MESSAGE][INFO] - User set preference: ['args', '[--start-maximized]']

15-04-2024T09:03:45 - [MESSAGE][INFO] - Action delay is set to 1,000 milliseconds

15-04-2024T09:03:46 - [MESSAGE][PASSED] - Browser is opened with url: ''

15-04-2024T09:03:46 - [TEST_STEP][PASSED] - navigateToUrl(url_login): Navigate to 'https://opensource-demo.orangehrmlive.com/web/index.php/auth/login' successfully

15-04-2024T09:04:25 - [MESSAGE][PASSED] - Navigate to 'https://opensource-demo.orangehrmlive.com/web/index.php/auth/login' successfully

15-04-2024T09:04:25 - [TEST_STEP][PASSED] - delay(0): Delayed 0 second(s)

15-04-2024T09:04:25 - [MESSAGE][PASSED] - Delayed 0 second(s)

15-04-2024T09:04:25 - [TEST_STEP][PASSED] - takeScreenshotAsCheckpoint("Before Login Failed", []): Taking screenshot successfully

15-04-2024T09:04:25 - [MESSAGE][INFO] - 0 hidden object(s)

15-04-2024T09:04:25 - [MESSAGE][PASSED] - Taking screenshot successfully
[[ATTACHMENT|keyes\keyes-Before Login Failed.png]]

15-04-2024T09:04:25 - [TEST_STEP][PASSED] - setText(findTestObject("field_username"), invalid_username): Text 'admin' is set on object 'Object Repository/field_username'

15-04-2024T09:04:28 - [MESSAGE][PASSED] - Text 'admin' is set on object 'Object Repository/field_username'

15-04-2024T09:04:28 - [TEST_STEP][PASSED] - setText(findTestObject("field_password"), invalid_password): Text 'Admin123' is set on object 'Object Repository/field_password'

15-04-2024T09:04:30 - [MESSAGE][PASSED] - Text 'Admin123' is set on object 'Object Repository/field_password'

15-04-2024T09:04:30 - [TEST_STEP][PASSED] - click(findTestObject("btn_login")): Object: 'Object Repository/btn_login' is clicked on

15-04-2024T09:04:31 - [MESSAGE][PASSED] - Object: 'Object Repository/btn_login' is clicked on

15-04-2024T09:04:31 - [TEST_STEP][PASSED] - delay(3): Delayed 3 second(s)

15-04-2024T09:04:34 - [MESSAGE][PASSED] - Delayed 3 second(s)

15-04-2024T09:04:34 - [TEST_STEP][PASSED] - verifyElementPresent(findTestObject("verify_loginFailed"), 2): Object 'Object Repository/verify_loginFailed' is present

15-04-2024T09:04:34 - [MESSAGE][PASSED] - Object 'Object Repository/verify_loginFailed' is present

15-04-2024T09:04:34 - [TEST_STEP][PASSED] - takeScreenshotAsCheckpoint("After Login Failed", []): Taking screenshot successfully

15-04-2024T09:04:35 - [MESSAGE][INFO] - 0 hidden object(s)

15-04-2024T09:04:35 - [MESSAGE][PASSED] - Taking screenshot successfully
[[ATTACHMENT|keyes\keyes-After Login Failed.png]]

15-04-2024T09:04:35 - [MESSAGE][PASSED] - Call Test Case 'Test Cases/Login/Login_Failed' successfully]]></system-out>
         <system-err><![CDATA[]]></system-err>
      </testcase>
      <testcase name="Test Cases/SearchMenuBySearchBox_Success" time="63.852" classname="Test Cases/SearchMenuBySearchBox_Success" status="PASSED">
         <system-out><![CDATA[15-04-2024T09:04:35 - [TEST_CASE][PASSED] - Test Cases/SearchMenuBySearchBox_Success: Test Cases/SearchMenuBySearchBox_Success

15-04-2024T09:04:35 - [TEST_STEP][PASSED] - callTestCase(findTestCase("Login/Login_Success"), [:], STOP_ON_FAILURE): Call Test Case 'Test Cases/Login/Login_Success' successfully

15-04-2024T09:04:35 - [TEST_CASE][PASSED] - Test Cases/Login/Login_Success: Test Cases/Login/Login_Success

15-04-2024T09:04:35 - [TEST_STEP][PASSED] - openBrowser(""): Browser is opened with url: ''

15-04-2024T09:04:35 - [MESSAGE][WARNING] - A browser is already opened. Closing browser and opening a new one

15-04-2024T09:04:35 - [MESSAGE][INFO] - Starting 'Chrome (headless)' driver

15-04-2024T09:04:35 - [MESSAGE][INFO] - User set preference: ['args', '[--start-maximized]']

15-04-2024T09:04:35 - [MESSAGE][INFO] - Action delay is set to 1,000 milliseconds

15-04-2024T09:04:36 - [MESSAGE][PASSED] - Browser is opened with url: ''

15-04-2024T09:04:36 - [TEST_STEP][PASSED] - navigateToUrl(url_login): Navigate to 'https://opensource-demo.orangehrmlive.com/web/index.php/auth/login' successfully

15-04-2024T09:05:16 - [MESSAGE][PASSED] - Navigate to 'https://opensource-demo.orangehrmlive.com/web/index.php/auth/login' successfully

15-04-2024T09:05:16 - [TEST_STEP][PASSED] - delay(3): Delayed 3 second(s)

15-04-2024T09:05:19 - [MESSAGE][PASSED] - Delayed 3 second(s)

15-04-2024T09:05:19 - [TEST_STEP][PASSED] - takeScreenshotAsCheckpoint("Before Login"): Taking screenshot successfully

15-04-2024T09:05:19 - [MESSAGE][INFO] - 0 hidden object(s)

15-04-2024T09:05:19 - [MESSAGE][PASSED] - Taking screenshot successfully
[[ATTACHMENT|keyes\keyes-Before Login.png]]

15-04-2024T09:05:19 - [TEST_STEP][PASSED] - setText(findTestObject("field_username"), valid_username): Text 'Admin' is set on object 'Object Repository/field_username'

15-04-2024T09:05:22 - [MESSAGE][PASSED] - Text 'Admin' is set on object 'Object Repository/field_username'

15-04-2024T09:05:22 - [TEST_STEP][PASSED] - setText(findTestObject("field_password"), valid_password): Text 'admin123' is set on object 'Object Repository/field_password'

15-04-2024T09:05:24 - [MESSAGE][PASSED] - Text 'admin123' is set on object 'Object Repository/field_password'

15-04-2024T09:05:24 - [TEST_STEP][PASSED] - click(findTestObject("btn_login")): Object: 'Object Repository/btn_login' is clicked on

15-04-2024T09:05:25 - [MESSAGE][PASSED] - Object: 'Object Repository/btn_login' is clicked on

15-04-2024T09:05:25 - [TEST_STEP][PASSED] - delay(5): Delayed 5 second(s)

15-04-2024T09:05:30 - [MESSAGE][PASSED] - Delayed 5 second(s)

15-04-2024T09:05:30 - [TEST_STEP][PASSED] - takeScreenshotAsCheckpoint("After Login"): Taking screenshot successfully

15-04-2024T09:05:30 - [MESSAGE][INFO] - 0 hidden object(s)

15-04-2024T09:05:30 - [MESSAGE][PASSED] - Taking screenshot successfully
[[ATTACHMENT|keyes\keyes-After Login.png]]

15-04-2024T09:05:30 - [MESSAGE][PASSED] - Call Test Case 'Test Cases/Login/Login_Success' successfully

15-04-2024T09:05:30 - [TEST_STEP][PASSED] - delay(3): Delayed 3 second(s)

15-04-2024T09:05:33 - [MESSAGE][PASSED] - Delayed 3 second(s)

15-04-2024T09:05:33 - [TEST_STEP][PASSED] - setText(findTestObject("searchBox_menu"), "Admin"): Text 'Admin' is set on object 'Object Repository/searchBox_menu'

15-04-2024T09:05:35 - [MESSAGE][PASSED] - Text 'Admin' is set on object 'Object Repository/searchBox_menu'

15-04-2024T09:05:35 - [TEST_STEP][PASSED] - verifyElementPresent(findTestObject("verify_searchMenu"), 0): Object 'Object Repository/verify_searchMenu' is present

15-04-2024T09:05:35 - [MESSAGE][WARNING] - Timeout '0' is invalid. Using default page load timeout: '30'

15-04-2024T09:05:35 - [MESSAGE][PASSED] - Object 'Object Repository/verify_searchMenu' is present

15-04-2024T09:05:35 - [TEST_STEP][PASSED] - delay(3): Delayed 3 second(s)

15-04-2024T09:05:38 - [MESSAGE][PASSED] - Delayed 3 second(s)]]></system-out>
         <system-err><![CDATA[]]></system-err>
      </testcase>
      <system-out><![CDATA[15-04-2024T09:01:57 - [TEST_SUITE][PASSED] - TS_LoginLogout: Test Cases/SearchMenuBySearchBox_Success]]></system-out>
      <system-err><![CDATA[]]></system-err>
   </testsuite>
</testsuites>
