<?xml version="1.0" encoding="UTF-8"?>
<testsuites name="TS_LoginLogout" time="178.454" tests="5" failures="0" errors="0">
   <testsuite name="TS_LoginLogout" tests="5" failures="0" errors="0" time="178.454" skipped="0" timestamp="15-04-2024T09:11:33" hostname="1556 - LAPTOP-PT885S91" id="Test Suites/TS_LoginLogout">
      <properties>
         <property name="deviceName" value=""/>
         <property name="devicePlatform" value=""/>
         <property name="logFolder" value="C:\\Users\\1556\\git\\My-First-Web-UI-Project\\Reports\\20240415_091125\\TS_LoginLogout\\20240415_091125"/>
         <property name="logFiles" value="C:\\Users\\1556\\git\\My-First-Web-UI-Project\\Reports\\20240415_091125\\TS_LoginLogout\\20240415_091125\\execution0.log"/>
         <property name="attachments" value="keyes\keyes-Before Login.png, keyes\keyes-After Login.png, keyes\keyes-Before Login Failed.png, keyes\keyes-After Login Failed.png, keyes\keyes-Before Login.png, keyes\keyes-After Login.png, keyes\keyes-Before Login Failed.png, keyes\keyes-After Login Failed.png, keyes\keyes-Before Login.png, keyes\keyes-After Login.png"/>
         <property name="hostName" value="1556 - LAPTOP-PT885S91"/>
         <property name="os" value="Windows 11 64bit"/>
         <property name="katalonVersion" value="9.3.2.212"/>
         <property name="browser" value="Chrome 123.0.0.0"/>
         <property name="hostAddress" value="192.168.10.35"/>
         <property name="sessionId" value="5b8af1a090128d961b71c648540cbfb3"/>
         <property name="seleniumVersion" value="3.141.59"/>
         <property name="proxyInformation" value="ProxyInformation { proxyOption=NO_PROXY, proxyServerType=HTTP, username=, password=********, proxyServerAddress=, proxyServerPort=0, executionList=&quot;&quot;, isApplyToDesiredCapabilities=true }"/>
         <property name="platform" value="Windows 11"/>
      </properties>
      <testcase name="Test Cases/Login/Login_Success" time="49.89" classname="Test Cases/Login/Login_Success" status="PASSED">
         <system-out><![CDATA[15-04-2024T09:11:33 - [TEST_CASE][PASSED] - Test Cases/Login/Login_Success: Test Cases/Login/Login_Success

15-04-2024T09:11:34 - [TEST_STEP][PASSED] - openBrowser(""): Browser is opened with url: ''

15-04-2024T09:11:34 - [MESSAGE][INFO] - Starting 'Chrome' driver

15-04-2024T09:11:34 - [MESSAGE][INFO] - User set preference: ['args', '[--start-maximized]']

15-04-2024T09:11:34 - [MESSAGE][INFO] - Action delay is set to 1,000 milliseconds

15-04-2024T09:11:36 - [MESSAGE][PASSED] - Browser is opened with url: ''

15-04-2024T09:11:36 - [TEST_STEP][PASSED] - navigateToUrl(url_login): Navigate to 'https://opensource-demo.orangehrmlive.com/web/index.php/auth/login' successfully

15-04-2024T09:12:05 - [MESSAGE][PASSED] - Navigate to 'https://opensource-demo.orangehrmlive.com/web/index.php/auth/login' successfully

15-04-2024T09:12:05 - [TEST_STEP][PASSED] - delay(3): Delayed 3 second(s)

15-04-2024T09:12:08 - [MESSAGE][PASSED] - Delayed 3 second(s)

15-04-2024T09:12:08 - [TEST_STEP][PASSED] - takeScreenshotAsCheckpoint("Before Login"): Taking screenshot successfully

15-04-2024T09:12:09 - [MESSAGE][INFO] - 0 hidden object(s)

15-04-2024T09:12:09 - [MESSAGE][PASSED] - Taking screenshot successfully
[[ATTACHMENT|keyes\keyes-Before Login.png]]

15-04-2024T09:12:09 - [TEST_STEP][PASSED] - setText(findTestObject("field_username"), valid_username): Text 'Admin' is set on object 'Object Repository/field_username'

15-04-2024T09:12:12 - [MESSAGE][PASSED] - Text 'Admin' is set on object 'Object Repository/field_username'

15-04-2024T09:12:12 - [TEST_STEP][PASSED] - setText(findTestObject("field_password"), valid_password): Text 'admin123' is set on object 'Object Repository/field_password'

15-04-2024T09:12:15 - [MESSAGE][PASSED] - Text 'admin123' is set on object 'Object Repository/field_password'

15-04-2024T09:12:15 - [TEST_STEP][PASSED] - click(findTestObject("btn_login")): Object: 'Object Repository/btn_login' is clicked on

15-04-2024T09:12:18 - [MESSAGE][PASSED] - Object: 'Object Repository/btn_login' is clicked on

15-04-2024T09:12:18 - [TEST_STEP][PASSED] - delay(5): Delayed 5 second(s)

15-04-2024T09:12:23 - [MESSAGE][PASSED] - Delayed 5 second(s)

15-04-2024T09:12:23 - [TEST_STEP][PASSED] - takeScreenshotAsCheckpoint("After Login"): Taking screenshot successfully

15-04-2024T09:12:23 - [MESSAGE][INFO] - 0 hidden object(s)

15-04-2024T09:12:23 - [MESSAGE][PASSED] - Taking screenshot successfully
[[ATTACHMENT|keyes\keyes-After Login.png]]]]></system-out>
         <system-err><![CDATA[]]></system-err>
      </testcase>
      <testcase name="Test Cases/Login/Login_Failed" time="27.455" classname="Test Cases/Login/Login_Failed" status="PASSED">
         <system-out><![CDATA[15-04-2024T09:12:23 - [TEST_CASE][PASSED] - Test Cases/Login/Login_Failed: Test Cases/Login/Login_Failed

15-04-2024T09:12:23 - [TEST_STEP][PASSED] - openBrowser(""): Browser is opened with url: ''

15-04-2024T09:12:23 - [MESSAGE][WARNING] - A browser is already opened. Closing browser and opening a new one

15-04-2024T09:12:24 - [MESSAGE][INFO] - Starting 'Chrome' driver

15-04-2024T09:12:24 - [MESSAGE][INFO] - User set preference: ['args', '[--start-maximized]']

15-04-2024T09:12:24 - [MESSAGE][INFO] - Action delay is set to 1,000 milliseconds

15-04-2024T09:12:25 - [MESSAGE][PASSED] - Browser is opened with url: ''

15-04-2024T09:12:25 - [TEST_STEP][PASSED] - navigateToUrl(url_login): Navigate to 'https://opensource-demo.orangehrmlive.com/web/index.php/auth/login' successfully

15-04-2024T09:12:38 - [MESSAGE][PASSED] - Navigate to 'https://opensource-demo.orangehrmlive.com/web/index.php/auth/login' successfully

15-04-2024T09:12:38 - [TEST_STEP][PASSED] - delay(0): Delayed 0 second(s)

15-04-2024T09:12:38 - [MESSAGE][PASSED] - Delayed 0 second(s)

15-04-2024T09:12:38 - [TEST_STEP][PASSED] - takeScreenshotAsCheckpoint("Before Login Failed", []): Taking screenshot successfully

15-04-2024T09:12:40 - [MESSAGE][INFO] - 0 hidden object(s)

15-04-2024T09:12:40 - [MESSAGE][PASSED] - Taking screenshot successfully
[[ATTACHMENT|keyes\keyes-Before Login Failed.png]]

15-04-2024T09:12:40 - [TEST_STEP][PASSED] - setText(findTestObject("field_username"), invalid_username): Text 'admin' is set on object 'Object Repository/field_username'

15-04-2024T09:12:43 - [MESSAGE][PASSED] - Text 'admin' is set on object 'Object Repository/field_username'

15-04-2024T09:12:43 - [TEST_STEP][PASSED] - setText(findTestObject("field_password"), invalid_password): Text 'Admin123' is set on object 'Object Repository/field_password'

15-04-2024T09:12:45 - [MESSAGE][PASSED] - Text 'Admin123' is set on object 'Object Repository/field_password'

15-04-2024T09:12:45 - [TEST_STEP][PASSED] - click(findTestObject("btn_login")): Object: 'Object Repository/btn_login' is clicked on

15-04-2024T09:12:47 - [MESSAGE][PASSED] - Object: 'Object Repository/btn_login' is clicked on

15-04-2024T09:12:47 - [TEST_STEP][PASSED] - delay(3): Delayed 3 second(s)

15-04-2024T09:12:50 - [MESSAGE][PASSED] - Delayed 3 second(s)

15-04-2024T09:12:50 - [TEST_STEP][PASSED] - verifyElementPresent(findTestObject("verify_loginFailed"), 2): Object 'Object Repository/verify_loginFailed' is present

15-04-2024T09:12:50 - [MESSAGE][PASSED] - Object 'Object Repository/verify_loginFailed' is present

15-04-2024T09:12:50 - [TEST_STEP][PASSED] - takeScreenshotAsCheckpoint("After Login Failed", []): Taking screenshot successfully

15-04-2024T09:12:51 - [MESSAGE][INFO] - 0 hidden object(s)

15-04-2024T09:12:51 - [MESSAGE][PASSED] - Taking screenshot successfully
[[ATTACHMENT|keyes\keyes-After Login Failed.png]]]]></system-out>
         <system-err><![CDATA[]]></system-err>
      </testcase>
      <testcase name="Test Cases/Login/Logout_Success" time="38.37" classname="Test Cases/Login/Logout_Success" status="PASSED">
         <system-out><![CDATA[15-04-2024T09:12:51 - [TEST_CASE][PASSED] - Test Cases/Login/Logout_Success: Test Cases/Login/Logout_Success

15-04-2024T09:12:51 - [TEST_STEP][PASSED] - callTestCase(findTestCase("Login/Login_Success"), [:], STOP_ON_FAILURE): Call Test Case 'Test Cases/Login/Login_Success' successfully

15-04-2024T09:12:51 - [TEST_CASE][PASSED] - Test Cases/Login/Login_Success: Test Cases/Login/Login_Success

15-04-2024T09:12:51 - [TEST_STEP][PASSED] - openBrowser(""): Browser is opened with url: ''

15-04-2024T09:12:51 - [MESSAGE][WARNING] - A browser is already opened. Closing browser and opening a new one

15-04-2024T09:12:51 - [MESSAGE][INFO] - Starting 'Chrome' driver

15-04-2024T09:12:51 - [MESSAGE][INFO] - User set preference: ['args', '[--start-maximized]']

15-04-2024T09:12:51 - [MESSAGE][INFO] - Action delay is set to 1,000 milliseconds

15-04-2024T09:12:52 - [MESSAGE][PASSED] - Browser is opened with url: ''

15-04-2024T09:12:52 - [TEST_STEP][PASSED] - navigateToUrl(url_login): Navigate to 'https://opensource-demo.orangehrmlive.com/web/index.php/auth/login' successfully

15-04-2024T09:13:03 - [MESSAGE][PASSED] - Navigate to 'https://opensource-demo.orangehrmlive.com/web/index.php/auth/login' successfully

15-04-2024T09:13:03 - [TEST_STEP][PASSED] - delay(3): Delayed 3 second(s)

15-04-2024T09:13:06 - [MESSAGE][PASSED] - Delayed 3 second(s)

15-04-2024T09:13:06 - [TEST_STEP][PASSED] - takeScreenshotAsCheckpoint("Before Login"): Taking screenshot successfully

15-04-2024T09:13:07 - [MESSAGE][INFO] - 0 hidden object(s)

15-04-2024T09:13:07 - [MESSAGE][PASSED] - Taking screenshot successfully
[[ATTACHMENT|keyes\keyes-Before Login.png]]

15-04-2024T09:13:07 - [TEST_STEP][PASSED] - setText(findTestObject("field_username"), valid_username): Text 'Admin' is set on object 'Object Repository/field_username'

15-04-2024T09:13:10 - [MESSAGE][PASSED] - Text 'Admin' is set on object 'Object Repository/field_username'

15-04-2024T09:13:10 - [TEST_STEP][PASSED] - setText(findTestObject("field_password"), valid_password): Text 'admin123' is set on object 'Object Repository/field_password'

15-04-2024T09:13:12 - [MESSAGE][PASSED] - Text 'admin123' is set on object 'Object Repository/field_password'

15-04-2024T09:13:12 - [TEST_STEP][PASSED] - click(findTestObject("btn_login")): Object: 'Object Repository/btn_login' is clicked on

15-04-2024T09:13:14 - [MESSAGE][PASSED] - Object: 'Object Repository/btn_login' is clicked on

15-04-2024T09:13:14 - [TEST_STEP][PASSED] - delay(5): Delayed 5 second(s)

15-04-2024T09:13:19 - [MESSAGE][PASSED] - Delayed 5 second(s)

15-04-2024T09:13:19 - [TEST_STEP][PASSED] - takeScreenshotAsCheckpoint("After Login"): Taking screenshot successfully

15-04-2024T09:13:19 - [MESSAGE][INFO] - 0 hidden object(s)

15-04-2024T09:13:19 - [MESSAGE][PASSED] - Taking screenshot successfully
[[ATTACHMENT|keyes\keyes-After Login.png]]

15-04-2024T09:13:19 - [MESSAGE][PASSED] - Call Test Case 'Test Cases/Login/Login_Success' successfully

15-04-2024T09:13:19 - [TEST_STEP][PASSED] - delay(3): Delayed 3 second(s)

15-04-2024T09:13:22 - [MESSAGE][PASSED] - Delayed 3 second(s)

15-04-2024T09:13:22 - [TEST_STEP][PASSED] - click(findTestObject("dropdow_logout")): Object: 'Object Repository/dropdow_logout' is clicked on

15-04-2024T09:13:24 - [MESSAGE][PASSED] - Object: 'Object Repository/dropdow_logout' is clicked on

15-04-2024T09:13:24 - [TEST_STEP][PASSED] - click(findTestObject("btn_logout")): Object: 'Object Repository/btn_logout' is clicked on

15-04-2024T09:13:26 - [MESSAGE][PASSED] - Object: 'Object Repository/btn_logout' is clicked on

15-04-2024T09:13:26 - [TEST_STEP][PASSED] - delay(3): Delayed 3 second(s)

15-04-2024T09:13:29 - [MESSAGE][PASSED] - Delayed 3 second(s)]]></system-out>
         <system-err><![CDATA[]]></system-err>
      </testcase>
      <testcase name="Test Cases/SearchMenuBySearchBox_Failed" time="26.586" classname="Test Cases/SearchMenuBySearchBox_Failed" status="PASSED">
         <system-out><![CDATA[15-04-2024T09:13:29 - [TEST_CASE][PASSED] - Test Cases/SearchMenuBySearchBox_Failed: Test Cases/SearchMenuBySearchBox_Failed

15-04-2024T09:13:29 - [TEST_STEP][PASSED] - callTestCase(findTestCase("Login/Login_Failed"), [:], STOP_ON_FAILURE): Call Test Case 'Test Cases/Login/Login_Failed' successfully

15-04-2024T09:13:29 - [TEST_CASE][PASSED] - Test Cases/Login/Login_Failed: Test Cases/Login/Login_Failed

15-04-2024T09:13:29 - [TEST_STEP][PASSED] - openBrowser(""): Browser is opened with url: ''

15-04-2024T09:13:29 - [MESSAGE][WARNING] - A browser is already opened. Closing browser and opening a new one

15-04-2024T09:13:29 - [MESSAGE][INFO] - Starting 'Chrome' driver

15-04-2024T09:13:29 - [MESSAGE][INFO] - User set preference: ['args', '[--start-maximized]']

15-04-2024T09:13:29 - [MESSAGE][INFO] - Action delay is set to 1,000 milliseconds

15-04-2024T09:13:30 - [MESSAGE][PASSED] - Browser is opened with url: ''

15-04-2024T09:13:30 - [TEST_STEP][PASSED] - navigateToUrl(url_login): Navigate to 'https://opensource-demo.orangehrmlive.com/web/index.php/auth/login' successfully

15-04-2024T09:13:43 - [MESSAGE][PASSED] - Navigate to 'https://opensource-demo.orangehrmlive.com/web/index.php/auth/login' successfully

15-04-2024T09:13:43 - [TEST_STEP][PASSED] - delay(0): Delayed 0 second(s)

15-04-2024T09:13:43 - [MESSAGE][PASSED] - Delayed 0 second(s)

15-04-2024T09:13:43 - [TEST_STEP][PASSED] - takeScreenshotAsCheckpoint("Before Login Failed", []): Taking screenshot successfully

15-04-2024T09:13:45 - [MESSAGE][INFO] - 0 hidden object(s)

15-04-2024T09:13:45 - [MESSAGE][PASSED] - Taking screenshot successfully
[[ATTACHMENT|keyes\keyes-Before Login Failed.png]]

15-04-2024T09:13:45 - [TEST_STEP][PASSED] - setText(findTestObject("field_username"), invalid_username): Text 'admin' is set on object 'Object Repository/field_username'

15-04-2024T09:13:48 - [MESSAGE][PASSED] - Text 'admin' is set on object 'Object Repository/field_username'

15-04-2024T09:13:48 - [TEST_STEP][PASSED] - setText(findTestObject("field_password"), invalid_password): Text 'Admin123' is set on object 'Object Repository/field_password'

15-04-2024T09:13:50 - [MESSAGE][PASSED] - Text 'Admin123' is set on object 'Object Repository/field_password'

15-04-2024T09:13:50 - [TEST_STEP][PASSED] - click(findTestObject("btn_login")): Object: 'Object Repository/btn_login' is clicked on

15-04-2024T09:13:52 - [MESSAGE][PASSED] - Object: 'Object Repository/btn_login' is clicked on

15-04-2024T09:13:52 - [TEST_STEP][PASSED] - delay(3): Delayed 3 second(s)

15-04-2024T09:13:55 - [MESSAGE][PASSED] - Delayed 3 second(s)

15-04-2024T09:13:55 - [TEST_STEP][PASSED] - verifyElementPresent(findTestObject("verify_loginFailed"), 2): Object 'Object Repository/verify_loginFailed' is present

15-04-2024T09:13:55 - [MESSAGE][PASSED] - Object 'Object Repository/verify_loginFailed' is present

15-04-2024T09:13:55 - [TEST_STEP][PASSED] - takeScreenshotAsCheckpoint("After Login Failed", []): Taking screenshot successfully

15-04-2024T09:13:56 - [MESSAGE][INFO] - 0 hidden object(s)

15-04-2024T09:13:56 - [MESSAGE][PASSED] - Taking screenshot successfully
[[ATTACHMENT|keyes\keyes-After Login Failed.png]]

15-04-2024T09:13:56 - [MESSAGE][PASSED] - Call Test Case 'Test Cases/Login/Login_Failed' successfully]]></system-out>
         <system-err><![CDATA[]]></system-err>
      </testcase>
      <testcase name="Test Cases/SearchMenuBySearchBox_Success" time="35.889" classname="Test Cases/SearchMenuBySearchBox_Success" status="PASSED">
         <system-out><![CDATA[15-04-2024T09:13:56 - [TEST_CASE][PASSED] - Test Cases/SearchMenuBySearchBox_Success: Test Cases/SearchMenuBySearchBox_Success

15-04-2024T09:13:56 - [TEST_STEP][PASSED] - callTestCase(findTestCase("Login/Login_Success"), [:], STOP_ON_FAILURE): Call Test Case 'Test Cases/Login/Login_Success' successfully

15-04-2024T09:13:56 - [TEST_CASE][PASSED] - Test Cases/Login/Login_Success: Test Cases/Login/Login_Success

15-04-2024T09:13:56 - [TEST_STEP][PASSED] - openBrowser(""): Browser is opened with url: ''

15-04-2024T09:13:56 - [MESSAGE][WARNING] - A browser is already opened. Closing browser and opening a new one

15-04-2024T09:13:56 - [MESSAGE][INFO] - Starting 'Chrome' driver

15-04-2024T09:13:56 - [MESSAGE][INFO] - User set preference: ['args', '[--start-maximized]']

15-04-2024T09:13:56 - [MESSAGE][INFO] - Action delay is set to 1,000 milliseconds

15-04-2024T09:13:57 - [MESSAGE][PASSED] - Browser is opened with url: ''

15-04-2024T09:13:57 - [TEST_STEP][PASSED] - navigateToUrl(url_login): Navigate to 'https://opensource-demo.orangehrmlive.com/web/index.php/auth/login' successfully

15-04-2024T09:14:06 - [MESSAGE][PASSED] - Navigate to 'https://opensource-demo.orangehrmlive.com/web/index.php/auth/login' successfully

15-04-2024T09:14:06 - [TEST_STEP][PASSED] - delay(3): Delayed 3 second(s)

15-04-2024T09:14:09 - [MESSAGE][PASSED] - Delayed 3 second(s)

15-04-2024T09:14:09 - [TEST_STEP][PASSED] - takeScreenshotAsCheckpoint("Before Login"): Taking screenshot successfully

15-04-2024T09:14:10 - [MESSAGE][INFO] - 0 hidden object(s)

15-04-2024T09:14:10 - [MESSAGE][PASSED] - Taking screenshot successfully
[[ATTACHMENT|keyes\keyes-Before Login.png]]

15-04-2024T09:14:10 - [TEST_STEP][PASSED] - setText(findTestObject("field_username"), valid_username): Text 'Admin' is set on object 'Object Repository/field_username'

15-04-2024T09:14:13 - [MESSAGE][PASSED] - Text 'Admin' is set on object 'Object Repository/field_username'

15-04-2024T09:14:13 - [TEST_STEP][PASSED] - setText(findTestObject("field_password"), valid_password): Text 'admin123' is set on object 'Object Repository/field_password'

15-04-2024T09:14:15 - [MESSAGE][PASSED] - Text 'admin123' is set on object 'Object Repository/field_password'

15-04-2024T09:14:15 - [TEST_STEP][PASSED] - click(findTestObject("btn_login")): Object: 'Object Repository/btn_login' is clicked on

15-04-2024T09:14:17 - [MESSAGE][PASSED] - Object: 'Object Repository/btn_login' is clicked on

15-04-2024T09:14:17 - [TEST_STEP][PASSED] - delay(5): Delayed 5 second(s)

15-04-2024T09:14:22 - [MESSAGE][PASSED] - Delayed 5 second(s)

15-04-2024T09:14:22 - [TEST_STEP][PASSED] - takeScreenshotAsCheckpoint("After Login"): Taking screenshot successfully

15-04-2024T09:14:22 - [MESSAGE][INFO] - 0 hidden object(s)

15-04-2024T09:14:22 - [MESSAGE][PASSED] - Taking screenshot successfully
[[ATTACHMENT|keyes\keyes-After Login.png]]

15-04-2024T09:14:22 - [MESSAGE][PASSED] - Call Test Case 'Test Cases/Login/Login_Success' successfully

15-04-2024T09:14:22 - [TEST_STEP][PASSED] - delay(3): Delayed 3 second(s)

15-04-2024T09:14:25 - [MESSAGE][PASSED] - Delayed 3 second(s)

15-04-2024T09:14:25 - [TEST_STEP][PASSED] - setText(findTestObject("searchBox_menu"), "Admin"): Text 'Admin' is set on object 'Object Repository/searchBox_menu'

15-04-2024T09:14:28 - [MESSAGE][PASSED] - Text 'Admin' is set on object 'Object Repository/searchBox_menu'

15-04-2024T09:14:28 - [TEST_STEP][PASSED] - verifyElementPresent(findTestObject("verify_searchMenu"), 0): Object 'Object Repository/verify_searchMenu' is present

15-04-2024T09:14:28 - [MESSAGE][WARNING] - Timeout '0' is invalid. Using default page load timeout: '30'

15-04-2024T09:14:28 - [MESSAGE][PASSED] - Object 'Object Repository/verify_searchMenu' is present

15-04-2024T09:14:28 - [TEST_STEP][PASSED] - delay(3): Delayed 3 second(s)

15-04-2024T09:14:31 - [MESSAGE][PASSED] - Delayed 3 second(s)]]></system-out>
         <system-err><![CDATA[]]></system-err>
      </testcase>
      <system-out><![CDATA[15-04-2024T09:11:33 - [TEST_SUITE][PASSED] - TS_LoginLogout: Test Cases/SearchMenuBySearchBox_Success]]></system-out>
      <system-err><![CDATA[]]></system-err>
   </testsuite>
</testsuites>
