<?xml version="1.0" encoding="UTF-8"?>
<testsuites name="TS_LoginLogout" time="169.304" tests="5" failures="0" errors="0">
   <testsuite name="TS_LoginLogout" tests="5" failures="0" errors="0" time="169.304" skipped="0" timestamp="15-04-2024T16:47:59" hostname="1556 - LAPTOP-PT885S91" id="Test Suites/TS_LoginLogout">
      <properties>
         <property name="deviceName" value=""/>
         <property name="devicePlatform" value=""/>
         <property name="logFolder" value="C:\\Users\\1556\\git\\My-First-Web-UI-Project\\Reports\\20240415_164750\\TS_LoginLogout\\20240415_164750"/>
         <property name="logFiles" value="C:\\Users\\1556\\git\\My-First-Web-UI-Project\\Reports\\20240415_164750\\TS_LoginLogout\\20240415_164750\\execution0.log"/>
         <property name="attachments" value="keyes\keyes-Before Login.png, keyes\keyes-After Login.png, keyes\keyes-Before Login Failed.png, keyes\keyes-After Login Failed.png, keyes\keyes-Before Login.png, keyes\keyes-After Login.png, keyes\keyes-Before Login Failed.png, keyes\keyes-After Login Failed.png, keyes\keyes-Before Login.png, keyes\keyes-After Login.png"/>
         <property name="hostName" value="1556 - LAPTOP-PT885S91"/>
         <property name="os" value="Windows 11 64bit"/>
         <property name="katalonVersion" value="9.3.2.212"/>
         <property name="browser" value="Chrome 123.0.0.0"/>
         <property name="hostAddress" value="192.168.10.35"/>
         <property name="sessionId" value="7e8caea98debdebbbb24228eab7a262c"/>
         <property name="seleniumVersion" value="3.141.59"/>
         <property name="proxyInformation" value="ProxyInformation { proxyOption=NO_PROXY, proxyServerType=HTTP, username=, password=********, proxyServerAddress=, proxyServerPort=0, executionList=&quot;&quot;, isApplyToDesiredCapabilities=true }"/>
         <property name="platform" value="Windows 11"/>
      </properties>
      <testcase name="Test Cases/Login/Login_Success" time="35.708" classname="Test Cases/Login/Login_Success" status="PASSED">
         <system-out><![CDATA[15-04-2024T16:48:00 - [TEST_CASE][PASSED] - Test Cases/Login/Login_Success: Test Cases/Login/Login_Success

15-04-2024T16:48:00 - [TEST_STEP][PASSED] - openBrowser(""): Browser is opened with url: ''

15-04-2024T16:48:01 - [MESSAGE][INFO] - Starting 'Chrome' driver

15-04-2024T16:48:01 - [MESSAGE][INFO] - User set preference: ['args', '[--start-maximized]']

15-04-2024T16:48:01 - [MESSAGE][INFO] - Action delay is set to 1,000 milliseconds

15-04-2024T16:48:03 - [MESSAGE][PASSED] - Browser is opened with url: ''

15-04-2024T16:48:03 - [TEST_STEP][PASSED] - navigateToUrl(url_login): Navigate to 'https://opensource-demo.orangehrmlive.com/web/index.php/auth/login' successfully

15-04-2024T16:48:17 - [MESSAGE][PASSED] - Navigate to 'https://opensource-demo.orangehrmlive.com/web/index.php/auth/login' successfully

15-04-2024T16:48:17 - [TEST_STEP][PASSED] - delay(3): Delayed 3 second(s)

15-04-2024T16:48:20 - [MESSAGE][PASSED] - Delayed 3 second(s)

15-04-2024T16:48:20 - [TEST_STEP][PASSED] - takeScreenshotAsCheckpoint("Before Login"): Taking screenshot successfully

15-04-2024T16:48:21 - [MESSAGE][INFO] - 0 hidden object(s)

15-04-2024T16:48:22 - [MESSAGE][PASSED] - Taking screenshot successfully
[[ATTACHMENT|keyes\keyes-Before Login.png]]

15-04-2024T16:48:22 - [TEST_STEP][PASSED] - setText(findTestObject("field_username"), valid_username): Text 'Admin' is set on object 'Object Repository/field_username'

15-04-2024T16:48:24 - [MESSAGE][PASSED] - Text 'Admin' is set on object 'Object Repository/field_username'

15-04-2024T16:48:24 - [TEST_STEP][PASSED] - setText(findTestObject("field_password"), valid_password): Text 'admin123' is set on object 'Object Repository/field_password'

15-04-2024T16:48:27 - [MESSAGE][PASSED] - Text 'admin123' is set on object 'Object Repository/field_password'

15-04-2024T16:48:27 - [TEST_STEP][PASSED] - click(findTestObject("btn_login")): Object: 'Object Repository/btn_login' is clicked on

15-04-2024T16:48:30 - [MESSAGE][PASSED] - Object: 'Object Repository/btn_login' is clicked on

15-04-2024T16:48:30 - [TEST_STEP][PASSED] - delay(5): Delayed 5 second(s)

15-04-2024T16:48:35 - [MESSAGE][PASSED] - Delayed 5 second(s)

15-04-2024T16:48:35 - [TEST_STEP][PASSED] - takeScreenshotAsCheckpoint("After Login"): Taking screenshot successfully

15-04-2024T16:48:35 - [MESSAGE][INFO] - 0 hidden object(s)

15-04-2024T16:48:35 - [MESSAGE][PASSED] - Taking screenshot successfully
[[ATTACHMENT|keyes\keyes-After Login.png]]]]></system-out>
         <system-err><![CDATA[]]></system-err>
      </testcase>
      <testcase name="Test Cases/Login/Login_Failed" time="27.422" classname="Test Cases/Login/Login_Failed" status="PASSED">
         <system-out><![CDATA[15-04-2024T16:48:35 - [TEST_CASE][PASSED] - Test Cases/Login/Login_Failed: Test Cases/Login/Login_Failed

15-04-2024T16:48:36 - [TEST_STEP][PASSED] - openBrowser(""): Browser is opened with url: ''

15-04-2024T16:48:36 - [MESSAGE][WARNING] - A browser is already opened. Closing browser and opening a new one

15-04-2024T16:48:36 - [MESSAGE][INFO] - Starting 'Chrome' driver

15-04-2024T16:48:36 - [MESSAGE][INFO] - User set preference: ['args', '[--start-maximized]']

15-04-2024T16:48:36 - [MESSAGE][INFO] - Action delay is set to 1,000 milliseconds

15-04-2024T16:48:37 - [MESSAGE][PASSED] - Browser is opened with url: ''

15-04-2024T16:48:37 - [TEST_STEP][PASSED] - navigateToUrl(url_login): Navigate to 'https://opensource-demo.orangehrmlive.com/web/index.php/auth/login' successfully

15-04-2024T16:48:39 - [MESSAGE][PASSED] - Navigate to 'https://opensource-demo.orangehrmlive.com/web/index.php/auth/login' successfully

15-04-2024T16:48:39 - [TEST_STEP][PASSED] - delay(0): Delayed 0 second(s)

15-04-2024T16:48:39 - [MESSAGE][PASSED] - Delayed 0 second(s)

15-04-2024T16:48:39 - [TEST_STEP][PASSED] - takeScreenshotAsCheckpoint("Before Login Failed", []): Taking screenshot successfully

15-04-2024T16:48:50 - [MESSAGE][INFO] - 0 hidden object(s)

15-04-2024T16:48:51 - [MESSAGE][PASSED] - Taking screenshot successfully
[[ATTACHMENT|keyes\keyes-Before Login Failed.png]]

15-04-2024T16:48:51 - [TEST_STEP][PASSED] - setText(findTestObject("field_username"), invalid_username): Text 'admin' is set on object 'Object Repository/field_username'

15-04-2024T16:48:53 - [MESSAGE][PASSED] - Text 'admin' is set on object 'Object Repository/field_username'

15-04-2024T16:48:53 - [TEST_STEP][PASSED] - setText(findTestObject("field_password"), invalid_password): Text 'Admin123' is set on object 'Object Repository/field_password'

15-04-2024T16:48:56 - [MESSAGE][PASSED] - Text 'Admin123' is set on object 'Object Repository/field_password'

15-04-2024T16:48:56 - [TEST_STEP][PASSED] - click(findTestObject("btn_login")): Object: 'Object Repository/btn_login' is clicked on

15-04-2024T16:48:59 - [MESSAGE][PASSED] - Object: 'Object Repository/btn_login' is clicked on

15-04-2024T16:48:59 - [TEST_STEP][PASSED] - delay(3): Delayed 3 second(s)

15-04-2024T16:49:02 - [MESSAGE][PASSED] - Delayed 3 second(s)

15-04-2024T16:49:02 - [TEST_STEP][PASSED] - verifyElementPresent(findTestObject("verify_loginFailed"), 2): Object 'Object Repository/verify_loginFailed' is present

15-04-2024T16:49:02 - [MESSAGE][PASSED] - Object 'Object Repository/verify_loginFailed' is present

15-04-2024T16:49:02 - [TEST_STEP][PASSED] - takeScreenshotAsCheckpoint("After Login Failed", []): Taking screenshot successfully

15-04-2024T16:49:03 - [MESSAGE][INFO] - 0 hidden object(s)

15-04-2024T16:49:03 - [MESSAGE][PASSED] - Taking screenshot successfully
[[ATTACHMENT|keyes\keyes-After Login Failed.png]]]]></system-out>
         <system-err><![CDATA[]]></system-err>
      </testcase>
      <testcase name="Test Cases/Login/Logout_Success" time="39.117" classname="Test Cases/Login/Logout_Success" status="PASSED">
         <system-out><![CDATA[15-04-2024T16:49:03 - [TEST_CASE][PASSED] - Test Cases/Login/Logout_Success: Test Cases/Login/Logout_Success

15-04-2024T16:49:03 - [TEST_STEP][PASSED] - callTestCase(findTestCase("Login/Login_Success"), [:], STOP_ON_FAILURE): Call Test Case 'Test Cases/Login/Login_Success' successfully

15-04-2024T16:49:03 - [TEST_CASE][PASSED] - Test Cases/Login/Login_Success: Test Cases/Login/Login_Success

15-04-2024T16:49:03 - [TEST_STEP][PASSED] - openBrowser(""): Browser is opened with url: ''

15-04-2024T16:49:03 - [MESSAGE][WARNING] - A browser is already opened. Closing browser and opening a new one

15-04-2024T16:49:04 - [MESSAGE][INFO] - Starting 'Chrome' driver

15-04-2024T16:49:04 - [MESSAGE][INFO] - User set preference: ['args', '[--start-maximized]']

15-04-2024T16:49:04 - [MESSAGE][INFO] - Action delay is set to 1,000 milliseconds

15-04-2024T16:49:05 - [MESSAGE][PASSED] - Browser is opened with url: ''

15-04-2024T16:49:05 - [TEST_STEP][PASSED] - navigateToUrl(url_login): Navigate to 'https://opensource-demo.orangehrmlive.com/web/index.php/auth/login' successfully

15-04-2024T16:49:16 - [MESSAGE][PASSED] - Navigate to 'https://opensource-demo.orangehrmlive.com/web/index.php/auth/login' successfully

15-04-2024T16:49:16 - [TEST_STEP][PASSED] - delay(3): Delayed 3 second(s)

15-04-2024T16:49:19 - [MESSAGE][PASSED] - Delayed 3 second(s)

15-04-2024T16:49:19 - [TEST_STEP][PASSED] - takeScreenshotAsCheckpoint("Before Login"): Taking screenshot successfully

15-04-2024T16:49:19 - [MESSAGE][INFO] - 0 hidden object(s)

15-04-2024T16:49:19 - [MESSAGE][PASSED] - Taking screenshot successfully
[[ATTACHMENT|keyes\keyes-Before Login.png]]

15-04-2024T16:49:19 - [TEST_STEP][PASSED] - setText(findTestObject("field_username"), valid_username): Text 'Admin' is set on object 'Object Repository/field_username'

15-04-2024T16:49:22 - [MESSAGE][PASSED] - Text 'Admin' is set on object 'Object Repository/field_username'

15-04-2024T16:49:22 - [TEST_STEP][PASSED] - setText(findTestObject("field_password"), valid_password): Text 'admin123' is set on object 'Object Repository/field_password'

15-04-2024T16:49:25 - [MESSAGE][PASSED] - Text 'admin123' is set on object 'Object Repository/field_password'

15-04-2024T16:49:25 - [TEST_STEP][PASSED] - click(findTestObject("btn_login")): Object: 'Object Repository/btn_login' is clicked on

15-04-2024T16:49:26 - [MESSAGE][PASSED] - Object: 'Object Repository/btn_login' is clicked on

15-04-2024T16:49:26 - [TEST_STEP][PASSED] - delay(5): Delayed 5 second(s)

15-04-2024T16:49:31 - [MESSAGE][PASSED] - Delayed 5 second(s)

15-04-2024T16:49:31 - [TEST_STEP][PASSED] - takeScreenshotAsCheckpoint("After Login"): Taking screenshot successfully

15-04-2024T16:49:32 - [MESSAGE][INFO] - 0 hidden object(s)

15-04-2024T16:49:32 - [MESSAGE][PASSED] - Taking screenshot successfully
[[ATTACHMENT|keyes\keyes-After Login.png]]

15-04-2024T16:49:32 - [MESSAGE][PASSED] - Call Test Case 'Test Cases/Login/Login_Success' successfully

15-04-2024T16:49:32 - [TEST_STEP][PASSED] - delay(3): Delayed 3 second(s)

15-04-2024T16:49:35 - [MESSAGE][PASSED] - Delayed 3 second(s)

15-04-2024T16:49:35 - [TEST_STEP][PASSED] - click(findTestObject("dropdow_logout")): Object: 'Object Repository/dropdow_logout' is clicked on

15-04-2024T16:49:37 - [MESSAGE][PASSED] - Object: 'Object Repository/dropdow_logout' is clicked on

15-04-2024T16:49:37 - [TEST_STEP][PASSED] - click(findTestObject("btn_logout")): Object: 'Object Repository/btn_logout' is clicked on

15-04-2024T16:49:39 - [MESSAGE][PASSED] - Object: 'Object Repository/btn_logout' is clicked on

15-04-2024T16:49:39 - [TEST_STEP][PASSED] - delay(3): Delayed 3 second(s)

15-04-2024T16:49:42 - [MESSAGE][PASSED] - Delayed 3 second(s)]]></system-out>
         <system-err><![CDATA[]]></system-err>
      </testcase>
      <testcase name="Test Cases/SearchMenuBySearchBox_Failed" time="26.618" classname="Test Cases/SearchMenuBySearchBox_Failed" status="PASSED">
         <system-out><![CDATA[15-04-2024T16:49:42 - [TEST_CASE][PASSED] - Test Cases/SearchMenuBySearchBox_Failed: Test Cases/SearchMenuBySearchBox_Failed

15-04-2024T16:49:42 - [TEST_STEP][PASSED] - callTestCase(findTestCase("Login/Login_Failed"), [:], STOP_ON_FAILURE): Call Test Case 'Test Cases/Login/Login_Failed' successfully

15-04-2024T16:49:42 - [TEST_CASE][PASSED] - Test Cases/Login/Login_Failed: Test Cases/Login/Login_Failed

15-04-2024T16:49:42 - [TEST_STEP][PASSED] - openBrowser(""): Browser is opened with url: ''

15-04-2024T16:49:42 - [MESSAGE][WARNING] - A browser is already opened. Closing browser and opening a new one

15-04-2024T16:49:43 - [MESSAGE][INFO] - Starting 'Chrome' driver

15-04-2024T16:49:43 - [MESSAGE][INFO] - User set preference: ['args', '[--start-maximized]']

15-04-2024T16:49:43 - [MESSAGE][INFO] - Action delay is set to 1,000 milliseconds

15-04-2024T16:49:44 - [MESSAGE][PASSED] - Browser is opened with url: ''

15-04-2024T16:49:44 - [TEST_STEP][PASSED] - navigateToUrl(url_login): Navigate to 'https://opensource-demo.orangehrmlive.com/web/index.php/auth/login' successfully

15-04-2024T16:49:55 - [MESSAGE][PASSED] - Navigate to 'https://opensource-demo.orangehrmlive.com/web/index.php/auth/login' successfully

15-04-2024T16:49:55 - [TEST_STEP][PASSED] - delay(0): Delayed 0 second(s)

15-04-2024T16:49:55 - [MESSAGE][PASSED] - Delayed 0 second(s)

15-04-2024T16:49:55 - [TEST_STEP][PASSED] - takeScreenshotAsCheckpoint("Before Login Failed", []): Taking screenshot successfully

15-04-2024T16:49:56 - [MESSAGE][INFO] - 0 hidden object(s)

15-04-2024T16:49:56 - [MESSAGE][PASSED] - Taking screenshot successfully
[[ATTACHMENT|keyes\keyes-Before Login Failed.png]]

15-04-2024T16:49:56 - [TEST_STEP][PASSED] - setText(findTestObject("field_username"), invalid_username): Text 'admin' is set on object 'Object Repository/field_username'

15-04-2024T16:49:59 - [MESSAGE][PASSED] - Text 'admin' is set on object 'Object Repository/field_username'

15-04-2024T16:49:59 - [TEST_STEP][PASSED] - setText(findTestObject("field_password"), invalid_password): Text 'Admin123' is set on object 'Object Repository/field_password'

15-04-2024T16:50:02 - [MESSAGE][PASSED] - Text 'Admin123' is set on object 'Object Repository/field_password'

15-04-2024T16:50:02 - [TEST_STEP][PASSED] - click(findTestObject("btn_login")): Object: 'Object Repository/btn_login' is clicked on

15-04-2024T16:50:05 - [MESSAGE][PASSED] - Object: 'Object Repository/btn_login' is clicked on

15-04-2024T16:50:05 - [TEST_STEP][PASSED] - delay(3): Delayed 3 second(s)

15-04-2024T16:50:08 - [MESSAGE][PASSED] - Delayed 3 second(s)

15-04-2024T16:50:08 - [TEST_STEP][PASSED] - verifyElementPresent(findTestObject("verify_loginFailed"), 2): Object 'Object Repository/verify_loginFailed' is present

15-04-2024T16:50:08 - [MESSAGE][PASSED] - Object 'Object Repository/verify_loginFailed' is present

15-04-2024T16:50:08 - [TEST_STEP][PASSED] - takeScreenshotAsCheckpoint("After Login Failed", []): Taking screenshot successfully

15-04-2024T16:50:09 - [MESSAGE][INFO] - 0 hidden object(s)

15-04-2024T16:50:09 - [MESSAGE][PASSED] - Taking screenshot successfully
[[ATTACHMENT|keyes\keyes-After Login Failed.png]]

15-04-2024T16:50:09 - [MESSAGE][PASSED] - Call Test Case 'Test Cases/Login/Login_Failed' successfully]]></system-out>
         <system-err><![CDATA[]]></system-err>
      </testcase>
      <testcase name="Test Cases/SearchMenuBySearchBox_Success" time="40.027" classname="Test Cases/SearchMenuBySearchBox_Success" status="PASSED">
         <system-out><![CDATA[15-04-2024T16:50:09 - [TEST_CASE][PASSED] - Test Cases/SearchMenuBySearchBox_Success: Test Cases/SearchMenuBySearchBox_Success

15-04-2024T16:50:09 - [TEST_STEP][PASSED] - callTestCase(findTestCase("Login/Login_Success"), [:], STOP_ON_FAILURE): Call Test Case 'Test Cases/Login/Login_Success' successfully

15-04-2024T16:50:09 - [TEST_CASE][PASSED] - Test Cases/Login/Login_Success: Test Cases/Login/Login_Success

15-04-2024T16:50:09 - [TEST_STEP][PASSED] - openBrowser(""): Browser is opened with url: ''

15-04-2024T16:50:09 - [MESSAGE][WARNING] - A browser is already opened. Closing browser and opening a new one

15-04-2024T16:50:09 - [MESSAGE][INFO] - Starting 'Chrome' driver

15-04-2024T16:50:09 - [MESSAGE][INFO] - User set preference: ['args', '[--start-maximized]']

15-04-2024T16:50:09 - [MESSAGE][INFO] - Action delay is set to 1,000 milliseconds

15-04-2024T16:50:10 - [MESSAGE][PASSED] - Browser is opened with url: ''

15-04-2024T16:50:10 - [TEST_STEP][PASSED] - navigateToUrl(url_login): Navigate to 'https://opensource-demo.orangehrmlive.com/web/index.php/auth/login' successfully

15-04-2024T16:50:22 - [MESSAGE][PASSED] - Navigate to 'https://opensource-demo.orangehrmlive.com/web/index.php/auth/login' successfully

15-04-2024T16:50:22 - [TEST_STEP][PASSED] - delay(3): Delayed 3 second(s)

15-04-2024T16:50:25 - [MESSAGE][PASSED] - Delayed 3 second(s)

15-04-2024T16:50:25 - [TEST_STEP][PASSED] - takeScreenshotAsCheckpoint("Before Login"): Taking screenshot successfully

15-04-2024T16:50:25 - [MESSAGE][INFO] - 0 hidden object(s)

15-04-2024T16:50:26 - [MESSAGE][PASSED] - Taking screenshot successfully
[[ATTACHMENT|keyes\keyes-Before Login.png]]

15-04-2024T16:50:26 - [TEST_STEP][PASSED] - setText(findTestObject("field_username"), valid_username): Text 'Admin' is set on object 'Object Repository/field_username'

15-04-2024T16:50:28 - [MESSAGE][PASSED] - Text 'Admin' is set on object 'Object Repository/field_username'

15-04-2024T16:50:28 - [TEST_STEP][PASSED] - setText(findTestObject("field_password"), valid_password): Text 'admin123' is set on object 'Object Repository/field_password'

15-04-2024T16:50:31 - [MESSAGE][PASSED] - Text 'admin123' is set on object 'Object Repository/field_password'

15-04-2024T16:50:31 - [TEST_STEP][PASSED] - click(findTestObject("btn_login")): Object: 'Object Repository/btn_login' is clicked on

15-04-2024T16:50:34 - [MESSAGE][PASSED] - Object: 'Object Repository/btn_login' is clicked on

15-04-2024T16:50:34 - [TEST_STEP][PASSED] - delay(5): Delayed 5 second(s)

15-04-2024T16:50:39 - [MESSAGE][PASSED] - Delayed 5 second(s)

15-04-2024T16:50:39 - [TEST_STEP][PASSED] - takeScreenshotAsCheckpoint("After Login"): Taking screenshot successfully

15-04-2024T16:50:39 - [MESSAGE][INFO] - 0 hidden object(s)

15-04-2024T16:50:39 - [MESSAGE][PASSED] - Taking screenshot successfully
[[ATTACHMENT|keyes\keyes-After Login.png]]

15-04-2024T16:50:39 - [MESSAGE][PASSED] - Call Test Case 'Test Cases/Login/Login_Success' successfully

15-04-2024T16:50:39 - [TEST_STEP][PASSED] - delay(3): Delayed 3 second(s)

15-04-2024T16:50:42 - [MESSAGE][PASSED] - Delayed 3 second(s)

15-04-2024T16:50:42 - [TEST_STEP][PASSED] - setText(findTestObject("searchBox_menu"), "Admin"): Text 'Admin' is set on object 'Object Repository/searchBox_menu'

15-04-2024T16:50:45 - [MESSAGE][PASSED] - Text 'Admin' is set on object 'Object Repository/searchBox_menu'

15-04-2024T16:50:45 - [TEST_STEP][PASSED] - verifyElementPresent(findTestObject("verify_searchMenu"), 0): Object 'Object Repository/verify_searchMenu' is present

15-04-2024T16:50:45 - [MESSAGE][WARNING] - Timeout '0' is invalid. Using default page load timeout: '30'

15-04-2024T16:50:46 - [MESSAGE][PASSED] - Object 'Object Repository/verify_searchMenu' is present

15-04-2024T16:50:46 - [TEST_STEP][PASSED] - delay(3): Delayed 3 second(s)

15-04-2024T16:50:49 - [MESSAGE][PASSED] - Delayed 3 second(s)]]></system-out>
         <system-err><![CDATA[]]></system-err>
      </testcase>
      <system-out><![CDATA[15-04-2024T16:47:59 - [TEST_SUITE][PASSED] - TS_LoginLogout: Test Cases/SearchMenuBySearchBox_Success]]></system-out>
      <system-err><![CDATA[]]></system-err>
   </testsuite>
</testsuites>
