<?xml version="1.0" encoding="UTF-8"?>
<testsuites name="TS_LoginLogout" time="183.258" tests="5" failures="0" errors="0">
   <testsuite name="TS_LoginLogout" tests="5" failures="0" errors="0" time="183.258" skipped="0" timestamp="15-04-2024T10:07:08" hostname="1556 - LAPTOP-PT885S91" id="Test Suites/TS_LoginLogout">
      <properties>
         <property name="deviceName" value=""/>
         <property name="devicePlatform" value=""/>
         <property name="logFolder" value="C:\\Users\\1556\\git\\My-First-Web-UI-Project\\Reports\\20240415_100658\\TS_LoginLogout\\20240415_100659"/>
         <property name="logFiles" value="C:\\Users\\1556\\git\\My-First-Web-UI-Project\\Reports\\20240415_100658\\TS_LoginLogout\\20240415_100659\\execution0.log"/>
         <property name="attachments" value="keyes\keyes-Before Login.png, keyes\keyes-After Login.png, keyes\keyes-Before Login Failed.png, keyes\keyes-After Login Failed.png, keyes\keyes-Before Login.png, keyes\keyes-After Login.png, keyes\keyes-Before Login Failed.png, keyes\keyes-After Login Failed.png, keyes\keyes-Before Login.png, keyes\keyes-After Login.png"/>
         <property name="hostName" value="1556 - LAPTOP-PT885S91"/>
         <property name="os" value="Windows 11 64bit"/>
         <property name="katalonVersion" value="9.3.2.212"/>
         <property name="browser" value="Chrome 123.0.0.0"/>
         <property name="hostAddress" value="192.168.10.35"/>
         <property name="sessionId" value="1bb6186cd04c7af3b8af1c85a5074727"/>
         <property name="seleniumVersion" value="3.141.59"/>
         <property name="proxyInformation" value="ProxyInformation { proxyOption=NO_PROXY, proxyServerType=HTTP, username=, password=********, proxyServerAddress=, proxyServerPort=0, executionList=&quot;&quot;, isApplyToDesiredCapabilities=true }"/>
         <property name="platform" value="Windows 11"/>
      </properties>
      <testcase name="Test Cases/Login/Login_Success" time="32.512" classname="Test Cases/Login/Login_Success" status="PASSED">
         <system-out><![CDATA[15-04-2024T10:07:08 - [TEST_CASE][PASSED] - Test Cases/Login/Login_Success: Test Cases/Login/Login_Success

15-04-2024T10:07:09 - [TEST_STEP][PASSED] - openBrowser(""): Browser is opened with url: ''

15-04-2024T10:07:09 - [MESSAGE][INFO] - Starting 'Chrome' driver

15-04-2024T10:07:09 - [MESSAGE][INFO] - User set preference: ['args', '[--start-maximized]']

15-04-2024T10:07:09 - [MESSAGE][INFO] - Action delay is set to 1,000 milliseconds

15-04-2024T10:07:11 - [MESSAGE][PASSED] - Browser is opened with url: ''

15-04-2024T10:07:11 - [TEST_STEP][PASSED] - navigateToUrl(url_login): Navigate to 'https://opensource-demo.orangehrmlive.com/web/index.php/auth/login' successfully

15-04-2024T10:07:24 - [MESSAGE][PASSED] - Navigate to 'https://opensource-demo.orangehrmlive.com/web/index.php/auth/login' successfully

15-04-2024T10:07:24 - [TEST_STEP][PASSED] - delay(3): Delayed 3 second(s)

15-04-2024T10:07:28 - [MESSAGE][PASSED] - Delayed 3 second(s)

15-04-2024T10:07:28 - [TEST_STEP][PASSED] - takeScreenshotAsCheckpoint("Before Login"): Taking screenshot successfully

15-04-2024T10:07:28 - [MESSAGE][INFO] - 0 hidden object(s)

15-04-2024T10:07:28 - [MESSAGE][PASSED] - Taking screenshot successfully
[[ATTACHMENT|keyes\keyes-Before Login.png]]

15-04-2024T10:07:28 - [TEST_STEP][PASSED] - setText(findTestObject("field_username"), valid_username): Text 'Admin' is set on object 'Object Repository/field_username'

15-04-2024T10:07:31 - [MESSAGE][PASSED] - Text 'Admin' is set on object 'Object Repository/field_username'

15-04-2024T10:07:31 - [TEST_STEP][PASSED] - setText(findTestObject("field_password"), valid_password): Text 'admin123' is set on object 'Object Repository/field_password'

15-04-2024T10:07:34 - [MESSAGE][PASSED] - Text 'admin123' is set on object 'Object Repository/field_password'

15-04-2024T10:07:34 - [TEST_STEP][PASSED] - click(findTestObject("btn_login")): Object: 'Object Repository/btn_login' is clicked on

15-04-2024T10:07:35 - [MESSAGE][PASSED] - Object: 'Object Repository/btn_login' is clicked on

15-04-2024T10:07:35 - [TEST_STEP][PASSED] - delay(5): Delayed 5 second(s)

15-04-2024T10:07:40 - [MESSAGE][PASSED] - Delayed 5 second(s)

15-04-2024T10:07:40 - [TEST_STEP][PASSED] - takeScreenshotAsCheckpoint("After Login"): Taking screenshot successfully

15-04-2024T10:07:41 - [MESSAGE][INFO] - 0 hidden object(s)

15-04-2024T10:07:41 - [MESSAGE][PASSED] - Taking screenshot successfully
[[ATTACHMENT|keyes\keyes-After Login.png]]]]></system-out>
         <system-err><![CDATA[]]></system-err>
      </testcase>
      <testcase name="Test Cases/Login/Login_Failed" time="23.483" classname="Test Cases/Login/Login_Failed" status="PASSED">
         <system-out><![CDATA[15-04-2024T10:07:41 - [TEST_CASE][PASSED] - Test Cases/Login/Login_Failed: Test Cases/Login/Login_Failed

15-04-2024T10:07:41 - [TEST_STEP][PASSED] - openBrowser(""): Browser is opened with url: ''

15-04-2024T10:07:41 - [MESSAGE][WARNING] - A browser is already opened. Closing browser and opening a new one

15-04-2024T10:07:41 - [MESSAGE][INFO] - Starting 'Chrome' driver

15-04-2024T10:07:41 - [MESSAGE][INFO] - User set preference: ['args', '[--start-maximized]']

15-04-2024T10:07:41 - [MESSAGE][INFO] - Action delay is set to 1,000 milliseconds

15-04-2024T10:07:42 - [MESSAGE][PASSED] - Browser is opened with url: ''

15-04-2024T10:07:42 - [TEST_STEP][PASSED] - navigateToUrl(url_login): Navigate to 'https://opensource-demo.orangehrmlive.com/web/index.php/auth/login' successfully

15-04-2024T10:07:52 - [MESSAGE][PASSED] - Navigate to 'https://opensource-demo.orangehrmlive.com/web/index.php/auth/login' successfully

15-04-2024T10:07:52 - [TEST_STEP][PASSED] - delay(0): Delayed 0 second(s)

15-04-2024T10:07:52 - [MESSAGE][PASSED] - Delayed 0 second(s)

15-04-2024T10:07:52 - [TEST_STEP][PASSED] - takeScreenshotAsCheckpoint("Before Login Failed", []): Taking screenshot successfully

15-04-2024T10:07:54 - [MESSAGE][INFO] - 0 hidden object(s)

15-04-2024T10:07:54 - [MESSAGE][PASSED] - Taking screenshot successfully
[[ATTACHMENT|keyes\keyes-Before Login Failed.png]]

15-04-2024T10:07:54 - [TEST_STEP][PASSED] - setText(findTestObject("field_username"), invalid_username): Text 'admin' is set on object 'Object Repository/field_username'

15-04-2024T10:07:56 - [MESSAGE][PASSED] - Text 'admin' is set on object 'Object Repository/field_username'

15-04-2024T10:07:56 - [TEST_STEP][PASSED] - setText(findTestObject("field_password"), invalid_password): Text 'Admin123' is set on object 'Object Repository/field_password'

15-04-2024T10:07:59 - [MESSAGE][PASSED] - Text 'Admin123' is set on object 'Object Repository/field_password'

15-04-2024T10:07:59 - [TEST_STEP][PASSED] - click(findTestObject("btn_login")): Object: 'Object Repository/btn_login' is clicked on

15-04-2024T10:08:00 - [MESSAGE][PASSED] - Object: 'Object Repository/btn_login' is clicked on

15-04-2024T10:08:00 - [TEST_STEP][PASSED] - delay(3): Delayed 3 second(s)

15-04-2024T10:08:03 - [MESSAGE][PASSED] - Delayed 3 second(s)

15-04-2024T10:08:03 - [TEST_STEP][PASSED] - verifyElementPresent(findTestObject("verify_loginFailed"), 2): Object 'Object Repository/verify_loginFailed' is present

15-04-2024T10:08:04 - [MESSAGE][PASSED] - Object 'Object Repository/verify_loginFailed' is present

15-04-2024T10:08:04 - [TEST_STEP][PASSED] - takeScreenshotAsCheckpoint("After Login Failed", []): Taking screenshot successfully

15-04-2024T10:08:04 - [MESSAGE][INFO] - 0 hidden object(s)

15-04-2024T10:08:04 - [MESSAGE][PASSED] - Taking screenshot successfully
[[ATTACHMENT|keyes\keyes-After Login Failed.png]]]]></system-out>
         <system-err><![CDATA[]]></system-err>
      </testcase>
      <testcase name="Test Cases/Login/Logout_Success" time="39.187" classname="Test Cases/Login/Logout_Success" status="PASSED">
         <system-out><![CDATA[15-04-2024T10:08:04 - [TEST_CASE][PASSED] - Test Cases/Login/Logout_Success: Test Cases/Login/Logout_Success

15-04-2024T10:08:04 - [TEST_STEP][PASSED] - callTestCase(findTestCase("Login/Login_Success"), [:], STOP_ON_FAILURE): Call Test Case 'Test Cases/Login/Login_Success' successfully

15-04-2024T10:08:04 - [TEST_CASE][PASSED] - Test Cases/Login/Login_Success: Test Cases/Login/Login_Success

15-04-2024T10:08:04 - [TEST_STEP][PASSED] - openBrowser(""): Browser is opened with url: ''

15-04-2024T10:08:04 - [MESSAGE][WARNING] - A browser is already opened. Closing browser and opening a new one

15-04-2024T10:08:05 - [MESSAGE][INFO] - Starting 'Chrome' driver

15-04-2024T10:08:05 - [MESSAGE][INFO] - User set preference: ['args', '[--start-maximized]']

15-04-2024T10:08:05 - [MESSAGE][INFO] - Action delay is set to 1,000 milliseconds

15-04-2024T10:08:06 - [MESSAGE][PASSED] - Browser is opened with url: ''

15-04-2024T10:08:06 - [TEST_STEP][PASSED] - navigateToUrl(url_login): Navigate to 'https://opensource-demo.orangehrmlive.com/web/index.php/auth/login' successfully

15-04-2024T10:08:18 - [MESSAGE][PASSED] - Navigate to 'https://opensource-demo.orangehrmlive.com/web/index.php/auth/login' successfully

15-04-2024T10:08:18 - [TEST_STEP][PASSED] - delay(3): Delayed 3 second(s)

15-04-2024T10:08:21 - [MESSAGE][PASSED] - Delayed 3 second(s)

15-04-2024T10:08:21 - [TEST_STEP][PASSED] - takeScreenshotAsCheckpoint("Before Login"): Taking screenshot successfully

15-04-2024T10:08:21 - [MESSAGE][INFO] - 0 hidden object(s)

15-04-2024T10:08:21 - [MESSAGE][PASSED] - Taking screenshot successfully
[[ATTACHMENT|keyes\keyes-Before Login.png]]

15-04-2024T10:08:21 - [TEST_STEP][PASSED] - setText(findTestObject("field_username"), valid_username): Text 'Admin' is set on object 'Object Repository/field_username'

15-04-2024T10:08:24 - [MESSAGE][PASSED] - Text 'Admin' is set on object 'Object Repository/field_username'

15-04-2024T10:08:24 - [TEST_STEP][PASSED] - setText(findTestObject("field_password"), valid_password): Text 'admin123' is set on object 'Object Repository/field_password'

15-04-2024T10:08:27 - [MESSAGE][PASSED] - Text 'admin123' is set on object 'Object Repository/field_password'

15-04-2024T10:08:27 - [TEST_STEP][PASSED] - click(findTestObject("btn_login")): Object: 'Object Repository/btn_login' is clicked on

15-04-2024T10:08:28 - [MESSAGE][PASSED] - Object: 'Object Repository/btn_login' is clicked on

15-04-2024T10:08:28 - [TEST_STEP][PASSED] - delay(5): Delayed 5 second(s)

15-04-2024T10:08:33 - [MESSAGE][PASSED] - Delayed 5 second(s)

15-04-2024T10:08:33 - [TEST_STEP][PASSED] - takeScreenshotAsCheckpoint("After Login"): Taking screenshot successfully

15-04-2024T10:08:34 - [MESSAGE][INFO] - 0 hidden object(s)

15-04-2024T10:08:34 - [MESSAGE][PASSED] - Taking screenshot successfully
[[ATTACHMENT|keyes\keyes-After Login.png]]

15-04-2024T10:08:34 - [MESSAGE][PASSED] - Call Test Case 'Test Cases/Login/Login_Success' successfully

15-04-2024T10:08:34 - [TEST_STEP][PASSED] - delay(3): Delayed 3 second(s)

15-04-2024T10:08:37 - [MESSAGE][PASSED] - Delayed 3 second(s)

15-04-2024T10:08:37 - [TEST_STEP][PASSED] - click(findTestObject("dropdow_logout")): Object: 'Object Repository/dropdow_logout' is clicked on

15-04-2024T10:08:38 - [MESSAGE][PASSED] - Object: 'Object Repository/dropdow_logout' is clicked on

15-04-2024T10:08:38 - [TEST_STEP][PASSED] - click(findTestObject("btn_logout")): Object: 'Object Repository/btn_logout' is clicked on

15-04-2024T10:08:40 - [MESSAGE][PASSED] - Object: 'Object Repository/btn_logout' is clicked on

15-04-2024T10:08:40 - [TEST_STEP][PASSED] - delay(3): Delayed 3 second(s)

15-04-2024T10:08:43 - [MESSAGE][PASSED] - Delayed 3 second(s)]]></system-out>
         <system-err><![CDATA[]]></system-err>
      </testcase>
      <testcase name="Test Cases/SearchMenuBySearchBox_Failed" time="26.7" classname="Test Cases/SearchMenuBySearchBox_Failed" status="PASSED">
         <system-out><![CDATA[15-04-2024T10:08:43 - [TEST_CASE][PASSED] - Test Cases/SearchMenuBySearchBox_Failed: Test Cases/SearchMenuBySearchBox_Failed

15-04-2024T10:08:43 - [TEST_STEP][PASSED] - callTestCase(findTestCase("Login/Login_Failed"), [:], STOP_ON_FAILURE): Call Test Case 'Test Cases/Login/Login_Failed' successfully

15-04-2024T10:08:44 - [TEST_CASE][PASSED] - Test Cases/Login/Login_Failed: Test Cases/Login/Login_Failed

15-04-2024T10:08:44 - [TEST_STEP][PASSED] - openBrowser(""): Browser is opened with url: ''

15-04-2024T10:08:44 - [MESSAGE][WARNING] - A browser is already opened. Closing browser and opening a new one

15-04-2024T10:08:44 - [MESSAGE][INFO] - Starting 'Chrome' driver

15-04-2024T10:08:44 - [MESSAGE][INFO] - User set preference: ['args', '[--start-maximized]']

15-04-2024T10:08:44 - [MESSAGE][INFO] - Action delay is set to 1,000 milliseconds

15-04-2024T10:08:45 - [MESSAGE][PASSED] - Browser is opened with url: ''

15-04-2024T10:08:45 - [TEST_STEP][PASSED] - navigateToUrl(url_login): Navigate to 'https://opensource-demo.orangehrmlive.com/web/index.php/auth/login' successfully

15-04-2024T10:08:57 - [MESSAGE][PASSED] - Navigate to 'https://opensource-demo.orangehrmlive.com/web/index.php/auth/login' successfully

15-04-2024T10:08:57 - [TEST_STEP][PASSED] - delay(0): Delayed 0 second(s)

15-04-2024T10:08:57 - [MESSAGE][PASSED] - Delayed 0 second(s)

15-04-2024T10:08:57 - [TEST_STEP][PASSED] - takeScreenshotAsCheckpoint("Before Login Failed", []): Taking screenshot successfully

15-04-2024T10:08:58 - [MESSAGE][INFO] - 0 hidden object(s)

15-04-2024T10:08:59 - [MESSAGE][PASSED] - Taking screenshot successfully
[[ATTACHMENT|keyes\keyes-Before Login Failed.png]]

15-04-2024T10:08:59 - [TEST_STEP][PASSED] - setText(findTestObject("field_username"), invalid_username): Text 'admin' is set on object 'Object Repository/field_username'

15-04-2024T10:09:01 - [MESSAGE][PASSED] - Text 'admin' is set on object 'Object Repository/field_username'

15-04-2024T10:09:01 - [TEST_STEP][PASSED] - setText(findTestObject("field_password"), invalid_password): Text 'Admin123' is set on object 'Object Repository/field_password'

15-04-2024T10:09:04 - [MESSAGE][PASSED] - Text 'Admin123' is set on object 'Object Repository/field_password'

15-04-2024T10:09:04 - [TEST_STEP][PASSED] - click(findTestObject("btn_login")): Object: 'Object Repository/btn_login' is clicked on

15-04-2024T10:09:06 - [MESSAGE][PASSED] - Object: 'Object Repository/btn_login' is clicked on

15-04-2024T10:09:06 - [TEST_STEP][PASSED] - delay(3): Delayed 3 second(s)

15-04-2024T10:09:09 - [MESSAGE][PASSED] - Delayed 3 second(s)

15-04-2024T10:09:09 - [TEST_STEP][PASSED] - verifyElementPresent(findTestObject("verify_loginFailed"), 2): Object 'Object Repository/verify_loginFailed' is present

15-04-2024T10:09:10 - [MESSAGE][PASSED] - Object 'Object Repository/verify_loginFailed' is present

15-04-2024T10:09:10 - [TEST_STEP][PASSED] - takeScreenshotAsCheckpoint("After Login Failed", []): Taking screenshot successfully

15-04-2024T10:09:10 - [MESSAGE][INFO] - 0 hidden object(s)

15-04-2024T10:09:10 - [MESSAGE][PASSED] - Taking screenshot successfully
[[ATTACHMENT|keyes\keyes-After Login Failed.png]]

15-04-2024T10:09:10 - [MESSAGE][PASSED] - Call Test Case 'Test Cases/Login/Login_Failed' successfully]]></system-out>
         <system-err><![CDATA[]]></system-err>
      </testcase>
      <testcase name="Test Cases/SearchMenuBySearchBox_Success" time="61.094" classname="Test Cases/SearchMenuBySearchBox_Success" status="PASSED">
         <system-out><![CDATA[15-04-2024T10:09:10 - [TEST_CASE][PASSED] - Test Cases/SearchMenuBySearchBox_Success: Test Cases/SearchMenuBySearchBox_Success

15-04-2024T10:09:10 - [TEST_STEP][PASSED] - callTestCase(findTestCase("Login/Login_Success"), [:], STOP_ON_FAILURE): Call Test Case 'Test Cases/Login/Login_Success' successfully

15-04-2024T10:09:10 - [TEST_CASE][PASSED] - Test Cases/Login/Login_Success: Test Cases/Login/Login_Success

15-04-2024T10:09:10 - [TEST_STEP][PASSED] - openBrowser(""): Browser is opened with url: ''

15-04-2024T10:09:10 - [MESSAGE][WARNING] - A browser is already opened. Closing browser and opening a new one

15-04-2024T10:09:10 - [MESSAGE][INFO] - Starting 'Chrome' driver

15-04-2024T10:09:10 - [MESSAGE][INFO] - User set preference: ['args', '[--start-maximized]']

15-04-2024T10:09:10 - [MESSAGE][INFO] - Action delay is set to 1,000 milliseconds

15-04-2024T10:09:12 - [MESSAGE][PASSED] - Browser is opened with url: ''

15-04-2024T10:09:12 - [TEST_STEP][PASSED] - navigateToUrl(url_login): Navigate to 'https://opensource-demo.orangehrmlive.com/web/index.php/auth/login' successfully

15-04-2024T10:09:45 - [MESSAGE][PASSED] - Navigate to 'https://opensource-demo.orangehrmlive.com/web/index.php/auth/login' successfully

15-04-2024T10:09:45 - [TEST_STEP][PASSED] - delay(3): Delayed 3 second(s)

15-04-2024T10:09:48 - [MESSAGE][PASSED] - Delayed 3 second(s)

15-04-2024T10:09:48 - [TEST_STEP][PASSED] - takeScreenshotAsCheckpoint("Before Login"): Taking screenshot successfully

15-04-2024T10:09:49 - [MESSAGE][INFO] - 0 hidden object(s)

15-04-2024T10:09:49 - [MESSAGE][PASSED] - Taking screenshot successfully
[[ATTACHMENT|keyes\keyes-Before Login.png]]

15-04-2024T10:09:49 - [TEST_STEP][PASSED] - setText(findTestObject("field_username"), valid_username): Text 'Admin' is set on object 'Object Repository/field_username'

15-04-2024T10:09:51 - [MESSAGE][PASSED] - Text 'Admin' is set on object 'Object Repository/field_username'

15-04-2024T10:09:51 - [TEST_STEP][PASSED] - setText(findTestObject("field_password"), valid_password): Text 'admin123' is set on object 'Object Repository/field_password'

15-04-2024T10:09:54 - [MESSAGE][PASSED] - Text 'admin123' is set on object 'Object Repository/field_password'

15-04-2024T10:09:54 - [TEST_STEP][PASSED] - click(findTestObject("btn_login")): Object: 'Object Repository/btn_login' is clicked on

15-04-2024T10:09:56 - [MESSAGE][PASSED] - Object: 'Object Repository/btn_login' is clicked on

15-04-2024T10:09:56 - [TEST_STEP][PASSED] - delay(5): Delayed 5 second(s)

15-04-2024T10:10:01 - [MESSAGE][PASSED] - Delayed 5 second(s)

15-04-2024T10:10:01 - [TEST_STEP][PASSED] - takeScreenshotAsCheckpoint("After Login"): Taking screenshot successfully

15-04-2024T10:10:02 - [MESSAGE][INFO] - 0 hidden object(s)

15-04-2024T10:10:02 - [MESSAGE][PASSED] - Taking screenshot successfully
[[ATTACHMENT|keyes\keyes-After Login.png]]

15-04-2024T10:10:02 - [MESSAGE][PASSED] - Call Test Case 'Test Cases/Login/Login_Success' successfully

15-04-2024T10:10:02 - [TEST_STEP][PASSED] - delay(3): Delayed 3 second(s)

15-04-2024T10:10:05 - [MESSAGE][PASSED] - Delayed 3 second(s)

15-04-2024T10:10:05 - [TEST_STEP][PASSED] - setText(findTestObject("searchBox_menu"), "Admin"): Text 'Admin' is set on object 'Object Repository/searchBox_menu'

15-04-2024T10:10:08 - [MESSAGE][PASSED] - Text 'Admin' is set on object 'Object Repository/searchBox_menu'

15-04-2024T10:10:08 - [TEST_STEP][PASSED] - verifyElementPresent(findTestObject("verify_searchMenu"), 0): Object 'Object Repository/verify_searchMenu' is present

15-04-2024T10:10:08 - [MESSAGE][WARNING] - Timeout '0' is invalid. Using default page load timeout: '30'

15-04-2024T10:10:08 - [MESSAGE][PASSED] - Object 'Object Repository/verify_searchMenu' is present

15-04-2024T10:10:08 - [TEST_STEP][PASSED] - delay(3): Delayed 3 second(s)

15-04-2024T10:10:11 - [MESSAGE][PASSED] - Delayed 3 second(s)]]></system-out>
         <system-err><![CDATA[]]></system-err>
      </testcase>
      <system-out><![CDATA[15-04-2024T10:07:08 - [TEST_SUITE][PASSED] - TS_LoginLogout: Test Cases/SearchMenuBySearchBox_Success]]></system-out>
      <system-err><![CDATA[]]></system-err>
   </testsuite>
</testsuites>
