<?xml version="1.0" encoding="UTF-8"?>
<testsuites name="TS_LoginLogout" time="212.938" tests="5" failures="0" errors="0">
   <testsuite name="TS_LoginLogout" tests="5" failures="0" errors="0" time="212.938" skipped="0" timestamp="15-04-2024T11:40:52" hostname="1556 - LAPTOP-PT885S91" id="Test Suites/TS_LoginLogout">
      <properties>
         <property name="deviceName" value=""/>
         <property name="devicePlatform" value=""/>
         <property name="logFolder" value="C:\\Users\\1556\\git\\My-First-Web-UI-Project\\Reports\\20240415_114042\\TS_LoginLogout\\20240415_114042"/>
         <property name="logFiles" value="C:\\Users\\1556\\git\\My-First-Web-UI-Project\\Reports\\20240415_114042\\TS_LoginLogout\\20240415_114042\\execution0.log"/>
         <property name="attachments" value="keyes\keyes-Before Login.png, keyes\keyes-After Login.png, keyes\keyes-Before Login Failed.png, keyes\keyes-After Login Failed.png, keyes\keyes-Before Login.png, keyes\keyes-After Login.png, keyes\keyes-Before Login Failed.png, keyes\keyes-After Login Failed.png, keyes\keyes-Before Login.png, keyes\keyes-After Login.png"/>
         <property name="hostName" value="1556 - LAPTOP-PT885S91"/>
         <property name="os" value="Windows 11 64bit"/>
         <property name="katalonVersion" value="9.3.2.212"/>
         <property name="browser" value="Chrome 123.0.0.0"/>
         <property name="hostAddress" value="192.168.10.35"/>
         <property name="sessionId" value="a6385c1ecc36c805941469b17bea54ab"/>
         <property name="seleniumVersion" value="3.141.59"/>
         <property name="proxyInformation" value="ProxyInformation { proxyOption=NO_PROXY, proxyServerType=HTTP, username=, password=********, proxyServerAddress=, proxyServerPort=0, executionList=&quot;&quot;, isApplyToDesiredCapabilities=true }"/>
         <property name="platform" value="Windows 11"/>
      </properties>
      <testcase name="Test Cases/Login/Login_Success" time="55.271" classname="Test Cases/Login/Login_Success" status="PASSED">
         <system-out><![CDATA[15-04-2024T11:40:53 - [TEST_CASE][PASSED] - Test Cases/Login/Login_Success: Test Cases/Login/Login_Success

15-04-2024T11:40:53 - [TEST_STEP][PASSED] - openBrowser(""): Browser is opened with url: ''

15-04-2024T11:40:54 - [MESSAGE][INFO] - Starting 'Chrome' driver

15-04-2024T11:40:54 - [MESSAGE][INFO] - User set preference: ['args', '[--start-maximized]']

15-04-2024T11:40:54 - [MESSAGE][INFO] - Action delay is set to 1,000 milliseconds

15-04-2024T11:40:56 - [MESSAGE][PASSED] - Browser is opened with url: ''

15-04-2024T11:40:56 - [TEST_STEP][PASSED] - navigateToUrl(url_login): Navigate to 'https://opensource-demo.orangehrmlive.com/web/index.php/auth/login' successfully

15-04-2024T11:41:30 - [MESSAGE][PASSED] - Navigate to 'https://opensource-demo.orangehrmlive.com/web/index.php/auth/login' successfully

15-04-2024T11:41:30 - [TEST_STEP][PASSED] - delay(3): Delayed 3 second(s)

15-04-2024T11:41:33 - [MESSAGE][PASSED] - Delayed 3 second(s)

15-04-2024T11:41:33 - [TEST_STEP][PASSED] - takeScreenshotAsCheckpoint("Before Login"): Taking screenshot successfully

15-04-2024T11:41:34 - [MESSAGE][INFO] - 0 hidden object(s)

15-04-2024T11:41:34 - [MESSAGE][PASSED] - Taking screenshot successfully
[[ATTACHMENT|keyes\keyes-Before Login.png]]

15-04-2024T11:41:34 - [TEST_STEP][PASSED] - setText(findTestObject("field_username"), valid_username): Text 'Admin' is set on object 'Object Repository/field_username'

15-04-2024T11:41:37 - [MESSAGE][PASSED] - Text 'Admin' is set on object 'Object Repository/field_username'

15-04-2024T11:41:37 - [TEST_STEP][PASSED] - setText(findTestObject("field_password"), valid_password): Text 'admin123' is set on object 'Object Repository/field_password'

15-04-2024T11:41:40 - [MESSAGE][PASSED] - Text 'admin123' is set on object 'Object Repository/field_password'

15-04-2024T11:41:40 - [TEST_STEP][PASSED] - click(findTestObject("btn_login")): Object: 'Object Repository/btn_login' is clicked on

15-04-2024T11:41:41 - [MESSAGE][PASSED] - Object: 'Object Repository/btn_login' is clicked on

15-04-2024T11:41:41 - [TEST_STEP][PASSED] - delay(5): Delayed 5 second(s)

15-04-2024T11:41:46 - [MESSAGE][PASSED] - Delayed 5 second(s)

15-04-2024T11:41:46 - [TEST_STEP][PASSED] - takeScreenshotAsCheckpoint("After Login"): Taking screenshot successfully

15-04-2024T11:41:48 - [MESSAGE][INFO] - 0 hidden object(s)

15-04-2024T11:41:48 - [MESSAGE][PASSED] - Taking screenshot successfully
[[ATTACHMENT|keyes\keyes-After Login.png]]]]></system-out>
         <system-err><![CDATA[]]></system-err>
      </testcase>
      <testcase name="Test Cases/Login/Login_Failed" time="34.459" classname="Test Cases/Login/Login_Failed" status="PASSED">
         <system-out><![CDATA[15-04-2024T11:41:48 - [TEST_CASE][PASSED] - Test Cases/Login/Login_Failed: Test Cases/Login/Login_Failed

15-04-2024T11:41:48 - [TEST_STEP][PASSED] - openBrowser(""): Browser is opened with url: ''

15-04-2024T11:41:48 - [MESSAGE][WARNING] - A browser is already opened. Closing browser and opening a new one

15-04-2024T11:41:48 - [MESSAGE][INFO] - Starting 'Chrome' driver

15-04-2024T11:41:48 - [MESSAGE][INFO] - User set preference: ['args', '[--start-maximized]']

15-04-2024T11:41:48 - [MESSAGE][INFO] - Action delay is set to 1,000 milliseconds

15-04-2024T11:41:50 - [MESSAGE][PASSED] - Browser is opened with url: ''

15-04-2024T11:41:50 - [TEST_STEP][PASSED] - navigateToUrl(url_login): Navigate to 'https://opensource-demo.orangehrmlive.com/web/index.php/auth/login' successfully

15-04-2024T11:42:09 - [MESSAGE][PASSED] - Navigate to 'https://opensource-demo.orangehrmlive.com/web/index.php/auth/login' successfully

15-04-2024T11:42:09 - [TEST_STEP][PASSED] - delay(0): Delayed 0 second(s)

15-04-2024T11:42:09 - [MESSAGE][PASSED] - Delayed 0 second(s)

15-04-2024T11:42:09 - [TEST_STEP][PASSED] - takeScreenshotAsCheckpoint("Before Login Failed", []): Taking screenshot successfully

15-04-2024T11:42:11 - [MESSAGE][INFO] - 0 hidden object(s)

15-04-2024T11:42:11 - [MESSAGE][PASSED] - Taking screenshot successfully
[[ATTACHMENT|keyes\keyes-Before Login Failed.png]]

15-04-2024T11:42:11 - [TEST_STEP][PASSED] - setText(findTestObject("field_username"), invalid_username): Text 'admin' is set on object 'Object Repository/field_username'

15-04-2024T11:42:14 - [MESSAGE][PASSED] - Text 'admin' is set on object 'Object Repository/field_username'

15-04-2024T11:42:14 - [TEST_STEP][PASSED] - setText(findTestObject("field_password"), invalid_password): Text 'Admin123' is set on object 'Object Repository/field_password'

15-04-2024T11:42:17 - [MESSAGE][PASSED] - Text 'Admin123' is set on object 'Object Repository/field_password'

15-04-2024T11:42:17 - [TEST_STEP][PASSED] - click(findTestObject("btn_login")): Object: 'Object Repository/btn_login' is clicked on

15-04-2024T11:42:18 - [MESSAGE][PASSED] - Object: 'Object Repository/btn_login' is clicked on

15-04-2024T11:42:18 - [TEST_STEP][PASSED] - delay(3): Delayed 3 second(s)

15-04-2024T11:42:21 - [MESSAGE][PASSED] - Delayed 3 second(s)

15-04-2024T11:42:21 - [TEST_STEP][PASSED] - verifyElementPresent(findTestObject("verify_loginFailed"), 2): Object 'Object Repository/verify_loginFailed' is present

15-04-2024T11:42:22 - [MESSAGE][PASSED] - Object 'Object Repository/verify_loginFailed' is present

15-04-2024T11:42:22 - [TEST_STEP][PASSED] - takeScreenshotAsCheckpoint("After Login Failed", []): Taking screenshot successfully

15-04-2024T11:42:22 - [MESSAGE][INFO] - 0 hidden object(s)

15-04-2024T11:42:22 - [MESSAGE][PASSED] - Taking screenshot successfully
[[ATTACHMENT|keyes\keyes-After Login Failed.png]]]]></system-out>
         <system-err><![CDATA[]]></system-err>
      </testcase>
      <testcase name="Test Cases/Login/Logout_Success" time="43.54" classname="Test Cases/Login/Logout_Success" status="PASSED">
         <system-out><![CDATA[15-04-2024T11:42:22 - [TEST_CASE][PASSED] - Test Cases/Login/Logout_Success: Test Cases/Login/Logout_Success

15-04-2024T11:42:23 - [TEST_STEP][PASSED] - callTestCase(findTestCase("Login/Login_Success"), [:], STOP_ON_FAILURE): Call Test Case 'Test Cases/Login/Login_Success' successfully

15-04-2024T11:42:23 - [TEST_CASE][PASSED] - Test Cases/Login/Login_Success: Test Cases/Login/Login_Success

15-04-2024T11:42:23 - [TEST_STEP][PASSED] - openBrowser(""): Browser is opened with url: ''

15-04-2024T11:42:23 - [MESSAGE][WARNING] - A browser is already opened. Closing browser and opening a new one

15-04-2024T11:42:23 - [MESSAGE][INFO] - Starting 'Chrome' driver

15-04-2024T11:42:23 - [MESSAGE][INFO] - User set preference: ['args', '[--start-maximized]']

15-04-2024T11:42:23 - [MESSAGE][INFO] - Action delay is set to 1,000 milliseconds

15-04-2024T11:42:24 - [MESSAGE][PASSED] - Browser is opened with url: ''

15-04-2024T11:42:24 - [TEST_STEP][PASSED] - navigateToUrl(url_login): Navigate to 'https://opensource-demo.orangehrmlive.com/web/index.php/auth/login' successfully

15-04-2024T11:42:40 - [MESSAGE][PASSED] - Navigate to 'https://opensource-demo.orangehrmlive.com/web/index.php/auth/login' successfully

15-04-2024T11:42:40 - [TEST_STEP][PASSED] - delay(3): Delayed 3 second(s)

15-04-2024T11:42:43 - [MESSAGE][PASSED] - Delayed 3 second(s)

15-04-2024T11:42:43 - [TEST_STEP][PASSED] - takeScreenshotAsCheckpoint("Before Login"): Taking screenshot successfully

15-04-2024T11:42:43 - [MESSAGE][INFO] - 0 hidden object(s)

15-04-2024T11:42:43 - [MESSAGE][PASSED] - Taking screenshot successfully
[[ATTACHMENT|keyes\keyes-Before Login.png]]

15-04-2024T11:42:43 - [TEST_STEP][PASSED] - setText(findTestObject("field_username"), valid_username): Text 'Admin' is set on object 'Object Repository/field_username'

15-04-2024T11:42:46 - [MESSAGE][PASSED] - Text 'Admin' is set on object 'Object Repository/field_username'

15-04-2024T11:42:46 - [TEST_STEP][PASSED] - setText(findTestObject("field_password"), valid_password): Text 'admin123' is set on object 'Object Repository/field_password'

15-04-2024T11:42:49 - [MESSAGE][PASSED] - Text 'admin123' is set on object 'Object Repository/field_password'

15-04-2024T11:42:49 - [TEST_STEP][PASSED] - click(findTestObject("btn_login")): Object: 'Object Repository/btn_login' is clicked on

15-04-2024T11:42:50 - [MESSAGE][PASSED] - Object: 'Object Repository/btn_login' is clicked on

15-04-2024T11:42:50 - [TEST_STEP][PASSED] - delay(5): Delayed 5 second(s)

15-04-2024T11:42:55 - [MESSAGE][PASSED] - Delayed 5 second(s)

15-04-2024T11:42:55 - [TEST_STEP][PASSED] - takeScreenshotAsCheckpoint("After Login"): Taking screenshot successfully

15-04-2024T11:42:56 - [MESSAGE][INFO] - 0 hidden object(s)

15-04-2024T11:42:56 - [MESSAGE][PASSED] - Taking screenshot successfully
[[ATTACHMENT|keyes\keyes-After Login.png]]

15-04-2024T11:42:56 - [MESSAGE][PASSED] - Call Test Case 'Test Cases/Login/Login_Success' successfully

15-04-2024T11:42:56 - [TEST_STEP][PASSED] - delay(3): Delayed 3 second(s)

15-04-2024T11:42:59 - [MESSAGE][PASSED] - Delayed 3 second(s)

15-04-2024T11:42:59 - [TEST_STEP][PASSED] - click(findTestObject("dropdow_logout")): Object: 'Object Repository/dropdow_logout' is clicked on

15-04-2024T11:43:00 - [MESSAGE][PASSED] - Object: 'Object Repository/dropdow_logout' is clicked on

15-04-2024T11:43:00 - [TEST_STEP][PASSED] - click(findTestObject("btn_logout")): Object: 'Object Repository/btn_logout' is clicked on

15-04-2024T11:43:03 - [MESSAGE][PASSED] - Object: 'Object Repository/btn_logout' is clicked on

15-04-2024T11:43:03 - [TEST_STEP][PASSED] - delay(3): Delayed 3 second(s)

15-04-2024T11:43:06 - [MESSAGE][PASSED] - Delayed 3 second(s)]]></system-out>
         <system-err><![CDATA[]]></system-err>
      </testcase>
      <testcase name="Test Cases/SearchMenuBySearchBox_Failed" time="33.002" classname="Test Cases/SearchMenuBySearchBox_Failed" status="PASSED">
         <system-out><![CDATA[15-04-2024T11:43:06 - [TEST_CASE][PASSED] - Test Cases/SearchMenuBySearchBox_Failed: Test Cases/SearchMenuBySearchBox_Failed

15-04-2024T11:43:06 - [TEST_STEP][PASSED] - callTestCase(findTestCase("Login/Login_Failed"), [:], STOP_ON_FAILURE): Call Test Case 'Test Cases/Login/Login_Failed' successfully

15-04-2024T11:43:06 - [TEST_CASE][PASSED] - Test Cases/Login/Login_Failed: Test Cases/Login/Login_Failed

15-04-2024T11:43:06 - [TEST_STEP][PASSED] - openBrowser(""): Browser is opened with url: ''

15-04-2024T11:43:06 - [MESSAGE][WARNING] - A browser is already opened. Closing browser and opening a new one

15-04-2024T11:43:06 - [MESSAGE][INFO] - Starting 'Chrome' driver

15-04-2024T11:43:06 - [MESSAGE][INFO] - User set preference: ['args', '[--start-maximized]']

15-04-2024T11:43:06 - [MESSAGE][INFO] - Action delay is set to 1,000 milliseconds

15-04-2024T11:43:08 - [MESSAGE][PASSED] - Browser is opened with url: ''

15-04-2024T11:43:08 - [TEST_STEP][PASSED] - navigateToUrl(url_login): Navigate to 'https://opensource-demo.orangehrmlive.com/web/index.php/auth/login' successfully

15-04-2024T11:43:25 - [MESSAGE][PASSED] - Navigate to 'https://opensource-demo.orangehrmlive.com/web/index.php/auth/login' successfully

15-04-2024T11:43:25 - [TEST_STEP][PASSED] - delay(0): Delayed 0 second(s)

15-04-2024T11:43:25 - [MESSAGE][PASSED] - Delayed 0 second(s)

15-04-2024T11:43:25 - [TEST_STEP][PASSED] - takeScreenshotAsCheckpoint("Before Login Failed", []): Taking screenshot successfully

15-04-2024T11:43:27 - [MESSAGE][INFO] - 0 hidden object(s)

15-04-2024T11:43:27 - [MESSAGE][PASSED] - Taking screenshot successfully
[[ATTACHMENT|keyes\keyes-Before Login Failed.png]]

15-04-2024T11:43:27 - [TEST_STEP][PASSED] - setText(findTestObject("field_username"), invalid_username): Text 'admin' is set on object 'Object Repository/field_username'

15-04-2024T11:43:30 - [MESSAGE][PASSED] - Text 'admin' is set on object 'Object Repository/field_username'

15-04-2024T11:43:30 - [TEST_STEP][PASSED] - setText(findTestObject("field_password"), invalid_password): Text 'Admin123' is set on object 'Object Repository/field_password'

15-04-2024T11:43:32 - [MESSAGE][PASSED] - Text 'Admin123' is set on object 'Object Repository/field_password'

15-04-2024T11:43:32 - [TEST_STEP][PASSED] - click(findTestObject("btn_login")): Object: 'Object Repository/btn_login' is clicked on

15-04-2024T11:43:35 - [MESSAGE][PASSED] - Object: 'Object Repository/btn_login' is clicked on

15-04-2024T11:43:35 - [TEST_STEP][PASSED] - delay(3): Delayed 3 second(s)

15-04-2024T11:43:38 - [MESSAGE][PASSED] - Delayed 3 second(s)

15-04-2024T11:43:38 - [TEST_STEP][PASSED] - verifyElementPresent(findTestObject("verify_loginFailed"), 2): Object 'Object Repository/verify_loginFailed' is present

15-04-2024T11:43:38 - [MESSAGE][PASSED] - Object 'Object Repository/verify_loginFailed' is present

15-04-2024T11:43:38 - [TEST_STEP][PASSED] - takeScreenshotAsCheckpoint("After Login Failed", []): Taking screenshot successfully

15-04-2024T11:43:39 - [MESSAGE][INFO] - 0 hidden object(s)

15-04-2024T11:43:39 - [MESSAGE][PASSED] - Taking screenshot successfully
[[ATTACHMENT|keyes\keyes-After Login Failed.png]]

15-04-2024T11:43:39 - [MESSAGE][PASSED] - Call Test Case 'Test Cases/Login/Login_Failed' successfully]]></system-out>
         <system-err><![CDATA[]]></system-err>
      </testcase>
      <testcase name="Test Cases/SearchMenuBySearchBox_Success" time="46.349" classname="Test Cases/SearchMenuBySearchBox_Success" status="PASSED">
         <system-out><![CDATA[15-04-2024T11:43:39 - [TEST_CASE][PASSED] - Test Cases/SearchMenuBySearchBox_Success: Test Cases/SearchMenuBySearchBox_Success

15-04-2024T11:43:39 - [TEST_STEP][PASSED] - callTestCase(findTestCase("Login/Login_Success"), [:], STOP_ON_FAILURE): Call Test Case 'Test Cases/Login/Login_Success' successfully

15-04-2024T11:43:39 - [TEST_CASE][PASSED] - Test Cases/Login/Login_Success: Test Cases/Login/Login_Success

15-04-2024T11:43:39 - [TEST_STEP][PASSED] - openBrowser(""): Browser is opened with url: ''

15-04-2024T11:43:39 - [MESSAGE][WARNING] - A browser is already opened. Closing browser and opening a new one

15-04-2024T11:43:39 - [MESSAGE][INFO] - Starting 'Chrome' driver

15-04-2024T11:43:39 - [MESSAGE][INFO] - User set preference: ['args', '[--start-maximized]']

15-04-2024T11:43:39 - [MESSAGE][INFO] - Action delay is set to 1,000 milliseconds

15-04-2024T11:43:41 - [MESSAGE][PASSED] - Browser is opened with url: ''

15-04-2024T11:43:41 - [TEST_STEP][PASSED] - navigateToUrl(url_login): Navigate to 'https://opensource-demo.orangehrmlive.com/web/index.php/auth/login' successfully

15-04-2024T11:43:58 - [MESSAGE][PASSED] - Navigate to 'https://opensource-demo.orangehrmlive.com/web/index.php/auth/login' successfully

15-04-2024T11:43:58 - [TEST_STEP][PASSED] - delay(3): Delayed 3 second(s)

15-04-2024T11:44:01 - [MESSAGE][PASSED] - Delayed 3 second(s)

15-04-2024T11:44:01 - [TEST_STEP][PASSED] - takeScreenshotAsCheckpoint("Before Login"): Taking screenshot successfully

15-04-2024T11:44:02 - [MESSAGE][INFO] - 0 hidden object(s)

15-04-2024T11:44:02 - [MESSAGE][PASSED] - Taking screenshot successfully
[[ATTACHMENT|keyes\keyes-Before Login.png]]

15-04-2024T11:44:02 - [TEST_STEP][PASSED] - setText(findTestObject("field_username"), valid_username): Text 'Admin' is set on object 'Object Repository/field_username'

15-04-2024T11:44:04 - [MESSAGE][PASSED] - Text 'Admin' is set on object 'Object Repository/field_username'

15-04-2024T11:44:04 - [TEST_STEP][PASSED] - setText(findTestObject("field_password"), valid_password): Text 'admin123' is set on object 'Object Repository/field_password'

15-04-2024T11:44:07 - [MESSAGE][PASSED] - Text 'admin123' is set on object 'Object Repository/field_password'

15-04-2024T11:44:07 - [TEST_STEP][PASSED] - click(findTestObject("btn_login")): Object: 'Object Repository/btn_login' is clicked on

15-04-2024T11:44:10 - [MESSAGE][PASSED] - Object: 'Object Repository/btn_login' is clicked on

15-04-2024T11:44:10 - [TEST_STEP][PASSED] - delay(5): Delayed 5 second(s)

15-04-2024T11:44:15 - [MESSAGE][PASSED] - Delayed 5 second(s)

15-04-2024T11:44:15 - [TEST_STEP][PASSED] - takeScreenshotAsCheckpoint("After Login"): Taking screenshot successfully

15-04-2024T11:44:16 - [MESSAGE][INFO] - 0 hidden object(s)

15-04-2024T11:44:16 - [MESSAGE][PASSED] - Taking screenshot successfully
[[ATTACHMENT|keyes\keyes-After Login.png]]

15-04-2024T11:44:16 - [MESSAGE][PASSED] - Call Test Case 'Test Cases/Login/Login_Success' successfully

15-04-2024T11:44:16 - [TEST_STEP][PASSED] - delay(3): Delayed 3 second(s)

15-04-2024T11:44:19 - [MESSAGE][PASSED] - Delayed 3 second(s)

15-04-2024T11:44:19 - [TEST_STEP][PASSED] - setText(findTestObject("searchBox_menu"), "Admin"): Text 'Admin' is set on object 'Object Repository/searchBox_menu'

15-04-2024T11:44:22 - [MESSAGE][PASSED] - Text 'Admin' is set on object 'Object Repository/searchBox_menu'

15-04-2024T11:44:22 - [TEST_STEP][PASSED] - verifyElementPresent(findTestObject("verify_searchMenu"), 0): Object 'Object Repository/verify_searchMenu' is present

15-04-2024T11:44:22 - [MESSAGE][WARNING] - Timeout '0' is invalid. Using default page load timeout: '30'

15-04-2024T11:44:22 - [MESSAGE][PASSED] - Object 'Object Repository/verify_searchMenu' is present

15-04-2024T11:44:22 - [TEST_STEP][PASSED] - delay(3): Delayed 3 second(s)

15-04-2024T11:44:25 - [MESSAGE][PASSED] - Delayed 3 second(s)]]></system-out>
         <system-err><![CDATA[]]></system-err>
      </testcase>
      <system-out><![CDATA[15-04-2024T11:40:52 - [TEST_SUITE][PASSED] - TS_LoginLogout: Test Cases/SearchMenuBySearchBox_Success]]></system-out>
      <system-err><![CDATA[]]></system-err>
   </testsuite>
</testsuites>
