<?xml version="1.0" encoding="UTF-8"?>
<testsuites name="TSC_MenuAdmin" time="348.926" tests="6" failures="0" errors="0">
   <testsuite name="TS_UserManagement" tests="1" failures="0" errors="0" time="71.3" skipped="0" timestamp="04-04-2024T16:04:13" hostname="1556 - LAPTOP-PT885S91" id="Test Suites/TS_MenuAdmin/F_UserManagement/TS_UserManagement">
      <properties>
         <property name="deviceName" value=""/>
         <property name="devicePlatform" value=""/>
         <property name="logFolder" value="C:\\Users\\1556\\Katalon Studio\\My First Web UI Project\\Reports\\20240404_160353\\TS_MenuAdmin\\F_UserManagement\\TS_UserManagement\\20240404_160354"/>
         <property name="logFiles" value="C:\\Users\\1556\\Katalon Studio\\My First Web UI Project\\Reports\\20240404_160353\\TS_MenuAdmin\\F_UserManagement\\TS_UserManagement\\20240404_160354\\execution0.log"/>
         <property name="attachments" value="keyes\keyes-Before Login.png, keyes\keyes-After Login.png"/>
         <property name="hostName" value="1556 - LAPTOP-PT885S91"/>
         <property name="os" value="Windows 11 64bit"/>
         <property name="katalonVersion" value="9.3.2.212"/>
         <property name="browser" value="Chrome 123.0.0.0"/>
         <property name="hostAddress" value="192.168.10.208"/>
         <property name="sessionId" value="9f570357323584da2392969b4345e8d7"/>
         <property name="seleniumVersion" value="3.141.59"/>
         <property name="proxyInformation" value="ProxyInformation { proxyOption=NO_PROXY, proxyServerType=HTTP, username=, password=********, proxyServerAddress=, proxyServerPort=0, executionList=&quot;&quot;, isApplyToDesiredCapabilities=true }"/>
         <property name="platform" value="Windows 11"/>
      </properties>
      <testcase name="Test Cases/Menu_Admin/Navigate_Admin_User" time="71.058" classname="Test Cases/Menu_Admin/Navigate_Admin_User" status="PASSED">
         <system-out><![CDATA[04-04-2024T16:04:14 - [TEST_CASE][PASSED] - Test Cases/Menu_Admin/Navigate_Admin_User: Test Cases/Menu_Admin/Navigate_Admin_User

04-04-2024T16:04:14 - [TEST_STEP][PASSED] - callTestCase(findTestCase("Login/Login_Success"), [:], STOP_ON_FAILURE): Call Test Case 'Test Cases/Login/Login_Success' successfully

04-04-2024T16:04:14 - [TEST_CASE][PASSED] - Test Cases/Login/Login_Success: Test Cases/Login/Login_Success

04-04-2024T16:04:14 - [TEST_STEP][PASSED] - openBrowser(""): Browser is opened with url: ''

04-04-2024T16:04:15 - [MESSAGE][INFO] - Starting 'Chrome' driver

04-04-2024T16:04:15 - [MESSAGE][INFO] - User set preference: ['args', '[--start-maximized]']

04-04-2024T16:04:15 - [MESSAGE][INFO] - Action delay is set to 1,000 milliseconds

04-04-2024T16:04:16 - [MESSAGE][PASSED] - Browser is opened with url: ''

04-04-2024T16:04:16 - [TEST_STEP][PASSED] - navigateToUrl(url_login): Navigate to 'https://opensource-demo.orangehrmlive.com/web/index.php/auth/login' successfully

04-04-2024T16:04:54 - [MESSAGE][PASSED] - Navigate to 'https://opensource-demo.orangehrmlive.com/web/index.php/auth/login' successfully

04-04-2024T16:04:54 - [TEST_STEP][PASSED] - delay(3): Delayed 3 second(s)

04-04-2024T16:04:57 - [MESSAGE][PASSED] - Delayed 3 second(s)

04-04-2024T16:04:57 - [TEST_STEP][PASSED] - takeScreenshotAsCheckpoint("Before Login"): Taking screenshot successfully

04-04-2024T16:04:58 - [MESSAGE][INFO] - 0 hidden object(s)

04-04-2024T16:04:58 - [MESSAGE][PASSED] - Taking screenshot successfully
[[ATTACHMENT|keyes\keyes-Before Login.png]]

04-04-2024T16:04:58 - [TEST_STEP][PASSED] - setText(findTestObject("field_username"), valid_username): Text 'Admin' is set on object 'Object Repository/field_username'

04-04-2024T16:05:01 - [MESSAGE][PASSED] - Text 'Admin' is set on object 'Object Repository/field_username'

04-04-2024T16:05:01 - [TEST_STEP][PASSED] - setText(findTestObject("field_password"), valid_password): Text 'admin123' is set on object 'Object Repository/field_password'

04-04-2024T16:05:04 - [MESSAGE][PASSED] - Text 'admin123' is set on object 'Object Repository/field_password'

04-04-2024T16:05:04 - [TEST_STEP][PASSED] - click(findTestObject("btn_login")): Object: 'Object Repository/btn_login' is clicked on

04-04-2024T16:05:05 - [MESSAGE][PASSED] - Object: 'Object Repository/btn_login' is clicked on

04-04-2024T16:05:05 - [TEST_STEP][PASSED] - delay(5): Delayed 5 second(s)

04-04-2024T16:05:10 - [MESSAGE][PASSED] - Delayed 5 second(s)

04-04-2024T16:05:10 - [TEST_STEP][PASSED] - takeScreenshotAsCheckpoint("After Login"): Taking screenshot successfully

04-04-2024T16:05:10 - [MESSAGE][INFO] - 0 hidden object(s)

04-04-2024T16:05:11 - [MESSAGE][PASSED] - Taking screenshot successfully
[[ATTACHMENT|keyes\keyes-After Login.png]]

04-04-2024T16:05:11 - [MESSAGE][PASSED] - Call Test Case 'Test Cases/Login/Login_Success' successfully

04-04-2024T16:05:11 - [TEST_STEP][PASSED] - delay(3): Delayed 3 second(s)

04-04-2024T16:05:14 - [MESSAGE][PASSED] - Delayed 3 second(s)

04-04-2024T16:05:14 - [TEST_STEP][PASSED] - click(findTestObject("F_Menu_Admin/menu_admin")): Object: 'Object Repository/F_Menu_Admin/menu_admin' is clicked on

04-04-2024T16:05:16 - [MESSAGE][PASSED] - Object: 'Object Repository/F_Menu_Admin/menu_admin' is clicked on

04-04-2024T16:05:16 - [TEST_STEP][PASSED] - click(findTestObject("F_Menu_Admin/F_UserManagement/tab_userManagement")): Object: 'Object Repository/F_Menu_Admin/F_UserManagement/tab_userManagement' is clicked on

04-04-2024T16:05:18 - [MESSAGE][PASSED] - Object: 'Object Repository/F_Menu_Admin/F_UserManagement/tab_userManagement' is clicked on

04-04-2024T16:05:18 - [TEST_STEP][PASSED] - click(findTestObject("F_Menu_Admin/F_UserManagement/select_users")): Object: 'Object Repository/F_Menu_Admin/F_UserManagement/select_users' is clicked on

04-04-2024T16:05:20 - [MESSAGE][PASSED] - Object: 'Object Repository/F_Menu_Admin/F_UserManagement/select_users' is clicked on

04-04-2024T16:05:20 - [TEST_STEP][PASSED] - verifyElementText(findTestObject("F_Menu_Admin/title_menuWithFilter"), "System Users"): Actual text and expected text of test object 'Object Repository/F_Menu_Admin/title_menuWithFilter' are matched.

04-04-2024T16:05:22 - [MESSAGE][PASSED] - Actual text and expected text of test object 'Object Repository/F_Menu_Admin/title_menuWithFilter' are matched.

04-04-2024T16:05:22 - [TEST_STEP][PASSED] - delay(3): Delayed 3 second(s)

04-04-2024T16:05:25 - [MESSAGE][PASSED] - Delayed 3 second(s)]]></system-out>
         <system-err><![CDATA[]]></system-err>
      </testcase>
      <system-out><![CDATA[04-04-2024T16:04:13 - [TEST_SUITE][PASSED] - TS_UserManagement: Test Cases/Menu_Admin/Navigate_Admin_User]]></system-out>
      <system-err><![CDATA[]]></system-err>
   </testsuite>
   <testsuite name="TS_Job_PayGrades" tests="1" failures="0" errors="0" time="45.065" skipped="0" timestamp="04-04-2024T16:05:38" hostname="1556 - LAPTOP-PT885S91" id="Test Suites/TS_MenuAdmin/F_Job/TS_Job_PayGrades">
      <properties>
         <property name="deviceName" value=""/>
         <property name="devicePlatform" value=""/>
         <property name="logFolder" value="C:\\Users\\1556\\Katalon Studio\\My First Web UI Project\\Reports\\20240404_160353\\TS_MenuAdmin\\F_Job\\TS_Job_PayGrades\\20240404_160356"/>
         <property name="logFiles" value="C:\\Users\\1556\\Katalon Studio\\My First Web UI Project\\Reports\\20240404_160353\\TS_MenuAdmin\\F_Job\\TS_Job_PayGrades\\20240404_160356\\execution0.log"/>
         <property name="attachments" value="keyes\keyes-Before Login.png, keyes\keyes-After Login.png"/>
         <property name="hostName" value="1556 - LAPTOP-PT885S91"/>
         <property name="os" value="Windows 11 64bit"/>
         <property name="katalonVersion" value="9.3.2.212"/>
         <property name="browser" value="Chrome 123.0.0.0"/>
         <property name="hostAddress" value="192.168.10.208"/>
         <property name="sessionId" value="74b2e0253acc18f4f36490c1838c0c61"/>
         <property name="seleniumVersion" value="3.141.59"/>
         <property name="proxyInformation" value="ProxyInformation { proxyOption=NO_PROXY, proxyServerType=HTTP, username=, password=********, proxyServerAddress=, proxyServerPort=0, executionList=&quot;&quot;, isApplyToDesiredCapabilities=true }"/>
         <property name="platform" value="Windows 11"/>
      </properties>
      <testcase name="Test Cases/Menu_Admin/Navigate_Job_PayGrades" time="44.858" classname="Test Cases/Menu_Admin/Navigate_Job_PayGrades" status="PASSED">
         <system-out><![CDATA[04-04-2024T16:05:38 - [TEST_CASE][PASSED] - Test Cases/Menu_Admin/Navigate_Job_PayGrades: Test Cases/Menu_Admin/Navigate_Job_PayGrades

04-04-2024T16:05:38 - [TEST_STEP][PASSED] - callTestCase(findTestCase("Login/Login_Success"), [:], STOP_ON_FAILURE): Call Test Case 'Test Cases/Login/Login_Success' successfully

04-04-2024T16:05:39 - [TEST_CASE][PASSED] - Test Cases/Login/Login_Success: Test Cases/Login/Login_Success

04-04-2024T16:05:39 - [TEST_STEP][PASSED] - openBrowser(""): Browser is opened with url: ''

04-04-2024T16:05:39 - [MESSAGE][INFO] - Starting 'Chrome' driver

04-04-2024T16:05:39 - [MESSAGE][INFO] - User set preference: ['args', '[--start-maximized]']

04-04-2024T16:05:39 - [MESSAGE][INFO] - Action delay is set to 1,000 milliseconds

04-04-2024T16:05:41 - [MESSAGE][PASSED] - Browser is opened with url: ''

04-04-2024T16:05:41 - [TEST_STEP][PASSED] - navigateToUrl(url_login): Navigate to 'https://opensource-demo.orangehrmlive.com/web/index.php/auth/login' successfully

04-04-2024T16:05:52 - [MESSAGE][PASSED] - Navigate to 'https://opensource-demo.orangehrmlive.com/web/index.php/auth/login' successfully

04-04-2024T16:05:52 - [TEST_STEP][PASSED] - delay(3): Delayed 3 second(s)

04-04-2024T16:05:55 - [MESSAGE][PASSED] - Delayed 3 second(s)

04-04-2024T16:05:55 - [TEST_STEP][PASSED] - takeScreenshotAsCheckpoint("Before Login"): Taking screenshot successfully

04-04-2024T16:05:56 - [MESSAGE][INFO] - 0 hidden object(s)

04-04-2024T16:05:56 - [MESSAGE][PASSED] - Taking screenshot successfully
[[ATTACHMENT|keyes\keyes-Before Login.png]]

04-04-2024T16:05:56 - [TEST_STEP][PASSED] - setText(findTestObject("field_username"), valid_username): Text 'Admin' is set on object 'Object Repository/field_username'

04-04-2024T16:05:59 - [MESSAGE][PASSED] - Text 'Admin' is set on object 'Object Repository/field_username'

04-04-2024T16:05:59 - [TEST_STEP][PASSED] - setText(findTestObject("field_password"), valid_password): Text 'admin123' is set on object 'Object Repository/field_password'

04-04-2024T16:06:01 - [MESSAGE][PASSED] - Text 'admin123' is set on object 'Object Repository/field_password'

04-04-2024T16:06:01 - [TEST_STEP][PASSED] - click(findTestObject("btn_login")): Object: 'Object Repository/btn_login' is clicked on

04-04-2024T16:06:03 - [MESSAGE][PASSED] - Object: 'Object Repository/btn_login' is clicked on

04-04-2024T16:06:03 - [TEST_STEP][PASSED] - delay(5): Delayed 5 second(s)

04-04-2024T16:06:08 - [MESSAGE][PASSED] - Delayed 5 second(s)

04-04-2024T16:06:08 - [TEST_STEP][PASSED] - takeScreenshotAsCheckpoint("After Login"): Taking screenshot successfully

04-04-2024T16:06:08 - [MESSAGE][INFO] - 0 hidden object(s)

04-04-2024T16:06:08 - [MESSAGE][PASSED] - Taking screenshot successfully
[[ATTACHMENT|keyes\keyes-After Login.png]]

04-04-2024T16:06:08 - [MESSAGE][PASSED] - Call Test Case 'Test Cases/Login/Login_Success' successfully

04-04-2024T16:06:08 - [TEST_STEP][PASSED] - delay(3): Delayed 3 second(s)

04-04-2024T16:06:11 - [MESSAGE][PASSED] - Delayed 3 second(s)

04-04-2024T16:06:11 - [TEST_STEP][PASSED] - click(findTestObject("F_Menu_Admin/menu_admin")): Object: 'Object Repository/F_Menu_Admin/menu_admin' is clicked on

04-04-2024T16:06:14 - [MESSAGE][PASSED] - Object: 'Object Repository/F_Menu_Admin/menu_admin' is clicked on

04-04-2024T16:06:14 - [TEST_STEP][PASSED] - click(findTestObject("F_Menu_Admin/F_Job/tab_job")): Object: 'Object Repository/F_Menu_Admin/F_Job/tab_job' is clicked on

04-04-2024T16:06:17 - [MESSAGE][PASSED] - Object: 'Object Repository/F_Menu_Admin/F_Job/tab_job' is clicked on

04-04-2024T16:06:17 - [TEST_STEP][PASSED] - click(findTestObject("F_Menu_Admin/F_Job/select_payGrades")): Object: 'Object Repository/F_Menu_Admin/F_Job/select_payGrades' is clicked on

04-04-2024T16:06:19 - [MESSAGE][PASSED] - Object: 'Object Repository/F_Menu_Admin/F_Job/select_payGrades' is clicked on

04-04-2024T16:06:19 - [TEST_STEP][PASSED] - verifyElementText(findTestObject("F_Menu_Admin/title_menu"), "Pay Grades"): Actual text and expected text of test object 'Object Repository/F_Menu_Admin/title_menu' are matched.

04-04-2024T16:06:20 - [MESSAGE][PASSED] - Actual text and expected text of test object 'Object Repository/F_Menu_Admin/title_menu' are matched.

04-04-2024T16:06:20 - [TEST_STEP][PASSED] - delay(3): Delayed 3 second(s)

04-04-2024T16:06:23 - [MESSAGE][PASSED] - Delayed 3 second(s)]]></system-out>
         <system-err><![CDATA[]]></system-err>
      </testcase>
      <system-out><![CDATA[04-04-2024T16:05:38 - [TEST_SUITE][PASSED] - TS_Job_PayGrades: Test Cases/Menu_Admin/Navigate_Job_PayGrades]]></system-out>
      <system-err><![CDATA[]]></system-err>
   </testsuite>
   <testsuite name="TS_Job_JobTitles" tests="1" failures="0" errors="0" time="41.132" skipped="0" timestamp="04-04-2024T16:06:34" hostname="1556 - LAPTOP-PT885S91" id="Test Suites/TS_MenuAdmin/F_Job/TS_Job_JobTitles">
      <properties>
         <property name="deviceName" value=""/>
         <property name="devicePlatform" value=""/>
         <property name="logFolder" value="C:\\Users\\1556\\Katalon Studio\\My First Web UI Project\\Reports\\20240404_160353\\TS_MenuAdmin\\F_Job\\TS_Job_JobTitles\\20240404_160358"/>
         <property name="logFiles" value="C:\\Users\\1556\\Katalon Studio\\My First Web UI Project\\Reports\\20240404_160353\\TS_MenuAdmin\\F_Job\\TS_Job_JobTitles\\20240404_160358\\execution0.log"/>
         <property name="attachments" value="keyes\keyes-Before Login.png, keyes\keyes-After Login.png"/>
         <property name="hostName" value="1556 - LAPTOP-PT885S91"/>
         <property name="os" value="Windows 11 64bit"/>
         <property name="katalonVersion" value="9.3.2.212"/>
         <property name="browser" value="Chrome 123.0.0.0"/>
         <property name="hostAddress" value="192.168.10.208"/>
         <property name="sessionId" value="362213b2882ef218f255f37eac68e7cb"/>
         <property name="seleniumVersion" value="3.141.59"/>
         <property name="proxyInformation" value="ProxyInformation { proxyOption=NO_PROXY, proxyServerType=HTTP, username=, password=********, proxyServerAddress=, proxyServerPort=0, executionList=&quot;&quot;, isApplyToDesiredCapabilities=true }"/>
         <property name="platform" value="Windows 11"/>
      </properties>
      <testcase name="Test Cases/Menu_Admin/Navigate_Job_JobTitles" time="40.946" classname="Test Cases/Menu_Admin/Navigate_Job_JobTitles" status="PASSED">
         <system-out><![CDATA[04-04-2024T16:06:35 - [TEST_CASE][PASSED] - Test Cases/Menu_Admin/Navigate_Job_JobTitles: Test Cases/Menu_Admin/Navigate_Job_JobTitles

04-04-2024T16:06:35 - [TEST_STEP][PASSED] - callTestCase(findTestCase("Login/Login_Success"), [:], STOP_ON_FAILURE): Call Test Case 'Test Cases/Login/Login_Success' successfully

04-04-2024T16:06:35 - [TEST_CASE][PASSED] - Test Cases/Login/Login_Success: Test Cases/Login/Login_Success

04-04-2024T16:06:35 - [TEST_STEP][PASSED] - openBrowser(""): Browser is opened with url: ''

04-04-2024T16:06:36 - [MESSAGE][INFO] - Starting 'Chrome' driver

04-04-2024T16:06:36 - [MESSAGE][INFO] - User set preference: ['args', '[--start-maximized]']

04-04-2024T16:06:36 - [MESSAGE][INFO] - Action delay is set to 1,000 milliseconds

04-04-2024T16:06:37 - [MESSAGE][PASSED] - Browser is opened with url: ''

04-04-2024T16:06:37 - [TEST_STEP][PASSED] - navigateToUrl(url_login): Navigate to 'https://opensource-demo.orangehrmlive.com/web/index.php/auth/login' successfully

04-04-2024T16:06:45 - [MESSAGE][PASSED] - Navigate to 'https://opensource-demo.orangehrmlive.com/web/index.php/auth/login' successfully

04-04-2024T16:06:45 - [TEST_STEP][PASSED] - delay(3): Delayed 3 second(s)

04-04-2024T16:06:48 - [MESSAGE][PASSED] - Delayed 3 second(s)

04-04-2024T16:06:48 - [TEST_STEP][PASSED] - takeScreenshotAsCheckpoint("Before Login"): Taking screenshot successfully

04-04-2024T16:06:49 - [MESSAGE][INFO] - 0 hidden object(s)

04-04-2024T16:06:49 - [MESSAGE][PASSED] - Taking screenshot successfully
[[ATTACHMENT|keyes\keyes-Before Login.png]]

04-04-2024T16:06:49 - [TEST_STEP][PASSED] - setText(findTestObject("field_username"), valid_username): Text 'Admin' is set on object 'Object Repository/field_username'

04-04-2024T16:06:52 - [MESSAGE][PASSED] - Text 'Admin' is set on object 'Object Repository/field_username'

04-04-2024T16:06:52 - [TEST_STEP][PASSED] - setText(findTestObject("field_password"), valid_password): Text 'admin123' is set on object 'Object Repository/field_password'

04-04-2024T16:06:55 - [MESSAGE][PASSED] - Text 'admin123' is set on object 'Object Repository/field_password'

04-04-2024T16:06:55 - [TEST_STEP][PASSED] - click(findTestObject("btn_login")): Object: 'Object Repository/btn_login' is clicked on

04-04-2024T16:06:56 - [MESSAGE][PASSED] - Object: 'Object Repository/btn_login' is clicked on

04-04-2024T16:06:56 - [TEST_STEP][PASSED] - delay(5): Delayed 5 second(s)

04-04-2024T16:07:01 - [MESSAGE][PASSED] - Delayed 5 second(s)

04-04-2024T16:07:01 - [TEST_STEP][PASSED] - takeScreenshotAsCheckpoint("After Login"): Taking screenshot successfully

04-04-2024T16:07:02 - [MESSAGE][INFO] - 0 hidden object(s)

04-04-2024T16:07:02 - [MESSAGE][PASSED] - Taking screenshot successfully
[[ATTACHMENT|keyes\keyes-After Login.png]]

04-04-2024T16:07:02 - [MESSAGE][PASSED] - Call Test Case 'Test Cases/Login/Login_Success' successfully

04-04-2024T16:07:02 - [TEST_STEP][PASSED] - delay(3): Delayed 3 second(s)

04-04-2024T16:07:05 - [MESSAGE][PASSED] - Delayed 3 second(s)

04-04-2024T16:07:05 - [TEST_STEP][PASSED] - click(findTestObject("F_Menu_Admin/menu_admin")): Object: 'Object Repository/F_Menu_Admin/menu_admin' is clicked on

04-04-2024T16:07:07 - [MESSAGE][PASSED] - Object: 'Object Repository/F_Menu_Admin/menu_admin' is clicked on

04-04-2024T16:07:07 - [TEST_STEP][PASSED] - click(findTestObject("F_Menu_Admin/F_Job/tab_job")): Object: 'Object Repository/F_Menu_Admin/F_Job/tab_job' is clicked on

04-04-2024T16:07:09 - [MESSAGE][PASSED] - Object: 'Object Repository/F_Menu_Admin/F_Job/tab_job' is clicked on

04-04-2024T16:07:09 - [TEST_STEP][PASSED] - click(findTestObject("F_Menu_Admin/F_Job/select_jobTitles")): Object: 'Object Repository/F_Menu_Admin/F_Job/select_jobTitles' is clicked on

04-04-2024T16:07:11 - [MESSAGE][PASSED] - Object: 'Object Repository/F_Menu_Admin/F_Job/select_jobTitles' is clicked on

04-04-2024T16:07:11 - [TEST_STEP][PASSED] - verifyElementText(findTestObject("F_Menu_Admin/title_menu"), "Job Titles"): Actual text and expected text of test object 'Object Repository/F_Menu_Admin/title_menu' are matched.

04-04-2024T16:07:13 - [MESSAGE][PASSED] - Actual text and expected text of test object 'Object Repository/F_Menu_Admin/title_menu' are matched.

04-04-2024T16:07:13 - [TEST_STEP][PASSED] - delay(3): Delayed 3 second(s)

04-04-2024T16:07:16 - [MESSAGE][PASSED] - Delayed 3 second(s)]]></system-out>
         <system-err><![CDATA[]]></system-err>
      </testcase>
      <system-out><![CDATA[04-04-2024T16:06:34 - [TEST_SUITE][PASSED] - TS_Job_JobTitles: Test Cases/Menu_Admin/Navigate_Job_JobTitles]]></system-out>
      <system-err><![CDATA[]]></system-err>
   </testsuite>
   <testsuite name="TS_Job_EmploymentStatus" tests="1" failures="0" errors="0" time="41.848" skipped="0" timestamp="04-04-2024T16:07:28" hostname="1556 - LAPTOP-PT885S91" id="Test Suites/TS_MenuAdmin/F_Job/TS_Job_EmploymentStatus">
      <properties>
         <property name="deviceName" value=""/>
         <property name="devicePlatform" value=""/>
         <property name="logFolder" value="C:\\Users\\1556\\Katalon Studio\\My First Web UI Project\\Reports\\20240404_160353\\TS_MenuAdmin\\F_Job\\TS_Job_EmploymentStatus\\20240404_160400"/>
         <property name="logFiles" value="C:\\Users\\1556\\Katalon Studio\\My First Web UI Project\\Reports\\20240404_160353\\TS_MenuAdmin\\F_Job\\TS_Job_EmploymentStatus\\20240404_160400\\execution0.log"/>
         <property name="attachments" value="keyes\keyes-Before Login.png, keyes\keyes-After Login.png"/>
         <property name="hostName" value="1556 - LAPTOP-PT885S91"/>
         <property name="os" value="Windows 11 64bit"/>
         <property name="katalonVersion" value="9.3.2.212"/>
         <property name="browser" value="Chrome 123.0.0.0"/>
         <property name="hostAddress" value="192.168.10.208"/>
         <property name="sessionId" value="b3f39b6d101f58389232f7f23b3c154f"/>
         <property name="seleniumVersion" value="3.141.59"/>
         <property name="proxyInformation" value="ProxyInformation { proxyOption=NO_PROXY, proxyServerType=HTTP, username=, password=********, proxyServerAddress=, proxyServerPort=0, executionList=&quot;&quot;, isApplyToDesiredCapabilities=true }"/>
         <property name="platform" value="Windows 11"/>
      </properties>
      <testcase name="Test Cases/Menu_Admin/Navigate_Job_EmploymentStatus" time="41.64" classname="Test Cases/Menu_Admin/Navigate_Job_EmploymentStatus" status="PASSED">
         <system-out><![CDATA[04-04-2024T16:07:28 - [TEST_CASE][PASSED] - Test Cases/Menu_Admin/Navigate_Job_EmploymentStatus: Test Cases/Menu_Admin/Navigate_Job_EmploymentStatus

04-04-2024T16:07:28 - [TEST_STEP][PASSED] - callTestCase(findTestCase("Login/Login_Success"), [:], STOP_ON_FAILURE): Call Test Case 'Test Cases/Login/Login_Success' successfully

04-04-2024T16:07:29 - [TEST_CASE][PASSED] - Test Cases/Login/Login_Success: Test Cases/Login/Login_Success

04-04-2024T16:07:29 - [TEST_STEP][PASSED] - openBrowser(""): Browser is opened with url: ''

04-04-2024T16:07:29 - [MESSAGE][INFO] - Starting 'Chrome' driver

04-04-2024T16:07:29 - [MESSAGE][INFO] - User set preference: ['args', '[--start-maximized]']

04-04-2024T16:07:29 - [MESSAGE][INFO] - Action delay is set to 1,000 milliseconds

04-04-2024T16:07:31 - [MESSAGE][PASSED] - Browser is opened with url: ''

04-04-2024T16:07:31 - [TEST_STEP][PASSED] - navigateToUrl(url_login): Navigate to 'https://opensource-demo.orangehrmlive.com/web/index.php/auth/login' successfully

04-04-2024T16:07:38 - [MESSAGE][PASSED] - Navigate to 'https://opensource-demo.orangehrmlive.com/web/index.php/auth/login' successfully

04-04-2024T16:07:38 - [TEST_STEP][PASSED] - delay(3): Delayed 3 second(s)

04-04-2024T16:07:41 - [MESSAGE][PASSED] - Delayed 3 second(s)

04-04-2024T16:07:41 - [TEST_STEP][PASSED] - takeScreenshotAsCheckpoint("Before Login"): Taking screenshot successfully

04-04-2024T16:07:42 - [MESSAGE][INFO] - 0 hidden object(s)

04-04-2024T16:07:42 - [MESSAGE][PASSED] - Taking screenshot successfully
[[ATTACHMENT|keyes\keyes-Before Login.png]]

04-04-2024T16:07:42 - [TEST_STEP][PASSED] - setText(findTestObject("field_username"), valid_username): Text 'Admin' is set on object 'Object Repository/field_username'

04-04-2024T16:07:45 - [MESSAGE][PASSED] - Text 'Admin' is set on object 'Object Repository/field_username'

04-04-2024T16:07:45 - [TEST_STEP][PASSED] - setText(findTestObject("field_password"), valid_password): Text 'admin123' is set on object 'Object Repository/field_password'

04-04-2024T16:07:47 - [MESSAGE][PASSED] - Text 'admin123' is set on object 'Object Repository/field_password'

04-04-2024T16:07:47 - [TEST_STEP][PASSED] - click(findTestObject("btn_login")): Object: 'Object Repository/btn_login' is clicked on

04-04-2024T16:07:50 - [MESSAGE][PASSED] - Object: 'Object Repository/btn_login' is clicked on

04-04-2024T16:07:50 - [TEST_STEP][PASSED] - delay(5): Delayed 5 second(s)

04-04-2024T16:07:55 - [MESSAGE][PASSED] - Delayed 5 second(s)

04-04-2024T16:07:55 - [TEST_STEP][PASSED] - takeScreenshotAsCheckpoint("After Login"): Taking screenshot successfully

04-04-2024T16:07:55 - [MESSAGE][INFO] - 0 hidden object(s)

04-04-2024T16:07:56 - [MESSAGE][PASSED] - Taking screenshot successfully
[[ATTACHMENT|keyes\keyes-After Login.png]]

04-04-2024T16:07:56 - [MESSAGE][PASSED] - Call Test Case 'Test Cases/Login/Login_Success' successfully

04-04-2024T16:07:56 - [TEST_STEP][PASSED] - delay(3): Delayed 3 second(s)

04-04-2024T16:07:59 - [MESSAGE][PASSED] - Delayed 3 second(s)

04-04-2024T16:07:59 - [TEST_STEP][PASSED] - click(findTestObject("F_Menu_Admin/menu_admin")): Object: 'Object Repository/F_Menu_Admin/menu_admin' is clicked on

04-04-2024T16:08:01 - [MESSAGE][PASSED] - Object: 'Object Repository/F_Menu_Admin/menu_admin' is clicked on

04-04-2024T16:08:01 - [TEST_STEP][PASSED] - click(findTestObject("F_Menu_Admin/F_Job/tab_job")): Object: 'Object Repository/F_Menu_Admin/F_Job/tab_job' is clicked on

04-04-2024T16:08:03 - [MESSAGE][PASSED] - Object: 'Object Repository/F_Menu_Admin/F_Job/tab_job' is clicked on

04-04-2024T16:08:03 - [TEST_STEP][PASSED] - click(findTestObject("F_Menu_Admin/F_Job/select_employmentStatus")): Object: 'Object Repository/F_Menu_Admin/F_Job/select_employmentStatus' is clicked on

04-04-2024T16:08:05 - [MESSAGE][PASSED] - Object: 'Object Repository/F_Menu_Admin/F_Job/select_employmentStatus' is clicked on

04-04-2024T16:08:05 - [TEST_STEP][PASSED] - verifyElementText(findTestObject("F_Menu_Admin/title_menu"), "Employment Status"): Actual text and expected text of test object 'Object Repository/F_Menu_Admin/title_menu' are matched.

04-04-2024T16:08:07 - [MESSAGE][PASSED] - Actual text and expected text of test object 'Object Repository/F_Menu_Admin/title_menu' are matched.

04-04-2024T16:08:07 - [TEST_STEP][PASSED] - delay(3): Delayed 3 second(s)

04-04-2024T16:08:10 - [MESSAGE][PASSED] - Delayed 3 second(s)]]></system-out>
         <system-err><![CDATA[]]></system-err>
      </testcase>
      <system-out><![CDATA[04-04-2024T16:07:28 - [TEST_SUITE][PASSED] - TS_Job_EmploymentStatus: Test Cases/Menu_Admin/Navigate_Job_EmploymentStatus]]></system-out>
      <system-err><![CDATA[]]></system-err>
   </testsuite>
   <testsuite name="TS_Job_JobCategories" tests="1" failures="0" errors="0" time="43.593" skipped="0" timestamp="04-04-2024T16:08:22" hostname="1556 - LAPTOP-PT885S91" id="Test Suites/TS_MenuAdmin/F_Job/TS_Job_JobCategories">
      <properties>
         <property name="deviceName" value=""/>
         <property name="devicePlatform" value=""/>
         <property name="logFolder" value="C:\\Users\\1556\\Katalon Studio\\My First Web UI Project\\Reports\\20240404_160353\\TS_MenuAdmin\\F_Job\\TS_Job_JobCategories\\20240404_160402"/>
         <property name="logFiles" value="C:\\Users\\1556\\Katalon Studio\\My First Web UI Project\\Reports\\20240404_160353\\TS_MenuAdmin\\F_Job\\TS_Job_JobCategories\\20240404_160402\\execution0.log"/>
         <property name="attachments" value="keyes\keyes-Before Login.png, keyes\keyes-After Login.png"/>
         <property name="hostName" value="1556 - LAPTOP-PT885S91"/>
         <property name="os" value="Windows 11 64bit"/>
         <property name="katalonVersion" value="9.3.2.212"/>
         <property name="browser" value="Chrome 123.0.0.0"/>
         <property name="hostAddress" value="192.168.10.208"/>
         <property name="sessionId" value="43553a57dcae9d77f5ed32471ce4b901"/>
         <property name="seleniumVersion" value="3.141.59"/>
         <property name="proxyInformation" value="ProxyInformation { proxyOption=NO_PROXY, proxyServerType=HTTP, username=, password=********, proxyServerAddress=, proxyServerPort=0, executionList=&quot;&quot;, isApplyToDesiredCapabilities=true }"/>
         <property name="platform" value="Windows 11"/>
      </properties>
      <testcase name="Test Cases/Menu_Admin/Navigate_Job_JobCategories" time="43.391" classname="Test Cases/Menu_Admin/Navigate_Job_JobCategories" status="PASSED">
         <system-out><![CDATA[04-04-2024T16:08:22 - [TEST_CASE][PASSED] - Test Cases/Menu_Admin/Navigate_Job_JobCategories: Test Cases/Menu_Admin/Navigate_Job_JobCategories

04-04-2024T16:08:23 - [TEST_STEP][PASSED] - callTestCase(findTestCase("Login/Login_Success"), [:], STOP_ON_FAILURE): Call Test Case 'Test Cases/Login/Login_Success' successfully

04-04-2024T16:08:23 - [TEST_CASE][PASSED] - Test Cases/Login/Login_Success: Test Cases/Login/Login_Success

04-04-2024T16:08:23 - [TEST_STEP][PASSED] - openBrowser(""): Browser is opened with url: ''

04-04-2024T16:08:23 - [MESSAGE][INFO] - Starting 'Chrome' driver

04-04-2024T16:08:23 - [MESSAGE][INFO] - User set preference: ['args', '[--start-maximized]']

04-04-2024T16:08:23 - [MESSAGE][INFO] - Action delay is set to 1,000 milliseconds

04-04-2024T16:08:25 - [MESSAGE][PASSED] - Browser is opened with url: ''

04-04-2024T16:08:25 - [TEST_STEP][PASSED] - navigateToUrl(url_login): Navigate to 'https://opensource-demo.orangehrmlive.com/web/index.php/auth/login' successfully

04-04-2024T16:08:35 - [MESSAGE][PASSED] - Navigate to 'https://opensource-demo.orangehrmlive.com/web/index.php/auth/login' successfully

04-04-2024T16:08:35 - [TEST_STEP][PASSED] - delay(3): Delayed 3 second(s)

04-04-2024T16:08:39 - [MESSAGE][PASSED] - Delayed 3 second(s)

04-04-2024T16:08:39 - [TEST_STEP][PASSED] - takeScreenshotAsCheckpoint("Before Login"): Taking screenshot successfully

04-04-2024T16:08:39 - [MESSAGE][INFO] - 0 hidden object(s)

04-04-2024T16:08:39 - [MESSAGE][PASSED] - Taking screenshot successfully
[[ATTACHMENT|keyes\keyes-Before Login.png]]

04-04-2024T16:08:39 - [TEST_STEP][PASSED] - setText(findTestObject("field_username"), valid_username): Text 'Admin' is set on object 'Object Repository/field_username'

04-04-2024T16:08:42 - [MESSAGE][PASSED] - Text 'Admin' is set on object 'Object Repository/field_username'

04-04-2024T16:08:42 - [TEST_STEP][PASSED] - setText(findTestObject("field_password"), valid_password): Text 'admin123' is set on object 'Object Repository/field_password'

04-04-2024T16:08:45 - [MESSAGE][PASSED] - Text 'admin123' is set on object 'Object Repository/field_password'

04-04-2024T16:08:45 - [TEST_STEP][PASSED] - click(findTestObject("btn_login")): Object: 'Object Repository/btn_login' is clicked on

04-04-2024T16:08:46 - [MESSAGE][PASSED] - Object: 'Object Repository/btn_login' is clicked on

04-04-2024T16:08:46 - [TEST_STEP][PASSED] - delay(5): Delayed 5 second(s)

04-04-2024T16:08:51 - [MESSAGE][PASSED] - Delayed 5 second(s)

04-04-2024T16:08:51 - [TEST_STEP][PASSED] - takeScreenshotAsCheckpoint("After Login"): Taking screenshot successfully

04-04-2024T16:08:52 - [MESSAGE][INFO] - 0 hidden object(s)

04-04-2024T16:08:52 - [MESSAGE][PASSED] - Taking screenshot successfully
[[ATTACHMENT|keyes\keyes-After Login.png]]

04-04-2024T16:08:52 - [MESSAGE][PASSED] - Call Test Case 'Test Cases/Login/Login_Success' successfully

04-04-2024T16:08:52 - [TEST_STEP][PASSED] - delay(3): Delayed 3 second(s)

04-04-2024T16:08:55 - [MESSAGE][PASSED] - Delayed 3 second(s)

04-04-2024T16:08:55 - [TEST_STEP][PASSED] - click(findTestObject("F_Menu_Admin/menu_admin")): Object: 'Object Repository/F_Menu_Admin/menu_admin' is clicked on

04-04-2024T16:08:57 - [MESSAGE][PASSED] - Object: 'Object Repository/F_Menu_Admin/menu_admin' is clicked on

04-04-2024T16:08:57 - [TEST_STEP][PASSED] - click(findTestObject("F_Menu_Admin/F_Job/tab_job")): Object: 'Object Repository/F_Menu_Admin/F_Job/tab_job' is clicked on

04-04-2024T16:08:59 - [MESSAGE][PASSED] - Object: 'Object Repository/F_Menu_Admin/F_Job/tab_job' is clicked on

04-04-2024T16:08:59 - [TEST_STEP][PASSED] - click(findTestObject("F_Menu_Admin/F_Job/select_jobCategories")): Object: 'Object Repository/F_Menu_Admin/F_Job/select_jobCategories' is clicked on

04-04-2024T16:09:01 - [MESSAGE][PASSED] - Object: 'Object Repository/F_Menu_Admin/F_Job/select_jobCategories' is clicked on

04-04-2024T16:09:01 - [TEST_STEP][PASSED] - verifyElementText(findTestObject("F_Menu_Admin/title_menu"), "Job Categories"): Actual text and expected text of test object 'Object Repository/F_Menu_Admin/title_menu' are matched.

04-04-2024T16:09:03 - [MESSAGE][PASSED] - Actual text and expected text of test object 'Object Repository/F_Menu_Admin/title_menu' are matched.

04-04-2024T16:09:03 - [TEST_STEP][PASSED] - delay(3): Delayed 3 second(s)

04-04-2024T16:09:06 - [MESSAGE][PASSED] - Delayed 3 second(s)]]></system-out>
         <system-err><![CDATA[]]></system-err>
      </testcase>
      <system-out><![CDATA[04-04-2024T16:08:22 - [TEST_SUITE][PASSED] - TS_Job_JobCategories: Test Cases/Menu_Admin/Navigate_Job_JobCategories]]></system-out>
      <system-err><![CDATA[]]></system-err>
   </testsuite>
   <testsuite name="TS_Job_WorkShifts" tests="1" failures="0" errors="0" time="44.422" skipped="0" timestamp="04-04-2024T16:09:16" hostname="1556 - LAPTOP-PT885S91" id="Test Suites/TS_MenuAdmin/F_Job/TS_Job_WorkShifts">
      <properties>
         <property name="deviceName" value=""/>
         <property name="devicePlatform" value=""/>
         <property name="logFolder" value="C:\\Users\\1556\\Katalon Studio\\My First Web UI Project\\Reports\\20240404_160353\\TS_MenuAdmin\\F_Job\\TS_Job_WorkShifts\\20240404_160404"/>
         <property name="logFiles" value="C:\\Users\\1556\\Katalon Studio\\My First Web UI Project\\Reports\\20240404_160353\\TS_MenuAdmin\\F_Job\\TS_Job_WorkShifts\\20240404_160404\\execution0.log"/>
         <property name="attachments" value="keyes\keyes-Before Login.png, keyes\keyes-After Login.png"/>
         <property name="hostName" value="1556 - LAPTOP-PT885S91"/>
         <property name="os" value="Windows 11 64bit"/>
         <property name="katalonVersion" value="9.3.2.212"/>
         <property name="browser" value="Chrome 123.0.0.0"/>
         <property name="hostAddress" value="192.168.10.208"/>
         <property name="sessionId" value="d9f73f661ea04fb29d314bd08d0fad3a"/>
         <property name="seleniumVersion" value="3.141.59"/>
         <property name="proxyInformation" value="ProxyInformation { proxyOption=NO_PROXY, proxyServerType=HTTP, username=, password=********, proxyServerAddress=, proxyServerPort=0, executionList=&quot;&quot;, isApplyToDesiredCapabilities=true }"/>
         <property name="platform" value="Windows 11"/>
      </properties>
      <testcase name="Test Cases/Menu_Admin/Navigate_Job_WorkShifts" time="44.218" classname="Test Cases/Menu_Admin/Navigate_Job_WorkShifts" status="PASSED">
         <system-out><![CDATA[04-04-2024T16:09:16 - [TEST_CASE][PASSED] - Test Cases/Menu_Admin/Navigate_Job_WorkShifts: Test Cases/Menu_Admin/Navigate_Job_WorkShifts

04-04-2024T16:09:17 - [TEST_STEP][PASSED] - callTestCase(findTestCase("Login/Login_Success"), [:], STOP_ON_FAILURE): Call Test Case 'Test Cases/Login/Login_Success' successfully

04-04-2024T16:09:17 - [TEST_CASE][PASSED] - Test Cases/Login/Login_Success: Test Cases/Login/Login_Success

04-04-2024T16:09:17 - [TEST_STEP][PASSED] - openBrowser(""): Browser is opened with url: ''

04-04-2024T16:09:17 - [MESSAGE][INFO] - Starting 'Chrome' driver

04-04-2024T16:09:17 - [MESSAGE][INFO] - User set preference: ['args', '[--start-maximized]']

04-04-2024T16:09:17 - [MESSAGE][INFO] - Action delay is set to 1,000 milliseconds

04-04-2024T16:09:19 - [MESSAGE][PASSED] - Browser is opened with url: ''

04-04-2024T16:09:19 - [TEST_STEP][PASSED] - navigateToUrl(url_login): Navigate to 'https://opensource-demo.orangehrmlive.com/web/index.php/auth/login' successfully

04-04-2024T16:09:29 - [MESSAGE][PASSED] - Navigate to 'https://opensource-demo.orangehrmlive.com/web/index.php/auth/login' successfully

04-04-2024T16:09:29 - [TEST_STEP][PASSED] - delay(3): Delayed 3 second(s)

04-04-2024T16:09:32 - [MESSAGE][PASSED] - Delayed 3 second(s)

04-04-2024T16:09:32 - [TEST_STEP][PASSED] - takeScreenshotAsCheckpoint("Before Login"): Taking screenshot successfully

04-04-2024T16:09:33 - [MESSAGE][INFO] - 0 hidden object(s)

04-04-2024T16:09:33 - [MESSAGE][PASSED] - Taking screenshot successfully
[[ATTACHMENT|keyes\keyes-Before Login.png]]

04-04-2024T16:09:33 - [TEST_STEP][PASSED] - setText(findTestObject("field_username"), valid_username): Text 'Admin' is set on object 'Object Repository/field_username'

04-04-2024T16:09:36 - [MESSAGE][PASSED] - Text 'Admin' is set on object 'Object Repository/field_username'

04-04-2024T16:09:36 - [TEST_STEP][PASSED] - setText(findTestObject("field_password"), valid_password): Text 'admin123' is set on object 'Object Repository/field_password'

04-04-2024T16:09:38 - [MESSAGE][PASSED] - Text 'admin123' is set on object 'Object Repository/field_password'

04-04-2024T16:09:38 - [TEST_STEP][PASSED] - click(findTestObject("btn_login")): Object: 'Object Repository/btn_login' is clicked on

04-04-2024T16:09:41 - [MESSAGE][PASSED] - Object: 'Object Repository/btn_login' is clicked on

04-04-2024T16:09:41 - [TEST_STEP][PASSED] - delay(5): Delayed 5 second(s)

04-04-2024T16:09:46 - [MESSAGE][PASSED] - Delayed 5 second(s)

04-04-2024T16:09:46 - [TEST_STEP][PASSED] - takeScreenshotAsCheckpoint("After Login"): Taking screenshot successfully

04-04-2024T16:09:47 - [MESSAGE][INFO] - 0 hidden object(s)

04-04-2024T16:09:47 - [MESSAGE][PASSED] - Taking screenshot successfully
[[ATTACHMENT|keyes\keyes-After Login.png]]

04-04-2024T16:09:47 - [MESSAGE][PASSED] - Call Test Case 'Test Cases/Login/Login_Success' successfully

04-04-2024T16:09:47 - [TEST_STEP][PASSED] - delay(3): Delayed 3 second(s)

04-04-2024T16:09:50 - [MESSAGE][PASSED] - Delayed 3 second(s)

04-04-2024T16:09:50 - [TEST_STEP][PASSED] - click(findTestObject("F_Menu_Admin/menu_admin")): Object: 'Object Repository/F_Menu_Admin/menu_admin' is clicked on

04-04-2024T16:09:52 - [MESSAGE][PASSED] - Object: 'Object Repository/F_Menu_Admin/menu_admin' is clicked on

04-04-2024T16:09:52 - [TEST_STEP][PASSED] - click(findTestObject("F_Menu_Admin/F_Job/tab_job")): Object: 'Object Repository/F_Menu_Admin/F_Job/tab_job' is clicked on

04-04-2024T16:09:54 - [MESSAGE][PASSED] - Object: 'Object Repository/F_Menu_Admin/F_Job/tab_job' is clicked on

04-04-2024T16:09:54 - [TEST_STEP][PASSED] - click(findTestObject("F_Menu_Admin/F_Job/select_workShifts")): Object: 'Object Repository/F_Menu_Admin/F_Job/select_workShifts' is clicked on

04-04-2024T16:09:56 - [MESSAGE][PASSED] - Object: 'Object Repository/F_Menu_Admin/F_Job/select_workShifts' is clicked on

04-04-2024T16:09:56 - [TEST_STEP][PASSED] - verifyElementText(findTestObject("F_Menu_Admin/title_menu"), "Work Shifts"): Actual text and expected text of test object 'Object Repository/F_Menu_Admin/title_menu' are matched.

04-04-2024T16:09:58 - [MESSAGE][PASSED] - Actual text and expected text of test object 'Object Repository/F_Menu_Admin/title_menu' are matched.

04-04-2024T16:09:58 - [TEST_STEP][PASSED] - delay(3): Delayed 3 second(s)

04-04-2024T16:10:01 - [MESSAGE][PASSED] - Delayed 3 second(s)]]></system-out>
         <system-err><![CDATA[]]></system-err>
      </testcase>
      <system-out><![CDATA[04-04-2024T16:09:16 - [TEST_SUITE][PASSED] - TS_Job_WorkShifts: Test Cases/Menu_Admin/Navigate_Job_WorkShifts]]></system-out>
      <system-err><![CDATA[]]></system-err>
   </testsuite>
</testsuites>
